[ 2017-05-22T14:50:24+08:00 ] 218.94.111.198 /thinkwjw/
INFO: [ app_init ] --START--
INFO: Run Behavior\BuildLiteBehavior [ RunTime:0.000012s ]
INFO: [ app_init ] --END-- [ RunTime:0.000260s ]
INFO: [ app_begin ] --START--
INFO: Run Behavior\ReadHtmlCacheBehavior [ RunTime:0.000341s ]
INFO: [ app_begin ] --END-- [ RunTime:0.000381s ]
SQL: SHOW COLUMNS FROM `wjw_article` [ RunTime:0.0025s ]
SQL: SELECT `aid`,`title` FROM `wjw_article` WHERE `is_show` = 1 AND `is_delete` = 0 AND `is_top` = 1 ORDER BY aid desc  [ RunTime:0.0021s ]
SQL: SHOW COLUMNS FROM `wjw_comment` [ RunTime:0.0022s ]
SQL: SHOW COLUMNS FROM `wjw_oauth_user` [ RunTime:0.0022s ]
SQL: SELECT `id` FROM `wjw_oauth_user` WHERE (  is_admin )  [ RunTime:0.0020s ]
SQL: SELECT c.content,c.date,a.title,a.aid,ou.nickname,ou.head_img FROM wjw_comment c INNER JOIN wjw_article a ON c.aid=a.aid INNER JOIN wjw_oauth_user ou ON c.ouid=ou.id  WHERE c.is_delete = 0 ORDER BY c.date desc LIMIT 20   [ RunTime:0.0021s ]
SQL: SHOW COLUMNS FROM `wjw_category` [ RunTime:0.0022s ]
SQL: SELECT * FROM `wjw_category` ORDER BY sort  [ RunTime:0.0020s ]
SQL: SHOW COLUMNS FROM `wjw_tag` [ RunTime:0.0022s ]
SQL: SELECT * FROM `wjw_tag`  [ RunTime:0.0020s ]
SQL: SHOW COLUMNS FROM `wjw_article_tag` [ RunTime:0.0022s ]
SQL: SELECT COUNT(*) AS tp_count FROM `wjw_article_tag` WHERE `tid` = 20 LIMIT 1   [ RunTime:0.0020s ]
SQL: SHOW COLUMNS FROM `wjw_link` [ RunTime:0.0022s ]
SQL: SELECT * FROM `wjw_link` WHERE `is_delete` = 0 AND `is_show` = 1 ORDER BY sort  [ RunTime:0.0020s ]
SQL: SHOW COLUMNS FROM `wjw_article` [ RunTime:0.0022s ]
SQL: SELECT COUNT(*) AS tp_count FROM `wjw_article` WHERE `is_delete` = 0 AND `is_show` = 1 LIMIT 1   [ RunTime:0.0020s ]
SQL: SELECT * FROM `wjw_article` WHERE `is_delete` = 0 AND `is_show` = 1 ORDER BY addtime desc LIMIT 0,10   [ RunTime:0.0021s ]
SQL: SHOW COLUMNS FROM `wjw_article_tag` [ RunTime:0.0021s ]
SQL: SHOW COLUMNS FROM `wjw_article_tag` [ RunTime:0.0021s ]
SQL: SELECT * FROM `wjw_article_tag` INNER JOIN wjw_tag ON wjw_article_tag.tid=wjw_tag.tid  WHERE `aid` = '17'  [ RunTime:0.0020s ]
SQL: SHOW COLUMNS FROM `wjw_article_pic` [ RunTime:0.0022s ]
SQL: SELECT `path` FROM `wjw_article_pic` WHERE `aid` = 17 ORDER BY ap_id asc LIMIT 1   [ RunTime:0.0020s ]
SQL: SELECT `cid`,`cid`,`cname` FROM `wjw_category` WHERE `cid` = 28  [ RunTime:0.0020s ]
INFO: [ view_parse ] --START--
INFO: [ template_filter ] --START--
INFO: Run Behavior\ContentReplaceBehavior [ RunTime:0.000108s ]
INFO: [ template_filter ] --END-- [ RunTime:0.000149s ]
INFO: Run Behavior\ParseTemplateBehavior [ RunTime:0.012994s ]
INFO: [ view_parse ] --END-- [ RunTime:0.013032s ]
INFO: [ view_filter ] --START--
INFO: Run Behavior\WriteHtmlCacheBehavior [ RunTime:0.000107s ]
INFO: [ view_filter ] --END-- [ RunTime:0.000135s ]
INFO: [ app_end ] --START--
INFO: Run Behavior\ShowPageTraceBehavior [ RunTime:0.000338s ]
INFO: [ app_end ] --END-- [ RunTime:0.000375s ]

[ 2017-05-22T14:50:31+08:00 ] 218.94.111.198 /thinkwjw/index.php/Home/Index/category/cid/28
INFO: [ app_init ] --START--
INFO: Run Behavior\BuildLiteBehavior [ RunTime:0.000012s ]
INFO: [ app_init ] --END-- [ RunTime:0.000293s ]
INFO: [ app_begin ] --START--
INFO: Run Behavior\ReadHtmlCacheBehavior [ RunTime:0.000323s ]
INFO: [ app_begin ] --END-- [ RunTime:0.000362s ]
SQL: SHOW COLUMNS FROM `wjw_article` [ RunTime:0.0024s ]
SQL: SELECT `aid`,`title` FROM `wjw_article` WHERE `is_show` = 1 AND `is_delete` = 0 AND `is_top` = 1 ORDER BY aid desc  [ RunTime:0.0021s ]
SQL: SHOW COLUMNS FROM `wjw_comment` [ RunTime:0.0023s ]
SQL: SHOW COLUMNS FROM `wjw_oauth_user` [ RunTime:0.0022s ]
SQL: SELECT `id` FROM `wjw_oauth_user` WHERE (  is_admin )  [ RunTime:0.0020s ]
SQL: SELECT c.content,c.date,a.title,a.aid,ou.nickname,ou.head_img FROM wjw_comment c INNER JOIN wjw_article a ON c.aid=a.aid INNER JOIN wjw_oauth_user ou ON c.ouid=ou.id  WHERE c.is_delete = 0 ORDER BY c.date desc LIMIT 20   [ RunTime:0.0022s ]
SQL: SHOW COLUMNS FROM `wjw_category` [ RunTime:0.0022s ]
SQL: SELECT * FROM `wjw_category` ORDER BY sort  [ RunTime:0.0020s ]
SQL: SHOW COLUMNS FROM `wjw_tag` [ RunTime:0.0022s ]
SQL: SELECT * FROM `wjw_tag`  [ RunTime:0.0020s ]
SQL: SHOW COLUMNS FROM `wjw_article_tag` [ RunTime:0.0022s ]
SQL: SELECT COUNT(*) AS tp_count FROM `wjw_article_tag` WHERE `tid` = 20 LIMIT 1   [ RunTime:0.0020s ]
SQL: SHOW COLUMNS FROM `wjw_link` [ RunTime:0.0022s ]
SQL: SELECT * FROM `wjw_link` WHERE `is_delete` = 0 AND `is_show` = 1 ORDER BY sort  [ RunTime:0.0020s ]
SQL: SELECT * FROM `wjw_category` WHERE `cid` = 28 LIMIT 1   [ RunTime:0.0020s ]
SQL: SHOW COLUMNS FROM `wjw_article` [ RunTime:0.0023s ]
SQL: SELECT COUNT(*) AS tp_count FROM `wjw_article` WHERE `cid` = 28 AND `is_delete` = 0 AND `is_show` = 1 LIMIT 1   [ RunTime:0.0020s ]
SQL: SELECT * FROM `wjw_article` WHERE `cid` = 28 AND `is_delete` = 0 AND `is_show` = 1 ORDER BY addtime desc LIMIT 0,10   [ RunTime:0.0021s ]
SQL: SHOW COLUMNS FROM `wjw_article_tag` [ RunTime:0.0022s ]
SQL: SHOW COLUMNS FROM `wjw_article_tag` [ RunTime:0.0021s ]
SQL: SELECT * FROM `wjw_article_tag` INNER JOIN wjw_tag ON wjw_article_tag.tid=wjw_tag.tid  WHERE `aid` = '17'  [ RunTime:0.0020s ]
SQL: SHOW COLUMNS FROM `wjw_article_pic` [ RunTime:0.0024s ]
SQL: SELECT `path` FROM `wjw_article_pic` WHERE `aid` = 17 ORDER BY ap_id asc LIMIT 1   [ RunTime:0.0020s ]
SQL: SELECT `cid`,`cid`,`cname` FROM `wjw_category` WHERE `cid` = 28  [ RunTime:0.0020s ]
INFO: [ view_parse ] --START--
INFO: [ template_filter ] --START--
INFO: Run Behavior\ContentReplaceBehavior [ RunTime:0.000087s ]
INFO: [ template_filter ] --END-- [ RunTime:0.000127s ]
INFO: Run Behavior\ParseTemplateBehavior [ RunTime:0.013057s ]
INFO: [ view_parse ] --END-- [ RunTime:0.013094s ]
INFO: [ view_filter ] --START--
INFO: Run Behavior\WriteHtmlCacheBehavior [ RunTime:0.000106s ]
INFO: [ view_filter ] --END-- [ RunTime:0.000133s ]
INFO: [ app_end ] --START--
INFO: Run Behavior\ShowPageTraceBehavior [ RunTime:0.000353s ]
INFO: [ app_end ] --END-- [ RunTime:0.000389s ]

[ 2017-05-22T14:50:32+08:00 ] 218.94.111.198 /thinkwjw/index.php/Home/Index/chat
INFO: [ app_init ] --START--
INFO: Run Behavior\BuildLiteBehavior [ RunTime:0.000011s ]
INFO: [ app_init ] --END-- [ RunTime:0.000258s ]
INFO: [ app_begin ] --START--
INFO: Run Behavior\ReadHtmlCacheBehavior [ RunTime:0.000315s ]
INFO: [ app_begin ] --END-- [ RunTime:0.000351s ]
SQL: SHOW COLUMNS FROM `wjw_article` [ RunTime:0.0025s ]
SQL: SELECT `aid`,`title` FROM `wjw_article` WHERE `is_show` = 1 AND `is_delete` = 0 AND `is_top` = 1 ORDER BY aid desc  [ RunTime:0.0022s ]
SQL: SHOW COLUMNS FROM `wjw_comment` [ RunTime:0.0023s ]
SQL: SHOW COLUMNS FROM `wjw_oauth_user` [ RunTime:0.0023s ]
SQL: SELECT `id` FROM `wjw_oauth_user` WHERE (  is_admin )  [ RunTime:0.0021s ]
SQL: SELECT c.content,c.date,a.title,a.aid,ou.nickname,ou.head_img FROM wjw_comment c INNER JOIN wjw_article a ON c.aid=a.aid INNER JOIN wjw_oauth_user ou ON c.ouid=ou.id  WHERE c.is_delete = 0 ORDER BY c.date desc LIMIT 20   [ RunTime:0.0022s ]
SQL: SHOW COLUMNS FROM `wjw_category` [ RunTime:0.0023s ]
SQL: SELECT * FROM `wjw_category` ORDER BY sort  [ RunTime:0.0021s ]
SQL: SHOW COLUMNS FROM `wjw_tag` [ RunTime:0.0022s ]
SQL: SELECT * FROM `wjw_tag`  [ RunTime:0.0021s ]
SQL: SHOW COLUMNS FROM `wjw_article_tag` [ RunTime:0.0022s ]
SQL: SELECT COUNT(*) AS tp_count FROM `wjw_article_tag` WHERE `tid` = 20 LIMIT 1   [ RunTime:0.0021s ]
SQL: SHOW COLUMNS FROM `wjw_link` [ RunTime:0.0025s ]
SQL: SELECT * FROM `wjw_link` WHERE `is_delete` = 0 AND `is_show` = 1 ORDER BY sort  [ RunTime:0.0021s ]
SQL: SHOW COLUMNS FROM `wjw_chat` [ RunTime:0.0023s ]
SQL: SELECT * FROM `wjw_chat` WHERE ( is_delete=0 and is_show=1 ) ORDER BY date desc  [ RunTime:0.0723s ]
INFO: [ view_parse ] --START--
INFO: [ template_filter ] --START--
INFO: Run Behavior\ContentReplaceBehavior [ RunTime:0.000090s ]
INFO: [ template_filter ] --END-- [ RunTime:0.000128s ]
INFO: Run Behavior\ParseTemplateBehavior [ RunTime:0.012165s ]
INFO: [ view_parse ] --END-- [ RunTime:0.012202s ]
INFO: [ view_filter ] --START--
INFO: Run Behavior\WriteHtmlCacheBehavior [ RunTime:0.000106s ]
INFO: [ view_filter ] --END-- [ RunTime:0.000133s ]
INFO: [ app_end ] --START--
INFO: Run Behavior\ShowPageTraceBehavior [ RunTime:0.000328s ]
INFO: [ app_end ] --END-- [ RunTime:0.000364s ]

[ 2017-05-22T14:50:33+08:00 ] 218.94.111.198 /thinkwjw/index.php/Home/Index/git
INFO: [ app_init ] --START--
INFO: Run Behavior\BuildLiteBehavior [ RunTime:0.000012s ]
INFO: [ app_init ] --END-- [ RunTime:0.000272s ]
INFO: [ app_begin ] --START--
INFO: Run Behavior\ReadHtmlCacheBehavior [ RunTime:0.000330s ]
INFO: [ app_begin ] --END-- [ RunTime:0.000385s ]
SQL: SHOW COLUMNS FROM `wjw_article` [ RunTime:0.0025s ]
SQL: SELECT `aid`,`title` FROM `wjw_article` WHERE `is_show` = 1 AND `is_delete` = 0 AND `is_top` = 1 ORDER BY aid desc  [ RunTime:0.0022s ]
SQL: SHOW COLUMNS FROM `wjw_comment` [ RunTime:0.0023s ]
SQL: SHOW COLUMNS FROM `wjw_oauth_user` [ RunTime:0.0024s ]
SQL: SELECT `id` FROM `wjw_oauth_user` WHERE (  is_admin )  [ RunTime:0.0021s ]
SQL: SELECT c.content,c.date,a.title,a.aid,ou.nickname,ou.head_img FROM wjw_comment c INNER JOIN wjw_article a ON c.aid=a.aid INNER JOIN wjw_oauth_user ou ON c.ouid=ou.id  WHERE c.is_delete = 0 ORDER BY c.date desc LIMIT 20   [ RunTime:0.0022s ]
SQL: SHOW COLUMNS FROM `wjw_category` [ RunTime:0.0023s ]
SQL: SELECT * FROM `wjw_category` ORDER BY sort  [ RunTime:0.0021s ]
SQL: SHOW COLUMNS FROM `wjw_tag` [ RunTime:0.0023s ]
SQL: SELECT * FROM `wjw_tag`  [ RunTime:0.0022s ]
SQL: SHOW COLUMNS FROM `wjw_article_tag` [ RunTime:0.0023s ]
SQL: SELECT COUNT(*) AS tp_count FROM `wjw_article_tag` WHERE `tid` = 20 LIMIT 1   [ RunTime:0.0021s ]
SQL: SHOW COLUMNS FROM `wjw_link` [ RunTime:0.0023s ]
SQL: SELECT * FROM `wjw_link` WHERE `is_delete` = 0 AND `is_show` = 1 ORDER BY sort  [ RunTime:0.0021s ]
INFO: [ view_parse ] --START--
INFO: [ template_filter ] --START--
INFO: Run Behavior\ContentReplaceBehavior [ RunTime:0.000093s ]
INFO: [ template_filter ] --END-- [ RunTime:0.000143s ]
NOTIC: [8] Undefined variable: articles /yjdata/www/thinkwjw/Runtime/Cache/Home/fcf4151caf5ad71824374e6528deb21b.php 第 6 行.
NOTIC: [8] Undefined variable: page /yjdata/www/thinkwjw/Runtime/Cache/Home/fcf4151caf5ad71824374e6528deb21b.php 第 6 行.
INFO: Run Behavior\ParseTemplateBehavior [ RunTime:0.012585s ]
INFO: [ view_parse ] --END-- [ RunTime:0.012621s ]
INFO: [ view_filter ] --START--
INFO: Run Behavior\WriteHtmlCacheBehavior [ RunTime:0.000104s ]
INFO: [ view_filter ] --END-- [ RunTime:0.000132s ]
INFO: [ app_end ] --START--
INFO: Run Behavior\ShowPageTraceBehavior [ RunTime:0.000327s ]
INFO: [ app_end ] --END-- [ RunTime:0.000361s ]

[ 2017-05-22T14:50:35+08:00 ] 218.94.111.198 /thinkwjw/index.php/Home/Index/chat
INFO: [ app_init ] --START--
INFO: Run Behavior\BuildLiteBehavior [ RunTime:0.000013s ]
INFO: [ app_init ] --END-- [ RunTime:0.000261s ]
INFO: [ app_begin ] --START--
INFO: Run Behavior\ReadHtmlCacheBehavior [ RunTime:0.000319s ]
INFO: [ app_begin ] --END-- [ RunTime:0.000356s ]
SQL: SHOW COLUMNS FROM `wjw_article` [ RunTime:0.0025s ]
SQL: SELECT `aid`,`title` FROM `wjw_article` WHERE `is_show` = 1 AND `is_delete` = 0 AND `is_top` = 1 ORDER BY aid desc  [ RunTime:0.0022s ]
SQL: SHOW COLUMNS FROM `wjw_comment` [ RunTime:0.0023s ]
SQL: SHOW COLUMNS FROM `wjw_oauth_user` [ RunTime:0.0023s ]
SQL: SELECT `id` FROM `wjw_oauth_user` WHERE (  is_admin )  [ RunTime:0.0021s ]
SQL: SELECT c.content,c.date,a.title,a.aid,ou.nickname,ou.head_img FROM wjw_comment c INNER JOIN wjw_article a ON c.aid=a.aid INNER JOIN wjw_oauth_user ou ON c.ouid=ou.id  WHERE c.is_delete = 0 ORDER BY c.date desc LIMIT 20   [ RunTime:0.0022s ]
SQL: SHOW COLUMNS FROM `wjw_category` [ RunTime:0.0023s ]
SQL: SELECT * FROM `wjw_category` ORDER BY sort  [ RunTime:0.0021s ]
SQL: SHOW COLUMNS FROM `wjw_tag` [ RunTime:0.0023s ]
SQL: SELECT * FROM `wjw_tag`  [ RunTime:0.0021s ]
SQL: SHOW COLUMNS FROM `wjw_article_tag` [ RunTime:0.0023s ]
SQL: SELECT COUNT(*) AS tp_count FROM `wjw_article_tag` WHERE `tid` = 20 LIMIT 1   [ RunTime:0.0021s ]
SQL: SHOW COLUMNS FROM `wjw_link` [ RunTime:0.0023s ]
SQL: SELECT * FROM `wjw_link` WHERE `is_delete` = 0 AND `is_show` = 1 ORDER BY sort  [ RunTime:0.0023s ]
SQL: SHOW COLUMNS FROM `wjw_chat` [ RunTime:0.0023s ]
SQL: SELECT * FROM `wjw_chat` WHERE ( is_delete=0 and is_show=1 ) ORDER BY date desc  [ RunTime:0.0021s ]
INFO: [ view_parse ] --START--
INFO: [ template_filter ] --START--
INFO: Run Behavior\ContentReplaceBehavior [ RunTime:0.000093s ]
INFO: [ template_filter ] --END-- [ RunTime:0.000130s ]
INFO: Run Behavior\ParseTemplateBehavior [ RunTime:0.012283s ]
INFO: [ view_parse ] --END-- [ RunTime:0.012320s ]
INFO: [ view_filter ] --START--
INFO: Run Behavior\WriteHtmlCacheBehavior [ RunTime:0.000110s ]
INFO: [ view_filter ] --END-- [ RunTime:0.000139s ]
INFO: [ app_end ] --START--
INFO: Run Behavior\ShowPageTraceBehavior [ RunTime:0.000332s ]
INFO: [ app_end ] --END-- [ RunTime:0.000369s ]

[ 2017-05-22T14:50:36+08:00 ] 218.94.111.198 /thinkwjw/index.php/Home/Index/category/cid/28
INFO: [ app_init ] --START--
INFO: Run Behavior\BuildLiteBehavior [ RunTime:0.000013s ]
INFO: [ app_init ] --END-- [ RunTime:0.000247s ]
INFO: [ app_begin ] --START--
INFO: Run Behavior\ReadHtmlCacheBehavior [ RunTime:0.000347s ]
INFO: [ app_begin ] --END-- [ RunTime:0.000385s ]
SQL: SHOW COLUMNS FROM `wjw_article` [ RunTime:0.0025s ]
SQL: SELECT `aid`,`title` FROM `wjw_article` WHERE `is_show` = 1 AND `is_delete` = 0 AND `is_top` = 1 ORDER BY aid desc  [ RunTime:0.0021s ]
SQL: SHOW COLUMNS FROM `wjw_comment` [ RunTime:0.0022s ]
SQL: SHOW COLUMNS FROM `wjw_oauth_user` [ RunTime:0.0022s ]
SQL: SELECT `id` FROM `wjw_oauth_user` WHERE (  is_admin )  [ RunTime:0.0020s ]
SQL: SELECT c.content,c.date,a.title,a.aid,ou.nickname,ou.head_img FROM wjw_comment c INNER JOIN wjw_article a ON c.aid=a.aid INNER JOIN wjw_oauth_user ou ON c.ouid=ou.id  WHERE c.is_delete = 0 ORDER BY c.date desc LIMIT 20   [ RunTime:0.0021s ]
SQL: SHOW COLUMNS FROM `wjw_category` [ RunTime:0.0022s ]
SQL: SELECT * FROM `wjw_category` ORDER BY sort  [ RunTime:0.0020s ]
SQL: SHOW COLUMNS FROM `wjw_tag` [ RunTime:0.0047s ]
SQL: SELECT * FROM `wjw_tag`  [ RunTime:0.0019s ]
SQL: SHOW COLUMNS FROM `wjw_article_tag` [ RunTime:0.0021s ]
SQL: SELECT COUNT(*) AS tp_count FROM `wjw_article_tag` WHERE `tid` = 20 LIMIT 1   [ RunTime:0.0020s ]
SQL: SHOW COLUMNS FROM `wjw_link` [ RunTime:0.0022s ]
SQL: SELECT * FROM `wjw_link` WHERE `is_delete` = 0 AND `is_show` = 1 ORDER BY sort  [ RunTime:0.0020s ]
SQL: SELECT * FROM `wjw_category` WHERE `cid` = 28 LIMIT 1   [ RunTime:0.0020s ]
SQL: SHOW COLUMNS FROM `wjw_article` [ RunTime:0.0022s ]
SQL: SELECT COUNT(*) AS tp_count FROM `wjw_article` WHERE `cid` = 28 AND `is_delete` = 0 AND `is_show` = 1 LIMIT 1   [ RunTime:0.0020s ]
SQL: SELECT * FROM `wjw_article` WHERE `cid` = 28 AND `is_delete` = 0 AND `is_show` = 1 ORDER BY addtime desc LIMIT 0,10   [ RunTime:0.0020s ]
SQL: SHOW COLUMNS FROM `wjw_article_tag` [ RunTime:0.0022s ]
SQL: SHOW COLUMNS FROM `wjw_article_tag` [ RunTime:0.0022s ]
SQL: SELECT * FROM `wjw_article_tag` INNER JOIN wjw_tag ON wjw_article_tag.tid=wjw_tag.tid  WHERE `aid` = '17'  [ RunTime:0.0020s ]
SQL: SHOW COLUMNS FROM `wjw_article_pic` [ RunTime:0.0021s ]
SQL: SELECT `path` FROM `wjw_article_pic` WHERE `aid` = 17 ORDER BY ap_id asc LIMIT 1   [ RunTime:0.0020s ]
SQL: SELECT `cid`,`cid`,`cname` FROM `wjw_category` WHERE `cid` = 28  [ RunTime:0.0020s ]
INFO: [ view_parse ] --START--
INFO: [ template_filter ] --START--
INFO: Run Behavior\ContentReplaceBehavior [ RunTime:0.000095s ]
INFO: [ template_filter ] --END-- [ RunTime:0.000144s ]
INFO: Run Behavior\ParseTemplateBehavior [ RunTime:0.012916s ]
INFO: [ view_parse ] --END-- [ RunTime:0.012953s ]
INFO: [ view_filter ] --START--
INFO: Run Behavior\WriteHtmlCacheBehavior [ RunTime:0.000106s ]
INFO: [ view_filter ] --END-- [ RunTime:0.000133s ]
INFO: [ app_end ] --START--
INFO: Run Behavior\ShowPageTraceBehavior [ RunTime:0.000330s ]
INFO: [ app_end ] --END-- [ RunTime:0.000366s ]

[ 2017-05-22T17:20:55+08:00 ] 218.94.111.198 /thinkwjw/
INFO: [ app_init ] --START--
INFO: Run Behavior\BuildLiteBehavior [ RunTime:0.000012s ]
INFO: [ app_init ] --END-- [ RunTime:0.000242s ]
INFO: [ app_begin ] --START--
INFO: Run Behavior\ReadHtmlCacheBehavior [ RunTime:0.000310s ]
INFO: [ app_begin ] --END-- [ RunTime:0.000348s ]
SQL: SHOW COLUMNS FROM `wjw_article` [ RunTime:0.0025s ]
SQL: SELECT `aid`,`title` FROM `wjw_article` WHERE `is_show` = 1 AND `is_delete` = 0 AND `is_top` = 1 ORDER BY aid desc  [ RunTime:0.0022s ]
SQL: SHOW COLUMNS FROM `wjw_comment` [ RunTime:0.0023s ]
SQL: SHOW COLUMNS FROM `wjw_oauth_user` [ RunTime:0.0023s ]
SQL: SELECT `id` FROM `wjw_oauth_user` WHERE (  is_admin )  [ RunTime:0.0023s ]
SQL: SELECT c.content,c.date,a.title,a.aid,ou.nickname,ou.head_img FROM wjw_comment c INNER JOIN wjw_article a ON c.aid=a.aid INNER JOIN wjw_oauth_user ou ON c.ouid=ou.id  WHERE c.is_delete = 0 ORDER BY c.date desc LIMIT 20   [ RunTime:0.0022s ]
SQL: SHOW COLUMNS FROM `wjw_category` [ RunTime:0.0023s ]
SQL: SELECT * FROM `wjw_category` ORDER BY sort  [ RunTime:0.0021s ]
SQL: SHOW COLUMNS FROM `wjw_tag` [ RunTime:0.0023s ]
SQL: SELECT * FROM `wjw_tag`  [ RunTime:0.0021s ]
SQL: SHOW COLUMNS FROM `wjw_article_tag` [ RunTime:0.0023s ]
SQL: SELECT COUNT(*) AS tp_count FROM `wjw_article_tag` WHERE `tid` = 20 LIMIT 1   [ RunTime:0.0021s ]
SQL: SHOW COLUMNS FROM `wjw_link` [ RunTime:0.0023s ]
SQL: SELECT * FROM `wjw_link` WHERE `is_delete` = 0 AND `is_show` = 1 ORDER BY sort  [ RunTime:0.0021s ]
SQL: SHOW COLUMNS FROM `wjw_article` [ RunTime:0.0023s ]
SQL: SELECT COUNT(*) AS tp_count FROM `wjw_article` WHERE `is_delete` = 0 AND `is_show` = 1 LIMIT 1   [ RunTime:0.0021s ]
SQL: SELECT * FROM `wjw_article` WHERE `is_delete` = 0 AND `is_show` = 1 ORDER BY addtime desc LIMIT 0,10   [ RunTime:0.0022s ]
SQL: SHOW COLUMNS FROM `wjw_article_tag` [ RunTime:0.0023s ]
SQL: SHOW COLUMNS FROM `wjw_article_tag` [ RunTime:0.0022s ]
SQL: SELECT * FROM `wjw_article_tag` INNER JOIN wjw_tag ON wjw_article_tag.tid=wjw_tag.tid  WHERE `aid` = '17'  [ RunTime:0.0021s ]
SQL: SHOW COLUMNS FROM `wjw_article_pic` [ RunTime:0.0023s ]
SQL: SELECT `path` FROM `wjw_article_pic` WHERE `aid` = 17 ORDER BY ap_id asc LIMIT 1   [ RunTime:0.0021s ]
SQL: SELECT `cid`,`cid`,`cname` FROM `wjw_category` WHERE `cid` = 28  [ RunTime:0.0021s ]
INFO: [ view_parse ] --START--
INFO: [ template_filter ] --START--
INFO: Run Behavior\ContentReplaceBehavior [ RunTime:0.000087s ]
INFO: [ template_filter ] --END-- [ RunTime:0.000124s ]
INFO: Run Behavior\ParseTemplateBehavior [ RunTime:0.012600s ]
INFO: [ view_parse ] --END-- [ RunTime:0.012637s ]
INFO: [ view_filter ] --START--
INFO: Run Behavior\WriteHtmlCacheBehavior [ RunTime:0.000112s ]
INFO: [ view_filter ] --END-- [ RunTime:0.000141s ]
INFO: [ app_end ] --START--
INFO: Run Behavior\ShowPageTraceBehavior [ RunTime:0.000329s ]
INFO: [ app_end ] --END-- [ RunTime:0.000364s ]

