[ 2017-05-19T08:35:13+08:00 ] 218.94.111.198 /thinkwjw/
INFO: [ app_init ] --START--
INFO: Run Behavior\BuildLiteBehavior [ RunTime:0.000018s ]
INFO: [ app_init ] --END-- [ RunTime:0.000295s ]
INFO: [ app_begin ] --START--
INFO: Run Behavior\ReadHtmlCacheBehavior [ RunTime:0.000734s ]
INFO: [ app_begin ] --END-- [ RunTime:0.000773s ]
SQL: SHOW COLUMNS FROM `wjw_article` [ RunTime:0.0026s ]
SQL: SELECT `aid`,`title` FROM `wjw_article` WHERE `is_show` = 1 AND `is_delete` = 0 AND `is_top` = 1 ORDER BY aid desc  [ RunTime:0.0022s ]
SQL: SHOW COLUMNS FROM `wjw_comment` [ RunTime:0.0023s ]
SQL: SHOW COLUMNS FROM `wjw_oauth_user` [ RunTime:0.0024s ]
SQL: SELECT `id` FROM `wjw_oauth_user` WHERE (  is_admin )  [ RunTime:0.0021s ]
SQL: SELECT c.content,c.date,a.title,a.aid,ou.nickname,ou.head_img FROM wjw_comment c INNER JOIN wjw_article a ON c.aid=a.aid INNER JOIN wjw_oauth_user ou ON c.ouid=ou.id  WHERE c.is_delete = 0 ORDER BY c.date desc LIMIT 20   [ RunTime:0.0022s ]
SQL: SHOW COLUMNS FROM `wjw_category` [ RunTime:0.0024s ]
SQL: SELECT * FROM `wjw_category` ORDER BY sort  [ RunTime:0.0021s ]
SQL: SHOW COLUMNS FROM `wjw_tag` [ RunTime:0.0023s ]
SQL: SELECT * FROM `wjw_tag`  [ RunTime:0.0021s ]
SQL: SHOW COLUMNS FROM `wjw_article_tag` [ RunTime:0.0023s ]
SQL: SELECT COUNT(*) AS tp_count FROM `wjw_article_tag` WHERE `tid` = 20 LIMIT 1   [ RunTime:0.0021s ]
SQL: SHOW COLUMNS FROM `wjw_link` [ RunTime:0.0023s ]
SQL: SELECT * FROM `wjw_link` WHERE `is_delete` = 0 AND `is_show` = 1 ORDER BY sort  [ RunTime:0.0021s ]
SQL: SHOW COLUMNS FROM `wjw_article` [ RunTime:0.0023s ]
SQL: SELECT COUNT(*) AS tp_count FROM `wjw_article` WHERE `is_delete` = 0 AND `is_show` = 1 LIMIT 1   [ RunTime:0.0021s ]
SQL: SELECT * FROM `wjw_article` WHERE `is_delete` = 0 AND `is_show` = 1 ORDER BY addtime desc LIMIT 0,10   [ RunTime:0.0021s ]
SQL: SHOW COLUMNS FROM `wjw_article_tag` [ RunTime:0.0022s ]
SQL: SHOW COLUMNS FROM `wjw_article_tag` [ RunTime:0.0022s ]
SQL: SELECT * FROM `wjw_article_tag` INNER JOIN wjw_tag ON wjw_article_tag.tid=wjw_tag.tid  WHERE `aid` = '17'  [ RunTime:0.0021s ]
SQL: SHOW COLUMNS FROM `wjw_article_pic` [ RunTime:0.0023s ]
SQL: SELECT `path` FROM `wjw_article_pic` WHERE `aid` = 17 ORDER BY ap_id asc LIMIT 1   [ RunTime:0.0021s ]
SQL: SELECT `cid`,`cid`,`cname` FROM `wjw_category` WHERE `cid` = 28  [ RunTime:0.0021s ]
INFO: [ view_parse ] --START--
INFO: [ template_filter ] --START--
INFO: Run Behavior\ContentReplaceBehavior [ RunTime:0.000096s ]
INFO: [ template_filter ] --END-- [ RunTime:0.000134s ]
INFO: Run Behavior\ParseTemplateBehavior [ RunTime:0.012401s ]
INFO: [ view_parse ] --END-- [ RunTime:0.012436s ]
INFO: [ view_filter ] --START--
INFO: Run Behavior\WriteHtmlCacheBehavior [ RunTime:0.000599s ]
INFO: [ view_filter ] --END-- [ RunTime:0.000627s ]
INFO: [ app_end ] --START--
INFO: Run Behavior\ShowPageTraceBehavior [ RunTime:0.000729s ]
INFO: [ app_end ] --END-- [ RunTime:0.000763s ]

[ 2017-05-19T08:35:16+08:00 ] 218.94.111.198 /thinkwjw/index.php/Home/User/oauth_login/type/sina
INFO: [ app_init ] --START--
INFO: Run Behavior\BuildLiteBehavior [ RunTime:0.000012s ]
INFO: [ app_init ] --END-- [ RunTime:0.000250s ]
INFO: [ app_begin ] --START--
INFO: Run Behavior\ReadHtmlCacheBehavior [ RunTime:0.000311s ]
INFO: [ app_begin ] --END-- [ RunTime:0.000347s ]
SQL: SHOW COLUMNS FROM `wjw_article` [ RunTime:0.0025s ]
SQL: SELECT `aid`,`title` FROM `wjw_article` WHERE `is_show` = 1 AND `is_delete` = 0 AND `is_top` = 1 ORDER BY aid desc  [ RunTime:0.0022s ]
SQL: SHOW COLUMNS FROM `wjw_comment` [ RunTime:0.0023s ]
SQL: SHOW COLUMNS FROM `wjw_oauth_user` [ RunTime:0.0023s ]
SQL: SELECT `id` FROM `wjw_oauth_user` WHERE (  is_admin )  [ RunTime:0.0021s ]
SQL: SELECT c.content,c.date,a.title,a.aid,ou.nickname,ou.head_img FROM wjw_comment c INNER JOIN wjw_article a ON c.aid=a.aid INNER JOIN wjw_oauth_user ou ON c.ouid=ou.id  WHERE c.is_delete = 0 ORDER BY c.date desc LIMIT 20   [ RunTime:0.0022s ]
SQL: SHOW COLUMNS FROM `wjw_category` [ RunTime:0.0023s ]
SQL: SELECT * FROM `wjw_category` ORDER BY sort  [ RunTime:0.0021s ]
SQL: SHOW COLUMNS FROM `wjw_tag` [ RunTime:0.0023s ]
SQL: SELECT * FROM `wjw_tag`  [ RunTime:0.0021s ]
SQL: SHOW COLUMNS FROM `wjw_article_tag` [ RunTime:0.0022s ]
SQL: SELECT COUNT(*) AS tp_count FROM `wjw_article_tag` WHERE `tid` = 20 LIMIT 1   [ RunTime:0.0021s ]
SQL: SHOW COLUMNS FROM `wjw_link` [ RunTime:0.0023s ]
SQL: SELECT * FROM `wjw_link` WHERE `is_delete` = 0 AND `is_show` = 1 ORDER BY sort  [ RunTime:0.0021s ]

[ 2017-05-19T15:34:17+08:00 ] 218.94.111.198 /thinkwjw/
INFO: [ app_init ] --START--
INFO: Run Behavior\BuildLiteBehavior [ RunTime:0.000013s ]
INFO: [ app_init ] --END-- [ RunTime:0.000243s ]
INFO: [ app_begin ] --START--
INFO: Run Behavior\ReadHtmlCacheBehavior [ RunTime:0.000303s ]
INFO: [ app_begin ] --END-- [ RunTime:0.000341s ]
SQL: SHOW COLUMNS FROM `wjw_article` [ RunTime:0.0024s ]
SQL: SELECT `aid`,`title` FROM `wjw_article` WHERE `is_show` = 1 AND `is_delete` = 0 AND `is_top` = 1 ORDER BY aid desc  [ RunTime:0.0021s ]
SQL: SHOW COLUMNS FROM `wjw_comment` [ RunTime:0.0022s ]
SQL: SHOW COLUMNS FROM `wjw_oauth_user` [ RunTime:0.0022s ]
SQL: SELECT `id` FROM `wjw_oauth_user` WHERE (  is_admin )  [ RunTime:0.0019s ]
SQL: SELECT c.content,c.date,a.title,a.aid,ou.nickname,ou.head_img FROM wjw_comment c INNER JOIN wjw_article a ON c.aid=a.aid INNER JOIN wjw_oauth_user ou ON c.ouid=ou.id  WHERE c.is_delete = 0 ORDER BY c.date desc LIMIT 20   [ RunTime:0.0021s ]
SQL: SHOW COLUMNS FROM `wjw_category` [ RunTime:0.0022s ]
SQL: SELECT * FROM `wjw_category` ORDER BY sort  [ RunTime:0.0020s ]
SQL: SHOW COLUMNS FROM `wjw_tag` [ RunTime:0.0021s ]
SQL: SELECT * FROM `wjw_tag`  [ RunTime:0.0020s ]
SQL: SHOW COLUMNS FROM `wjw_article_tag` [ RunTime:0.0021s ]
SQL: SELECT COUNT(*) AS tp_count FROM `wjw_article_tag` WHERE `tid` = 20 LIMIT 1   [ RunTime:0.0020s ]
SQL: SHOW COLUMNS FROM `wjw_link` [ RunTime:0.0022s ]
SQL: SELECT * FROM `wjw_link` WHERE `is_delete` = 0 AND `is_show` = 1 ORDER BY sort  [ RunTime:0.0020s ]
SQL: SHOW COLUMNS FROM `wjw_article` [ RunTime:0.0022s ]
SQL: SELECT COUNT(*) AS tp_count FROM `wjw_article` WHERE `is_delete` = 0 AND `is_show` = 1 LIMIT 1   [ RunTime:0.0020s ]
SQL: SELECT * FROM `wjw_article` WHERE `is_delete` = 0 AND `is_show` = 1 ORDER BY addtime desc LIMIT 0,10   [ RunTime:0.0020s ]
SQL: SHOW COLUMNS FROM `wjw_article_tag` [ RunTime:0.0021s ]
SQL: SHOW COLUMNS FROM `wjw_article_tag` [ RunTime:0.0021s ]
SQL: SELECT * FROM `wjw_article_tag` INNER JOIN wjw_tag ON wjw_article_tag.tid=wjw_tag.tid  WHERE `aid` = '17'  [ RunTime:0.0020s ]
SQL: SHOW COLUMNS FROM `wjw_article_pic` [ RunTime:0.0021s ]
SQL: SELECT `path` FROM `wjw_article_pic` WHERE `aid` = 17 ORDER BY ap_id asc LIMIT 1   [ RunTime:0.0020s ]
SQL: SELECT `cid`,`cid`,`cname` FROM `wjw_category` WHERE `cid` = 28  [ RunTime:0.0020s ]
INFO: [ view_parse ] --START--
INFO: [ template_filter ] --START--
INFO: Run Behavior\ContentReplaceBehavior [ RunTime:0.000085s ]
INFO: [ template_filter ] --END-- [ RunTime:0.000121s ]
INFO: Run Behavior\ParseTemplateBehavior [ RunTime:0.012438s ]
INFO: [ view_parse ] --END-- [ RunTime:0.012484s ]
INFO: [ view_filter ] --START--
INFO: Run Behavior\WriteHtmlCacheBehavior [ RunTime:0.000096s ]
INFO: [ view_filter ] --END-- [ RunTime:0.000124s ]
INFO: [ app_end ] --START--
INFO: Run Behavior\ShowPageTraceBehavior [ RunTime:0.000323s ]
INFO: [ app_end ] --END-- [ RunTime:0.000358s ]

[ 2017-05-19T15:34:22+08:00 ] 218.94.111.198 /thinkwjw/index.php/Home/User/oauth_login/type/sina
INFO: [ app_init ] --START--
INFO: Run Behavior\BuildLiteBehavior [ RunTime:0.000012s ]
INFO: [ app_init ] --END-- [ RunTime:0.000266s ]
INFO: [ app_begin ] --START--
INFO: Run Behavior\ReadHtmlCacheBehavior [ RunTime:0.000348s ]
INFO: [ app_begin ] --END-- [ RunTime:0.000385s ]
SQL: SHOW COLUMNS FROM `wjw_article` [ RunTime:0.0026s ]
SQL: SELECT `aid`,`title` FROM `wjw_article` WHERE `is_show` = 1 AND `is_delete` = 0 AND `is_top` = 1 ORDER BY aid desc  [ RunTime:0.0022s ]
SQL: SHOW COLUMNS FROM `wjw_comment` [ RunTime:0.0024s ]
SQL: SHOW COLUMNS FROM `wjw_oauth_user` [ RunTime:0.0024s ]
SQL: SELECT `id` FROM `wjw_oauth_user` WHERE (  is_admin )  [ RunTime:0.0022s ]
SQL: SELECT c.content,c.date,a.title,a.aid,ou.nickname,ou.head_img FROM wjw_comment c INNER JOIN wjw_article a ON c.aid=a.aid INNER JOIN wjw_oauth_user ou ON c.ouid=ou.id  WHERE c.is_delete = 0 ORDER BY c.date desc LIMIT 20   [ RunTime:0.0023s ]
SQL: SHOW COLUMNS FROM `wjw_category` [ RunTime:0.0024s ]
SQL: SELECT * FROM `wjw_category` ORDER BY sort  [ RunTime:0.0022s ]
SQL: SHOW COLUMNS FROM `wjw_tag` [ RunTime:0.0024s ]
SQL: SELECT * FROM `wjw_tag`  [ RunTime:0.0022s ]
SQL: SHOW COLUMNS FROM `wjw_article_tag` [ RunTime:0.0024s ]
SQL: SELECT COUNT(*) AS tp_count FROM `wjw_article_tag` WHERE `tid` = 20 LIMIT 1   [ RunTime:0.0022s ]
SQL: SHOW COLUMNS FROM `wjw_link` [ RunTime:0.0024s ]
SQL: SELECT * FROM `wjw_link` WHERE `is_delete` = 0 AND `is_show` = 1 ORDER BY sort  [ RunTime:0.0022s ]

