[ 2017-05-24T16:50:44+08:00 ] 218.94.111.198 /thinkwjw/
INFO: [ app_init ] --START--
INFO: Run Behavior\BuildLiteBehavior [ RunTime:0.000018s ]
INFO: [ app_init ] --END-- [ RunTime:0.000339s ]
INFO: [ app_begin ] --START--
INFO: Run Behavior\ReadHtmlCacheBehavior [ RunTime:0.000342s ]
INFO: [ app_begin ] --END-- [ RunTime:0.000382s ]
SQL: SHOW COLUMNS FROM `wjw_article` [ RunTime:0.0024s ]
SQL: SELECT `aid`,`title` FROM `wjw_article` WHERE `is_show` = 1 AND `is_delete` = 0 AND `is_top` = 1 ORDER BY aid desc  [ RunTime:0.0021s ]
SQL: SHOW COLUMNS FROM `wjw_comment` [ RunTime:0.0022s ]
SQL: SHOW COLUMNS FROM `wjw_oauth_user` [ RunTime:0.0022s ]
SQL: SELECT `id` FROM `wjw_oauth_user` WHERE (  is_admin )  [ RunTime:0.0020s ]
SQL: SELECT c.content,c.date,a.title,a.aid,ou.nickname,ou.head_img FROM wjw_comment c INNER JOIN wjw_article a ON c.aid=a.aid INNER JOIN wjw_oauth_user ou ON c.ouid=ou.id  WHERE c.is_delete = 0 ORDER BY c.date desc LIMIT 20   [ RunTime:0.0022s ]
SQL: SHOW COLUMNS FROM `wjw_category` [ RunTime:0.0022s ]
SQL: SELECT * FROM `wjw_category` ORDER BY sort  [ RunTime:0.0020s ]
SQL: SHOW COLUMNS FROM `wjw_tag` [ RunTime:0.0022s ]
SQL: SELECT * FROM `wjw_tag`  [ RunTime:0.0020s ]
SQL: SHOW COLUMNS FROM `wjw_article_tag` [ RunTime:0.0022s ]
SQL: SELECT COUNT(*) AS tp_count FROM `wjw_article_tag` WHERE `tid` = 20 LIMIT 1   [ RunTime:0.0020s ]
SQL: SHOW COLUMNS FROM `wjw_link` [ RunTime:0.0023s ]
SQL: SELECT * FROM `wjw_link` WHERE `is_delete` = 0 AND `is_show` = 1 ORDER BY sort  [ RunTime:0.0021s ]
SQL: SHOW COLUMNS FROM `wjw_article` [ RunTime:0.0023s ]
SQL: SELECT COUNT(*) AS tp_count FROM `wjw_article` WHERE `is_delete` = 0 AND `is_show` = 1 LIMIT 1   [ RunTime:0.0020s ]
SQL: SELECT * FROM `wjw_article` WHERE `is_delete` = 0 AND `is_show` = 1 ORDER BY addtime desc LIMIT 0,10   [ RunTime:0.0038s ]
SQL: SHOW COLUMNS FROM `wjw_article_tag` [ RunTime:0.0022s ]
SQL: SHOW COLUMNS FROM `wjw_article_tag` [ RunTime:0.0022s ]
SQL: SELECT * FROM `wjw_article_tag` INNER JOIN wjw_tag ON wjw_article_tag.tid=wjw_tag.tid  WHERE `aid` = '17'  [ RunTime:0.0021s ]
SQL: SHOW COLUMNS FROM `wjw_article_pic` [ RunTime:0.0022s ]
SQL: SELECT `path` FROM `wjw_article_pic` WHERE `aid` = 17 ORDER BY ap_id asc LIMIT 1   [ RunTime:0.0020s ]
SQL: SELECT `cid`,`cid`,`cname` FROM `wjw_category` WHERE `cid` = 28  [ RunTime:0.0020s ]
INFO: [ view_parse ] --START--
INFO: [ template_filter ] --START--
INFO: Run Behavior\ContentReplaceBehavior [ RunTime:0.000093s ]
INFO: [ template_filter ] --END-- [ RunTime:0.000132s ]
INFO: Run Behavior\ParseTemplateBehavior [ RunTime:0.012557s ]
INFO: [ view_parse ] --END-- [ RunTime:0.012609s ]
INFO: [ view_filter ] --START--
INFO: Run Behavior\WriteHtmlCacheBehavior [ RunTime:0.000103s ]
INFO: [ view_filter ] --END-- [ RunTime:0.000131s ]
INFO: [ app_end ] --START--
INFO: Run Behavior\ShowPageTraceBehavior [ RunTime:0.000347s ]
INFO: [ app_end ] --END-- [ RunTime:0.000383s ]

[ 2017-05-24T16:53:17+08:00 ] 218.94.111.198 /thinkwjw/
INFO: [ app_init ] --START--
INFO: Run Behavior\BuildLiteBehavior [ RunTime:0.000012s ]
INFO: [ app_init ] --END-- [ RunTime:0.000245s ]
INFO: [ app_begin ] --START--
INFO: Run Behavior\ReadHtmlCacheBehavior [ RunTime:0.000304s ]
INFO: [ app_begin ] --END-- [ RunTime:0.000342s ]
SQL: SHOW COLUMNS FROM `wjw_article` [ RunTime:0.0029s ]
SQL: SELECT `aid`,`title` FROM `wjw_article` WHERE `is_show` = 1 AND `is_delete` = 0 AND `is_top` = 1 ORDER BY aid desc  [ RunTime:0.0025s ]
SQL: SHOW COLUMNS FROM `wjw_comment` [ RunTime:0.0027s ]
SQL: SHOW COLUMNS FROM `wjw_oauth_user` [ RunTime:0.0027s ]
SQL: SELECT `id` FROM `wjw_oauth_user` WHERE (  is_admin )  [ RunTime:0.0025s ]
SQL: SELECT c.content,c.date,a.title,a.aid,ou.nickname,ou.head_img FROM wjw_comment c INNER JOIN wjw_article a ON c.aid=a.aid INNER JOIN wjw_oauth_user ou ON c.ouid=ou.id  WHERE c.is_delete = 0 ORDER BY c.date desc LIMIT 20   [ RunTime:0.0026s ]
SQL: SHOW COLUMNS FROM `wjw_category` [ RunTime:0.0026s ]
SQL: SELECT * FROM `wjw_category` ORDER BY sort  [ RunTime:0.0025s ]
SQL: SHOW COLUMNS FROM `wjw_tag` [ RunTime:0.0026s ]
SQL: SELECT * FROM `wjw_tag`  [ RunTime:0.0024s ]
SQL: SHOW COLUMNS FROM `wjw_article_tag` [ RunTime:0.0026s ]
SQL: SELECT COUNT(*) AS tp_count FROM `wjw_article_tag` WHERE `tid` = 20 LIMIT 1   [ RunTime:0.0024s ]
SQL: SHOW COLUMNS FROM `wjw_link` [ RunTime:0.0026s ]
SQL: SELECT * FROM `wjw_link` WHERE `is_delete` = 0 AND `is_show` = 1 ORDER BY sort  [ RunTime:0.0025s ]
SQL: SHOW COLUMNS FROM `wjw_article` [ RunTime:0.0027s ]
SQL: SELECT COUNT(*) AS tp_count FROM `wjw_article` WHERE `is_delete` = 0 AND `is_show` = 1 LIMIT 1   [ RunTime:0.0025s ]
SQL: SELECT * FROM `wjw_article` WHERE `is_delete` = 0 AND `is_show` = 1 ORDER BY addtime desc LIMIT 0,10   [ RunTime:0.0025s ]
SQL: SHOW COLUMNS FROM `wjw_article_tag` [ RunTime:0.0026s ]
SQL: SHOW COLUMNS FROM `wjw_article_tag` [ RunTime:0.0026s ]
SQL: SELECT * FROM `wjw_article_tag` INNER JOIN wjw_tag ON wjw_article_tag.tid=wjw_tag.tid  WHERE `aid` = '17'  [ RunTime:0.0025s ]
SQL: SHOW COLUMNS FROM `wjw_article_pic` [ RunTime:0.0026s ]
SQL: SELECT `path` FROM `wjw_article_pic` WHERE `aid` = 17 ORDER BY ap_id asc LIMIT 1   [ RunTime:0.0025s ]
SQL: SELECT `cid`,`cid`,`cname` FROM `wjw_category` WHERE `cid` = 28  [ RunTime:0.0024s ]
INFO: [ view_parse ] --START--
INFO: [ template_filter ] --START--
INFO: Run Behavior\ContentReplaceBehavior [ RunTime:0.000095s ]
INFO: [ template_filter ] --END-- [ RunTime:0.000134s ]
INFO: Run Behavior\ParseTemplateBehavior [ RunTime:0.012945s ]
INFO: [ view_parse ] --END-- [ RunTime:0.012984s ]
INFO: [ view_filter ] --START--
INFO: Run Behavior\WriteHtmlCacheBehavior [ RunTime:0.000106s ]
INFO: [ view_filter ] --END-- [ RunTime:0.000134s ]
INFO: [ app_end ] --START--
INFO: Run Behavior\ShowPageTraceBehavior [ RunTime:0.000349s ]
INFO: [ app_end ] --END-- [ RunTime:0.000384s ]

[ 2017-05-24T16:53:21+08:00 ] 218.94.111.198 /thinkwjw/
INFO: [ app_init ] --START--
INFO: Run Behavior\BuildLiteBehavior [ RunTime:0.000012s ]
INFO: [ app_init ] --END-- [ RunTime:0.000238s ]
INFO: [ app_begin ] --START--
INFO: Run Behavior\ReadHtmlCacheBehavior [ RunTime:0.000304s ]
INFO: [ app_begin ] --END-- [ RunTime:0.000341s ]
SQL: SHOW COLUMNS FROM `wjw_article` [ RunTime:0.0025s ]
SQL: SELECT `aid`,`title` FROM `wjw_article` WHERE `is_show` = 1 AND `is_delete` = 0 AND `is_top` = 1 ORDER BY aid desc  [ RunTime:0.0022s ]
SQL: SHOW COLUMNS FROM `wjw_comment` [ RunTime:0.0023s ]
SQL: SHOW COLUMNS FROM `wjw_oauth_user` [ RunTime:0.0024s ]
SQL: SELECT `id` FROM `wjw_oauth_user` WHERE (  is_admin )  [ RunTime:0.0021s ]
SQL: SELECT c.content,c.date,a.title,a.aid,ou.nickname,ou.head_img FROM wjw_comment c INNER JOIN wjw_article a ON c.aid=a.aid INNER JOIN wjw_oauth_user ou ON c.ouid=ou.id  WHERE c.is_delete = 0 ORDER BY c.date desc LIMIT 20   [ RunTime:0.0022s ]
SQL: SHOW COLUMNS FROM `wjw_category` [ RunTime:0.0023s ]
SQL: SELECT * FROM `wjw_category` ORDER BY sort  [ RunTime:0.0021s ]
SQL: SHOW COLUMNS FROM `wjw_tag` [ RunTime:0.0023s ]
SQL: SELECT * FROM `wjw_tag`  [ RunTime:0.0021s ]
SQL: SHOW COLUMNS FROM `wjw_article_tag` [ RunTime:0.0023s ]
SQL: SELECT COUNT(*) AS tp_count FROM `wjw_article_tag` WHERE `tid` = 20 LIMIT 1   [ RunTime:0.0021s ]
SQL: SHOW COLUMNS FROM `wjw_link` [ RunTime:0.0023s ]
SQL: SELECT * FROM `wjw_link` WHERE `is_delete` = 0 AND `is_show` = 1 ORDER BY sort  [ RunTime:0.0021s ]
SQL: SHOW COLUMNS FROM `wjw_article` [ RunTime:0.0024s ]
SQL: SELECT COUNT(*) AS tp_count FROM `wjw_article` WHERE `is_delete` = 0 AND `is_show` = 1 LIMIT 1   [ RunTime:0.0023s ]
SQL: SELECT * FROM `wjw_article` WHERE `is_delete` = 0 AND `is_show` = 1 ORDER BY addtime desc LIMIT 0,10   [ RunTime:0.0022s ]
SQL: SHOW COLUMNS FROM `wjw_article_tag` [ RunTime:0.0023s ]
SQL: SHOW COLUMNS FROM `wjw_article_tag` [ RunTime:0.0023s ]
SQL: SELECT * FROM `wjw_article_tag` INNER JOIN wjw_tag ON wjw_article_tag.tid=wjw_tag.tid  WHERE `aid` = '17'  [ RunTime:0.0022s ]
SQL: SHOW COLUMNS FROM `wjw_article_pic` [ RunTime:0.0023s ]
SQL: SELECT `path` FROM `wjw_article_pic` WHERE `aid` = 17 ORDER BY ap_id asc LIMIT 1   [ RunTime:0.0021s ]
SQL: SELECT `cid`,`cid`,`cname` FROM `wjw_category` WHERE `cid` = 28  [ RunTime:0.0021s ]
INFO: [ view_parse ] --START--
INFO: [ template_filter ] --START--
INFO: Run Behavior\ContentReplaceBehavior [ RunTime:0.000085s ]
INFO: [ template_filter ] --END-- [ RunTime:0.000121s ]
INFO: Run Behavior\ParseTemplateBehavior [ RunTime:0.012490s ]
INFO: [ view_parse ] --END-- [ RunTime:0.012527s ]
INFO: [ view_filter ] --START--
INFO: Run Behavior\WriteHtmlCacheBehavior [ RunTime:0.000100s ]
INFO: [ view_filter ] --END-- [ RunTime:0.000126s ]
INFO: [ app_end ] --START--
INFO: Run Behavior\ShowPageTraceBehavior [ RunTime:0.000319s ]
INFO: [ app_end ] --END-- [ RunTime:0.000354s ]

[ 2017-05-24T17:00:17+08:00 ] 218.94.111.198 /thinkwjw/
INFO: [ app_init ] --START--
INFO: Run Behavior\BuildLiteBehavior [ RunTime:0.000020s ]
INFO: [ app_init ] --END-- [ RunTime:0.001060s ]
INFO: [ app_begin ] --START--
INFO: Run Behavior\ReadHtmlCacheBehavior [ RunTime:0.000902s ]
INFO: [ app_begin ] --END-- [ RunTime:0.000959s ]
SQL: SHOW COLUMNS FROM `wjw_article` [ RunTime:0.1818s ]
SQL: SELECT `aid`,`title` FROM `wjw_article` WHERE `is_show` = 1 AND `is_delete` = 0 AND `is_top` = 1 ORDER BY aid desc  [ RunTime:0.0023s ]
SQL: SHOW COLUMNS FROM `wjw_comment` [ RunTime:0.0208s ]
SQL: SHOW COLUMNS FROM `wjw_oauth_user` [ RunTime:0.0055s ]
SQL: SELECT `id` FROM `wjw_oauth_user` WHERE (  is_admin )  [ RunTime:0.0021s ]
SQL: SELECT c.content,c.date,a.title,a.aid,ou.nickname,ou.head_img FROM wjw_comment c INNER JOIN wjw_article a ON c.aid=a.aid INNER JOIN wjw_oauth_user ou ON c.ouid=ou.id  WHERE c.is_delete = 0 ORDER BY c.date desc LIMIT 20   [ RunTime:0.0023s ]
SQL: SHOW COLUMNS FROM `wjw_category` [ RunTime:0.0054s ]
SQL: SELECT * FROM `wjw_category` ORDER BY sort  [ RunTime:0.0021s ]
SQL: SHOW COLUMNS FROM `wjw_tag` [ RunTime:0.0045s ]
SQL: SELECT * FROM `wjw_tag`  [ RunTime:0.0021s ]
SQL: SHOW COLUMNS FROM `wjw_article_tag` [ RunTime:0.0030s ]
SQL: SELECT COUNT(*) AS tp_count FROM `wjw_article_tag` WHERE `tid` = 20 LIMIT 1   [ RunTime:0.0262s ]
SQL: SHOW COLUMNS FROM `wjw_link` [ RunTime:0.0055s ]
SQL: SELECT * FROM `wjw_link` WHERE `is_delete` = 0 AND `is_show` = 1 ORDER BY sort  [ RunTime:0.0022s ]
SQL: SHOW COLUMNS FROM `wjw_article` [ RunTime:0.0024s ]
SQL: SELECT COUNT(*) AS tp_count FROM `wjw_article` WHERE `is_delete` = 0 AND `is_show` = 1 LIMIT 1   [ RunTime:0.0021s ]
SQL: SELECT * FROM `wjw_article` WHERE `is_delete` = 0 AND `is_show` = 1 ORDER BY addtime desc LIMIT 0,10   [ RunTime:0.0022s ]
SQL: SHOW COLUMNS FROM `wjw_article_tag` [ RunTime:0.0023s ]
SQL: SHOW COLUMNS FROM `wjw_article_tag` [ RunTime:0.0023s ]
SQL: SELECT * FROM `wjw_article_tag` INNER JOIN wjw_tag ON wjw_article_tag.tid=wjw_tag.tid  WHERE `aid` = '17'  [ RunTime:0.0022s ]
SQL: SHOW COLUMNS FROM `wjw_article_pic` [ RunTime:0.0045s ]
SQL: SELECT `path` FROM `wjw_article_pic` WHERE `aid` = 17 ORDER BY ap_id asc LIMIT 1   [ RunTime:0.0021s ]
SQL: SELECT `cid`,`cid`,`cname` FROM `wjw_category` WHERE `cid` = 28  [ RunTime:0.0021s ]
INFO: [ view_parse ] --START--
INFO: [ template_filter ] --START--
INFO: Run Behavior\ContentReplaceBehavior [ RunTime:0.000098s ]
INFO: [ template_filter ] --END-- [ RunTime:0.000151s ]
INFO: Run Behavior\ParseTemplateBehavior [ RunTime:0.114072s ]
INFO: [ view_parse ] --END-- [ RunTime:0.114122s ]
INFO: [ view_filter ] --START--
INFO: Run Behavior\WriteHtmlCacheBehavior [ RunTime:0.000514s ]
INFO: [ view_filter ] --END-- [ RunTime:0.000545s ]
INFO: [ app_end ] --START--
INFO: Run Behavior\ShowPageTraceBehavior [ RunTime:0.000876s ]
INFO: [ app_end ] --END-- [ RunTime:0.000913s ]

[ 2017-05-24T17:00:37+08:00 ] 218.94.111.198 /thinkwjw/
INFO: [ app_init ] --START--
INFO: Run Behavior\BuildLiteBehavior [ RunTime:0.000014s ]
INFO: [ app_init ] --END-- [ RunTime:0.000298s ]
INFO: [ app_begin ] --START--
INFO: Run Behavior\ReadHtmlCacheBehavior [ RunTime:0.000346s ]
INFO: [ app_begin ] --END-- [ RunTime:0.000401s ]
SQL: SHOW COLUMNS FROM `wjw_article` [ RunTime:0.0024s ]
SQL: SELECT `aid`,`title` FROM `wjw_article` WHERE `is_show` = 1 AND `is_delete` = 0 AND `is_top` = 1 ORDER BY aid desc  [ RunTime:0.0021s ]
SQL: SHOW COLUMNS FROM `wjw_comment` [ RunTime:0.0022s ]
SQL: SHOW COLUMNS FROM `wjw_oauth_user` [ RunTime:0.0023s ]
SQL: SELECT `id` FROM `wjw_oauth_user` WHERE (  is_admin )  [ RunTime:0.0020s ]
SQL: SELECT c.content,c.date,a.title,a.aid,ou.nickname,ou.head_img FROM wjw_comment c INNER JOIN wjw_article a ON c.aid=a.aid INNER JOIN wjw_oauth_user ou ON c.ouid=ou.id  WHERE c.is_delete = 0 ORDER BY c.date desc LIMIT 20   [ RunTime:0.0021s ]
SQL: SHOW COLUMNS FROM `wjw_category` [ RunTime:0.0023s ]
SQL: SELECT * FROM `wjw_category` ORDER BY sort  [ RunTime:0.0020s ]
SQL: SHOW COLUMNS FROM `wjw_tag` [ RunTime:0.0022s ]
SQL: SELECT * FROM `wjw_tag`  [ RunTime:0.0020s ]
SQL: SHOW COLUMNS FROM `wjw_article_tag` [ RunTime:0.0022s ]
SQL: SELECT COUNT(*) AS tp_count FROM `wjw_article_tag` WHERE `tid` = 20 LIMIT 1   [ RunTime:0.0020s ]
SQL: SHOW COLUMNS FROM `wjw_link` [ RunTime:0.0022s ]
SQL: SELECT * FROM `wjw_link` WHERE `is_delete` = 0 AND `is_show` = 1 ORDER BY sort  [ RunTime:0.0021s ]
SQL: SHOW COLUMNS FROM `wjw_article` [ RunTime:0.0023s ]
SQL: SELECT COUNT(*) AS tp_count FROM `wjw_article` WHERE `is_delete` = 0 AND `is_show` = 1 LIMIT 1   [ RunTime:0.0020s ]
SQL: SELECT * FROM `wjw_article` WHERE `is_delete` = 0 AND `is_show` = 1 ORDER BY addtime desc LIMIT 0,10   [ RunTime:0.0021s ]
SQL: SHOW COLUMNS FROM `wjw_article_tag` [ RunTime:0.0022s ]
SQL: SHOW COLUMNS FROM `wjw_article_tag` [ RunTime:0.0022s ]
SQL: SELECT * FROM `wjw_article_tag` INNER JOIN wjw_tag ON wjw_article_tag.tid=wjw_tag.tid  WHERE `aid` = '17'  [ RunTime:0.0020s ]
SQL: SHOW COLUMNS FROM `wjw_article_pic` [ RunTime:0.0022s ]
SQL: SELECT `path` FROM `wjw_article_pic` WHERE `aid` = 17 ORDER BY ap_id asc LIMIT 1   [ RunTime:0.0020s ]
SQL: SELECT `cid`,`cid`,`cname` FROM `wjw_category` WHERE `cid` = 28  [ RunTime:0.0020s ]
INFO: [ view_parse ] --START--
INFO: [ template_filter ] --START--
INFO: Run Behavior\ContentReplaceBehavior [ RunTime:0.000089s ]
INFO: [ template_filter ] --END-- [ RunTime:0.000127s ]
INFO: Run Behavior\ParseTemplateBehavior [ RunTime:0.013570s ]
INFO: [ view_parse ] --END-- [ RunTime:0.013611s ]
INFO: [ view_filter ] --START--
INFO: Run Behavior\WriteHtmlCacheBehavior [ RunTime:0.000127s ]
INFO: [ view_filter ] --END-- [ RunTime:0.000157s ]
INFO: [ app_end ] --START--
INFO: Run Behavior\ShowPageTraceBehavior [ RunTime:0.000355s ]
INFO: [ app_end ] --END-- [ RunTime:0.000393s ]

[ 2017-05-24T17:00:49+08:00 ] 218.94.111.198 /thinkwjw/
INFO: [ app_init ] --START--
INFO: Run Behavior\BuildLiteBehavior [ RunTime:0.000013s ]
INFO: [ app_init ] --END-- [ RunTime:0.000284s ]
INFO: [ app_begin ] --START--
INFO: Run Behavior\ReadHtmlCacheBehavior [ RunTime:0.000340s ]
INFO: [ app_begin ] --END-- [ RunTime:0.000383s ]
SQL: SHOW COLUMNS FROM `wjw_article` [ RunTime:0.0024s ]
SQL: SELECT `aid`,`title` FROM `wjw_article` WHERE `is_show` = 1 AND `is_delete` = 0 AND `is_top` = 1 ORDER BY aid desc  [ RunTime:0.0021s ]
SQL: SHOW COLUMNS FROM `wjw_comment` [ RunTime:0.0022s ]
SQL: SHOW COLUMNS FROM `wjw_oauth_user` [ RunTime:0.0022s ]
SQL: SELECT `id` FROM `wjw_oauth_user` WHERE (  is_admin )  [ RunTime:0.0020s ]
SQL: SELECT c.content,c.date,a.title,a.aid,ou.nickname,ou.head_img FROM wjw_comment c INNER JOIN wjw_article a ON c.aid=a.aid INNER JOIN wjw_oauth_user ou ON c.ouid=ou.id  WHERE c.is_delete = 0 ORDER BY c.date desc LIMIT 20   [ RunTime:0.0021s ]
SQL: SHOW COLUMNS FROM `wjw_category` [ RunTime:0.0022s ]
SQL: SELECT * FROM `wjw_category` ORDER BY sort  [ RunTime:0.0020s ]
SQL: SHOW COLUMNS FROM `wjw_tag` [ RunTime:0.0022s ]
SQL: SELECT * FROM `wjw_tag`  [ RunTime:0.0020s ]
SQL: SHOW COLUMNS FROM `wjw_article_tag` [ RunTime:0.0022s ]
SQL: SELECT COUNT(*) AS tp_count FROM `wjw_article_tag` WHERE `tid` = 20 LIMIT 1   [ RunTime:0.0021s ]
SQL: SHOW COLUMNS FROM `wjw_link` [ RunTime:0.0022s ]
SQL: SELECT * FROM `wjw_link` WHERE `is_delete` = 0 AND `is_show` = 1 ORDER BY sort  [ RunTime:0.0020s ]
SQL: SHOW COLUMNS FROM `wjw_article` [ RunTime:0.0022s ]
SQL: SELECT COUNT(*) AS tp_count FROM `wjw_article` WHERE `is_delete` = 0 AND `is_show` = 1 LIMIT 1   [ RunTime:0.0020s ]
SQL: SELECT * FROM `wjw_article` WHERE `is_delete` = 0 AND `is_show` = 1 ORDER BY addtime desc LIMIT 0,10   [ RunTime:0.0021s ]
SQL: SHOW COLUMNS FROM `wjw_article_tag` [ RunTime:0.0022s ]
SQL: SHOW COLUMNS FROM `wjw_article_tag` [ RunTime:0.0022s ]
SQL: SELECT * FROM `wjw_article_tag` INNER JOIN wjw_tag ON wjw_article_tag.tid=wjw_tag.tid  WHERE `aid` = '17'  [ RunTime:0.0021s ]
SQL: SHOW COLUMNS FROM `wjw_article_pic` [ RunTime:0.0022s ]
SQL: SELECT `path` FROM `wjw_article_pic` WHERE `aid` = 17 ORDER BY ap_id asc LIMIT 1   [ RunTime:0.0020s ]
SQL: SELECT `cid`,`cid`,`cname` FROM `wjw_category` WHERE `cid` = 28  [ RunTime:0.0020s ]
INFO: [ view_parse ] --START--
INFO: [ template_filter ] --START--
INFO: Run Behavior\ContentReplaceBehavior [ RunTime:0.000086s ]
INFO: [ template_filter ] --END-- [ RunTime:0.000123s ]
INFO: Run Behavior\ParseTemplateBehavior [ RunTime:0.013425s ]
INFO: [ view_parse ] --END-- [ RunTime:0.013465s ]
INFO: [ view_filter ] --START--
INFO: Run Behavior\WriteHtmlCacheBehavior [ RunTime:0.000118s ]
INFO: [ view_filter ] --END-- [ RunTime:0.000145s ]
INFO: [ app_end ] --START--
INFO: Run Behavior\ShowPageTraceBehavior [ RunTime:0.000360s ]
INFO: [ app_end ] --END-- [ RunTime:0.000401s ]

[ 2017-05-24T17:37:33+08:00 ] 47.90.92.26 /
INFO: [ app_init ] --START--
INFO: Run Behavior\BuildLiteBehavior [ RunTime:0.000018s ]
INFO: [ app_init ] --END-- [ RunTime:0.000884s ]
INFO: [ app_begin ] --START--
INFO: Run Behavior\ReadHtmlCacheBehavior [ RunTime:0.001073s ]
INFO: [ app_begin ] --END-- [ RunTime:0.001186s ]
SQL: SHOW COLUMNS FROM `wjw_article` [ RunTime:0.0463s ]
SQL: SELECT `aid`,`title` FROM `wjw_article` WHERE `is_show` = 1 AND `is_delete` = 0 AND `is_top` = 1 ORDER BY aid desc  [ RunTime:0.0025s ]
SQL: SHOW COLUMNS FROM `wjw_comment` [ RunTime:0.0641s ]
SQL: SHOW COLUMNS FROM `wjw_oauth_user` [ RunTime:0.0060s ]
SQL: SELECT `id` FROM `wjw_oauth_user` WHERE (  is_admin )  [ RunTime:0.0024s ]
SQL: SELECT c.content,c.date,a.title,a.aid,ou.nickname,ou.head_img FROM wjw_comment c INNER JOIN wjw_article a ON c.aid=a.aid INNER JOIN wjw_oauth_user ou ON c.ouid=ou.id  WHERE c.is_delete = 0 ORDER BY c.date desc LIMIT 20   [ RunTime:0.0025s ]
SQL: SHOW COLUMNS FROM `wjw_category` [ RunTime:0.0064s ]
SQL: SELECT * FROM `wjw_category` ORDER BY sort  [ RunTime:0.0024s ]
SQL: SHOW COLUMNS FROM `wjw_tag` [ RunTime:0.0052s ]
SQL: SELECT * FROM `wjw_tag`  [ RunTime:0.0023s ]
SQL: SHOW COLUMNS FROM `wjw_article_tag` [ RunTime:0.0033s ]
SQL: SELECT COUNT(*) AS tp_count FROM `wjw_article_tag` WHERE `tid` = 20 LIMIT 1   [ RunTime:0.0171s ]
SQL: SHOW COLUMNS FROM `wjw_link` [ RunTime:0.0055s ]
SQL: SELECT * FROM `wjw_link` WHERE `is_delete` = 0 AND `is_show` = 1 ORDER BY sort  [ RunTime:0.0024s ]
SQL: SHOW COLUMNS FROM `wjw_article` [ RunTime:0.0026s ]
SQL: SELECT COUNT(*) AS tp_count FROM `wjw_article` WHERE `is_delete` = 0 AND `is_show` = 1 LIMIT 1   [ RunTime:0.0024s ]
SQL: SELECT * FROM `wjw_article` WHERE `is_delete` = 0 AND `is_show` = 1 ORDER BY addtime desc LIMIT 0,10   [ RunTime:0.0024s ]
SQL: SHOW COLUMNS FROM `wjw_article_tag` [ RunTime:0.0026s ]
SQL: SHOW COLUMNS FROM `wjw_article_tag` [ RunTime:0.0025s ]
SQL: SELECT * FROM `wjw_article_tag` INNER JOIN wjw_tag ON wjw_article_tag.tid=wjw_tag.tid  WHERE `aid` = '17'  [ RunTime:0.0024s ]
SQL: SHOW COLUMNS FROM `wjw_article_pic` [ RunTime:0.0050s ]
SQL: SELECT `path` FROM `wjw_article_pic` WHERE `aid` = 17 ORDER BY ap_id asc LIMIT 1   [ RunTime:0.0024s ]
SQL: SELECT `cid`,`cid`,`cname` FROM `wjw_category` WHERE `cid` = 28  [ RunTime:0.0024s ]
INFO: [ view_parse ] --START--
INFO: [ template_filter ] --START--
INFO: Run Behavior\ContentReplaceBehavior [ RunTime:0.000093s ]
INFO: [ template_filter ] --END-- [ RunTime:0.000146s ]
INFO: Run Behavior\ParseTemplateBehavior [ RunTime:0.222378s ]
INFO: [ view_parse ] --END-- [ RunTime:0.222432s ]
INFO: [ view_filter ] --START--
INFO: Run Behavior\WriteHtmlCacheBehavior [ RunTime:0.000535s ]
INFO: [ view_filter ] --END-- [ RunTime:0.000565s ]
INFO: [ app_end ] --START--
INFO: Run Behavior\ShowPageTraceBehavior [ RunTime:0.000766s ]
INFO: [ app_end ] --END-- [ RunTime:0.000807s ]

[ 2017-05-24T17:54:19+08:00 ] 180.115.194.203 /
INFO: [ app_init ] --START--
INFO: Run Behavior\BuildLiteBehavior [ RunTime:0.000014s ]
INFO: [ app_init ] --END-- [ RunTime:0.000297s ]
INFO: [ app_begin ] --START--
INFO: Run Behavior\ReadHtmlCacheBehavior [ RunTime:0.000341s ]
INFO: [ app_begin ] --END-- [ RunTime:0.000390s ]
SQL: SHOW COLUMNS FROM `wjw_article` [ RunTime:0.0027s ]
SQL: SELECT `aid`,`title` FROM `wjw_article` WHERE `is_show` = 1 AND `is_delete` = 0 AND `is_top` = 1 ORDER BY aid desc  [ RunTime:0.0023s ]
SQL: SHOW COLUMNS FROM `wjw_comment` [ RunTime:0.0025s ]
SQL: SHOW COLUMNS FROM `wjw_oauth_user` [ RunTime:0.0025s ]
SQL: SELECT `id` FROM `wjw_oauth_user` WHERE (  is_admin )  [ RunTime:0.0022s ]
SQL: SELECT c.content,c.date,a.title,a.aid,ou.nickname,ou.head_img FROM wjw_comment c INNER JOIN wjw_article a ON c.aid=a.aid INNER JOIN wjw_oauth_user ou ON c.ouid=ou.id  WHERE c.is_delete = 0 ORDER BY c.date desc LIMIT 20   [ RunTime:0.0025s ]
SQL: SHOW COLUMNS FROM `wjw_category` [ RunTime:0.0025s ]
SQL: SELECT * FROM `wjw_category` ORDER BY sort  [ RunTime:0.0022s ]
SQL: SHOW COLUMNS FROM `wjw_tag` [ RunTime:0.0024s ]
SQL: SELECT * FROM `wjw_tag`  [ RunTime:0.0022s ]
SQL: SHOW COLUMNS FROM `wjw_article_tag` [ RunTime:0.0024s ]
SQL: SELECT COUNT(*) AS tp_count FROM `wjw_article_tag` WHERE `tid` = 20 LIMIT 1   [ RunTime:0.0022s ]
SQL: SHOW COLUMNS FROM `wjw_link` [ RunTime:0.0025s ]
SQL: SELECT * FROM `wjw_link` WHERE `is_delete` = 0 AND `is_show` = 1 ORDER BY sort  [ RunTime:0.0023s ]
SQL: SHOW COLUMNS FROM `wjw_article` [ RunTime:0.0025s ]
SQL: SELECT COUNT(*) AS tp_count FROM `wjw_article` WHERE `is_delete` = 0 AND `is_show` = 1 LIMIT 1   [ RunTime:0.0022s ]
SQL: SELECT * FROM `wjw_article` WHERE `is_delete` = 0 AND `is_show` = 1 ORDER BY addtime desc LIMIT 0,10   [ RunTime:0.0023s ]
SQL: SHOW COLUMNS FROM `wjw_article_tag` [ RunTime:0.0024s ]
SQL: SHOW COLUMNS FROM `wjw_article_tag` [ RunTime:0.0024s ]
SQL: SELECT * FROM `wjw_article_tag` INNER JOIN wjw_tag ON wjw_article_tag.tid=wjw_tag.tid  WHERE `aid` = '17'  [ RunTime:0.0023s ]
SQL: SHOW COLUMNS FROM `wjw_article_pic` [ RunTime:0.0024s ]
SQL: SELECT `path` FROM `wjw_article_pic` WHERE `aid` = 17 ORDER BY ap_id asc LIMIT 1   [ RunTime:0.0023s ]
SQL: SELECT `cid`,`cid`,`cname` FROM `wjw_category` WHERE `cid` = 28  [ RunTime:0.0023s ]
INFO: [ view_parse ] --START--
INFO: [ template_filter ] --START--
INFO: Run Behavior\ContentReplaceBehavior [ RunTime:0.000084s ]
INFO: [ template_filter ] --END-- [ RunTime:0.000122s ]
INFO: Run Behavior\ParseTemplateBehavior [ RunTime:0.013686s ]
INFO: [ view_parse ] --END-- [ RunTime:0.013727s ]
INFO: [ view_filter ] --START--
INFO: Run Behavior\WriteHtmlCacheBehavior [ RunTime:0.000105s ]
INFO: [ view_filter ] --END-- [ RunTime:0.000133s ]
INFO: [ app_end ] --START--
INFO: Run Behavior\ShowPageTraceBehavior [ RunTime:0.000354s ]
INFO: [ app_end ] --END-- [ RunTime:0.000393s ]

[ 2017-05-24T17:58:38+08:00 ] 58.214.31.170 http://www.wjiawen.cn/
INFO: [ app_init ] --START--
INFO: Run Behavior\BuildLiteBehavior [ RunTime:0.000014s ]
INFO: [ app_init ] --END-- [ RunTime:0.000306s ]
INFO: [ app_begin ] --START--
INFO: Run Behavior\ReadHtmlCacheBehavior [ RunTime:0.000359s ]
INFO: [ app_begin ] --END-- [ RunTime:0.000401s ]
SQL: SHOW COLUMNS FROM `wjw_article` [ RunTime:0.0028s ]
SQL: SELECT `aid`,`title` FROM `wjw_article` WHERE `is_show` = 1 AND `is_delete` = 0 AND `is_top` = 1 ORDER BY aid desc  [ RunTime:0.0024s ]
SQL: SHOW COLUMNS FROM `wjw_comment` [ RunTime:0.0026s ]
SQL: SHOW COLUMNS FROM `wjw_oauth_user` [ RunTime:0.0026s ]
SQL: SELECT `id` FROM `wjw_oauth_user` WHERE (  is_admin )  [ RunTime:0.0023s ]
SQL: SELECT c.content,c.date,a.title,a.aid,ou.nickname,ou.head_img FROM wjw_comment c INNER JOIN wjw_article a ON c.aid=a.aid INNER JOIN wjw_oauth_user ou ON c.ouid=ou.id  WHERE c.is_delete = 0 ORDER BY c.date desc LIMIT 20   [ RunTime:0.0025s ]
SQL: SHOW COLUMNS FROM `wjw_category` [ RunTime:0.0026s ]
SQL: SELECT * FROM `wjw_category` ORDER BY sort  [ RunTime:0.0023s ]
SQL: SHOW COLUMNS FROM `wjw_tag` [ RunTime:0.0025s ]
SQL: SELECT * FROM `wjw_tag`  [ RunTime:0.0023s ]
SQL: SHOW COLUMNS FROM `wjw_article_tag` [ RunTime:0.0025s ]
SQL: SELECT COUNT(*) AS tp_count FROM `wjw_article_tag` WHERE `tid` = 20 LIMIT 1   [ RunTime:0.0023s ]
SQL: SHOW COLUMNS FROM `wjw_link` [ RunTime:0.0026s ]
SQL: SELECT * FROM `wjw_link` WHERE `is_delete` = 0 AND `is_show` = 1 ORDER BY sort  [ RunTime:0.0024s ]
SQL: SHOW COLUMNS FROM `wjw_article` [ RunTime:0.0026s ]
SQL: SELECT COUNT(*) AS tp_count FROM `wjw_article` WHERE `is_delete` = 0 AND `is_show` = 1 LIMIT 1   [ RunTime:0.0024s ]
SQL: SELECT * FROM `wjw_article` WHERE `is_delete` = 0 AND `is_show` = 1 ORDER BY addtime desc LIMIT 0,10   [ RunTime:0.0024s ]
SQL: SHOW COLUMNS FROM `wjw_article_tag` [ RunTime:0.0025s ]
SQL: SHOW COLUMNS FROM `wjw_article_tag` [ RunTime:0.0026s ]
SQL: SELECT * FROM `wjw_article_tag` INNER JOIN wjw_tag ON wjw_article_tag.tid=wjw_tag.tid  WHERE `aid` = '17'  [ RunTime:0.0025s ]
SQL: SHOW COLUMNS FROM `wjw_article_pic` [ RunTime:0.0026s ]
SQL: SELECT `path` FROM `wjw_article_pic` WHERE `aid` = 17 ORDER BY ap_id asc LIMIT 1   [ RunTime:0.0024s ]
SQL: SELECT `cid`,`cid`,`cname` FROM `wjw_category` WHERE `cid` = 28  [ RunTime:0.0024s ]
INFO: [ view_parse ] --START--
INFO: [ template_filter ] --START--
INFO: Run Behavior\ContentReplaceBehavior [ RunTime:0.000086s ]
INFO: [ template_filter ] --END-- [ RunTime:0.000125s ]
INFO: Run Behavior\ParseTemplateBehavior [ RunTime:0.013280s ]
INFO: [ view_parse ] --END-- [ RunTime:0.013321s ]
INFO: [ view_filter ] --START--
INFO: Run Behavior\WriteHtmlCacheBehavior [ RunTime:0.000099s ]
INFO: [ view_filter ] --END-- [ RunTime:0.000128s ]
INFO: [ app_end ] --START--
INFO: Run Behavior\ShowPageTraceBehavior [ RunTime:0.000340s ]
INFO: [ app_end ] --END-- [ RunTime:0.000380s ]

[ 2017-05-24T19:00:09+08:00 ] 122.96.42.90 /
INFO: [ app_init ] --START--
INFO: Run Behavior\BuildLiteBehavior [ RunTime:0.000014s ]
INFO: [ app_init ] --END-- [ RunTime:0.000282s ]
INFO: [ app_begin ] --START--
INFO: Run Behavior\ReadHtmlCacheBehavior [ RunTime:0.000339s ]
INFO: [ app_begin ] --END-- [ RunTime:0.000386s ]
SQL: SHOW COLUMNS FROM `wjw_article` [ RunTime:0.0025s ]
SQL: SELECT `aid`,`title` FROM `wjw_article` WHERE `is_show` = 1 AND `is_delete` = 0 AND `is_top` = 1 ORDER BY aid desc  [ RunTime:0.0021s ]
SQL: SHOW COLUMNS FROM `wjw_comment` [ RunTime:0.0022s ]
SQL: SHOW COLUMNS FROM `wjw_oauth_user` [ RunTime:0.0023s ]
SQL: SELECT `id` FROM `wjw_oauth_user` WHERE (  is_admin )  [ RunTime:0.0020s ]
SQL: SELECT c.content,c.date,a.title,a.aid,ou.nickname,ou.head_img FROM wjw_comment c INNER JOIN wjw_article a ON c.aid=a.aid INNER JOIN wjw_oauth_user ou ON c.ouid=ou.id  WHERE c.is_delete = 0 ORDER BY c.date desc LIMIT 20   [ RunTime:0.0021s ]
SQL: SHOW COLUMNS FROM `wjw_category` [ RunTime:0.0022s ]
SQL: SELECT * FROM `wjw_category` ORDER BY sort  [ RunTime:0.0020s ]
SQL: SHOW COLUMNS FROM `wjw_tag` [ RunTime:0.0022s ]
SQL: SELECT * FROM `wjw_tag`  [ RunTime:0.0020s ]
SQL: SHOW COLUMNS FROM `wjw_article_tag` [ RunTime:0.0022s ]
SQL: SELECT COUNT(*) AS tp_count FROM `wjw_article_tag` WHERE `tid` = 20 LIMIT 1   [ RunTime:0.0020s ]
SQL: SHOW COLUMNS FROM `wjw_link` [ RunTime:0.0022s ]
SQL: SELECT * FROM `wjw_link` WHERE `is_delete` = 0 AND `is_show` = 1 ORDER BY sort  [ RunTime:0.0020s ]
SQL: SHOW COLUMNS FROM `wjw_article` [ RunTime:0.0022s ]
SQL: SELECT COUNT(*) AS tp_count FROM `wjw_article` WHERE `is_delete` = 0 AND `is_show` = 1 LIMIT 1   [ RunTime:0.0020s ]
SQL: SELECT * FROM `wjw_article` WHERE `is_delete` = 0 AND `is_show` = 1 ORDER BY addtime desc LIMIT 0,10   [ RunTime:0.0020s ]
SQL: SHOW COLUMNS FROM `wjw_article_tag` [ RunTime:0.0022s ]
SQL: SHOW COLUMNS FROM `wjw_article_tag` [ RunTime:0.0024s ]
SQL: SELECT * FROM `wjw_article_tag` INNER JOIN wjw_tag ON wjw_article_tag.tid=wjw_tag.tid  WHERE `aid` = '17'  [ RunTime:0.0024s ]
SQL: SHOW COLUMNS FROM `wjw_article_pic` [ RunTime:0.0023s ]
SQL: SELECT `path` FROM `wjw_article_pic` WHERE `aid` = 17 ORDER BY ap_id asc LIMIT 1   [ RunTime:0.0021s ]
SQL: SELECT `cid`,`cid`,`cname` FROM `wjw_category` WHERE `cid` = 28  [ RunTime:0.0020s ]
INFO: [ view_parse ] --START--
INFO: [ template_filter ] --START--
INFO: Run Behavior\ContentReplaceBehavior [ RunTime:0.000091s ]
INFO: [ template_filter ] --END-- [ RunTime:0.000136s ]
INFO: Run Behavior\ParseTemplateBehavior [ RunTime:0.013876s ]
INFO: [ view_parse ] --END-- [ RunTime:0.013920s ]
INFO: [ view_filter ] --START--
INFO: Run Behavior\WriteHtmlCacheBehavior [ RunTime:0.000108s ]
INFO: [ view_filter ] --END-- [ RunTime:0.000138s ]
INFO: [ app_end ] --START--
INFO: Run Behavior\ShowPageTraceBehavior [ RunTime:0.000370s ]
INFO: [ app_end ] --END-- [ RunTime:0.000420s ]

[ 2017-05-24T19:07:41+08:00 ] 122.96.42.90 /index.php/Home/Index/article/aid/17
INFO: [ app_init ] --START--
INFO: Run Behavior\BuildLiteBehavior [ RunTime:0.000015s ]
INFO: [ app_init ] --END-- [ RunTime:0.000286s ]
INFO: [ app_begin ] --START--
INFO: Run Behavior\ReadHtmlCacheBehavior [ RunTime:0.000379s ]
INFO: [ app_begin ] --END-- [ RunTime:0.000432s ]
SQL: SHOW COLUMNS FROM `wjw_article` [ RunTime:0.0027s ]
SQL: SELECT `aid`,`title` FROM `wjw_article` WHERE `is_show` = 1 AND `is_delete` = 0 AND `is_top` = 1 ORDER BY aid desc  [ RunTime:0.0023s ]
SQL: SHOW COLUMNS FROM `wjw_comment` [ RunTime:0.0025s ]
SQL: SHOW COLUMNS FROM `wjw_oauth_user` [ RunTime:0.0025s ]
SQL: SELECT `id` FROM `wjw_oauth_user` WHERE (  is_admin )  [ RunTime:0.0022s ]
SQL: SELECT c.content,c.date,a.title,a.aid,ou.nickname,ou.head_img FROM wjw_comment c INNER JOIN wjw_article a ON c.aid=a.aid INNER JOIN wjw_oauth_user ou ON c.ouid=ou.id  WHERE c.is_delete = 0 ORDER BY c.date desc LIMIT 20   [ RunTime:0.0024s ]
SQL: SHOW COLUMNS FROM `wjw_category` [ RunTime:0.0025s ]
SQL: SELECT * FROM `wjw_category` ORDER BY sort  [ RunTime:0.0022s ]
SQL: SHOW COLUMNS FROM `wjw_tag` [ RunTime:0.0024s ]
SQL: SELECT * FROM `wjw_tag`  [ RunTime:0.0022s ]
SQL: SHOW COLUMNS FROM `wjw_article_tag` [ RunTime:0.0024s ]
SQL: SELECT COUNT(*) AS tp_count FROM `wjw_article_tag` WHERE `tid` = 20 LIMIT 1   [ RunTime:0.0022s ]
SQL: SHOW COLUMNS FROM `wjw_link` [ RunTime:0.0024s ]
SQL: SELECT * FROM `wjw_link` WHERE `is_delete` = 0 AND `is_show` = 1 ORDER BY sort  [ RunTime:0.0023s ]
NOTIC: [2] array_key_exists() expects parameter 2 to be array, null given /yjdata/www/thinkwjw/Application/Home/Controller/IndexController.class.php 第 77 行.
SQL: UPDATE `wjw_article` SET `click`=click+1 WHERE `aid` = 17 [ RunTime:0.0663s ]
SQL: SHOW COLUMNS FROM `wjw_article` [ RunTime:0.0027s ]
NOTIC: [8] Undefined index: title /yjdata/www/thinkwjw/Application/Common/Model/ArticleModel.class.php 第 297 行.
SQL: SELECT `aid`,`title` FROM `wjw_article` WHERE `title` LIKE '%%' AND (  `is_show` = 1 ) AND (  `is_delete` = 0 ) AND `aid` > 17 LIMIT 1   [ RunTime:0.0023s ]
SQL: SELECT `aid`,`title` FROM `wjw_article` WHERE `title` LIKE '%%' AND (  `is_show` = 1 ) AND (  `is_delete` = 0 ) AND `aid` < 17 ORDER BY aid desc LIMIT 1   [ RunTime:0.0023s ]
SQL: SELECT * FROM `wjw_article` WHERE `aid` = 17 LIMIT 1   [ RunTime:0.0023s ]
SQL: SHOW COLUMNS FROM `wjw_article_tag` [ RunTime:0.0024s ]
SQL: SELECT `tid` FROM `wjw_article_tag` WHERE `aid` = 17  [ RunTime:0.0022s ]
SQL: SHOW COLUMNS FROM `wjw_article_tag` [ RunTime:0.0024s ]
SQL: SELECT * FROM `wjw_article_tag` INNER JOIN wjw_tag ON wjw_article_tag.tid=wjw_tag.tid  WHERE `aid` = 17  [ RunTime:0.0023s ]
SQL: SELECT `cid`,`cid`,`cname`,`keywords` FROM `wjw_category` WHERE `cid` = 28  [ RunTime:0.0022s ]
SQL: SELECT c.*,ou.nickname,ou.head_img FROM wjw_comment c INNER JOIN wjw_oauth_user ou ON c.ouid=ou.id  WHERE c.status = 1 AND c.aid = 17 AND c.pid = 0 AND c.is_delete = 0 ORDER BY date desc  [ RunTime:0.0023s ]
SQL: SELECT c.*,ou.nickname,ou.head_img FROM wjw_comment c INNER JOIN wjw_oauth_user ou ON c.ouid=ou.id  WHERE `pid` = '1'  [ RunTime:0.0023s ]
INFO: [ view_parse ] --START--
INFO: [ template_filter ] --START--
INFO: Run Behavior\ContentReplaceBehavior [ RunTime:0.000121s ]
INFO: [ template_filter ] --END-- [ RunTime:0.000166s ]
NOTIC: [8] Undefined variable: user_email /yjdata/www/thinkwjw/Runtime/Cache/Home/d4c1149384e4970b24973a696680cd70.php 第 7 行.
NOTIC: [8] Undefined variable: user_email /yjdata/www/thinkwjw/Runtime/Cache/Home/d4c1149384e4970b24973a696680cd70.php 第 9 行.
INFO: Run Behavior\ParseTemplateBehavior [ RunTime:0.058826s ]
INFO: [ view_parse ] --END-- [ RunTime:0.058874s ]
INFO: [ view_filter ] --START--
INFO: Run Behavior\WriteHtmlCacheBehavior [ RunTime:0.000132s ]
INFO: [ view_filter ] --END-- [ RunTime:0.000170s ]
INFO: [ app_end ] --START--
INFO: Run Behavior\ShowPageTraceBehavior [ RunTime:0.000350s ]
INFO: [ app_end ] --END-- [ RunTime:0.000387s ]

[ 2017-05-24T19:08:44+08:00 ] 220.181.108.105 /index.php/Home/Index/article/aid/17
INFO: [ app_init ] --START--
INFO: Run Behavior\BuildLiteBehavior [ RunTime:0.000012s ]
INFO: [ app_init ] --END-- [ RunTime:0.000240s ]
INFO: [ app_begin ] --START--
INFO: Run Behavior\ReadHtmlCacheBehavior [ RunTime:0.000322s ]
INFO: [ app_begin ] --END-- [ RunTime:0.000360s ]
SQL: SHOW COLUMNS FROM `wjw_article` [ RunTime:0.0022s ]
SQL: SELECT `aid`,`title` FROM `wjw_article` WHERE `is_show` = 1 AND `is_delete` = 0 AND `is_top` = 1 ORDER BY aid desc  [ RunTime:0.0019s ]
SQL: SHOW COLUMNS FROM `wjw_comment` [ RunTime:0.0020s ]
SQL: SHOW COLUMNS FROM `wjw_oauth_user` [ RunTime:0.0021s ]
SQL: SELECT `id` FROM `wjw_oauth_user` WHERE (  is_admin )  [ RunTime:0.0018s ]
SQL: SELECT c.content,c.date,a.title,a.aid,ou.nickname,ou.head_img FROM wjw_comment c INNER JOIN wjw_article a ON c.aid=a.aid INNER JOIN wjw_oauth_user ou ON c.ouid=ou.id  WHERE c.is_delete = 0 ORDER BY c.date desc LIMIT 20   [ RunTime:0.0019s ]
SQL: SHOW COLUMNS FROM `wjw_category` [ RunTime:0.0020s ]
SQL: SELECT * FROM `wjw_category` ORDER BY sort  [ RunTime:0.0018s ]
SQL: SHOW COLUMNS FROM `wjw_tag` [ RunTime:0.0020s ]
SQL: SELECT * FROM `wjw_tag`  [ RunTime:0.0018s ]
SQL: SHOW COLUMNS FROM `wjw_article_tag` [ RunTime:0.0020s ]
SQL: SELECT COUNT(*) AS tp_count FROM `wjw_article_tag` WHERE `tid` = 20 LIMIT 1   [ RunTime:0.0018s ]
SQL: SHOW COLUMNS FROM `wjw_link` [ RunTime:0.0020s ]
SQL: SELECT * FROM `wjw_link` WHERE `is_delete` = 0 AND `is_show` = 1 ORDER BY sort  [ RunTime:0.0019s ]
NOTIC: [2] array_key_exists() expects parameter 2 to be array, null given /yjdata/www/thinkwjw/Application/Home/Controller/IndexController.class.php 第 77 行.
SQL: UPDATE `wjw_article` SET `click`=click+1 WHERE `aid` = 17 [ RunTime:0.0052s ]
SQL: SHOW COLUMNS FROM `wjw_article` [ RunTime:0.0021s ]
NOTIC: [8] Undefined index: title /yjdata/www/thinkwjw/Application/Common/Model/ArticleModel.class.php 第 297 行.
SQL: SELECT `aid`,`title` FROM `wjw_article` WHERE `title` LIKE '%%' AND (  `is_show` = 1 ) AND (  `is_delete` = 0 ) AND `aid` > 17 LIMIT 1   [ RunTime:0.0018s ]
SQL: SELECT `aid`,`title` FROM `wjw_article` WHERE `title` LIKE '%%' AND (  `is_show` = 1 ) AND (  `is_delete` = 0 ) AND `aid` < 17 ORDER BY aid desc LIMIT 1   [ RunTime:0.0018s ]
SQL: SELECT * FROM `wjw_article` WHERE `aid` = 17 LIMIT 1   [ RunTime:0.0018s ]
SQL: SHOW COLUMNS FROM `wjw_article_tag` [ RunTime:0.0019s ]
SQL: SELECT `tid` FROM `wjw_article_tag` WHERE `aid` = 17  [ RunTime:0.0017s ]
SQL: SHOW COLUMNS FROM `wjw_article_tag` [ RunTime:0.0020s ]
SQL: SELECT * FROM `wjw_article_tag` INNER JOIN wjw_tag ON wjw_article_tag.tid=wjw_tag.tid  WHERE `aid` = 17  [ RunTime:0.0018s ]
SQL: SELECT `cid`,`cid`,`cname`,`keywords` FROM `wjw_category` WHERE `cid` = 28  [ RunTime:0.0018s ]
SQL: SELECT c.*,ou.nickname,ou.head_img FROM wjw_comment c INNER JOIN wjw_oauth_user ou ON c.ouid=ou.id  WHERE c.status = 1 AND c.aid = 17 AND c.pid = 0 AND c.is_delete = 0 ORDER BY date desc  [ RunTime:0.0019s ]
SQL: SELECT c.*,ou.nickname,ou.head_img FROM wjw_comment c INNER JOIN wjw_oauth_user ou ON c.ouid=ou.id  WHERE `pid` = '1'  [ RunTime:0.0018s ]
INFO: [ view_parse ] --START--
INFO: [ template_filter ] --START--
INFO: Run Behavior\ContentReplaceBehavior [ RunTime:0.000122s ]
INFO: [ template_filter ] --END-- [ RunTime:0.000162s ]
NOTIC: [8] Undefined variable: user_email /yjdata/www/thinkwjw/Runtime/Cache/Home/d4c1149384e4970b24973a696680cd70.php 第 7 行.
NOTIC: [8] Undefined variable: user_email /yjdata/www/thinkwjw/Runtime/Cache/Home/d4c1149384e4970b24973a696680cd70.php 第 9 行.
INFO: Run Behavior\ParseTemplateBehavior [ RunTime:0.015712s ]
INFO: [ view_parse ] --END-- [ RunTime:0.015750s ]
INFO: [ view_filter ] --START--
INFO: Run Behavior\WriteHtmlCacheBehavior [ RunTime:0.000115s ]
INFO: [ view_filter ] --END-- [ RunTime:0.000144s ]
INFO: [ app_end ] --START--
INFO: Run Behavior\ShowPageTraceBehavior [ RunTime:0.000333s ]
INFO: [ app_end ] --END-- [ RunTime:0.000369s ]

[ 2017-05-24T19:33:07+08:00 ] 49.95.2.46 /
INFO: [ app_init ] --START--
INFO: Run Behavior\BuildLiteBehavior [ RunTime:0.000013s ]
INFO: [ app_init ] --END-- [ RunTime:0.000264s ]
INFO: [ app_begin ] --START--
INFO: Run Behavior\ReadHtmlCacheBehavior [ RunTime:0.000357s ]
INFO: [ app_begin ] --END-- [ RunTime:0.000396s ]
SQL: SHOW COLUMNS FROM `wjw_article` [ RunTime:0.0026s ]
SQL: SELECT `aid`,`title` FROM `wjw_article` WHERE `is_show` = 1 AND `is_delete` = 0 AND `is_top` = 1 ORDER BY aid desc  [ RunTime:0.0022s ]
SQL: SHOW COLUMNS FROM `wjw_comment` [ RunTime:0.0024s ]
SQL: SHOW COLUMNS FROM `wjw_oauth_user` [ RunTime:0.0024s ]
SQL: SELECT `id` FROM `wjw_oauth_user` WHERE (  is_admin )  [ RunTime:0.0021s ]
SQL: SELECT c.content,c.date,a.title,a.aid,ou.nickname,ou.head_img FROM wjw_comment c INNER JOIN wjw_article a ON c.aid=a.aid INNER JOIN wjw_oauth_user ou ON c.ouid=ou.id  WHERE c.is_delete = 0 ORDER BY c.date desc LIMIT 20   [ RunTime:0.0022s ]
SQL: SHOW COLUMNS FROM `wjw_category` [ RunTime:0.0023s ]
SQL: SELECT * FROM `wjw_category` ORDER BY sort  [ RunTime:0.0021s ]
SQL: SHOW COLUMNS FROM `wjw_tag` [ RunTime:0.0023s ]
SQL: SELECT * FROM `wjw_tag`  [ RunTime:0.0021s ]
SQL: SHOW COLUMNS FROM `wjw_article_tag` [ RunTime:0.0023s ]
SQL: SELECT COUNT(*) AS tp_count FROM `wjw_article_tag` WHERE `tid` = 20 LIMIT 1   [ RunTime:0.0021s ]
SQL: SHOW COLUMNS FROM `wjw_link` [ RunTime:0.0023s ]
SQL: SELECT * FROM `wjw_link` WHERE `is_delete` = 0 AND `is_show` = 1 ORDER BY sort  [ RunTime:0.0021s ]
SQL: SHOW COLUMNS FROM `wjw_article` [ RunTime:0.0024s ]
SQL: SELECT COUNT(*) AS tp_count FROM `wjw_article` WHERE `is_delete` = 0 AND `is_show` = 1 LIMIT 1   [ RunTime:0.0022s ]
SQL: SELECT * FROM `wjw_article` WHERE `is_delete` = 0 AND `is_show` = 1 ORDER BY addtime desc LIMIT 0,10   [ RunTime:0.0022s ]
SQL: SHOW COLUMNS FROM `wjw_article_tag` [ RunTime:0.0023s ]
SQL: SHOW COLUMNS FROM `wjw_article_tag` [ RunTime:0.0023s ]
SQL: SELECT * FROM `wjw_article_tag` INNER JOIN wjw_tag ON wjw_article_tag.tid=wjw_tag.tid  WHERE `aid` = '17'  [ RunTime:0.0022s ]
SQL: SHOW COLUMNS FROM `wjw_article_pic` [ RunTime:0.0023s ]
SQL: SELECT `path` FROM `wjw_article_pic` WHERE `aid` = 17 ORDER BY ap_id asc LIMIT 1   [ RunTime:0.0021s ]
SQL: SELECT `cid`,`cid`,`cname` FROM `wjw_category` WHERE `cid` = 28  [ RunTime:0.0021s ]
INFO: [ view_parse ] --START--
INFO: [ template_filter ] --START--
INFO: Run Behavior\ContentReplaceBehavior [ RunTime:0.000086s ]
INFO: [ template_filter ] --END-- [ RunTime:0.000124s ]
INFO: Run Behavior\ParseTemplateBehavior [ RunTime:0.013217s ]
INFO: [ view_parse ] --END-- [ RunTime:0.013268s ]
INFO: [ view_filter ] --START--
INFO: Run Behavior\WriteHtmlCacheBehavior [ RunTime:0.000104s ]
INFO: [ view_filter ] --END-- [ RunTime:0.000132s ]
INFO: [ app_end ] --START--
INFO: Run Behavior\ShowPageTraceBehavior [ RunTime:0.000335s ]
INFO: [ app_end ] --END-- [ RunTime:0.000371s ]

[ 2017-05-24T21:55:48+08:00 ] 140.205.201.44 
INFO: [ app_init ] --START--
INFO: Run Behavior\BuildLiteBehavior [ RunTime:0.000013s ]
INFO: [ app_init ] --END-- [ RunTime:0.000282s ]
NOTIC: [8] Undefined index: HTTP_HOST /yjdata/www/thinkwjw/Application/Common/Conf/oauth.php 第 14 行.
INFO: [ app_begin ] --START--
INFO: Run Behavior\ReadHtmlCacheBehavior [ RunTime:0.000339s ]
INFO: [ app_begin ] --END-- [ RunTime:0.000387s ]
SQL: SHOW COLUMNS FROM `wjw_article` [ RunTime:0.0029s ]
SQL: SELECT `aid`,`title` FROM `wjw_article` WHERE `is_show` = 1 AND `is_delete` = 0 AND `is_top` = 1 ORDER BY aid desc  [ RunTime:0.0025s ]
SQL: SHOW COLUMNS FROM `wjw_comment` [ RunTime:0.0027s ]
SQL: SHOW COLUMNS FROM `wjw_oauth_user` [ RunTime:0.0027s ]
SQL: SELECT `id` FROM `wjw_oauth_user` WHERE (  is_admin )  [ RunTime:0.0025s ]
SQL: SELECT c.content,c.date,a.title,a.aid,ou.nickname,ou.head_img FROM wjw_comment c INNER JOIN wjw_article a ON c.aid=a.aid INNER JOIN wjw_oauth_user ou ON c.ouid=ou.id  WHERE c.is_delete = 0 ORDER BY c.date desc LIMIT 20   [ RunTime:0.0025s ]
SQL: SHOW COLUMNS FROM `wjw_category` [ RunTime:0.0027s ]
SQL: SELECT * FROM `wjw_category` ORDER BY sort  [ RunTime:0.0024s ]
SQL: SHOW COLUMNS FROM `wjw_tag` [ RunTime:0.0026s ]
SQL: SELECT * FROM `wjw_tag`  [ RunTime:0.0024s ]
SQL: SHOW COLUMNS FROM `wjw_article_tag` [ RunTime:0.0026s ]
SQL: SELECT COUNT(*) AS tp_count FROM `wjw_article_tag` WHERE `tid` = 20 LIMIT 1   [ RunTime:0.0025s ]
SQL: SHOW COLUMNS FROM `wjw_link` [ RunTime:0.0027s ]
SQL: SELECT * FROM `wjw_link` WHERE `is_delete` = 0 AND `is_show` = 1 ORDER BY sort  [ RunTime:0.0027s ]
SQL: SHOW COLUMNS FROM `wjw_article` [ RunTime:0.0028s ]
SQL: SELECT COUNT(*) AS tp_count FROM `wjw_article` WHERE `is_delete` = 0 AND `is_show` = 1 LIMIT 1   [ RunTime:0.0025s ]
SQL: SELECT * FROM `wjw_article` WHERE `is_delete` = 0 AND `is_show` = 1 ORDER BY addtime desc LIMIT 0,10   [ RunTime:0.0025s ]
SQL: SHOW COLUMNS FROM `wjw_article_tag` [ RunTime:0.0027s ]
SQL: SHOW COLUMNS FROM `wjw_article_tag` [ RunTime:0.0027s ]
SQL: SELECT * FROM `wjw_article_tag` INNER JOIN wjw_tag ON wjw_article_tag.tid=wjw_tag.tid  WHERE `aid` = '17'  [ RunTime:0.0025s ]
SQL: SHOW COLUMNS FROM `wjw_article_pic` [ RunTime:0.0026s ]
SQL: SELECT `path` FROM `wjw_article_pic` WHERE `aid` = 17 ORDER BY ap_id asc LIMIT 1   [ RunTime:0.0025s ]
SQL: SELECT `cid`,`cid`,`cname` FROM `wjw_category` WHERE `cid` = 28  [ RunTime:0.0029s ]
INFO: [ view_parse ] --START--
INFO: [ template_filter ] --START--
INFO: Run Behavior\ContentReplaceBehavior [ RunTime:0.000085s ]
INFO: [ template_filter ] --END-- [ RunTime:0.000125s ]
INFO: Run Behavior\ParseTemplateBehavior [ RunTime:0.013616s ]
INFO: [ view_parse ] --END-- [ RunTime:0.013657s ]
INFO: [ view_filter ] --START--
INFO: Run Behavior\WriteHtmlCacheBehavior [ RunTime:0.000101s ]
INFO: [ view_filter ] --END-- [ RunTime:0.000131s ]
INFO: [ app_end ] --START--
INFO: Run Behavior\ShowPageTraceBehavior [ RunTime:0.000362s ]
INFO: [ app_end ] --END-- [ RunTime:0.000399s ]

[ 2017-05-24T21:58:55+08:00 ] 140.205.201.44 
INFO: [ app_init ] --START--
INFO: Run Behavior\BuildLiteBehavior [ RunTime:0.000011s ]
INFO: [ app_init ] --END-- [ RunTime:0.000245s ]
NOTIC: [8] Undefined index: HTTP_HOST /yjdata/www/thinkwjw/Application/Common/Conf/oauth.php 第 14 行.
INFO: [ app_begin ] --START--
INFO: Run Behavior\ReadHtmlCacheBehavior [ RunTime:0.000323s ]
INFO: [ app_begin ] --END-- [ RunTime:0.000365s ]
SQL: SHOW COLUMNS FROM `wjw_article` [ RunTime:0.0029s ]
SQL: SELECT `aid`,`title` FROM `wjw_article` WHERE `is_show` = 1 AND `is_delete` = 0 AND `is_top` = 1 ORDER BY aid desc  [ RunTime:0.0025s ]
SQL: SHOW COLUMNS FROM `wjw_comment` [ RunTime:0.0027s ]
SQL: SHOW COLUMNS FROM `wjw_oauth_user` [ RunTime:0.0027s ]
SQL: SELECT `id` FROM `wjw_oauth_user` WHERE (  is_admin )  [ RunTime:0.0025s ]
SQL: SELECT c.content,c.date,a.title,a.aid,ou.nickname,ou.head_img FROM wjw_comment c INNER JOIN wjw_article a ON c.aid=a.aid INNER JOIN wjw_oauth_user ou ON c.ouid=ou.id  WHERE c.is_delete = 0 ORDER BY c.date desc LIMIT 20   [ RunTime:0.0026s ]
SQL: SHOW COLUMNS FROM `wjw_category` [ RunTime:0.0027s ]
SQL: SELECT * FROM `wjw_category` ORDER BY sort  [ RunTime:0.0025s ]
SQL: SHOW COLUMNS FROM `wjw_tag` [ RunTime:0.0026s ]
SQL: SELECT * FROM `wjw_tag`  [ RunTime:0.0024s ]
SQL: SHOW COLUMNS FROM `wjw_article_tag` [ RunTime:0.0027s ]
SQL: SELECT COUNT(*) AS tp_count FROM `wjw_article_tag` WHERE `tid` = 20 LIMIT 1   [ RunTime:0.0025s ]
SQL: SHOW COLUMNS FROM `wjw_link` [ RunTime:0.0027s ]
SQL: SELECT * FROM `wjw_link` WHERE `is_delete` = 0 AND `is_show` = 1 ORDER BY sort  [ RunTime:0.0025s ]
SQL: SHOW COLUMNS FROM `wjw_article` [ RunTime:0.0027s ]
SQL: SELECT COUNT(*) AS tp_count FROM `wjw_article` WHERE `is_delete` = 0 AND `is_show` = 1 LIMIT 1   [ RunTime:0.0025s ]
SQL: SELECT * FROM `wjw_article` WHERE `is_delete` = 0 AND `is_show` = 1 ORDER BY addtime desc LIMIT 0,10   [ RunTime:0.0025s ]
SQL: SHOW COLUMNS FROM `wjw_article_tag` [ RunTime:0.0026s ]
SQL: SHOW COLUMNS FROM `wjw_article_tag` [ RunTime:0.0027s ]
SQL: SELECT * FROM `wjw_article_tag` INNER JOIN wjw_tag ON wjw_article_tag.tid=wjw_tag.tid  WHERE `aid` = '17'  [ RunTime:0.0025s ]
SQL: SHOW COLUMNS FROM `wjw_article_pic` [ RunTime:0.0027s ]
SQL: SELECT `path` FROM `wjw_article_pic` WHERE `aid` = 17 ORDER BY ap_id asc LIMIT 1   [ RunTime:0.0025s ]
SQL: SELECT `cid`,`cid`,`cname` FROM `wjw_category` WHERE `cid` = 28  [ RunTime:0.0025s ]
INFO: [ view_parse ] --START--
INFO: [ template_filter ] --START--
INFO: Run Behavior\ContentReplaceBehavior [ RunTime:0.000091s ]
INFO: [ template_filter ] --END-- [ RunTime:0.000130s ]
INFO: Run Behavior\ParseTemplateBehavior [ RunTime:0.013015s ]
INFO: [ view_parse ] --END-- [ RunTime:0.013055s ]
INFO: [ view_filter ] --START--
INFO: Run Behavior\WriteHtmlCacheBehavior [ RunTime:0.000101s ]
INFO: [ view_filter ] --END-- [ RunTime:0.000130s ]
INFO: [ app_end ] --START--
INFO: Run Behavior\ShowPageTraceBehavior [ RunTime:0.000368s ]
INFO: [ app_end ] --END-- [ RunTime:0.000406s ]

