[ 2018-02-02T00:05:01+08:00 ] 42.236.7.68 /
INFO: [ app_init ] --START--
INFO: Run Behavior\BuildLiteBehavior [ RunTime:0.000007s ]
INFO: [ app_init ] --END-- [ RunTime:0.000046s ]
INFO: [ app_begin ] --START--
INFO: Run Behavior\ReadHtmlCacheBehavior [ RunTime:0.000015s ]
INFO: [ app_begin ] --END-- [ RunTime:0.000028s ]
SQL: SHOW COLUMNS FROM `wjw_article` [ RunTime:0.0009s ]
SQL: SELECT `aid`,`title` FROM `wjw_article` WHERE `is_show` = 1 AND `is_delete` = 0 AND `is_top` = 1 ORDER BY aid desc  [ RunTime:0.0005s ]
SQL: SHOW COLUMNS FROM `wjw_comment` [ RunTime:0.0006s ]
SQL: SHOW COLUMNS FROM `wjw_oauth_user` [ RunTime:0.0006s ]
SQL: SELECT `id` FROM `wjw_oauth_user` WHERE (  is_admin )  [ RunTime:0.0004s ]
SQL: SELECT c.content,c.date,a.title,a.aid,ou.nickname,ou.head_img FROM wjw_comment c INNER JOIN wjw_article a ON c.aid=a.aid INNER JOIN wjw_oauth_user ou ON c.ouid=ou.id  WHERE c.is_delete = 0 ORDER BY c.date desc LIMIT 20   [ RunTime:0.0006s ]
SQL: SHOW COLUMNS FROM `wjw_category` [ RunTime:0.0006s ]
SQL: SELECT * FROM `wjw_category` ORDER BY sort  [ RunTime:0.0004s ]
SQL: SHOW COLUMNS FROM `wjw_tag` [ RunTime:0.0005s ]
SQL: SELECT * FROM `wjw_tag`  [ RunTime:0.0004s ]
SQL: SHOW COLUMNS FROM `wjw_article_tag` [ RunTime:0.0005s ]
SQL: SELECT COUNT(*) AS tp_count FROM `wjw_article_tag` WHERE `tid` = 20 LIMIT 1   [ RunTime:0.0004s ]
SQL: SELECT COUNT(*) AS tp_count FROM `wjw_article_tag` WHERE `tid` = 21 LIMIT 1   [ RunTime:0.0004s ]
SQL: SELECT COUNT(*) AS tp_count FROM `wjw_article_tag` WHERE `tid` = 22 LIMIT 1   [ RunTime:0.0004s ]
SQL: SHOW COLUMNS FROM `wjw_link` [ RunTime:0.0006s ]
SQL: SELECT * FROM `wjw_link` WHERE `is_delete` = 0 AND `is_show` = 1 ORDER BY sort  [ RunTime:0.0005s ]
SQL: SHOW COLUMNS FROM `wjw_article` [ RunTime:0.0006s ]
SQL: SELECT COUNT(*) AS tp_count FROM `wjw_article` WHERE `is_delete` = 0 AND `is_show` = 1 LIMIT 1   [ RunTime:0.0004s ]
SQL: SELECT * FROM `wjw_article` WHERE `is_delete` = 0 AND `is_show` = 1 ORDER BY addtime desc LIMIT 0,10   [ RunTime:0.0009s ]
SQL: SHOW COLUMNS FROM `wjw_article_tag` [ RunTime:0.0006s ]
SQL: SHOW COLUMNS FROM `wjw_article_tag` [ RunTime:0.0005s ]
SQL: SELECT * FROM `wjw_article_tag` INNER JOIN wjw_tag ON wjw_article_tag.tid=wjw_tag.tid  WHERE `aid` = '34'  [ RunTime:0.0005s ]
SQL: SHOW COLUMNS FROM `wjw_article_pic` [ RunTime:0.0005s ]
SQL: SELECT `path` FROM `wjw_article_pic` WHERE `aid` = 34 ORDER BY ap_id asc LIMIT 1   [ RunTime:0.0005s ]
SQL: SELECT `cid`,`cid`,`cname` FROM `wjw_category` WHERE `cid` = 29  [ RunTime:0.0005s ]
SQL: SELECT * FROM `wjw_article_tag` INNER JOIN wjw_tag ON wjw_article_tag.tid=wjw_tag.tid  WHERE `aid` = '31'  [ RunTime:0.0005s ]
SQL: SELECT `path` FROM `wjw_article_pic` WHERE `aid` = 31 ORDER BY ap_id asc LIMIT 1   [ RunTime:0.0004s ]
SQL: SELECT `cid`,`cid`,`cname` FROM `wjw_category` WHERE `cid` = 29  [ RunTime:0.0004s ]
SQL: SELECT * FROM `wjw_article_tag` INNER JOIN wjw_tag ON wjw_article_tag.tid=wjw_tag.tid  WHERE `aid` = '30'  [ RunTime:0.0005s ]
SQL: SELECT `path` FROM `wjw_article_pic` WHERE `aid` = 30 ORDER BY ap_id asc LIMIT 1   [ RunTime:0.0004s ]
SQL: SELECT `cid`,`cid`,`cname` FROM `wjw_category` WHERE `cid` = 29  [ RunTime:0.0004s ]
SQL: SELECT * FROM `wjw_article_tag` INNER JOIN wjw_tag ON wjw_article_tag.tid=wjw_tag.tid  WHERE `aid` = '28'  [ RunTime:0.0004s ]
SQL: SELECT `path` FROM `wjw_article_pic` WHERE `aid` = 28 ORDER BY ap_id asc LIMIT 1   [ RunTime:0.0005s ]
SQL: SELECT `cid`,`cid`,`cname` FROM `wjw_category` WHERE `cid` = 29  [ RunTime:0.0004s ]
SQL: SELECT * FROM `wjw_article_tag` INNER JOIN wjw_tag ON wjw_article_tag.tid=wjw_tag.tid  WHERE `aid` = '27'  [ RunTime:0.0005s ]
SQL: SELECT `path` FROM `wjw_article_pic` WHERE `aid` = 27 ORDER BY ap_id asc LIMIT 1   [ RunTime:0.0004s ]
SQL: SELECT `cid`,`cid`,`cname` FROM `wjw_category` WHERE `cid` = 29  [ RunTime:0.0004s ]
SQL: SELECT * FROM `wjw_article_tag` INNER JOIN wjw_tag ON wjw_article_tag.tid=wjw_tag.tid  WHERE `aid` = '26'  [ RunTime:0.0004s ]
SQL: SELECT `path` FROM `wjw_article_pic` WHERE `aid` = 26 ORDER BY ap_id asc LIMIT 1   [ RunTime:0.0004s ]
SQL: SELECT `cid`,`cid`,`cname` FROM `wjw_category` WHERE `cid` = 28  [ RunTime:0.0004s ]
SQL: SELECT * FROM `wjw_article_tag` INNER JOIN wjw_tag ON wjw_article_tag.tid=wjw_tag.tid  WHERE `aid` = '25'  [ RunTime:0.0004s ]
SQL: SELECT `path` FROM `wjw_article_pic` WHERE `aid` = 25 ORDER BY ap_id asc LIMIT 1   [ RunTime:0.0004s ]
SQL: SELECT `cid`,`cid`,`cname` FROM `wjw_category` WHERE `cid` = 28  [ RunTime:0.0004s ]
SQL: SELECT * FROM `wjw_article_tag` INNER JOIN wjw_tag ON wjw_article_tag.tid=wjw_tag.tid  WHERE `aid` = '24'  [ RunTime:0.0005s ]
SQL: SELECT `path` FROM `wjw_article_pic` WHERE `aid` = 24 ORDER BY ap_id asc LIMIT 1   [ RunTime:0.0004s ]
SQL: SELECT `cid`,`cid`,`cname` FROM `wjw_category` WHERE `cid` = 29  [ RunTime:0.0004s ]
SQL: SELECT * FROM `wjw_article_tag` INNER JOIN wjw_tag ON wjw_article_tag.tid=wjw_tag.tid  WHERE `aid` = '23'  [ RunTime:0.0005s ]
SQL: SELECT `path` FROM `wjw_article_pic` WHERE `aid` = 23 ORDER BY ap_id asc LIMIT 1   [ RunTime:0.0004s ]
SQL: SELECT `cid`,`cid`,`cname` FROM `wjw_category` WHERE `cid` = 29  [ RunTime:0.0004s ]
SQL: SELECT * FROM `wjw_article_tag` INNER JOIN wjw_tag ON wjw_article_tag.tid=wjw_tag.tid  WHERE `aid` = '22'  [ RunTime:0.0005s ]
SQL: SELECT `path` FROM `wjw_article_pic` WHERE `aid` = 22 ORDER BY ap_id asc LIMIT 1   [ RunTime:0.0004s ]
SQL: SELECT `cid`,`cid`,`cname` FROM `wjw_category` WHERE `cid` = 29  [ RunTime:0.0004s ]
INFO: [ view_parse ] --START--
INFO: [ template_filter ] --START--
INFO: Run Behavior\ContentReplaceBehavior [ RunTime:0.000126s ]
INFO: [ template_filter ] --END-- [ RunTime:0.000146s ]
NOTIC: [8] Use of undefined constant url - assumed 'url' /var/www/html/thinkwjw/Runtime/Cache/Home/08d30c77e78bd0ac29232fbc421b5dcd.php 第 6 行.
INFO: Run Behavior\ParseTemplateBehavior [ RunTime:0.004626s ]
INFO: [ view_parse ] --END-- [ RunTime:0.004641s ]
INFO: [ view_filter ] --START--
INFO: Run Behavior\WriteHtmlCacheBehavior [ RunTime:0.000020s ]
INFO: [ view_filter ] --END-- [ RunTime:0.000031s ]
INFO: [ app_end ] --START--
INFO: Run Behavior\ShowPageTraceBehavior [ RunTime:0.000015s ]
INFO: [ app_end ] --END-- [ RunTime:0.000026s ]

[ 2018-02-02T00:45:00+08:00 ] 42.236.7.68 /
INFO: [ app_init ] --START--
INFO: Run Behavior\BuildLiteBehavior [ RunTime:0.000007s ]
INFO: [ app_init ] --END-- [ RunTime:0.000046s ]
INFO: [ app_begin ] --START--
INFO: Run Behavior\ReadHtmlCacheBehavior [ RunTime:0.000021s ]
INFO: [ app_begin ] --END-- [ RunTime:0.000037s ]
SQL: SHOW COLUMNS FROM `wjw_article` [ RunTime:0.0009s ]
SQL: SELECT `aid`,`title` FROM `wjw_article` WHERE `is_show` = 1 AND `is_delete` = 0 AND `is_top` = 1 ORDER BY aid desc  [ RunTime:0.0006s ]
SQL: SHOW COLUMNS FROM `wjw_comment` [ RunTime:0.0006s ]
SQL: SHOW COLUMNS FROM `wjw_oauth_user` [ RunTime:0.0006s ]
SQL: SELECT `id` FROM `wjw_oauth_user` WHERE (  is_admin )  [ RunTime:0.0004s ]
SQL: SELECT c.content,c.date,a.title,a.aid,ou.nickname,ou.head_img FROM wjw_comment c INNER JOIN wjw_article a ON c.aid=a.aid INNER JOIN wjw_oauth_user ou ON c.ouid=ou.id  WHERE c.is_delete = 0 ORDER BY c.date desc LIMIT 20   [ RunTime:0.0005s ]
SQL: SHOW COLUMNS FROM `wjw_category` [ RunTime:0.0006s ]
SQL: SELECT * FROM `wjw_category` ORDER BY sort  [ RunTime:0.0005s ]
SQL: SHOW COLUMNS FROM `wjw_tag` [ RunTime:0.0005s ]
SQL: SELECT * FROM `wjw_tag`  [ RunTime:0.0004s ]
SQL: SHOW COLUMNS FROM `wjw_article_tag` [ RunTime:0.0005s ]
SQL: SELECT COUNT(*) AS tp_count FROM `wjw_article_tag` WHERE `tid` = 20 LIMIT 1   [ RunTime:0.0004s ]
SQL: SELECT COUNT(*) AS tp_count FROM `wjw_article_tag` WHERE `tid` = 21 LIMIT 1   [ RunTime:0.0004s ]
SQL: SELECT COUNT(*) AS tp_count FROM `wjw_article_tag` WHERE `tid` = 22 LIMIT 1   [ RunTime:0.0004s ]
SQL: SHOW COLUMNS FROM `wjw_link` [ RunTime:0.0005s ]
SQL: SELECT * FROM `wjw_link` WHERE `is_delete` = 0 AND `is_show` = 1 ORDER BY sort  [ RunTime:0.0004s ]
SQL: SHOW COLUMNS FROM `wjw_article` [ RunTime:0.0006s ]
SQL: SELECT COUNT(*) AS tp_count FROM `wjw_article` WHERE `is_delete` = 0 AND `is_show` = 1 LIMIT 1   [ RunTime:0.0004s ]
SQL: SELECT * FROM `wjw_article` WHERE `is_delete` = 0 AND `is_show` = 1 ORDER BY addtime desc LIMIT 0,10   [ RunTime:0.0009s ]
SQL: SHOW COLUMNS FROM `wjw_article_tag` [ RunTime:0.0005s ]
SQL: SHOW COLUMNS FROM `wjw_article_tag` [ RunTime:0.0005s ]
SQL: SELECT * FROM `wjw_article_tag` INNER JOIN wjw_tag ON wjw_article_tag.tid=wjw_tag.tid  WHERE `aid` = '34'  [ RunTime:0.0005s ]
SQL: SHOW COLUMNS FROM `wjw_article_pic` [ RunTime:0.0005s ]
SQL: SELECT `path` FROM `wjw_article_pic` WHERE `aid` = 34 ORDER BY ap_id asc LIMIT 1   [ RunTime:0.0004s ]
SQL: SELECT `cid`,`cid`,`cname` FROM `wjw_category` WHERE `cid` = 29  [ RunTime:0.0004s ]
SQL: SELECT * FROM `wjw_article_tag` INNER JOIN wjw_tag ON wjw_article_tag.tid=wjw_tag.tid  WHERE `aid` = '31'  [ RunTime:0.0004s ]
SQL: SELECT `path` FROM `wjw_article_pic` WHERE `aid` = 31 ORDER BY ap_id asc LIMIT 1   [ RunTime:0.0004s ]
SQL: SELECT `cid`,`cid`,`cname` FROM `wjw_category` WHERE `cid` = 29  [ RunTime:0.0004s ]
SQL: SELECT * FROM `wjw_article_tag` INNER JOIN wjw_tag ON wjw_article_tag.tid=wjw_tag.tid  WHERE `aid` = '30'  [ RunTime:0.0005s ]
SQL: SELECT `path` FROM `wjw_article_pic` WHERE `aid` = 30 ORDER BY ap_id asc LIMIT 1   [ RunTime:0.0004s ]
SQL: SELECT `cid`,`cid`,`cname` FROM `wjw_category` WHERE `cid` = 29  [ RunTime:0.0004s ]
SQL: SELECT * FROM `wjw_article_tag` INNER JOIN wjw_tag ON wjw_article_tag.tid=wjw_tag.tid  WHERE `aid` = '28'  [ RunTime:0.0004s ]
SQL: SELECT `path` FROM `wjw_article_pic` WHERE `aid` = 28 ORDER BY ap_id asc LIMIT 1   [ RunTime:0.0004s ]
SQL: SELECT `cid`,`cid`,`cname` FROM `wjw_category` WHERE `cid` = 29  [ RunTime:0.0004s ]
SQL: SELECT * FROM `wjw_article_tag` INNER JOIN wjw_tag ON wjw_article_tag.tid=wjw_tag.tid  WHERE `aid` = '27'  [ RunTime:0.0004s ]
SQL: SELECT `path` FROM `wjw_article_pic` WHERE `aid` = 27 ORDER BY ap_id asc LIMIT 1   [ RunTime:0.0004s ]
SQL: SELECT `cid`,`cid`,`cname` FROM `wjw_category` WHERE `cid` = 29  [ RunTime:0.0004s ]
SQL: SELECT * FROM `wjw_article_tag` INNER JOIN wjw_tag ON wjw_article_tag.tid=wjw_tag.tid  WHERE `aid` = '26'  [ RunTime:0.0004s ]
SQL: SELECT `path` FROM `wjw_article_pic` WHERE `aid` = 26 ORDER BY ap_id asc LIMIT 1   [ RunTime:0.0004s ]
SQL: SELECT `cid`,`cid`,`cname` FROM `wjw_category` WHERE `cid` = 28  [ RunTime:0.0004s ]
SQL: SELECT * FROM `wjw_article_tag` INNER JOIN wjw_tag ON wjw_article_tag.tid=wjw_tag.tid  WHERE `aid` = '25'  [ RunTime:0.0004s ]
SQL: SELECT `path` FROM `wjw_article_pic` WHERE `aid` = 25 ORDER BY ap_id asc LIMIT 1   [ RunTime:0.0004s ]
SQL: SELECT `cid`,`cid`,`cname` FROM `wjw_category` WHERE `cid` = 28  [ RunTime:0.0004s ]
SQL: SELECT * FROM `wjw_article_tag` INNER JOIN wjw_tag ON wjw_article_tag.tid=wjw_tag.tid  WHERE `aid` = '24'  [ RunTime:0.0004s ]
SQL: SELECT `path` FROM `wjw_article_pic` WHERE `aid` = 24 ORDER BY ap_id asc LIMIT 1   [ RunTime:0.0004s ]
SQL: SELECT `cid`,`cid`,`cname` FROM `wjw_category` WHERE `cid` = 29  [ RunTime:0.0004s ]
SQL: SELECT * FROM `wjw_article_tag` INNER JOIN wjw_tag ON wjw_article_tag.tid=wjw_tag.tid  WHERE `aid` = '23'  [ RunTime:0.0004s ]
SQL: SELECT `path` FROM `wjw_article_pic` WHERE `aid` = 23 ORDER BY ap_id asc LIMIT 1   [ RunTime:0.0004s ]
SQL: SELECT `cid`,`cid`,`cname` FROM `wjw_category` WHERE `cid` = 29  [ RunTime:0.0004s ]
SQL: SELECT * FROM `wjw_article_tag` INNER JOIN wjw_tag ON wjw_article_tag.tid=wjw_tag.tid  WHERE `aid` = '22'  [ RunTime:0.0004s ]
SQL: SELECT `path` FROM `wjw_article_pic` WHERE `aid` = 22 ORDER BY ap_id asc LIMIT 1   [ RunTime:0.0004s ]
SQL: SELECT `cid`,`cid`,`cname` FROM `wjw_category` WHERE `cid` = 29  [ RunTime:0.0004s ]
INFO: [ view_parse ] --START--
INFO: [ template_filter ] --START--
INFO: Run Behavior\ContentReplaceBehavior [ RunTime:0.000097s ]
INFO: [ template_filter ] --END-- [ RunTime:0.000113s ]
NOTIC: [8] Use of undefined constant url - assumed 'url' /var/www/html/thinkwjw/Runtime/Cache/Home/08d30c77e78bd0ac29232fbc421b5dcd.php 第 6 行.
INFO: Run Behavior\ParseTemplateBehavior [ RunTime:0.004710s ]
INFO: [ view_parse ] --END-- [ RunTime:0.004726s ]
INFO: [ view_filter ] --START--
INFO: Run Behavior\WriteHtmlCacheBehavior [ RunTime:0.000021s ]
INFO: [ view_filter ] --END-- [ RunTime:0.000032s ]
INFO: [ app_end ] --START--
INFO: Run Behavior\ShowPageTraceBehavior [ RunTime:0.000016s ]
INFO: [ app_end ] --END-- [ RunTime:0.000038s ]

[ 2018-02-02T00:49:38+08:00 ] 47.93.180.168 /
INFO: [ app_init ] --START--
INFO: Run Behavior\BuildLiteBehavior [ RunTime:0.000007s ]
INFO: [ app_init ] --END-- [ RunTime:0.000062s ]
NOTIC: [8] Undefined index: HTTP_HOST /var/www/html/thinkwjw/Application/Common/Conf/oauth.php 第 14 行.
INFO: [ app_begin ] --START--
INFO: Run Behavior\ReadHtmlCacheBehavior [ RunTime:0.000017s ]
INFO: [ app_begin ] --END-- [ RunTime:0.000031s ]
SQL: SHOW COLUMNS FROM `wjw_article` [ RunTime:0.0008s ]
SQL: SELECT `aid`,`title` FROM `wjw_article` WHERE `is_show` = 1 AND `is_delete` = 0 AND `is_top` = 1 ORDER BY aid desc  [ RunTime:0.0005s ]
SQL: SHOW COLUMNS FROM `wjw_comment` [ RunTime:0.0006s ]
SQL: SHOW COLUMNS FROM `wjw_oauth_user` [ RunTime:0.0006s ]
SQL: SELECT `id` FROM `wjw_oauth_user` WHERE (  is_admin )  [ RunTime:0.0004s ]
SQL: SELECT c.content,c.date,a.title,a.aid,ou.nickname,ou.head_img FROM wjw_comment c INNER JOIN wjw_article a ON c.aid=a.aid INNER JOIN wjw_oauth_user ou ON c.ouid=ou.id  WHERE c.is_delete = 0 ORDER BY c.date desc LIMIT 20   [ RunTime:0.0005s ]
SQL: SHOW COLUMNS FROM `wjw_category` [ RunTime:0.0005s ]
SQL: SELECT * FROM `wjw_category` ORDER BY sort  [ RunTime:0.0004s ]
SQL: SHOW COLUMNS FROM `wjw_tag` [ RunTime:0.0005s ]
SQL: SELECT * FROM `wjw_tag`  [ RunTime:0.0004s ]
SQL: SHOW COLUMNS FROM `wjw_article_tag` [ RunTime:0.0005s ]
SQL: SELECT COUNT(*) AS tp_count FROM `wjw_article_tag` WHERE `tid` = 20 LIMIT 1   [ RunTime:0.0004s ]
SQL: SELECT COUNT(*) AS tp_count FROM `wjw_article_tag` WHERE `tid` = 21 LIMIT 1   [ RunTime:0.0004s ]
SQL: SELECT COUNT(*) AS tp_count FROM `wjw_article_tag` WHERE `tid` = 22 LIMIT 1   [ RunTime:0.0004s ]
SQL: SHOW COLUMNS FROM `wjw_link` [ RunTime:0.0005s ]
SQL: SELECT * FROM `wjw_link` WHERE `is_delete` = 0 AND `is_show` = 1 ORDER BY sort  [ RunTime:0.0005s ]
SQL: SHOW COLUMNS FROM `wjw_article` [ RunTime:0.0006s ]
SQL: SELECT COUNT(*) AS tp_count FROM `wjw_article` WHERE `is_delete` = 0 AND `is_show` = 1 LIMIT 1   [ RunTime:0.0004s ]
SQL: SELECT * FROM `wjw_article` WHERE `is_delete` = 0 AND `is_show` = 1 ORDER BY addtime desc LIMIT 0,10   [ RunTime:0.0009s ]
SQL: SHOW COLUMNS FROM `wjw_article_tag` [ RunTime:0.0005s ]
SQL: SHOW COLUMNS FROM `wjw_article_tag` [ RunTime:0.0005s ]
SQL: SELECT * FROM `wjw_article_tag` INNER JOIN wjw_tag ON wjw_article_tag.tid=wjw_tag.tid  WHERE `aid` = '34'  [ RunTime:0.0005s ]
SQL: SHOW COLUMNS FROM `wjw_article_pic` [ RunTime:0.0005s ]
SQL: SELECT `path` FROM `wjw_article_pic` WHERE `aid` = 34 ORDER BY ap_id asc LIMIT 1   [ RunTime:0.0004s ]
SQL: SELECT `cid`,`cid`,`cname` FROM `wjw_category` WHERE `cid` = 29  [ RunTime:0.0004s ]
SQL: SELECT * FROM `wjw_article_tag` INNER JOIN wjw_tag ON wjw_article_tag.tid=wjw_tag.tid  WHERE `aid` = '31'  [ RunTime:0.0004s ]
SQL: SELECT `path` FROM `wjw_article_pic` WHERE `aid` = 31 ORDER BY ap_id asc LIMIT 1   [ RunTime:0.0004s ]
SQL: SELECT `cid`,`cid`,`cname` FROM `wjw_category` WHERE `cid` = 29  [ RunTime:0.0004s ]
SQL: SELECT * FROM `wjw_article_tag` INNER JOIN wjw_tag ON wjw_article_tag.tid=wjw_tag.tid  WHERE `aid` = '30'  [ RunTime:0.0004s ]
SQL: SELECT `path` FROM `wjw_article_pic` WHERE `aid` = 30 ORDER BY ap_id asc LIMIT 1   [ RunTime:0.0004s ]
SQL: SELECT `cid`,`cid`,`cname` FROM `wjw_category` WHERE `cid` = 29  [ RunTime:0.0004s ]
SQL: SELECT * FROM `wjw_article_tag` INNER JOIN wjw_tag ON wjw_article_tag.tid=wjw_tag.tid  WHERE `aid` = '28'  [ RunTime:0.0004s ]
SQL: SELECT `path` FROM `wjw_article_pic` WHERE `aid` = 28 ORDER BY ap_id asc LIMIT 1   [ RunTime:0.0004s ]
SQL: SELECT `cid`,`cid`,`cname` FROM `wjw_category` WHERE `cid` = 29  [ RunTime:0.0004s ]
SQL: SELECT * FROM `wjw_article_tag` INNER JOIN wjw_tag ON wjw_article_tag.tid=wjw_tag.tid  WHERE `aid` = '27'  [ RunTime:0.0004s ]
SQL: SELECT `path` FROM `wjw_article_pic` WHERE `aid` = 27 ORDER BY ap_id asc LIMIT 1   [ RunTime:0.0004s ]
SQL: SELECT `cid`,`cid`,`cname` FROM `wjw_category` WHERE `cid` = 29  [ RunTime:0.0004s ]
SQL: SELECT * FROM `wjw_article_tag` INNER JOIN wjw_tag ON wjw_article_tag.tid=wjw_tag.tid  WHERE `aid` = '26'  [ RunTime:0.0004s ]
SQL: SELECT `path` FROM `wjw_article_pic` WHERE `aid` = 26 ORDER BY ap_id asc LIMIT 1   [ RunTime:0.0004s ]
SQL: SELECT `cid`,`cid`,`cname` FROM `wjw_category` WHERE `cid` = 28  [ RunTime:0.0004s ]
SQL: SELECT * FROM `wjw_article_tag` INNER JOIN wjw_tag ON wjw_article_tag.tid=wjw_tag.tid  WHERE `aid` = '25'  [ RunTime:0.0005s ]
SQL: SELECT `path` FROM `wjw_article_pic` WHERE `aid` = 25 ORDER BY ap_id asc LIMIT 1   [ RunTime:0.0004s ]
SQL: SELECT `cid`,`cid`,`cname` FROM `wjw_category` WHERE `cid` = 28  [ RunTime:0.0004s ]
SQL: SELECT * FROM `wjw_article_tag` INNER JOIN wjw_tag ON wjw_article_tag.tid=wjw_tag.tid  WHERE `aid` = '24'  [ RunTime:0.0004s ]
SQL: SELECT `path` FROM `wjw_article_pic` WHERE `aid` = 24 ORDER BY ap_id asc LIMIT 1   [ RunTime:0.0004s ]
SQL: SELECT `cid`,`cid`,`cname` FROM `wjw_category` WHERE `cid` = 29  [ RunTime:0.0004s ]
SQL: SELECT * FROM `wjw_article_tag` INNER JOIN wjw_tag ON wjw_article_tag.tid=wjw_tag.tid  WHERE `aid` = '23'  [ RunTime:0.0005s ]
SQL: SELECT `path` FROM `wjw_article_pic` WHERE `aid` = 23 ORDER BY ap_id asc LIMIT 1   [ RunTime:0.0004s ]
SQL: SELECT `cid`,`cid`,`cname` FROM `wjw_category` WHERE `cid` = 29  [ RunTime:0.0004s ]
SQL: SELECT * FROM `wjw_article_tag` INNER JOIN wjw_tag ON wjw_article_tag.tid=wjw_tag.tid  WHERE `aid` = '22'  [ RunTime:0.0005s ]
SQL: SELECT `path` FROM `wjw_article_pic` WHERE `aid` = 22 ORDER BY ap_id asc LIMIT 1   [ RunTime:0.0004s ]
SQL: SELECT `cid`,`cid`,`cname` FROM `wjw_category` WHERE `cid` = 29  [ RunTime:0.0004s ]
INFO: [ view_parse ] --START--
INFO: [ template_filter ] --START--
INFO: Run Behavior\ContentReplaceBehavior [ RunTime:0.000096s ]
INFO: [ template_filter ] --END-- [ RunTime:0.000113s ]
NOTIC: [8] Use of undefined constant url - assumed 'url' /var/www/html/thinkwjw/Runtime/Cache/Home/08d30c77e78bd0ac29232fbc421b5dcd.php 第 6 行.
INFO: Run Behavior\ParseTemplateBehavior [ RunTime:0.004723s ]
INFO: [ view_parse ] --END-- [ RunTime:0.004739s ]
INFO: [ view_filter ] --START--
INFO: Run Behavior\WriteHtmlCacheBehavior [ RunTime:0.000022s ]
INFO: [ view_filter ] --END-- [ RunTime:0.000032s ]
INFO: [ app_end ] --START--
INFO: Run Behavior\ShowPageTraceBehavior [ RunTime:0.000022s ]
INFO: [ app_end ] --END-- [ RunTime:0.000037s ]

[ 2018-02-02T00:55:05+08:00 ] 42.236.7.68 /
INFO: [ app_init ] --START--
INFO: Run Behavior\BuildLiteBehavior [ RunTime:0.000007s ]
INFO: [ app_init ] --END-- [ RunTime:0.000042s ]
INFO: [ app_begin ] --START--
INFO: Run Behavior\ReadHtmlCacheBehavior [ RunTime:0.000015s ]
INFO: [ app_begin ] --END-- [ RunTime:0.000028s ]
SQL: SHOW COLUMNS FROM `wjw_article` [ RunTime:0.0009s ]
SQL: SELECT `aid`,`title` FROM `wjw_article` WHERE `is_show` = 1 AND `is_delete` = 0 AND `is_top` = 1 ORDER BY aid desc  [ RunTime:0.0005s ]
SQL: SHOW COLUMNS FROM `wjw_comment` [ RunTime:0.0006s ]
SQL: SHOW COLUMNS FROM `wjw_oauth_user` [ RunTime:0.0006s ]
SQL: SELECT `id` FROM `wjw_oauth_user` WHERE (  is_admin )  [ RunTime:0.0004s ]
SQL: SELECT c.content,c.date,a.title,a.aid,ou.nickname,ou.head_img FROM wjw_comment c INNER JOIN wjw_article a ON c.aid=a.aid INNER JOIN wjw_oauth_user ou ON c.ouid=ou.id  WHERE c.is_delete = 0 ORDER BY c.date desc LIMIT 20   [ RunTime:0.0006s ]
SQL: SHOW COLUMNS FROM `wjw_category` [ RunTime:0.0006s ]
SQL: SELECT * FROM `wjw_category` ORDER BY sort  [ RunTime:0.0004s ]
SQL: SHOW COLUMNS FROM `wjw_tag` [ RunTime:0.0005s ]
SQL: SELECT * FROM `wjw_tag`  [ RunTime:0.0004s ]
SQL: SHOW COLUMNS FROM `wjw_article_tag` [ RunTime:0.0005s ]
SQL: SELECT COUNT(*) AS tp_count FROM `wjw_article_tag` WHERE `tid` = 20 LIMIT 1   [ RunTime:0.0004s ]
SQL: SELECT COUNT(*) AS tp_count FROM `wjw_article_tag` WHERE `tid` = 21 LIMIT 1   [ RunTime:0.0004s ]
SQL: SELECT COUNT(*) AS tp_count FROM `wjw_article_tag` WHERE `tid` = 22 LIMIT 1   [ RunTime:0.0004s ]
SQL: SHOW COLUMNS FROM `wjw_link` [ RunTime:0.0005s ]
SQL: SELECT * FROM `wjw_link` WHERE `is_delete` = 0 AND `is_show` = 1 ORDER BY sort  [ RunTime:0.0004s ]
SQL: SHOW COLUMNS FROM `wjw_article` [ RunTime:0.0006s ]
SQL: SELECT COUNT(*) AS tp_count FROM `wjw_article` WHERE `is_delete` = 0 AND `is_show` = 1 LIMIT 1   [ RunTime:0.0005s ]
SQL: SELECT * FROM `wjw_article` WHERE `is_delete` = 0 AND `is_show` = 1 ORDER BY addtime desc LIMIT 0,10   [ RunTime:0.0009s ]
SQL: SHOW COLUMNS FROM `wjw_article_tag` [ RunTime:0.0005s ]
SQL: SHOW COLUMNS FROM `wjw_article_tag` [ RunTime:0.0005s ]
SQL: SELECT * FROM `wjw_article_tag` INNER JOIN wjw_tag ON wjw_article_tag.tid=wjw_tag.tid  WHERE `aid` = '34'  [ RunTime:0.0005s ]
SQL: SHOW COLUMNS FROM `wjw_article_pic` [ RunTime:0.0005s ]
SQL: SELECT `path` FROM `wjw_article_pic` WHERE `aid` = 34 ORDER BY ap_id asc LIMIT 1   [ RunTime:0.0005s ]
SQL: SELECT `cid`,`cid`,`cname` FROM `wjw_category` WHERE `cid` = 29  [ RunTime:0.0004s ]
SQL: SELECT * FROM `wjw_article_tag` INNER JOIN wjw_tag ON wjw_article_tag.tid=wjw_tag.tid  WHERE `aid` = '31'  [ RunTime:0.0005s ]
SQL: SELECT `path` FROM `wjw_article_pic` WHERE `aid` = 31 ORDER BY ap_id asc LIMIT 1   [ RunTime:0.0004s ]
SQL: SELECT `cid`,`cid`,`cname` FROM `wjw_category` WHERE `cid` = 29  [ RunTime:0.0004s ]
SQL: SELECT * FROM `wjw_article_tag` INNER JOIN wjw_tag ON wjw_article_tag.tid=wjw_tag.tid  WHERE `aid` = '30'  [ RunTime:0.0004s ]
SQL: SELECT `path` FROM `wjw_article_pic` WHERE `aid` = 30 ORDER BY ap_id asc LIMIT 1   [ RunTime:0.0004s ]
SQL: SELECT `cid`,`cid`,`cname` FROM `wjw_category` WHERE `cid` = 29  [ RunTime:0.0004s ]
SQL: SELECT * FROM `wjw_article_tag` INNER JOIN wjw_tag ON wjw_article_tag.tid=wjw_tag.tid  WHERE `aid` = '28'  [ RunTime:0.0005s ]
SQL: SELECT `path` FROM `wjw_article_pic` WHERE `aid` = 28 ORDER BY ap_id asc LIMIT 1   [ RunTime:0.0004s ]
SQL: SELECT `cid`,`cid`,`cname` FROM `wjw_category` WHERE `cid` = 29  [ RunTime:0.0004s ]
SQL: SELECT * FROM `wjw_article_tag` INNER JOIN wjw_tag ON wjw_article_tag.tid=wjw_tag.tid  WHERE `aid` = '27'  [ RunTime:0.0004s ]
SQL: SELECT `path` FROM `wjw_article_pic` WHERE `aid` = 27 ORDER BY ap_id asc LIMIT 1   [ RunTime:0.0004s ]
SQL: SELECT `cid`,`cid`,`cname` FROM `wjw_category` WHERE `cid` = 29  [ RunTime:0.0004s ]
SQL: SELECT * FROM `wjw_article_tag` INNER JOIN wjw_tag ON wjw_article_tag.tid=wjw_tag.tid  WHERE `aid` = '26'  [ RunTime:0.0005s ]
SQL: SELECT `path` FROM `wjw_article_pic` WHERE `aid` = 26 ORDER BY ap_id asc LIMIT 1   [ RunTime:0.0004s ]
SQL: SELECT `cid`,`cid`,`cname` FROM `wjw_category` WHERE `cid` = 28  [ RunTime:0.0004s ]
SQL: SELECT * FROM `wjw_article_tag` INNER JOIN wjw_tag ON wjw_article_tag.tid=wjw_tag.tid  WHERE `aid` = '25'  [ RunTime:0.0004s ]
SQL: SELECT `path` FROM `wjw_article_pic` WHERE `aid` = 25 ORDER BY ap_id asc LIMIT 1   [ RunTime:0.0004s ]
SQL: SELECT `cid`,`cid`,`cname` FROM `wjw_category` WHERE `cid` = 28  [ RunTime:0.0004s ]
SQL: SELECT * FROM `wjw_article_tag` INNER JOIN wjw_tag ON wjw_article_tag.tid=wjw_tag.tid  WHERE `aid` = '24'  [ RunTime:0.0004s ]
SQL: SELECT `path` FROM `wjw_article_pic` WHERE `aid` = 24 ORDER BY ap_id asc LIMIT 1   [ RunTime:0.0004s ]
SQL: SELECT `cid`,`cid`,`cname` FROM `wjw_category` WHERE `cid` = 29  [ RunTime:0.0004s ]
SQL: SELECT * FROM `wjw_article_tag` INNER JOIN wjw_tag ON wjw_article_tag.tid=wjw_tag.tid  WHERE `aid` = '23'  [ RunTime:0.0004s ]
SQL: SELECT `path` FROM `wjw_article_pic` WHERE `aid` = 23 ORDER BY ap_id asc LIMIT 1   [ RunTime:0.0004s ]
SQL: SELECT `cid`,`cid`,`cname` FROM `wjw_category` WHERE `cid` = 29  [ RunTime:0.0004s ]
SQL: SELECT * FROM `wjw_article_tag` INNER JOIN wjw_tag ON wjw_article_tag.tid=wjw_tag.tid  WHERE `aid` = '22'  [ RunTime:0.0004s ]
SQL: SELECT `path` FROM `wjw_article_pic` WHERE `aid` = 22 ORDER BY ap_id asc LIMIT 1   [ RunTime:0.0004s ]
SQL: SELECT `cid`,`cid`,`cname` FROM `wjw_category` WHERE `cid` = 29  [ RunTime:0.0004s ]
INFO: [ view_parse ] --START--
INFO: [ template_filter ] --START--
INFO: Run Behavior\ContentReplaceBehavior [ RunTime:0.000098s ]
INFO: [ template_filter ] --END-- [ RunTime:0.000114s ]
NOTIC: [8] Use of undefined constant url - assumed 'url' /var/www/html/thinkwjw/Runtime/Cache/Home/08d30c77e78bd0ac29232fbc421b5dcd.php 第 6 行.
INFO: Run Behavior\ParseTemplateBehavior [ RunTime:0.004714s ]
INFO: [ view_parse ] --END-- [ RunTime:0.004731s ]
INFO: [ view_filter ] --START--
INFO: Run Behavior\WriteHtmlCacheBehavior [ RunTime:0.000021s ]
INFO: [ view_filter ] --END-- [ RunTime:0.000032s ]
INFO: [ app_end ] --START--
INFO: Run Behavior\ShowPageTraceBehavior [ RunTime:0.000025s ]
INFO: [ app_end ] --END-- [ RunTime:0.000037s ]

[ 2018-02-02T01:05:39+08:00 ] 220.181.108.143 /
INFO: [ app_init ] --START--
INFO: Run Behavior\BuildLiteBehavior [ RunTime:0.000007s ]
INFO: [ app_init ] --END-- [ RunTime:0.000047s ]
INFO: [ app_begin ] --START--
INFO: Run Behavior\ReadHtmlCacheBehavior [ RunTime:0.000020s ]
INFO: [ app_begin ] --END-- [ RunTime:0.000036s ]
SQL: SHOW COLUMNS FROM `wjw_article` [ RunTime:0.0008s ]
SQL: SELECT `aid`,`title` FROM `wjw_article` WHERE `is_show` = 1 AND `is_delete` = 0 AND `is_top` = 1 ORDER BY aid desc  [ RunTime:0.0005s ]
SQL: SHOW COLUMNS FROM `wjw_comment` [ RunTime:0.0006s ]
SQL: SHOW COLUMNS FROM `wjw_oauth_user` [ RunTime:0.0006s ]
SQL: SELECT `id` FROM `wjw_oauth_user` WHERE (  is_admin )  [ RunTime:0.0004s ]
SQL: SELECT c.content,c.date,a.title,a.aid,ou.nickname,ou.head_img FROM wjw_comment c INNER JOIN wjw_article a ON c.aid=a.aid INNER JOIN wjw_oauth_user ou ON c.ouid=ou.id  WHERE c.is_delete = 0 ORDER BY c.date desc LIMIT 20   [ RunTime:0.0006s ]
SQL: SHOW COLUMNS FROM `wjw_category` [ RunTime:0.0005s ]
SQL: SELECT * FROM `wjw_category` ORDER BY sort  [ RunTime:0.0004s ]
SQL: SHOW COLUMNS FROM `wjw_tag` [ RunTime:0.0005s ]
SQL: SELECT * FROM `wjw_tag`  [ RunTime:0.0004s ]
SQL: SHOW COLUMNS FROM `wjw_article_tag` [ RunTime:0.0005s ]
SQL: SELECT COUNT(*) AS tp_count FROM `wjw_article_tag` WHERE `tid` = 20 LIMIT 1   [ RunTime:0.0004s ]
SQL: SELECT COUNT(*) AS tp_count FROM `wjw_article_tag` WHERE `tid` = 21 LIMIT 1   [ RunTime:0.0004s ]
SQL: SELECT COUNT(*) AS tp_count FROM `wjw_article_tag` WHERE `tid` = 22 LIMIT 1   [ RunTime:0.0004s ]
SQL: SHOW COLUMNS FROM `wjw_link` [ RunTime:0.0005s ]
SQL: SELECT * FROM `wjw_link` WHERE `is_delete` = 0 AND `is_show` = 1 ORDER BY sort  [ RunTime:0.0004s ]
SQL: SHOW COLUMNS FROM `wjw_article` [ RunTime:0.0006s ]
SQL: SELECT COUNT(*) AS tp_count FROM `wjw_article` WHERE `is_delete` = 0 AND `is_show` = 1 LIMIT 1   [ RunTime:0.0005s ]
SQL: SELECT * FROM `wjw_article` WHERE `is_delete` = 0 AND `is_show` = 1 ORDER BY addtime desc LIMIT 0,10   [ RunTime:0.0009s ]
SQL: SHOW COLUMNS FROM `wjw_article_tag` [ RunTime:0.0005s ]
SQL: SHOW COLUMNS FROM `wjw_article_tag` [ RunTime:0.0005s ]
SQL: SELECT * FROM `wjw_article_tag` INNER JOIN wjw_tag ON wjw_article_tag.tid=wjw_tag.tid  WHERE `aid` = '34'  [ RunTime:0.0005s ]
SQL: SHOW COLUMNS FROM `wjw_article_pic` [ RunTime:0.0005s ]
SQL: SELECT `path` FROM `wjw_article_pic` WHERE `aid` = 34 ORDER BY ap_id asc LIMIT 1   [ RunTime:0.0004s ]
SQL: SELECT `cid`,`cid`,`cname` FROM `wjw_category` WHERE `cid` = 29  [ RunTime:0.0004s ]
SQL: SELECT * FROM `wjw_article_tag` INNER JOIN wjw_tag ON wjw_article_tag.tid=wjw_tag.tid  WHERE `aid` = '31'  [ RunTime:0.0004s ]
SQL: SELECT `path` FROM `wjw_article_pic` WHERE `aid` = 31 ORDER BY ap_id asc LIMIT 1   [ RunTime:0.0004s ]
SQL: SELECT `cid`,`cid`,`cname` FROM `wjw_category` WHERE `cid` = 29  [ RunTime:0.0004s ]
SQL: SELECT * FROM `wjw_article_tag` INNER JOIN wjw_tag ON wjw_article_tag.tid=wjw_tag.tid  WHERE `aid` = '30'  [ RunTime:0.0004s ]
SQL: SELECT `path` FROM `wjw_article_pic` WHERE `aid` = 30 ORDER BY ap_id asc LIMIT 1   [ RunTime:0.0004s ]
SQL: SELECT `cid`,`cid`,`cname` FROM `wjw_category` WHERE `cid` = 29  [ RunTime:0.0004s ]
SQL: SELECT * FROM `wjw_article_tag` INNER JOIN wjw_tag ON wjw_article_tag.tid=wjw_tag.tid  WHERE `aid` = '28'  [ RunTime:0.0005s ]
SQL: SELECT `path` FROM `wjw_article_pic` WHERE `aid` = 28 ORDER BY ap_id asc LIMIT 1   [ RunTime:0.0004s ]
SQL: SELECT `cid`,`cid`,`cname` FROM `wjw_category` WHERE `cid` = 29  [ RunTime:0.0004s ]
SQL: SELECT * FROM `wjw_article_tag` INNER JOIN wjw_tag ON wjw_article_tag.tid=wjw_tag.tid  WHERE `aid` = '27'  [ RunTime:0.0004s ]
SQL: SELECT `path` FROM `wjw_article_pic` WHERE `aid` = 27 ORDER BY ap_id asc LIMIT 1   [ RunTime:0.0004s ]
SQL: SELECT `cid`,`cid`,`cname` FROM `wjw_category` WHERE `cid` = 29  [ RunTime:0.0004s ]
SQL: SELECT * FROM `wjw_article_tag` INNER JOIN wjw_tag ON wjw_article_tag.tid=wjw_tag.tid  WHERE `aid` = '26'  [ RunTime:0.0004s ]
SQL: SELECT `path` FROM `wjw_article_pic` WHERE `aid` = 26 ORDER BY ap_id asc LIMIT 1   [ RunTime:0.0004s ]
SQL: SELECT `cid`,`cid`,`cname` FROM `wjw_category` WHERE `cid` = 28  [ RunTime:0.0004s ]
SQL: SELECT * FROM `wjw_article_tag` INNER JOIN wjw_tag ON wjw_article_tag.tid=wjw_tag.tid  WHERE `aid` = '25'  [ RunTime:0.0004s ]
SQL: SELECT `path` FROM `wjw_article_pic` WHERE `aid` = 25 ORDER BY ap_id asc LIMIT 1   [ RunTime:0.0004s ]
SQL: SELECT `cid`,`cid`,`cname` FROM `wjw_category` WHERE `cid` = 28  [ RunTime:0.0004s ]
SQL: SELECT * FROM `wjw_article_tag` INNER JOIN wjw_tag ON wjw_article_tag.tid=wjw_tag.tid  WHERE `aid` = '24'  [ RunTime:0.0004s ]
SQL: SELECT `path` FROM `wjw_article_pic` WHERE `aid` = 24 ORDER BY ap_id asc LIMIT 1   [ RunTime:0.0004s ]
SQL: SELECT `cid`,`cid`,`cname` FROM `wjw_category` WHERE `cid` = 29  [ RunTime:0.0004s ]
SQL: SELECT * FROM `wjw_article_tag` INNER JOIN wjw_tag ON wjw_article_tag.tid=wjw_tag.tid  WHERE `aid` = '23'  [ RunTime:0.0004s ]
SQL: SELECT `path` FROM `wjw_article_pic` WHERE `aid` = 23 ORDER BY ap_id asc LIMIT 1   [ RunTime:0.0004s ]
SQL: SELECT `cid`,`cid`,`cname` FROM `wjw_category` WHERE `cid` = 29  [ RunTime:0.0004s ]
SQL: SELECT * FROM `wjw_article_tag` INNER JOIN wjw_tag ON wjw_article_tag.tid=wjw_tag.tid  WHERE `aid` = '22'  [ RunTime:0.0004s ]
SQL: SELECT `path` FROM `wjw_article_pic` WHERE `aid` = 22 ORDER BY ap_id asc LIMIT 1   [ RunTime:0.0004s ]
SQL: SELECT `cid`,`cid`,`cname` FROM `wjw_category` WHERE `cid` = 29  [ RunTime:0.0004s ]
INFO: [ view_parse ] --START--
INFO: [ template_filter ] --START--
INFO: Run Behavior\ContentReplaceBehavior [ RunTime:0.000097s ]
INFO: [ template_filter ] --END-- [ RunTime:0.000115s ]
NOTIC: [8] Use of undefined constant url - assumed 'url' /var/www/html/thinkwjw/Runtime/Cache/Home/08d30c77e78bd0ac29232fbc421b5dcd.php 第 6 行.
INFO: Run Behavior\ParseTemplateBehavior [ RunTime:0.004716s ]
INFO: [ view_parse ] --END-- [ RunTime:0.004732s ]
INFO: [ view_filter ] --START--
INFO: Run Behavior\WriteHtmlCacheBehavior [ RunTime:0.000021s ]
INFO: [ view_filter ] --END-- [ RunTime:0.000031s ]
INFO: [ app_end ] --START--
INFO: Run Behavior\ShowPageTraceBehavior [ RunTime:0.000022s ]
INFO: [ app_end ] --END-- [ RunTime:0.000038s ]

[ 2018-02-02T02:31:35+08:00 ] 95.213.177.126 http://check.proxyradar.com/azenv.php?auth=151750989595&a=PSCMN&i=794355605&p=80
INFO: [ app_init ] --START--
INFO: Run Behavior\BuildLiteBehavior [ RunTime:0.000008s ]
INFO: [ app_init ] --END-- [ RunTime:0.000047s ]
INFO: [ app_begin ] --START--
INFO: Run Behavior\ReadHtmlCacheBehavior [ RunTime:0.000018s ]
INFO: [ app_begin ] --END-- [ RunTime:0.000034s ]
ERR: 无法加载控制器:Azenv

[ 2018-02-02T02:35:02+08:00 ] 42.236.7.68 /
INFO: [ app_init ] --START--
INFO: Run Behavior\BuildLiteBehavior [ RunTime:0.000007s ]
INFO: [ app_init ] --END-- [ RunTime:0.000044s ]
INFO: [ app_begin ] --START--
INFO: Run Behavior\ReadHtmlCacheBehavior [ RunTime:0.000016s ]
INFO: [ app_begin ] --END-- [ RunTime:0.000028s ]
SQL: SHOW COLUMNS FROM `wjw_article` [ RunTime:0.0008s ]
SQL: SELECT `aid`,`title` FROM `wjw_article` WHERE `is_show` = 1 AND `is_delete` = 0 AND `is_top` = 1 ORDER BY aid desc  [ RunTime:0.0005s ]
SQL: SHOW COLUMNS FROM `wjw_comment` [ RunTime:0.0006s ]
SQL: SHOW COLUMNS FROM `wjw_oauth_user` [ RunTime:0.0006s ]
SQL: SELECT `id` FROM `wjw_oauth_user` WHERE (  is_admin )  [ RunTime:0.0004s ]
SQL: SELECT c.content,c.date,a.title,a.aid,ou.nickname,ou.head_img FROM wjw_comment c INNER JOIN wjw_article a ON c.aid=a.aid INNER JOIN wjw_oauth_user ou ON c.ouid=ou.id  WHERE c.is_delete = 0 ORDER BY c.date desc LIMIT 20   [ RunTime:0.0005s ]
SQL: SHOW COLUMNS FROM `wjw_category` [ RunTime:0.0005s ]
SQL: SELECT * FROM `wjw_category` ORDER BY sort  [ RunTime:0.0004s ]
SQL: SHOW COLUMNS FROM `wjw_tag` [ RunTime:0.0005s ]
SQL: SELECT * FROM `wjw_tag`  [ RunTime:0.0004s ]
SQL: SHOW COLUMNS FROM `wjw_article_tag` [ RunTime:0.0005s ]
SQL: SELECT COUNT(*) AS tp_count FROM `wjw_article_tag` WHERE `tid` = 20 LIMIT 1   [ RunTime:0.0004s ]
SQL: SELECT COUNT(*) AS tp_count FROM `wjw_article_tag` WHERE `tid` = 21 LIMIT 1   [ RunTime:0.0004s ]
SQL: SELECT COUNT(*) AS tp_count FROM `wjw_article_tag` WHERE `tid` = 22 LIMIT 1   [ RunTime:0.0004s ]
SQL: SHOW COLUMNS FROM `wjw_link` [ RunTime:0.0005s ]
SQL: SELECT * FROM `wjw_link` WHERE `is_delete` = 0 AND `is_show` = 1 ORDER BY sort  [ RunTime:0.0004s ]
SQL: SHOW COLUMNS FROM `wjw_article` [ RunTime:0.0006s ]
SQL: SELECT COUNT(*) AS tp_count FROM `wjw_article` WHERE `is_delete` = 0 AND `is_show` = 1 LIMIT 1   [ RunTime:0.0004s ]
SQL: SELECT * FROM `wjw_article` WHERE `is_delete` = 0 AND `is_show` = 1 ORDER BY addtime desc LIMIT 0,10   [ RunTime:0.0009s ]
SQL: SHOW COLUMNS FROM `wjw_article_tag` [ RunTime:0.0005s ]
SQL: SHOW COLUMNS FROM `wjw_article_tag` [ RunTime:0.0005s ]
SQL: SELECT * FROM `wjw_article_tag` INNER JOIN wjw_tag ON wjw_article_tag.tid=wjw_tag.tid  WHERE `aid` = '34'  [ RunTime:0.0004s ]
SQL: SHOW COLUMNS FROM `wjw_article_pic` [ RunTime:0.0005s ]
SQL: SELECT `path` FROM `wjw_article_pic` WHERE `aid` = 34 ORDER BY ap_id asc LIMIT 1   [ RunTime:0.0004s ]
SQL: SELECT `cid`,`cid`,`cname` FROM `wjw_category` WHERE `cid` = 29  [ RunTime:0.0004s ]
SQL: SELECT * FROM `wjw_article_tag` INNER JOIN wjw_tag ON wjw_article_tag.tid=wjw_tag.tid  WHERE `aid` = '31'  [ RunTime:0.0004s ]
SQL: SELECT `path` FROM `wjw_article_pic` WHERE `aid` = 31 ORDER BY ap_id asc LIMIT 1   [ RunTime:0.0004s ]
SQL: SELECT `cid`,`cid`,`cname` FROM `wjw_category` WHERE `cid` = 29  [ RunTime:0.0004s ]
SQL: SELECT * FROM `wjw_article_tag` INNER JOIN wjw_tag ON wjw_article_tag.tid=wjw_tag.tid  WHERE `aid` = '30'  [ RunTime:0.0004s ]
SQL: SELECT `path` FROM `wjw_article_pic` WHERE `aid` = 30 ORDER BY ap_id asc LIMIT 1   [ RunTime:0.0004s ]
SQL: SELECT `cid`,`cid`,`cname` FROM `wjw_category` WHERE `cid` = 29  [ RunTime:0.0004s ]
SQL: SELECT * FROM `wjw_article_tag` INNER JOIN wjw_tag ON wjw_article_tag.tid=wjw_tag.tid  WHERE `aid` = '28'  [ RunTime:0.0004s ]
SQL: SELECT `path` FROM `wjw_article_pic` WHERE `aid` = 28 ORDER BY ap_id asc LIMIT 1   [ RunTime:0.0004s ]
SQL: SELECT `cid`,`cid`,`cname` FROM `wjw_category` WHERE `cid` = 29  [ RunTime:0.0004s ]
SQL: SELECT * FROM `wjw_article_tag` INNER JOIN wjw_tag ON wjw_article_tag.tid=wjw_tag.tid  WHERE `aid` = '27'  [ RunTime:0.0005s ]
SQL: SELECT `path` FROM `wjw_article_pic` WHERE `aid` = 27 ORDER BY ap_id asc LIMIT 1   [ RunTime:0.0004s ]
SQL: SELECT `cid`,`cid`,`cname` FROM `wjw_category` WHERE `cid` = 29  [ RunTime:0.0004s ]
SQL: SELECT * FROM `wjw_article_tag` INNER JOIN wjw_tag ON wjw_article_tag.tid=wjw_tag.tid  WHERE `aid` = '26'  [ RunTime:0.0004s ]
SQL: SELECT `path` FROM `wjw_article_pic` WHERE `aid` = 26 ORDER BY ap_id asc LIMIT 1   [ RunTime:0.0004s ]
SQL: SELECT `cid`,`cid`,`cname` FROM `wjw_category` WHERE `cid` = 28  [ RunTime:0.0004s ]
SQL: SELECT * FROM `wjw_article_tag` INNER JOIN wjw_tag ON wjw_article_tag.tid=wjw_tag.tid  WHERE `aid` = '25'  [ RunTime:0.0004s ]
SQL: SELECT `path` FROM `wjw_article_pic` WHERE `aid` = 25 ORDER BY ap_id asc LIMIT 1   [ RunTime:0.0004s ]
SQL: SELECT `cid`,`cid`,`cname` FROM `wjw_category` WHERE `cid` = 28  [ RunTime:0.0004s ]
SQL: SELECT * FROM `wjw_article_tag` INNER JOIN wjw_tag ON wjw_article_tag.tid=wjw_tag.tid  WHERE `aid` = '24'  [ RunTime:0.0004s ]
SQL: SELECT `path` FROM `wjw_article_pic` WHERE `aid` = 24 ORDER BY ap_id asc LIMIT 1   [ RunTime:0.0004s ]
SQL: SELECT `cid`,`cid`,`cname` FROM `wjw_category` WHERE `cid` = 29  [ RunTime:0.0004s ]
SQL: SELECT * FROM `wjw_article_tag` INNER JOIN wjw_tag ON wjw_article_tag.tid=wjw_tag.tid  WHERE `aid` = '23'  [ RunTime:0.0005s ]
SQL: SELECT `path` FROM `wjw_article_pic` WHERE `aid` = 23 ORDER BY ap_id asc LIMIT 1   [ RunTime:0.0004s ]
SQL: SELECT `cid`,`cid`,`cname` FROM `wjw_category` WHERE `cid` = 29  [ RunTime:0.0004s ]
SQL: SELECT * FROM `wjw_article_tag` INNER JOIN wjw_tag ON wjw_article_tag.tid=wjw_tag.tid  WHERE `aid` = '22'  [ RunTime:0.0004s ]
SQL: SELECT `path` FROM `wjw_article_pic` WHERE `aid` = 22 ORDER BY ap_id asc LIMIT 1   [ RunTime:0.0004s ]
SQL: SELECT `cid`,`cid`,`cname` FROM `wjw_category` WHERE `cid` = 29  [ RunTime:0.0004s ]
INFO: [ view_parse ] --START--
INFO: [ template_filter ] --START--
INFO: Run Behavior\ContentReplaceBehavior [ RunTime:0.000097s ]
INFO: [ template_filter ] --END-- [ RunTime:0.000113s ]
NOTIC: [8] Use of undefined constant url - assumed 'url' /var/www/html/thinkwjw/Runtime/Cache/Home/08d30c77e78bd0ac29232fbc421b5dcd.php 第 6 行.
INFO: Run Behavior\ParseTemplateBehavior [ RunTime:0.004675s ]
INFO: [ view_parse ] --END-- [ RunTime:0.004691s ]
INFO: [ view_filter ] --START--
INFO: Run Behavior\WriteHtmlCacheBehavior [ RunTime:0.000022s ]
INFO: [ view_filter ] --END-- [ RunTime:0.000032s ]
INFO: [ app_end ] --START--
INFO: Run Behavior\ShowPageTraceBehavior [ RunTime:0.000015s ]
INFO: [ app_end ] --END-- [ RunTime:0.000026s ]

[ 2018-02-02T03:34:58+08:00 ] 123.126.113.128 /index.php/Home/Index/category/cid/29/p/1
INFO: [ app_init ] --START--
INFO: Run Behavior\BuildLiteBehavior [ RunTime:0.000007s ]
INFO: [ app_init ] --END-- [ RunTime:0.000046s ]
INFO: [ app_begin ] --START--
INFO: Run Behavior\ReadHtmlCacheBehavior [ RunTime:0.000016s ]
INFO: [ app_begin ] --END-- [ RunTime:0.000031s ]
SQL: SHOW COLUMNS FROM `wjw_article` [ RunTime:0.0008s ]
SQL: SELECT `aid`,`title` FROM `wjw_article` WHERE `is_show` = 1 AND `is_delete` = 0 AND `is_top` = 1 ORDER BY aid desc  [ RunTime:0.0005s ]
SQL: SHOW COLUMNS FROM `wjw_comment` [ RunTime:0.0006s ]
SQL: SHOW COLUMNS FROM `wjw_oauth_user` [ RunTime:0.0006s ]
SQL: SELECT `id` FROM `wjw_oauth_user` WHERE (  is_admin )  [ RunTime:0.0004s ]
SQL: SELECT c.content,c.date,a.title,a.aid,ou.nickname,ou.head_img FROM wjw_comment c INNER JOIN wjw_article a ON c.aid=a.aid INNER JOIN wjw_oauth_user ou ON c.ouid=ou.id  WHERE c.is_delete = 0 ORDER BY c.date desc LIMIT 20   [ RunTime:0.0005s ]
SQL: SHOW COLUMNS FROM `wjw_category` [ RunTime:0.0005s ]
SQL: SELECT * FROM `wjw_category` ORDER BY sort  [ RunTime:0.0004s ]
SQL: SHOW COLUMNS FROM `wjw_tag` [ RunTime:0.0005s ]
SQL: SELECT * FROM `wjw_tag`  [ RunTime:0.0004s ]
SQL: SHOW COLUMNS FROM `wjw_article_tag` [ RunTime:0.0005s ]
SQL: SELECT COUNT(*) AS tp_count FROM `wjw_article_tag` WHERE `tid` = 20 LIMIT 1   [ RunTime:0.0004s ]
SQL: SELECT COUNT(*) AS tp_count FROM `wjw_article_tag` WHERE `tid` = 21 LIMIT 1   [ RunTime:0.0004s ]
SQL: SELECT COUNT(*) AS tp_count FROM `wjw_article_tag` WHERE `tid` = 22 LIMIT 1   [ RunTime:0.0004s ]
SQL: SHOW COLUMNS FROM `wjw_link` [ RunTime:0.0005s ]
SQL: SELECT * FROM `wjw_link` WHERE `is_delete` = 0 AND `is_show` = 1 ORDER BY sort  [ RunTime:0.0004s ]
SQL: SELECT * FROM `wjw_category` WHERE `cid` = 29 LIMIT 1   [ RunTime:0.0004s ]
SQL: SHOW COLUMNS FROM `wjw_article` [ RunTime:0.0006s ]
SQL: SELECT COUNT(*) AS tp_count FROM `wjw_article` WHERE `cid` = 29 AND `is_delete` = 0 AND `is_show` = 1 LIMIT 1   [ RunTime:0.0004s ]
SQL: SELECT * FROM `wjw_article` WHERE `cid` = 29 AND `is_delete` = 0 AND `is_show` = 1 ORDER BY addtime desc LIMIT 0,10   [ RunTime:0.0009s ]
SQL: SHOW COLUMNS FROM `wjw_article_tag` [ RunTime:0.0005s ]
SQL: SHOW COLUMNS FROM `wjw_article_tag` [ RunTime:0.0005s ]
SQL: SELECT * FROM `wjw_article_tag` INNER JOIN wjw_tag ON wjw_article_tag.tid=wjw_tag.tid  WHERE `aid` = '34'  [ RunTime:0.0005s ]
SQL: SHOW COLUMNS FROM `wjw_article_pic` [ RunTime:0.0006s ]
SQL: SELECT `path` FROM `wjw_article_pic` WHERE `aid` = 34 ORDER BY ap_id asc LIMIT 1   [ RunTime:0.0004s ]
SQL: SELECT `cid`,`cid`,`cname` FROM `wjw_category` WHERE `cid` = 29  [ RunTime:0.0004s ]
SQL: SELECT * FROM `wjw_article_tag` INNER JOIN wjw_tag ON wjw_article_tag.tid=wjw_tag.tid  WHERE `aid` = '31'  [ RunTime:0.0004s ]
SQL: SELECT `path` FROM `wjw_article_pic` WHERE `aid` = 31 ORDER BY ap_id asc LIMIT 1   [ RunTime:0.0004s ]
SQL: SELECT `cid`,`cid`,`cname` FROM `wjw_category` WHERE `cid` = 29  [ RunTime:0.0004s ]
SQL: SELECT * FROM `wjw_article_tag` INNER JOIN wjw_tag ON wjw_article_tag.tid=wjw_tag.tid  WHERE `aid` = '30'  [ RunTime:0.0004s ]
SQL: SELECT `path` FROM `wjw_article_pic` WHERE `aid` = 30 ORDER BY ap_id asc LIMIT 1   [ RunTime:0.0004s ]
SQL: SELECT `cid`,`cid`,`cname` FROM `wjw_category` WHERE `cid` = 29  [ RunTime:0.0004s ]
SQL: SELECT * FROM `wjw_article_tag` INNER JOIN wjw_tag ON wjw_article_tag.tid=wjw_tag.tid  WHERE `aid` = '28'  [ RunTime:0.0005s ]
SQL: SELECT `path` FROM `wjw_article_pic` WHERE `aid` = 28 ORDER BY ap_id asc LIMIT 1   [ RunTime:0.0004s ]
SQL: SELECT `cid`,`cid`,`cname` FROM `wjw_category` WHERE `cid` = 29  [ RunTime:0.0004s ]
SQL: SELECT * FROM `wjw_article_tag` INNER JOIN wjw_tag ON wjw_article_tag.tid=wjw_tag.tid  WHERE `aid` = '27'  [ RunTime:0.0004s ]
SQL: SELECT `path` FROM `wjw_article_pic` WHERE `aid` = 27 ORDER BY ap_id asc LIMIT 1   [ RunTime:0.0004s ]
SQL: SELECT `cid`,`cid`,`cname` FROM `wjw_category` WHERE `cid` = 29  [ RunTime:0.0004s ]
SQL: SELECT * FROM `wjw_article_tag` INNER JOIN wjw_tag ON wjw_article_tag.tid=wjw_tag.tid  WHERE `aid` = '24'  [ RunTime:0.0004s ]
SQL: SELECT `path` FROM `wjw_article_pic` WHERE `aid` = 24 ORDER BY ap_id asc LIMIT 1   [ RunTime:0.0004s ]
SQL: SELECT `cid`,`cid`,`cname` FROM `wjw_category` WHERE `cid` = 29  [ RunTime:0.0004s ]
SQL: SELECT * FROM `wjw_article_tag` INNER JOIN wjw_tag ON wjw_article_tag.tid=wjw_tag.tid  WHERE `aid` = '23'  [ RunTime:0.0004s ]
SQL: SELECT `path` FROM `wjw_article_pic` WHERE `aid` = 23 ORDER BY ap_id asc LIMIT 1   [ RunTime:0.0004s ]
SQL: SELECT `cid`,`cid`,`cname` FROM `wjw_category` WHERE `cid` = 29  [ RunTime:0.0004s ]
SQL: SELECT * FROM `wjw_article_tag` INNER JOIN wjw_tag ON wjw_article_tag.tid=wjw_tag.tid  WHERE `aid` = '22'  [ RunTime:0.0004s ]
SQL: SELECT `path` FROM `wjw_article_pic` WHERE `aid` = 22 ORDER BY ap_id asc LIMIT 1   [ RunTime:0.0004s ]
SQL: SELECT `cid`,`cid`,`cname` FROM `wjw_category` WHERE `cid` = 29  [ RunTime:0.0004s ]
SQL: SELECT * FROM `wjw_article_tag` INNER JOIN wjw_tag ON wjw_article_tag.tid=wjw_tag.tid  WHERE `aid` = '21'  [ RunTime:0.0005s ]
SQL: SELECT `path` FROM `wjw_article_pic` WHERE `aid` = 21 ORDER BY ap_id asc LIMIT 1   [ RunTime:0.0004s ]
SQL: SELECT `cid`,`cid`,`cname` FROM `wjw_category` WHERE `cid` = 29  [ RunTime:0.0004s ]
SQL: SELECT * FROM `wjw_article_tag` INNER JOIN wjw_tag ON wjw_article_tag.tid=wjw_tag.tid  WHERE `aid` = '20'  [ RunTime:0.0004s ]
SQL: SELECT `path` FROM `wjw_article_pic` WHERE `aid` = 20 ORDER BY ap_id asc LIMIT 1   [ RunTime:0.0004s ]
SQL: SELECT `cid`,`cid`,`cname` FROM `wjw_category` WHERE `cid` = 29  [ RunTime:0.0004s ]
INFO: [ view_parse ] --START--
INFO: [ template_filter ] --START--
INFO: Run Behavior\ContentReplaceBehavior [ RunTime:0.000099s ]
INFO: [ template_filter ] --END-- [ RunTime:0.000117s ]
INFO: Run Behavior\ParseTemplateBehavior [ RunTime:0.004672s ]
INFO: [ view_parse ] --END-- [ RunTime:0.004690s ]
INFO: [ view_filter ] --START--
INFO: Run Behavior\WriteHtmlCacheBehavior [ RunTime:0.000021s ]
INFO: [ view_filter ] --END-- [ RunTime:0.000031s ]
INFO: [ app_end ] --START--
INFO: Run Behavior\ShowPageTraceBehavior [ RunTime:0.000019s ]
INFO: [ app_end ] --END-- [ RunTime:0.000034s ]

[ 2018-02-02T03:35:10+08:00 ] 123.126.113.128 /index.php/Home/Index/git
INFO: [ app_init ] --START--
INFO: Run Behavior\BuildLiteBehavior [ RunTime:0.000007s ]
INFO: [ app_init ] --END-- [ RunTime:0.000046s ]
INFO: [ app_begin ] --START--
INFO: Run Behavior\ReadHtmlCacheBehavior [ RunTime:0.000016s ]
INFO: [ app_begin ] --END-- [ RunTime:0.000031s ]
SQL: SHOW COLUMNS FROM `wjw_article` [ RunTime:0.0008s ]
SQL: SELECT `aid`,`title` FROM `wjw_article` WHERE `is_show` = 1 AND `is_delete` = 0 AND `is_top` = 1 ORDER BY aid desc  [ RunTime:0.0005s ]
SQL: SHOW COLUMNS FROM `wjw_comment` [ RunTime:0.0006s ]
SQL: SHOW COLUMNS FROM `wjw_oauth_user` [ RunTime:0.0006s ]
SQL: SELECT `id` FROM `wjw_oauth_user` WHERE (  is_admin )  [ RunTime:0.0004s ]
SQL: SELECT c.content,c.date,a.title,a.aid,ou.nickname,ou.head_img FROM wjw_comment c INNER JOIN wjw_article a ON c.aid=a.aid INNER JOIN wjw_oauth_user ou ON c.ouid=ou.id  WHERE c.is_delete = 0 ORDER BY c.date desc LIMIT 20   [ RunTime:0.0005s ]
SQL: SHOW COLUMNS FROM `wjw_category` [ RunTime:0.0005s ]
SQL: SELECT * FROM `wjw_category` ORDER BY sort  [ RunTime:0.0004s ]
SQL: SHOW COLUMNS FROM `wjw_tag` [ RunTime:0.0005s ]
SQL: SELECT * FROM `wjw_tag`  [ RunTime:0.0004s ]
SQL: SHOW COLUMNS FROM `wjw_article_tag` [ RunTime:0.0005s ]
SQL: SELECT COUNT(*) AS tp_count FROM `wjw_article_tag` WHERE `tid` = 20 LIMIT 1   [ RunTime:0.0004s ]
SQL: SELECT COUNT(*) AS tp_count FROM `wjw_article_tag` WHERE `tid` = 21 LIMIT 1   [ RunTime:0.0004s ]
SQL: SELECT COUNT(*) AS tp_count FROM `wjw_article_tag` WHERE `tid` = 22 LIMIT 1   [ RunTime:0.0004s ]
SQL: SHOW COLUMNS FROM `wjw_link` [ RunTime:0.0005s ]
SQL: SELECT * FROM `wjw_link` WHERE `is_delete` = 0 AND `is_show` = 1 ORDER BY sort  [ RunTime:0.0004s ]
INFO: [ view_parse ] --START--
INFO: [ template_filter ] --START--
INFO: Run Behavior\ContentReplaceBehavior [ RunTime:0.000097s ]
INFO: [ template_filter ] --END-- [ RunTime:0.000115s ]
NOTIC: [8] Undefined variable: articles /var/www/html/thinkwjw/Runtime/Cache/Home/fcf4151caf5ad71824374e6528deb21b.php 第 6 行.
NOTIC: [8] Undefined variable: page /var/www/html/thinkwjw/Runtime/Cache/Home/fcf4151caf5ad71824374e6528deb21b.php 第 6 行.
INFO: Run Behavior\ParseTemplateBehavior [ RunTime:0.004563s ]
INFO: [ view_parse ] --END-- [ RunTime:0.004582s ]
INFO: [ view_filter ] --START--
INFO: Run Behavior\WriteHtmlCacheBehavior [ RunTime:0.000022s ]
INFO: [ view_filter ] --END-- [ RunTime:0.000032s ]
INFO: [ app_end ] --START--
INFO: Run Behavior\ShowPageTraceBehavior [ RunTime:0.000022s ]
INFO: [ app_end ] --END-- [ RunTime:0.000039s ]

[ 2018-02-02T03:35:22+08:00 ] 123.126.113.128 /index.php/Home/Index/article/aid/21
INFO: [ app_init ] --START--
INFO: Run Behavior\BuildLiteBehavior [ RunTime:0.000006s ]
INFO: [ app_init ] --END-- [ RunTime:0.000044s ]
INFO: [ app_begin ] --START--
INFO: Run Behavior\ReadHtmlCacheBehavior [ RunTime:0.000021s ]
INFO: [ app_begin ] --END-- [ RunTime:0.000037s ]
SQL: SHOW COLUMNS FROM `wjw_article` [ RunTime:0.0008s ]
SQL: SELECT `aid`,`title` FROM `wjw_article` WHERE `is_show` = 1 AND `is_delete` = 0 AND `is_top` = 1 ORDER BY aid desc  [ RunTime:0.0005s ]
SQL: SHOW COLUMNS FROM `wjw_comment` [ RunTime:0.0006s ]
SQL: SHOW COLUMNS FROM `wjw_oauth_user` [ RunTime:0.0006s ]
SQL: SELECT `id` FROM `wjw_oauth_user` WHERE (  is_admin )  [ RunTime:0.0004s ]
SQL: SELECT c.content,c.date,a.title,a.aid,ou.nickname,ou.head_img FROM wjw_comment c INNER JOIN wjw_article a ON c.aid=a.aid INNER JOIN wjw_oauth_user ou ON c.ouid=ou.id  WHERE c.is_delete = 0 ORDER BY c.date desc LIMIT 20   [ RunTime:0.0006s ]
SQL: SHOW COLUMNS FROM `wjw_category` [ RunTime:0.0006s ]
SQL: SELECT * FROM `wjw_category` ORDER BY sort  [ RunTime:0.0004s ]
SQL: SHOW COLUMNS FROM `wjw_tag` [ RunTime:0.0005s ]
SQL: SELECT * FROM `wjw_tag`  [ RunTime:0.0004s ]
SQL: SHOW COLUMNS FROM `wjw_article_tag` [ RunTime:0.0005s ]
SQL: SELECT COUNT(*) AS tp_count FROM `wjw_article_tag` WHERE `tid` = 20 LIMIT 1   [ RunTime:0.0004s ]
SQL: SELECT COUNT(*) AS tp_count FROM `wjw_article_tag` WHERE `tid` = 21 LIMIT 1   [ RunTime:0.0004s ]
SQL: SELECT COUNT(*) AS tp_count FROM `wjw_article_tag` WHERE `tid` = 22 LIMIT 1   [ RunTime:0.0004s ]
SQL: SHOW COLUMNS FROM `wjw_link` [ RunTime:0.0005s ]
SQL: SELECT * FROM `wjw_link` WHERE `is_delete` = 0 AND `is_show` = 1 ORDER BY sort  [ RunTime:0.0004s ]
NOTIC: [2] array_key_exists() expects parameter 2 to be array, null given /var/www/html/thinkwjw/Application/Home/Controller/IndexController.class.php 第 77 行.
SQL: UPDATE `wjw_article` SET `click`=click+1 WHERE `aid` = 21 [ RunTime:0.0029s ]
SQL: SHOW COLUMNS FROM `wjw_article` [ RunTime:0.0006s ]
NOTIC: [8] Undefined index: title /var/www/html/thinkwjw/Application/Common/Model/ArticleModel.class.php 第 297 行.
SQL: SELECT `aid`,`title` FROM `wjw_article` WHERE `title` LIKE '%%' AND (  `is_show` = 1 ) AND (  `is_delete` = 0 ) AND `aid` > 21 LIMIT 1   [ RunTime:0.0005s ]
SQL: SELECT `aid`,`title` FROM `wjw_article` WHERE `title` LIKE '%%' AND (  `is_show` = 1 ) AND (  `is_delete` = 0 ) AND `aid` < 21 ORDER BY aid desc LIMIT 1   [ RunTime:0.0005s ]
SQL: SELECT * FROM `wjw_article` WHERE `aid` = 21 LIMIT 1   [ RunTime:0.0005s ]
SQL: SHOW COLUMNS FROM `wjw_article_tag` [ RunTime:0.0005s ]
SQL: SELECT `tid` FROM `wjw_article_tag` WHERE `aid` = 21  [ RunTime:0.0004s ]
SQL: SHOW COLUMNS FROM `wjw_article_tag` [ RunTime:0.0005s ]
SQL: SELECT * FROM `wjw_article_tag` INNER JOIN wjw_tag ON wjw_article_tag.tid=wjw_tag.tid  WHERE `aid` = 21  [ RunTime:0.0005s ]
SQL: SELECT `cid`,`cid`,`cname`,`keywords` FROM `wjw_category` WHERE `cid` = 29  [ RunTime:0.0004s ]
SQL: SELECT c.*,ou.nickname,ou.head_img FROM wjw_comment c INNER JOIN wjw_oauth_user ou ON c.ouid=ou.id  WHERE c.status = 1 AND c.aid = 21 AND c.pid = 0 AND c.is_delete = 0 ORDER BY date desc  [ RunTime:0.0005s ]
NOTIC: [2] Invalid argument supplied for foreach() /var/www/html/thinkwjw/Application/Common/Model/CommentModel.class.php 第 135 行.
INFO: [ view_parse ] --START--
INFO: [ template_filter ] --START--
INFO: Run Behavior\ContentReplaceBehavior [ RunTime:0.000128s ]
INFO: [ template_filter ] --END-- [ RunTime:0.000146s ]
NOTIC: [8] Undefined variable: user_email /var/www/html/thinkwjw/Runtime/Cache/Home/d4c1149384e4970b24973a696680cd70.php 第 7 行.
NOTIC: [8] Undefined variable: user_email /var/www/html/thinkwjw/Runtime/Cache/Home/d4c1149384e4970b24973a696680cd70.php 第 9 行.
INFO: Run Behavior\ParseTemplateBehavior [ RunTime:0.005702s ]
INFO: [ view_parse ] --END-- [ RunTime:0.005718s ]
INFO: [ view_filter ] --START--
INFO: Run Behavior\WriteHtmlCacheBehavior [ RunTime:0.000022s ]
INFO: [ view_filter ] --END-- [ RunTime:0.000033s ]
INFO: [ app_end ] --START--
INFO: Run Behavior\ShowPageTraceBehavior [ RunTime:0.000019s ]
INFO: [ app_end ] --END-- [ RunTime:0.000034s ]

[ 2018-02-02T03:35:34+08:00 ] 123.126.113.128 /index.php/Home/Index/category/cid/28/p/1
INFO: [ app_init ] --START--
INFO: Run Behavior\BuildLiteBehavior [ RunTime:0.000006s ]
INFO: [ app_init ] --END-- [ RunTime:0.000043s ]
INFO: [ app_begin ] --START--
INFO: Run Behavior\ReadHtmlCacheBehavior [ RunTime:0.000017s ]
INFO: [ app_begin ] --END-- [ RunTime:0.000031s ]
SQL: SHOW COLUMNS FROM `wjw_article` [ RunTime:0.0008s ]
SQL: SELECT `aid`,`title` FROM `wjw_article` WHERE `is_show` = 1 AND `is_delete` = 0 AND `is_top` = 1 ORDER BY aid desc  [ RunTime:0.0005s ]
SQL: SHOW COLUMNS FROM `wjw_comment` [ RunTime:0.0006s ]
SQL: SHOW COLUMNS FROM `wjw_oauth_user` [ RunTime:0.0006s ]
SQL: SELECT `id` FROM `wjw_oauth_user` WHERE (  is_admin )  [ RunTime:0.0004s ]
SQL: SELECT c.content,c.date,a.title,a.aid,ou.nickname,ou.head_img FROM wjw_comment c INNER JOIN wjw_article a ON c.aid=a.aid INNER JOIN wjw_oauth_user ou ON c.ouid=ou.id  WHERE c.is_delete = 0 ORDER BY c.date desc LIMIT 20   [ RunTime:0.0005s ]
SQL: SHOW COLUMNS FROM `wjw_category` [ RunTime:0.0006s ]
SQL: SELECT * FROM `wjw_category` ORDER BY sort  [ RunTime:0.0004s ]
SQL: SHOW COLUMNS FROM `wjw_tag` [ RunTime:0.0006s ]
SQL: SELECT * FROM `wjw_tag`  [ RunTime:0.0004s ]
SQL: SHOW COLUMNS FROM `wjw_article_tag` [ RunTime:0.0005s ]
SQL: SELECT COUNT(*) AS tp_count FROM `wjw_article_tag` WHERE `tid` = 20 LIMIT 1   [ RunTime:0.0004s ]
SQL: SELECT COUNT(*) AS tp_count FROM `wjw_article_tag` WHERE `tid` = 21 LIMIT 1   [ RunTime:0.0004s ]
SQL: SELECT COUNT(*) AS tp_count FROM `wjw_article_tag` WHERE `tid` = 22 LIMIT 1   [ RunTime:0.0004s ]
SQL: SHOW COLUMNS FROM `wjw_link` [ RunTime:0.0006s ]
SQL: SELECT * FROM `wjw_link` WHERE `is_delete` = 0 AND `is_show` = 1 ORDER BY sort  [ RunTime:0.0004s ]
SQL: SELECT * FROM `wjw_category` WHERE `cid` = 28 LIMIT 1   [ RunTime:0.0004s ]
SQL: SHOW COLUMNS FROM `wjw_article` [ RunTime:0.0006s ]
SQL: SELECT COUNT(*) AS tp_count FROM `wjw_article` WHERE `cid` = 28 AND `is_delete` = 0 AND `is_show` = 1 LIMIT 1   [ RunTime:0.0005s ]
SQL: SELECT * FROM `wjw_article` WHERE `cid` = 28 AND `is_delete` = 0 AND `is_show` = 1 ORDER BY addtime desc LIMIT 0,10   [ RunTime:0.0006s ]
SQL: SHOW COLUMNS FROM `wjw_article_tag` [ RunTime:0.0005s ]
SQL: SHOW COLUMNS FROM `wjw_article_tag` [ RunTime:0.0005s ]
SQL: SELECT * FROM `wjw_article_tag` INNER JOIN wjw_tag ON wjw_article_tag.tid=wjw_tag.tid  WHERE `aid` = '26'  [ RunTime:0.0005s ]
SQL: SHOW COLUMNS FROM `wjw_article_pic` [ RunTime:0.0005s ]
SQL: SELECT `path` FROM `wjw_article_pic` WHERE `aid` = 26 ORDER BY ap_id asc LIMIT 1   [ RunTime:0.0004s ]
SQL: SELECT `cid`,`cid`,`cname` FROM `wjw_category` WHERE `cid` = 28  [ RunTime:0.0004s ]
SQL: SELECT * FROM `wjw_article_tag` INNER JOIN wjw_tag ON wjw_article_tag.tid=wjw_tag.tid  WHERE `aid` = '25'  [ RunTime:0.0005s ]
SQL: SELECT `path` FROM `wjw_article_pic` WHERE `aid` = 25 ORDER BY ap_id asc LIMIT 1   [ RunTime:0.0004s ]
SQL: SELECT `cid`,`cid`,`cname` FROM `wjw_category` WHERE `cid` = 28  [ RunTime:0.0004s ]
INFO: [ view_parse ] --START--
INFO: [ template_filter ] --START--
INFO: Run Behavior\ContentReplaceBehavior [ RunTime:0.000097s ]
INFO: [ template_filter ] --END-- [ RunTime:0.000114s ]
INFO: Run Behavior\ParseTemplateBehavior [ RunTime:0.004608s ]
INFO: [ view_parse ] --END-- [ RunTime:0.004637s ]
INFO: [ view_filter ] --START--
INFO: Run Behavior\WriteHtmlCacheBehavior [ RunTime:0.000022s ]
INFO: [ view_filter ] --END-- [ RunTime:0.000033s ]
INFO: [ app_end ] --START--
INFO: Run Behavior\ShowPageTraceBehavior [ RunTime:0.000018s ]
INFO: [ app_end ] --END-- [ RunTime:0.000032s ]

[ 2018-02-02T03:36:23+08:00 ] 123.126.113.128 /index.php/Home/Index/article/aid/20
INFO: [ app_init ] --START--
INFO: Run Behavior\BuildLiteBehavior [ RunTime:0.000007s ]
INFO: [ app_init ] --END-- [ RunTime:0.000047s ]
INFO: [ app_begin ] --START--
INFO: Run Behavior\ReadHtmlCacheBehavior [ RunTime:0.000019s ]
INFO: [ app_begin ] --END-- [ RunTime:0.000034s ]
SQL: SHOW COLUMNS FROM `wjw_article` [ RunTime:0.0008s ]
SQL: SELECT `aid`,`title` FROM `wjw_article` WHERE `is_show` = 1 AND `is_delete` = 0 AND `is_top` = 1 ORDER BY aid desc  [ RunTime:0.0005s ]
SQL: SHOW COLUMNS FROM `wjw_comment` [ RunTime:0.0006s ]
SQL: SHOW COLUMNS FROM `wjw_oauth_user` [ RunTime:0.0006s ]
SQL: SELECT `id` FROM `wjw_oauth_user` WHERE (  is_admin )  [ RunTime:0.0004s ]
SQL: SELECT c.content,c.date,a.title,a.aid,ou.nickname,ou.head_img FROM wjw_comment c INNER JOIN wjw_article a ON c.aid=a.aid INNER JOIN wjw_oauth_user ou ON c.ouid=ou.id  WHERE c.is_delete = 0 ORDER BY c.date desc LIMIT 20   [ RunTime:0.0006s ]
SQL: SHOW COLUMNS FROM `wjw_category` [ RunTime:0.0006s ]
SQL: SELECT * FROM `wjw_category` ORDER BY sort  [ RunTime:0.0004s ]
SQL: SHOW COLUMNS FROM `wjw_tag` [ RunTime:0.0005s ]
SQL: SELECT * FROM `wjw_tag`  [ RunTime:0.0004s ]
SQL: SHOW COLUMNS FROM `wjw_article_tag` [ RunTime:0.0006s ]
SQL: SELECT COUNT(*) AS tp_count FROM `wjw_article_tag` WHERE `tid` = 20 LIMIT 1   [ RunTime:0.0004s ]
SQL: SELECT COUNT(*) AS tp_count FROM `wjw_article_tag` WHERE `tid` = 21 LIMIT 1   [ RunTime:0.0005s ]
SQL: SELECT COUNT(*) AS tp_count FROM `wjw_article_tag` WHERE `tid` = 22 LIMIT 1   [ RunTime:0.0004s ]
SQL: SHOW COLUMNS FROM `wjw_link` [ RunTime:0.0005s ]
SQL: SELECT * FROM `wjw_link` WHERE `is_delete` = 0 AND `is_show` = 1 ORDER BY sort  [ RunTime:0.0004s ]
NOTIC: [2] array_key_exists() expects parameter 2 to be array, null given /var/www/html/thinkwjw/Application/Home/Controller/IndexController.class.php 第 77 行.
SQL: UPDATE `wjw_article` SET `click`=click+1 WHERE `aid` = 20 [ RunTime:0.0030s ]
SQL: SHOW COLUMNS FROM `wjw_article` [ RunTime:0.0006s ]
NOTIC: [8] Undefined index: title /var/www/html/thinkwjw/Application/Common/Model/ArticleModel.class.php 第 297 行.
SQL: SELECT `aid`,`title` FROM `wjw_article` WHERE `title` LIKE '%%' AND (  `is_show` = 1 ) AND (  `is_delete` = 0 ) AND `aid` > 20 LIMIT 1   [ RunTime:0.0005s ]
SQL: SELECT `aid`,`title` FROM `wjw_article` WHERE `title` LIKE '%%' AND (  `is_show` = 1 ) AND (  `is_delete` = 0 ) AND `aid` < 20 ORDER BY aid desc LIMIT 1   [ RunTime:0.0005s ]
SQL: SELECT * FROM `wjw_article` WHERE `aid` = 20 LIMIT 1   [ RunTime:0.0005s ]
SQL: SHOW COLUMNS FROM `wjw_article_tag` [ RunTime:0.0005s ]
SQL: SELECT `tid` FROM `wjw_article_tag` WHERE `aid` = 20  [ RunTime:0.0004s ]
SQL: SHOW COLUMNS FROM `wjw_article_tag` [ RunTime:0.0005s ]
SQL: SELECT * FROM `wjw_article_tag` INNER JOIN wjw_tag ON wjw_article_tag.tid=wjw_tag.tid  WHERE `aid` = 20  [ RunTime:0.0005s ]
SQL: SELECT `cid`,`cid`,`cname`,`keywords` FROM `wjw_category` WHERE `cid` = 29  [ RunTime:0.0004s ]
SQL: SELECT c.*,ou.nickname,ou.head_img FROM wjw_comment c INNER JOIN wjw_oauth_user ou ON c.ouid=ou.id  WHERE c.status = 1 AND c.aid = 20 AND c.pid = 0 AND c.is_delete = 0 ORDER BY date desc  [ RunTime:0.0005s ]
NOTIC: [2] Invalid argument supplied for foreach() /var/www/html/thinkwjw/Application/Common/Model/CommentModel.class.php 第 135 行.
INFO: [ view_parse ] --START--
INFO: [ template_filter ] --START--
INFO: Run Behavior\ContentReplaceBehavior [ RunTime:0.000146s ]
INFO: [ template_filter ] --END-- [ RunTime:0.000166s ]
NOTIC: [8] Undefined variable: user_email /var/www/html/thinkwjw/Runtime/Cache/Home/d4c1149384e4970b24973a696680cd70.php 第 7 行.
NOTIC: [8] Undefined variable: user_email /var/www/html/thinkwjw/Runtime/Cache/Home/d4c1149384e4970b24973a696680cd70.php 第 9 行.
INFO: Run Behavior\ParseTemplateBehavior [ RunTime:0.005704s ]
INFO: [ view_parse ] --END-- [ RunTime:0.005719s ]
INFO: [ view_filter ] --START--
INFO: Run Behavior\WriteHtmlCacheBehavior [ RunTime:0.000021s ]
INFO: [ view_filter ] --END-- [ RunTime:0.000031s ]
INFO: [ app_end ] --START--
INFO: Run Behavior\ShowPageTraceBehavior [ RunTime:0.000019s ]
INFO: [ app_end ] --END-- [ RunTime:0.000032s ]

[ 2018-02-02T03:45:10+08:00 ] 123.125.71.21 /
INFO: [ app_init ] --START--
INFO: Run Behavior\BuildLiteBehavior [ RunTime:0.000007s ]
INFO: [ app_init ] --END-- [ RunTime:0.000047s ]
INFO: [ app_begin ] --START--
INFO: Run Behavior\ReadHtmlCacheBehavior [ RunTime:0.000018s ]
INFO: [ app_begin ] --END-- [ RunTime:0.000033s ]
SQL: SHOW COLUMNS FROM `wjw_article` [ RunTime:0.0009s ]
SQL: SELECT `aid`,`title` FROM `wjw_article` WHERE `is_show` = 1 AND `is_delete` = 0 AND `is_top` = 1 ORDER BY aid desc  [ RunTime:0.0005s ]
SQL: SHOW COLUMNS FROM `wjw_comment` [ RunTime:0.0006s ]
SQL: SHOW COLUMNS FROM `wjw_oauth_user` [ RunTime:0.0006s ]
SQL: SELECT `id` FROM `wjw_oauth_user` WHERE (  is_admin )  [ RunTime:0.0004s ]
SQL: SELECT c.content,c.date,a.title,a.aid,ou.nickname,ou.head_img FROM wjw_comment c INNER JOIN wjw_article a ON c.aid=a.aid INNER JOIN wjw_oauth_user ou ON c.ouid=ou.id  WHERE c.is_delete = 0 ORDER BY c.date desc LIMIT 20   [ RunTime:0.0005s ]
SQL: SHOW COLUMNS FROM `wjw_category` [ RunTime:0.0005s ]
SQL: SELECT * FROM `wjw_category` ORDER BY sort  [ RunTime:0.0004s ]
SQL: SHOW COLUMNS FROM `wjw_tag` [ RunTime:0.0005s ]
SQL: SELECT * FROM `wjw_tag`  [ RunTime:0.0004s ]
SQL: SHOW COLUMNS FROM `wjw_article_tag` [ RunTime:0.0005s ]
SQL: SELECT COUNT(*) AS tp_count FROM `wjw_article_tag` WHERE `tid` = 20 LIMIT 1   [ RunTime:0.0004s ]
SQL: SELECT COUNT(*) AS tp_count FROM `wjw_article_tag` WHERE `tid` = 21 LIMIT 1   [ RunTime:0.0004s ]
SQL: SELECT COUNT(*) AS tp_count FROM `wjw_article_tag` WHERE `tid` = 22 LIMIT 1   [ RunTime:0.0004s ]
SQL: SHOW COLUMNS FROM `wjw_link` [ RunTime:0.0006s ]
SQL: SELECT * FROM `wjw_link` WHERE `is_delete` = 0 AND `is_show` = 1 ORDER BY sort  [ RunTime:0.0004s ]
SQL: SHOW COLUMNS FROM `wjw_article` [ RunTime:0.0006s ]
SQL: SELECT COUNT(*) AS tp_count FROM `wjw_article` WHERE `is_delete` = 0 AND `is_show` = 1 LIMIT 1   [ RunTime:0.0004s ]
SQL: SELECT * FROM `wjw_article` WHERE `is_delete` = 0 AND `is_show` = 1 ORDER BY addtime desc LIMIT 0,10   [ RunTime:0.0009s ]
SQL: SHOW COLUMNS FROM `wjw_article_tag` [ RunTime:0.0005s ]
SQL: SHOW COLUMNS FROM `wjw_article_tag` [ RunTime:0.0005s ]
SQL: SELECT * FROM `wjw_article_tag` INNER JOIN wjw_tag ON wjw_article_tag.tid=wjw_tag.tid  WHERE `aid` = '34'  [ RunTime:0.0005s ]
SQL: SHOW COLUMNS FROM `wjw_article_pic` [ RunTime:0.0005s ]
SQL: SELECT `path` FROM `wjw_article_pic` WHERE `aid` = 34 ORDER BY ap_id asc LIMIT 1   [ RunTime:0.0005s ]
SQL: SELECT `cid`,`cid`,`cname` FROM `wjw_category` WHERE `cid` = 29  [ RunTime:0.0004s ]
SQL: SELECT * FROM `wjw_article_tag` INNER JOIN wjw_tag ON wjw_article_tag.tid=wjw_tag.tid  WHERE `aid` = '31'  [ RunTime:0.0004s ]
SQL: SELECT `path` FROM `wjw_article_pic` WHERE `aid` = 31 ORDER BY ap_id asc LIMIT 1   [ RunTime:0.0004s ]
SQL: SELECT `cid`,`cid`,`cname` FROM `wjw_category` WHERE `cid` = 29  [ RunTime:0.0004s ]
SQL: SELECT * FROM `wjw_article_tag` INNER JOIN wjw_tag ON wjw_article_tag.tid=wjw_tag.tid  WHERE `aid` = '30'  [ RunTime:0.0004s ]
SQL: SELECT `path` FROM `wjw_article_pic` WHERE `aid` = 30 ORDER BY ap_id asc LIMIT 1   [ RunTime:0.0004s ]
SQL: SELECT `cid`,`cid`,`cname` FROM `wjw_category` WHERE `cid` = 29  [ RunTime:0.0004s ]
SQL: SELECT * FROM `wjw_article_tag` INNER JOIN wjw_tag ON wjw_article_tag.tid=wjw_tag.tid  WHERE `aid` = '28'  [ RunTime:0.0004s ]
SQL: SELECT `path` FROM `wjw_article_pic` WHERE `aid` = 28 ORDER BY ap_id asc LIMIT 1   [ RunTime:0.0004s ]
SQL: SELECT `cid`,`cid`,`cname` FROM `wjw_category` WHERE `cid` = 29  [ RunTime:0.0004s ]
SQL: SELECT * FROM `wjw_article_tag` INNER JOIN wjw_tag ON wjw_article_tag.tid=wjw_tag.tid  WHERE `aid` = '27'  [ RunTime:0.0004s ]
SQL: SELECT `path` FROM `wjw_article_pic` WHERE `aid` = 27 ORDER BY ap_id asc LIMIT 1   [ RunTime:0.0004s ]
SQL: SELECT `cid`,`cid`,`cname` FROM `wjw_category` WHERE `cid` = 29  [ RunTime:0.0004s ]
SQL: SELECT * FROM `wjw_article_tag` INNER JOIN wjw_tag ON wjw_article_tag.tid=wjw_tag.tid  WHERE `aid` = '26'  [ RunTime:0.0004s ]
SQL: SELECT `path` FROM `wjw_article_pic` WHERE `aid` = 26 ORDER BY ap_id asc LIMIT 1   [ RunTime:0.0004s ]
SQL: SELECT `cid`,`cid`,`cname` FROM `wjw_category` WHERE `cid` = 28  [ RunTime:0.0004s ]
SQL: SELECT * FROM `wjw_article_tag` INNER JOIN wjw_tag ON wjw_article_tag.tid=wjw_tag.tid  WHERE `aid` = '25'  [ RunTime:0.0004s ]
SQL: SELECT `path` FROM `wjw_article_pic` WHERE `aid` = 25 ORDER BY ap_id asc LIMIT 1   [ RunTime:0.0004s ]
SQL: SELECT `cid`,`cid`,`cname` FROM `wjw_category` WHERE `cid` = 28  [ RunTime:0.0004s ]
SQL: SELECT * FROM `wjw_article_tag` INNER JOIN wjw_tag ON wjw_article_tag.tid=wjw_tag.tid  WHERE `aid` = '24'  [ RunTime:0.0004s ]
SQL: SELECT `path` FROM `wjw_article_pic` WHERE `aid` = 24 ORDER BY ap_id asc LIMIT 1   [ RunTime:0.0004s ]
SQL: SELECT `cid`,`cid`,`cname` FROM `wjw_category` WHERE `cid` = 29  [ RunTime:0.0004s ]
SQL: SELECT * FROM `wjw_article_tag` INNER JOIN wjw_tag ON wjw_article_tag.tid=wjw_tag.tid  WHERE `aid` = '23'  [ RunTime:0.0005s ]
SQL: SELECT `path` FROM `wjw_article_pic` WHERE `aid` = 23 ORDER BY ap_id asc LIMIT 1   [ RunTime:0.0004s ]
SQL: SELECT `cid`,`cid`,`cname` FROM `wjw_category` WHERE `cid` = 29  [ RunTime:0.0004s ]
SQL: SELECT * FROM `wjw_article_tag` INNER JOIN wjw_tag ON wjw_article_tag.tid=wjw_tag.tid  WHERE `aid` = '22'  [ RunTime:0.0004s ]
SQL: SELECT `path` FROM `wjw_article_pic` WHERE `aid` = 22 ORDER BY ap_id asc LIMIT 1   [ RunTime:0.0004s ]
SQL: SELECT `cid`,`cid`,`cname` FROM `wjw_category` WHERE `cid` = 29  [ RunTime:0.0004s ]
INFO: [ view_parse ] --START--
INFO: [ template_filter ] --START--
INFO: Run Behavior\ContentReplaceBehavior [ RunTime:0.000098s ]
INFO: [ template_filter ] --END-- [ RunTime:0.000115s ]
NOTIC: [8] Use of undefined constant url - assumed 'ur