[ 2017-08-23T00:50:43+08:00 ] 140.205.201.32 /index.php?m=member&c=index&a=register&siteid=1
INFO: [ app_init ] --START--
INFO: Run Behavior\BuildLiteBehavior [ RunTime:0.000007s ]
INFO: [ app_init ] --END-- [ RunTime:0.000044s ]
ERR: 无法加载模块:Member

[ 2017-08-23T00:50:47+08:00 ] 140.205.201.32 /index.php?m=wap&a=index&siteid=1
INFO: [ app_init ] --START--
INFO: Run Behavior\BuildLiteBehavior [ RunTime:0.000005s ]
INFO: [ app_init ] --END-- [ RunTime:0.000040s ]
ERR: 无法加载模块:Wap

[ 2017-08-23T00:55:34+08:00 ] 140.205.225.183 /index.php?m=member&c=index&a=register&siteid=1
INFO: [ app_init ] --START--
INFO: Run Behavior\BuildLiteBehavior [ RunTime:0.000007s ]
INFO: [ app_init ] --END-- [ RunTime:0.000044s ]
ERR: 无法加载模块:Member

[ 2017-08-23T00:55:34+08:00 ] 140.205.225.183 /index.php?m=wap&a=index&siteid=1
INFO: [ app_init ] --START--
INFO: Run Behavior\BuildLiteBehavior [ RunTime:0.000006s ]
INFO: [ app_init ] --END-- [ RunTime:0.000038s ]
ERR: 无法加载模块:Wap

[ 2017-08-23T04:17:35+08:00 ] 140.205.225.204 /index.php?m=member&c=index&a=register&siteid=1
INFO: [ app_init ] --START--
INFO: Run Behavior\BuildLiteBehavior [ RunTime:0.000007s ]
INFO: [ app_init ] --END-- [ RunTime:0.000055s ]
ERR: 无法加载模块:Member

[ 2017-08-23T04:17:36+08:00 ] 140.205.225.204 /index.php?m=wap&a=index&siteid=1
INFO: [ app_init ] --START--
INFO: Run Behavior\BuildLiteBehavior [ RunTime:0.000006s ]
INFO: [ app_init ] --END-- [ RunTime:0.000039s ]
ERR: 无法加载模块:Wap

