[ 2017-11-05T01:57:41+08:00 ] 140.205.201.40 /index.php?m=member&c=index&a=register&siteid=1
INFO: [ app_init ] --START--
INFO: Run Behavior\BuildLiteBehavior [ RunTime:0.000007s ]
INFO: [ app_init ] --END-- [ RunTime:0.000046s ]
ERR: 无法加载模块:Member

[ 2017-11-05T01:57:42+08:00 ] 140.205.201.40 /index.php?m=wap&a=index&siteid=1
INFO: [ app_init ] --START--
INFO: Run Behavior\BuildLiteBehavior [ RunTime:0.000007s ]
INFO: [ app_init ] --END-- [ RunTime:0.000041s ]
ERR: 无法加载模块:Wap

[ 2017-11-05T05:43:46+08:00 ] 140.205.225.194 /index.php?m=member&c=index&a=register&siteid=1
INFO: [ app_init ] --START--
INFO: Run Behavior\BuildLiteBehavior [ RunTime:0.000006s ]
INFO: [ app_init ] --END-- [ RunTime:0.000043s ]
ERR: 无法加载模块:Member

[ 2017-11-05T05:43:47+08:00 ] 140.205.225.194 /index.php?m=wap&a=index&siteid=1
INFO: [ app_init ] --START--
INFO: Run Behavior\BuildLiteBehavior [ RunTime:0.000006s ]
INFO: [ app_init ] --END-- [ RunTime:0.000057s ]
ERR: 无法加载模块:Wap

[ 2017-11-05T06:12:39+08:00 ] 140.205.225.186 /index.php?m=member&c=index&a=register&siteid=1
INFO: [ app_init ] --START--
INFO: Run Behavior\BuildLiteBehavior [ RunTime:0.000006s ]
INFO: [ app_init ] --END-- [ RunTime:0.000041s ]
ERR: 无法加载模块:Member

[ 2017-11-05T06:12:40+08:00 ] 140.205.225.186 /index.php?m=wap&a=index&siteid=1
INFO: [ app_init ] --START--
INFO: Run Behavior\BuildLiteBehavior [ RunTime:0.000007s ]
INFO: [ app_init ] --END-- [ RunTime:0.000038s ]
ERR: 无法加载模块:Wap

[ 2017-11-05T11:23:29+08:00 ] 140.205.201.46 /index.php?m=member&c=index&a=register&siteid=1
INFO: [ app_init ] --START--
INFO: Run Behavior\BuildLiteBehavior [ RunTime:0.000006s ]
INFO: [ app_init ] --END-- [ RunTime:0.000042s ]
ERR: 无法加载模块:Member

[ 2017-11-05T11:23:29+08:00 ] 140.205.201.46 /index.php?m=wap&a=index&siteid=1
INFO: [ app_init ] --START--
INFO: Run Behavior\BuildLiteBehavior [ RunTime:0.000006s ]
INFO: [ app_init ] --END-- [ RunTime:0.000039s ]
ERR: 无法加载模块:Wap

