[ 2017-10-23T00:28:28+08:00 ] 140.205.225.187 /index.php?m=member&c=index&a=register&siteid=1
INFO: [ app_init ] --START--
INFO: Run Behavior\BuildLiteBehavior [ RunTime:0.000007s ]
INFO: [ app_init ] --END-- [ RunTime:0.000045s ]
ERR: 无法加载模块:Member

[ 2017-10-23T00:28:29+08:00 ] 140.205.225.187 /index.php?m=wap&a=index&siteid=1
INFO: [ app_init ] --START--
INFO: Run Behavior\BuildLiteBehavior [ RunTime:0.000006s ]
INFO: [ app_init ] --END-- [ RunTime:0.000036s ]
ERR: 无法加载模块:Wap

[ 2017-10-23T03:37:28+08:00 ] 140.205.225.186 /index.php?m=member&c=index&a=register&siteid=1
INFO: [ app_init ] --START--
INFO: Run Behavior\BuildLiteBehavior [ RunTime:0.000006s ]
INFO: [ app_init ] --END-- [ RunTime:0.000042s ]
ERR: 无法加载模块:Member

[ 2017-10-23T03:37:29+08:00 ] 140.205.225.186 /index.php?m=wap&a=index&siteid=1
INFO: [ app_init ] --START--
INFO: Run Behavior\BuildLiteBehavior [ RunTime:0.000006s ]
INFO: [ app_init ] --END-- [ RunTime:0.000037s ]
ERR: 无法加载模块:Wap

[ 2017-10-23T07:42:53+08:00 ] 140.205.201.40 /index.php?m=member&c=index&a=register&siteid=1
INFO: [ app_init ] --START--
INFO: Run Behavior\BuildLiteBehavior [ RunTime:0.000006s ]
INFO: [ app_init ] --END-- [ RunTime:0.000253s ]
ERR: 无法加载模块:Member

[ 2017-10-23T07:42:55+08:00 ] 140.205.201.40 /index.php?m=wap&a=index&siteid=1
INFO: [ app_init ] --START--
INFO: Run Behavior\BuildLiteBehavior [ RunTime:0.000007s ]
INFO: [ app_init ] --END-- [ RunTime:0.000049s ]
ERR: 无法加载模块:Wap

[ 2017-10-23T10:43:56+08:00 ] 140.205.201.30 /index.php?m=member&c=index&a=register&siteid=1
INFO: [ app_init ] --START--
INFO: Run Behavior\BuildLiteBehavior [ RunTime:0.000008s ]
INFO: [ app_init ] --END-- [ RunTime:0.000053s ]
ERR: 无法加载模块:Member

[ 2017-10-23T10:44:52+08:00 ] 140.205.201.30 /index.php?m=wap&a=index&siteid=1
INFO: [ app_init ] --START--
INFO: Run Behavior\BuildLiteBehavior [ RunTime:0.000007s ]
INFO: [ app_init ] --END-- [ RunTime:0.000041s ]
ERR: 无法加载模块:Wap

[ 2017-10-23T14:37:19+08:00 ] 140.205.201.31 /index.php?m=member&c=index&a=register&siteid=1
INFO: [ app_init ] --START--
INFO: Run Behavior\BuildLiteBehavior [ RunTime:0.000007s ]
INFO: [ app_init ] --END-- [ RunTime:0.000045s ]
ERR: 无法加载模块:Member

[ 2017-10-23T14:37:20+08:00 ] 140.205.201.31 /index.php?m=wap&a=index&siteid=1
INFO: [ app_init ] --START--
INFO: Run Behavior\BuildLiteBehavior [ RunTime:0.000007s ]
INFO: [ app_init ] --END-- [ RunTime:0.000043s ]
ERR: 无法加载模块:Wap

[ 2017-10-23T17:37:35+08:00 ] 140.205.225.185 /index.php?m=member&c=index&a=register&siteid=1
INFO: [ app_init ] --START--
INFO: Run Behavior\BuildLiteBehavior [ RunTime:0.000007s ]
INFO: [ app_init ] --END-- [ RunTime:0.000042s ]
ERR: 无法加载模块:Member

[ 2017-10-23T17:38:12+08:00 ] 140.205.225.185 /index.php?m=wap&a=index&siteid=1
INFO: [ app_init ] --START--
INFO: Run Behavior\BuildLiteBehavior [ RunTime:0.000007s ]
INFO: [ app_init ] --END-- [ RunTime:0.000049s ]
ERR: 无法加载模块:Wap

[ 2017-10-23T22:37:27+08:00 ] 140.205.225.198 /index.php?m=member&c=index&a=register&siteid=1
INFO: [ app_init ] --START--
INFO: Run Behavior\BuildLiteBehavior [ RunTime:0.000006s ]
INFO: [ app_init ] --END-- [ RunTime:0.000044s ]
ERR: 无法加载模块:Member

[ 2017-10-23T22:37:28+08:00 ] 140.205.225.198 /index.php?m=wap&a=index&siteid=1
INFO: [ app_init ] --START--
INFO: Run Behavior\BuildLiteBehavior [ RunTime:0.000006s ]
INFO: [ app_init ] --END-- [ RunTime:0.000037s ]
ERR: 无法加载模块:Wap

