[ 2017-09-18T09:05:19+08:00 ] 218.94.111.198 /index.php/Admin/Index/index
INFO: [ app_init ] --START--
INFO: Run Behavior\BuildLiteBehavior [ RunTime:0.000006s ]
INFO: [ app_init ] --END-- [ RunTime:0.000046s ]
INFO: [ app_begin ] --START--
INFO: Run Behavior\ReadHtmlCacheBehavior [ RunTime:0.000020s ]
INFO: [ app_begin ] --END-- [ RunTime:0.000036s ]
SQL: SHOW COLUMNS FROM `wjw_oauth_user` [ RunTime:0.0008s ]
SQL: SELECT COUNT(*) AS tp_count FROM `wjw_oauth_user` WHERE `is_admin` = 1 LIMIT 1   [ RunTime:0.0005s ]

[ 2017-09-18T09:05:29+08:00 ] 101.226.89.120 /index.php/Admin/Index/index
INFO: [ app_init ] --START--
INFO: Run Behavior\BuildLiteBehavior [ RunTime:0.000006s ]
INFO: [ app_init ] --END-- [ RunTime:0.000042s ]
INFO: [ app_begin ] --START--
INFO: Run Behavior\ReadHtmlCacheBehavior [ RunTime:0.000018s ]
INFO: [ app_begin ] --END-- [ RunTime:0.000032s ]
SQL: SHOW COLUMNS FROM `wjw_oauth_user` [ RunTime:0.0007s ]
SQL: SELECT COUNT(*) AS tp_count FROM `wjw_oauth_user` WHERE `is_admin` = 1 LIMIT 1   [ RunTime:0.0004s ]

[ 2017-09-18T09:05:59+08:00 ] 218.94.111.198 /index.php/Admin/Index/index
INFO: [ app_init ] --START--
INFO: Run Behavior\BuildLiteBehavior [ RunTime:0.000006s ]
INFO: [ app_init ] --END-- [ RunTime:0.000043s ]
INFO: [ app_begin ] --START--
INFO: Run Behavior\ReadHtmlCacheBehavior [ RunTime:0.000017s ]
INFO: [ app_begin ] --END-- [ RunTime:0.000030s ]
INFO: [ view_parse ] --START--
INFO: [ template_filter ] --START--
INFO: Run Behavior\ContentReplaceBehavior [ RunTime:0.000070s ]
INFO: [ template_filter ] --END-- [ RunTime:0.000086s ]
INFO: Run Behavior\ParseTemplateBehavior [ RunTime:0.002379s ]
INFO: [ view_parse ] --END-- [ RunTime:0.002415s ]
INFO: [ view_filter ] --START--
INFO: Run Behavior\WriteHtmlCacheBehavior [ RunTime:0.000019s ]
INFO: [ view_filter ] --END-- [ RunTime:0.000026s ]
INFO: [ app_end ] --START--
INFO: Run Behavior\ShowPageTraceBehavior [ RunTime:0.000020s ]
INFO: [ app_end ] --END-- [ RunTime:0.000028s ]

[ 2017-09-18T09:05:59+08:00 ] 218.94.111.198 /index.php/Admin/Index/welcome
INFO: [ app_init ] --START--
INFO: Run Behavior\BuildLiteBehavior [ RunTime:0.000006s ]
INFO: [ app_init ] --END-- [ RunTime:0.000037s ]
INFO: [ app_begin ] --START--
INFO: Run Behavior\ReadHtmlCacheBehavior [ RunTime:0.000014s ]
INFO: [ app_begin ] --END-- [ RunTime:0.000026s ]
SQL: SHOW COLUMNS FROM `wjw_article` [ RunTime:0.0008s ]
SQL: SELECT COUNT(*) AS tp_count FROM `wjw_article` LIMIT 1   [ RunTime:0.0004s ]
SQL: SELECT COUNT(*) AS tp_count FROM `wjw_article` WHERE `is_delete` = 1 LIMIT 1   [ RunTime:0.0004s ]
SQL: SELECT COUNT(*) AS tp_count FROM `wjw_article` WHERE `is_show` = 0 LIMIT 1   [ RunTime:0.0004s ]
SQL: SHOW COLUMNS FROM `wjw_chat` [ RunTime:0.0005s ]
SQL: SELECT COUNT(*) AS tp_count FROM `wjw_chat` LIMIT 1   [ RunTime:0.0004s ]
SQL: SELECT COUNT(*) AS tp_count FROM `wjw_chat` WHERE `is_delete` = 1 LIMIT 1   [ RunTime:0.0004s ]
SQL: SELECT COUNT(*) AS tp_count FROM `wjw_chat` WHERE `is_show` = 0 LIMIT 1   [ RunTime:0.0004s ]
SQL: SHOW COLUMNS FROM `wjw_comment` [ RunTime:0.0006s ]
SQL: SELECT COUNT(*) AS tp_count FROM `wjw_comment` LIMIT 1   [ RunTime:0.0004s ]
INFO: [ view_parse ] --START--
INFO: [ template_filter ] --START--
INFO: Run Behavior\ContentReplaceBehavior [ RunTime:0.000041s ]
INFO: [ template_filter ] --END-- [ RunTime:0.000056s ]
INFO: Run Behavior\ParseTemplateBehavior [ RunTime:0.000850s ]
INFO: [ view_parse ] --END-- [ RunTime:0.000866s ]
INFO: [ view_filter ] --START--
INFO: Run Behavior\WriteHtmlCacheBehavior [ RunTime:0.000016s ]
INFO: [ view_filter ] --END-- [ RunTime:0.000023s ]
INFO: [ app_end ] --START--
INFO: Run Behavior\ShowPageTraceBehavior [ RunTime:0.000011s ]
INFO: [ app_end ] --END-- [ RunTime:0.000019s ]

[ 2017-09-18T09:06:02+08:00 ] 218.94.111.198 /index.php/Admin/Article/add
INFO: [ app_init ] --START--
INFO: Run Behavior\BuildLiteBehavior [ RunTime:0.000007s ]
INFO: [ app_init ] --END-- [ RunTime:0.000040s ]
INFO: [ app_begin ] --START--
INFO: Run Behavior\ReadHtmlCacheBehavior [ RunTime:0.000015s ]
INFO: [ app_begin ] --END-- [ RunTime:0.000028s ]
SQL: SHOW COLUMNS FROM `wjw_article` [ RunTime:0.0008s ]
SQL: SHOW COLUMNS FROM `wjw_category` [ RunTime:0.0006s ]
SQL: SELECT * FROM `wjw_category` ORDER BY sort  [ RunTime:0.0005s ]
SQL: SHOW COLUMNS FROM `wjw_tag` [ RunTime:0.0005s ]
SQL: SELECT * FROM `wjw_tag`  [ RunTime:0.0004s ]
SQL: SHOW COLUMNS FROM `wjw_article_tag` [ RunTime:0.0005s ]
SQL: SELECT COUNT(*) AS tp_count FROM `wjw_article_tag` WHERE `tid` = 20 LIMIT 1   [ RunTime:0.0004s ]
SQL: SELECT COUNT(*) AS tp_count FROM `wjw_article_tag` WHERE `tid` = 21 LIMIT 1   [ RunTime:0.0004s ]
INFO: [ view_parse ] --START--
INFO: [ template_filter ] --START--
INFO: Run Behavior\ContentReplaceBehavior [ RunTime:0.000056s ]
INFO: [ template_filter ] --END-- [ RunTime:0.000073s ]
INFO: Run Behavior\ParseTemplateBehavior [ RunTime:0.001493s ]
INFO: [ view_parse ] --END-- [ RunTime:0.001510s ]
INFO: [ view_filter ] --START--
INFO: Run Behavior\WriteHtmlCacheBehavior [ RunTime:0.000019s ]
INFO: [ view_filter ] --END-- [ RunTime:0.000028s ]
INFO: [ app_end ] --START--
INFO: Run Behavior\ShowPageTraceBehavior [ RunTime:0.000014s ]
INFO: [ app_end ] --END-- [ RunTime:0.000022s ]

[ 2017-09-18T09:06:09+08:00 ] 101.226.99.197 /index.php/Admin/Index/welcome
INFO: [ app_init ] --START--
INFO: Run Behavior\BuildLiteBehavior [ RunTime:0.000007s ]
INFO: [ app_init ] --END-- [ RunTime:0.000058s ]
INFO: [ app_begin ] --START--
INFO: Run Behavior\ReadHtmlCacheBehavior [ RunTime:0.000018s ]
INFO: [ app_begin ] --END-- [ RunTime:0.000029s ]
SQL: SHOW COLUMNS FROM `wjw_oauth_user` [ RunTime:0.0008s ]
SQL: SELECT COUNT(*) AS tp_count FROM `wjw_oauth_user` WHERE `is_admin` = 1 LIMIT 1   [ RunTime:0.0004s ]

[ 2017-09-18T09:06:12+08:00 ] 101.226.33.221 /index.php/Admin/Article/add
INFO: [ app_init ] --START--
INFO: Run Behavior\BuildLiteBehavior [ RunTime:0.000006s ]
INFO: [ app_init ] --END-- [ RunTime:0.000055s ]
INFO: [ app_begin ] --START--
INFO: Run Behavior\ReadHtmlCacheBehavior [ RunTime:0.000017s ]
INFO: [ app_begin ] --END-- [ RunTime:0.000029s ]
SQL: SHOW COLUMNS FROM `wjw_oauth_user` [ RunTime:0.0008s ]
SQL: SELECT COUNT(*) AS tp_count FROM `wjw_oauth_user` WHERE `is_admin` = 1 LIMIT 1   [ RunTime:0.0004s ]

[ 2017-09-18T09:06:16+08:00 ] 123.151.64.201 /index.php/Admin/Index/index
INFO: [ app_init ] --START--
INFO: Run Behavior\BuildLiteBehavior [ RunTime:0.000007s ]
INFO: [ app_init ] --END-- [ RunTime:0.000044s ]
INFO: [ app_begin ] --START--
INFO: Run Behavior\ReadHtmlCacheBehavior [ RunTime:0.000016s ]
INFO: [ app_begin ] --END-- [ RunTime:0.000029s ]
SQL: SHOW COLUMNS FROM `wjw_oauth_user` [ RunTime:0.0008s ]
SQL: SELECT COUNT(*) AS tp_count FROM `wjw_oauth_user` WHERE `is_admin` = 1 LIMIT 1   [ RunTime:0.0004s ]

[ 2017-09-18T09:07:37+08:00 ] 123.125.67.208 /index.php/Admin/Index/welcome
INFO: [ app_init ] --START--
INFO: Run Behavior\BuildLiteBehavior [ RunTime:0.000007s ]
INFO: [ app_init ] --END-- [ RunTime:0.000047s ]
INFO: [ app_begin ] --START--
INFO: Run Behavior\ReadHtmlCacheBehavior [ RunTime:0.000019s ]
INFO: [ app_begin ] --END-- [ RunTime:0.000033s ]
SQL: SHOW COLUMNS FROM `wjw_oauth_user` [ RunTime:0.0008s ]
SQL: SELECT COUNT(*) AS tp_count FROM `wjw_oauth_user` WHERE `is_admin` = 1 LIMIT 1   [ RunTime:0.0004s ]

[ 2017-09-18T09:07:48+08:00 ] 218.94.111.198 /index.php/Admin/Article/add
INFO: [ app_init ] --START--
INFO: Run Behavior\BuildLiteBehavior [ RunTime:0.000007s ]
INFO: [ app_init ] --END-- [ RunTime:0.000043s ]
INFO: [ app_begin ] --START--
INFO: Run Behavior\ReadHtmlCacheBehavior [ RunTime:0.000016s ]
INFO: [ app_begin ] --END-- [ RunTime:0.000030s ]
SQL: SHOW COLUMNS FROM `wjw_article` [ RunTime:0.0008s ]
SQL: INSERT INTO `wjw_article` (`cid`,`title`,`author`,`keywords`,`description`,`is_original`,`is_top`,`is_show`,`content`,`click`,`is_delete`,`addtime`) VALUES ('28','unar万能linux解压工具 ','王加文','zip解压中文乱码','zip解压 中文无乱码','0','0','1','&lt;p&gt;&lt;strong&gt;1. 安装&lt;/strong&gt;&lt;/p&gt;&lt;pre class=&quot;prettyprint&quot;&gt;sudo&amp;nbsp;apt-get&amp;nbsp;install&amp;nbsp;unar1&lt;/pre&gt;&lt;p&gt;&lt;strong&gt;2.列出压缩包内容&lt;/strong&gt;&lt;/p&gt;&lt;pre class=&quot;prettyprint&quot;&gt;lsar&amp;nbsp;test.zip1&lt;/pre&gt;&lt;p&gt;&lt;strong&gt;3.解压压缩包&lt;/strong&gt;&lt;/p&gt;&lt;pre class=&quot;prettyprint&quot;&gt;unar&amp;nbsp;test.zip1&lt;/pre&gt;&lt;p&gt;&lt;strong&gt;4.unar常用选项解释&lt;/strong&gt;&lt;/p&gt;&lt;p&gt;-o&lt;/p&gt;&lt;blockquote&gt;&lt;p&gt;解释：指定解压结果保存的位置 &lt;br/&gt;
 &amp;nbsp;&lt;code&gt;unar test.zip -o /home/dir/&lt;/code&gt;&lt;/p&gt;&lt;/blockquote&gt;&lt;p&gt;-e&lt;/p&gt;&lt;blockquote&gt;&lt;p&gt;解释：指定编码 &lt;br/&gt;
 &amp;nbsp;&lt;code&gt;unar -e GBK test.zip&lt;/code&gt;&lt;/p&gt;&lt;/blockquote&gt;&lt;p&gt;-p&lt;/p&gt;&lt;blockquote&gt;&lt;p&gt;解释：指定解压密码 &lt;br/&gt;
 &amp;nbsp;&lt;code&gt;unar -p 123456 test.zip&lt;/code&gt;&lt;/p&gt;&lt;/blockquote&gt;&lt;p&gt;&lt;strong&gt;3.解决linux解压压缩包中文文件名乱码问题&lt;/strong&gt;&lt;/p&gt;&lt;pre class=&quot;prettyprint&quot;&gt;lsar&amp;nbsp;test.zip###若发现乱码，可指定压缩包文件名使用的编码格式##lsar&amp;nbsp;-e&amp;nbsp;GB18030&amp;nbsp;test.zip###若能正常列出文件名，可解压###unar&amp;nbsp;-e&amp;nbsp;GB18030&amp;nbsp;test.zip&lt;/pre&gt;&lt;p&gt;&lt;br/&gt;&lt;/p&gt;&lt;p&gt;&lt;br/&gt;&lt;/p&gt;&lt;p&gt;本文转载于：http://blog.csdn.net/dk_mcu/article/details/50732703&lt;br/&gt;&lt;/p&gt;','0','0','1505696868') [ RunTime:0.0772s ]
SQL: SHOW COLUMNS FROM `wjw_article_tag` [ RunTime:0.0005s ]
SQL: INSERT INTO `wjw_article_tag` (`aid`,`tid`) VALUES ('23','21') [ RunTime:0.0009s ]
SQL: SHOW COLUMNS FROM `wjw_article` [ RunTime:0.0006s ]
SQL: SELECT `aid`,`addtime` FROM `wjw_article` WHERE `is_show` = 1 AND `is_delete` = 0 ORDER BY aid desc  [ RunTime:0.0005s ]
INFO: [ view_parse ] --START--
INFO: [ template_filter ] --START--
INFO: Run Behavior\ContentReplaceBehavior [ RunTime:0.000025s ]
INFO: [ template_filter ] --END-- [ RunTime:0.000042s ]
INFO: Run Behavior\ParseTemplateBehavior [ RunTime:0.001728s ]
INFO: [ view_parse ] --END-- [ RunTime:0.001747s ]
INFO: [ view_filter ] --START--
INFO: Run Behavior\WriteHtmlCacheBehavior [ RunTime:0.000021s ]
INFO: [ view_filter ] --END-- [ RunTime:0.000029s ]
INFO: [ app_end ] --START--
INFO: Run Behavior\ShowPageTraceBehavior [ RunTime:0.000015s ]
INFO: [ app_end ] --END-- [ RunTime:0.000022s ]

[ 2017-09-18T09:07:52+08:00 ] 218.94.111.198 /index.php/Admin/Article/index
INFO: [ app_init ] --START--
INFO: Run Behavior\BuildLiteBehavior [ RunTime:0.000006s ]
INFO: [ app_init ] --END-- [ RunTime:0.000040s ]
INFO: [ app_begin ] --START--
INFO: Run Behavior\ReadHtmlCacheBehavior [ RunTime:0.000015s ]
INFO: [ app_begin ] --END-- [ RunTime:0.000026s ]
SQL: SHOW COLUMNS FROM `wjw_article` [ RunTime:0.0007s ]
SQL: SELECT COUNT(*) AS tp_count FROM `wjw_article` WHERE `is_delete` = 0 LIMIT 1   [ RunTime:0.0004s ]
SQL: SELECT * FROM `wjw_article` WHERE `is_delete` = 0 ORDER BY addtime desc LIMIT 0,15   [ RunTime:0.0006s ]
SQL: SHOW COLUMNS FROM `wjw_article_tag` [ RunTime:0.0005s ]
SQL: SHOW COLUMNS FROM `wjw_article_tag` [ RunTime:0.0005s ]
SQL: SELECT * FROM `wjw_article_tag` INNER JOIN wjw_tag ON wjw_article_tag.tid=wjw_tag.tid  WHERE `aid` = '23'  [ RunTime:0.0004s ]
SQL: SHOW COLUMNS FROM `wjw_article_pic` [ RunTime:0.0005s ]
SQL: SELECT `path` FROM `wjw_article_pic` WHERE `aid` = 23 ORDER BY ap_id asc LIMIT 1   [ RunTime:0.0004s ]
SQL: SHOW COLUMNS FROM `wjw_category` [ RunTime:0.0005s ]
SQL: SELECT `cid`,`cid`,`cname` FROM `wjw_category` WHERE `cid` = 28  [ RunTime:0.0004s ]
SQL: SELECT * FROM `wjw_article_tag` INNER JOIN wjw_tag ON wjw_article_tag.tid=wjw_tag.tid  WHERE `aid` = '22'  [ RunTime:0.0004s ]
SQL: SELECT `path` FROM `wjw_article_pic` WHERE `aid` = 22 ORDER BY ap_id asc LIMIT 1   [ RunTime:0.0004s ]
SQL: SELECT `cid`,`cid`,`cname` FROM `wjw_category` WHERE `cid` = 29  [ RunTime:0.0004s ]
SQL: SELECT * FROM `wjw_article_tag` INNER JOIN wjw_tag ON wjw_article_tag.tid=wjw_tag.tid  WHERE `aid` = '21'  [ RunTime:0.0004s ]
SQL: SELECT `path` FROM `wjw_article_pic` WHERE `aid` = 21 ORDER BY ap_id asc LIMIT 1   [ RunTime:0.0004s ]
SQL: SELECT `cid`,`cid`,`cname` FROM `wjw_category` WHERE `cid` = 29  [ RunTime:0.0004s ]
SQL: SELECT * FROM `wjw_article_tag` INNER JOIN wjw_tag ON wjw_article_tag.tid=wjw_tag.tid  WHERE `aid` = '20'  [ RunTime:0.0004s ]
SQL: SELECT `path` FROM `wjw_article_pic` WHERE `aid` = 20 ORDER BY ap_id asc LIMIT 1   [ RunTime:0.0004s ]
SQL: SELECT `cid`,`cid`,`cname` FROM `wjw_category` WHERE `cid` = 29  [ RunTime:0.0004s ]
SQL: SELECT * FROM `wjw_article_tag` INNER JOIN wjw_tag ON wjw_article_tag.tid=wjw_tag.tid  WHERE `aid` = '18'  [ RunTime:0.0004s ]
SQL: SELECT `path` FROM `wjw_article_pic` WHERE `aid` = 18 ORDER BY ap_id asc LIMIT 1   [ RunTime:0.0004s ]
SQL: SELECT `cid`,`cid`,`cname` FROM `wjw_category` WHERE `cid` = 28  [ RunTime:0.0004s ]
SQL: SELECT * FROM `wjw_article_tag` INNER JOIN wjw_tag ON wjw_article_tag.tid=wjw_tag.tid  WHERE `aid` = '17'  [ RunTime:0.0004s ]
SQL: SELECT `path` FROM `wjw_article_pic` WHERE `aid` = 17 ORDER BY ap_id asc LIMIT 1   [ RunTime:0.0004s ]
SQL: SELECT `cid`,`cid`,`cname` FROM `wjw_category` WHERE `cid` = 28  [ RunTime:0.0004s ]
INFO: [ view_parse ] --START--
INFO: [ template_filter ] --START--
INFO: Run Behavior\ContentReplaceBehavior [ RunTime:0.000036s ]
INFO: [ template_filter ] --END-- [ RunTime:0.000051s ]
INFO: Run Behavior\ParseTemplateBehavior [ RunTime:0.006023s ]
INFO: [ view_parse ] --END-- [ RunTime:0.006038s ]
INFO: [ view_filter ] --START--
INFO: Run Behavior\WriteHtmlCacheBehavior [ RunTime:0.000018s ]
INFO: [ view_filter ] --END-- [ RunTime:0.000025s ]
INFO: [ app_end ] --START--
INFO: Run Behavior\ShowPageTraceBehavior [ RunTime:0.000012s ]
INFO: [ app_end ] --END-- [ RunTime:0.000020s ]

[ 2017-09-18T09:07:54+08:00 ] 218.94.111.198 /index.php/Admin/Index/index
INFO: [ app_init ] --START--
INFO: Run Behavior\BuildLiteBehavior [ RunTime:0.000006s ]
INFO: [ app_init ] --END-- [ RunTime:0.000040s ]
INFO: [ app_begin ] --START--
INFO: Run Behavior\ReadHtmlCacheBehavior [ RunTime:0.000014s ]
INFO: [ app_begin ] --END-- [ RunTime:0.000028s ]
INFO: [ view_parse ] --START--
INFO: [ template_filter ] --START--
INFO: Run Behavior\ContentReplaceBehavior [ RunTime:0.000093s ]
INFO: [ template_filter ] --END-- [ RunTime:0.000109s ]
INFO: Run Behavior\ParseTemplateBehavior [ RunTime:0.001699s ]
INFO: [ view_parse ] --END-- [ RunTime:0.001717s ]
INFO: [ view_filter ] --START--
INFO: Run Behavior\WriteHtmlCacheBehavior [ RunTime:0.000017s ]
INFO: [ view_filter ] --END-- [ RunTime:0.000026s ]
INFO: [ app_end ] --START--
INFO: Run Behavior\ShowPageTraceBehavior [ RunTime:0.000012s ]
INFO: [ app_end ] --END-- [ RunTime:0.000021s ]

[ 2017-09-18T09:07:54+08:00 ] 218.94.111.198 /index.php/Admin/Index/welcome
INFO: [ app_init ] --START--
INFO: Run Behavior\BuildLiteBehavior [ RunTime:0.000003s ]
INFO: [ app_init ] --END-- [ RunTime:0.000025s ]
INFO: [ app_begin ] --START--
INFO: Run Behavior\ReadHtmlCacheBehavior [ RunTime:0.000011s ]
INFO: [ app_begin ] --END-- [ RunTime:0.000022s ]
SQL: SHOW COLUMNS FROM `wjw_article` [ RunTime:0.0008s ]
SQL: SELECT COUNT(*) AS tp_count FROM `wjw_article` LIMIT 1   [ RunTime:0.0004s ]
SQL: SELECT COUNT(*) AS tp_count FROM `wjw_article` WHERE `is_delete` = 1 LIMIT 1   [ RunTime:0.0004s ]
SQL: SELECT COUNT(*) AS tp_count FROM `wjw_article` WHERE `is_show` = 0 LIMIT 1   [ RunTime:0.0004s ]
SQL: SHOW COLUMNS FROM `wjw_chat` [ RunTime:0.0005s ]
SQL: SELECT COUNT(*) AS tp_count FROM `wjw_chat` LIMIT 1   [ RunTime:0.0004s ]
SQL: SELECT COUNT(*) AS tp_count FROM `wjw_chat` WHERE `is_delete` = 1 LIMIT 1   [ RunTime:0.0004s ]
SQL: SELECT COUNT(*) AS tp_count FROM `wjw_chat` WHERE `is_show` = 0 LIMIT 1   [ RunTime:0.0004s ]
SQL: SHOW COLUMNS FROM `wjw_comment` [ RunTime:0.0005s ]
SQL: SELECT COUNT(*) AS tp_count FROM `wjw_comment` LIMIT 1   [ RunTime:0.0004s ]
INFO: [ view_parse ] --START--
INFO: [ template_filter ] --START--
INFO: Run Behavior\ContentReplaceBehavior [ RunTime:0.000037s ]
INFO: [ template_filter ] --END-- [ RunTime:0.000050s ]
INFO: Run Behavior\ParseTemplateBehavior [ RunTime:0.000725s ]
INFO: [ view_parse ] --END-- [ RunTime:0.000740s ]
INFO: [ view_filter ] --START--
INFO: Run Behavior\WriteHtmlCacheBehavior [ RunTime:0.000014s ]
INFO: [ view_filter ] --END-- [ RunTime:0.000023s ]
INFO: [ app_end ] --START--
INFO: Run Behavior\ShowPageTraceBehavior [ RunTime:0.000015s ]
INFO: [ app_end ] --END-- [ RunTime:0.000028s ]

[ 2017-09-18T09:08:02+08:00 ] 101.226.33.226 /index.php/Admin/Article/index
INFO: [ app_init ] --START--
INFO: Run Behavior\BuildLiteBehavior [ RunTime:0.000006s ]
INFO: [ app_init ] --END-- [ RunTime:0.000040s ]
INFO: [ app_begin ] --START--
INFO: Run Behavior\ReadHtmlCacheBehavior [ RunTime:0.000016s ]
INFO: [ app_begin ] --END-- [ RunTime:0.000028s ]
SQL: SHOW COLUMNS FROM `wjw_oauth_user` [ RunTime:0.0007s ]
SQL: SELECT COUNT(*) AS tp_count FROM `wjw_oauth_user` WHERE `is_admin` = 1 LIMIT 1   [ RunTime:0.0004s ]

[ 2017-09-18T09:08:46+08:00 ] 218.94.111.198 /index.php/Admin/Index/index
INFO: [ app_init ] --START--
INFO: Run Behavior\BuildLiteBehavior [ RunTime:0.000007s ]
INFO: [ app_init ] --END-- [ RunTime:0.000044s ]
INFO: [ app_begin ] --START--
INFO: Run Behavior\ReadHtmlCacheBehavior [ RunTime:0.000019s ]
INFO: [ app_begin ] --END-- [ RunTime:0.000032s ]
INFO: [ view_parse ] --START--
INFO: [ template_filter ] --START--
INFO: Run Behavior\ContentReplaceBehavior [ RunTime:0.000084s ]
INFO: [ template_filter ] --END-- [ RunTime:0.000102s ]
INFO: Run Behavior\ParseTemplateBehavior [ RunTime:0.001697s ]
INFO: [ view_parse ] --END-- [ RunTime:0.001713s ]
INFO: [ view_filter ] --START--
INFO: Run Behavior\WriteHtmlCacheBehavior [ RunTime:0.000022s ]
INFO: [ view_filter ] --END-- [ RunTime:0.000030s ]
INFO: [ app_end ] --START--
INFO: Run Behavior\ShowPageTraceBehavior [ RunTime:0.000016s ]
INFO: [ app_end ] --END-- [ RunTime:0.000024s ]

[ 2017-09-18T09:08:46+08:00 ] 218.94.111.198 /index.php/Admin/Index/welcome
INFO: [ app_init ] --START--
INFO: Run Behavior\BuildLiteBehavior [ RunTime:0.000004s ]
INFO: [ app_init ] --END-- [ RunTime:0.000025s ]
INFO: [ app_begin ] --START--
INFO: Run Behavior\ReadHtmlCacheBehavior [ RunTime:0.000012s ]
INFO: [ app_begin ] --END-- [ RunTime:0.000024s ]
SQL: SHOW COLUMNS FROM `wjw_article` [ RunTime:0.0008s ]
SQL: SELECT COUNT(*) AS tp_count FROM `wjw_article` LIMIT 1   [ RunTime:0.0004s ]
SQL: SELECT COUNT(*) AS tp_count FROM `wjw_article` WHERE `is_delete` = 1 LIMIT 1   [ RunTime:0.0004s ]
SQL: SELECT COUNT(*) AS tp_count FROM `wjw_article` WHERE `is_show` = 0 LIMIT 1   [ RunTime:0.0004s ]
SQL: SHOW COLUMNS FROM `wjw_chat` [ RunTime:0.0006s ]
SQL: SELECT COUNT(*) AS tp_count FROM `wjw_chat` LIMIT 1   [ RunTime:0.0004s ]
SQL: SELECT COUNT(*) AS tp_count FROM `wjw_chat` WHERE `is_delete` = 1 LIMIT 1   [ RunTime:0.0004s ]
SQL: SELECT COUNT(*) AS tp_count FROM `wjw_chat` WHERE `is_show` = 0 LIMIT 1   [ RunTime:0.0004s ]
SQL: SHOW COLUMNS FROM `wjw_comment` [ RunTime:0.0006s ]
SQL: SELECT COUNT(*) AS tp_count FROM `wjw_comment` LIMIT 1   [ RunTime:0.0004s ]
INFO: [ view_parse ] --START--
INFO: [ template_filter ] --START--
INFO: Run Behavior\ContentReplaceBehavior [ RunTime:0.000039s ]
INFO: [ template_filter ] --END-- [ RunTime:0.000056s ]
INFO: Run Behavior\ParseTemplateBehavior [ RunTime:0.000765s ]
INFO: [ view_parse ] --END-- [ RunTime:0.000782s ]
INFO: [ view_filter ] --START--
INFO: Run Behavior\WriteHtmlCacheBehavior [ RunTime:0.000015s ]
INFO: [ view_filter ] --END-- [ RunTime:0.000022s ]
INFO: [ app_end ] --START--
INFO: Run Behavior\ShowPageTraceBehavior [ RunTime:0.000010s ]
INFO: [ app_end ] --END-- [ RunTime:0.000017s ]

[ 2017-09-18T09:08:49+08:00 ] 218.94.111.198 /index.php/Admin/Article/index
INFO: [ app_init ] --START--
INFO: Run Behavior\BuildLiteBehavior [ RunTime:0.000006s ]
INFO: [ app_init ] --END-- [ RunTime:0.000042s ]
INFO: [ app_begin ] --START--
INFO: Run Behavior\ReadHtmlCacheBehavior [ RunTime:0.000017s ]
INFO: [ app_begin ] --END-- [ RunTime:0.000030s ]
SQL: SHOW COLUMNS FROM `wjw_article` [ RunTime:0.0008s ]
SQL: SELECT COUNT(*) AS tp_count FROM `wjw_article` WHERE `is_delete` = 0 LIMIT 1   [ RunTime:0.0005s ]
SQL: SELECT * FROM `wjw_article` WHERE `is_delete` = 0 ORDER BY addtime desc LIMIT 0,15   [ RunTime:0.0006s ]
SQL: SHOW COLUMNS FROM `wjw_article_tag` [ RunTime:0.0005s ]
SQL: SHOW COLUMNS FROM `wjw_article_tag` [ RunTime:0.0005s ]
SQL: SELECT * FROM `wjw_article_tag` INNER JOIN wjw_tag ON wjw_article_tag.tid=wjw_tag.tid  WHERE `aid` = '23'  [ RunTime:0.0005s ]
SQL: SHOW COLUMNS FROM `wjw_article_pic` [ RunTime:0.0005s ]
SQL: SELECT `path` FROM `wjw_article_pic` WHERE `aid` = 23 ORDER BY ap_id asc LIMIT 1   [ RunTime:0.0004s ]
SQL: SHOW COLUMNS FROM `wjw_category` [ RunTime:0.0005s ]
SQL: SELECT `cid`,`cid`,`cname` FROM `wjw_category` WHERE `cid` = 28  [ RunTime:0.0004s ]
SQL: SELECT * FROM `wjw_article_tag` INNER JOIN wjw_tag ON wjw_article_tag.tid=wjw_tag.tid  WHERE `aid` = '22'  [ RunTime:0.0004s ]
SQL: SELECT `path` FROM `wjw_article_pic` WHERE `aid` = 22 ORDER BY ap_id asc LIMIT 1   [ RunTime:0.0004s ]
SQL: SELECT `cid`,`cid`,`cname` FROM `wjw_category` WHERE `cid` = 29  [ RunTime:0.0004s ]
SQL: SELECT * FROM `wjw_article_tag` INNER JOIN wjw_tag ON wjw_article_tag.tid=wjw_tag.tid  WHERE `aid` = '21'  [ RunTime:0.0004s ]
SQL: SELECT `path` FROM `wjw_article_pic` WHERE `aid` = 21 ORDER BY ap_id asc LIMIT 1   [ RunTime:0.0004s ]
SQL: SELECT `cid`,`cid`,`cname` FROM `wjw_category` WHERE `cid` = 29  [ RunTime:0.0004s ]
SQL: SELECT * FROM `wjw_article_tag` INNER JOIN wjw_tag ON wjw_article_tag.tid=wjw_tag.tid  WHERE `aid` = '20'  [ RunTime:0.0004s ]
SQL: SELECT `path` FROM `wjw_article_pic` WHERE `aid` = 20 ORDER BY ap_id asc LIMIT 1   [ RunTime:0.0004s ]
SQL: SELECT `cid`,`cid`,`cname` FROM `wjw_category` WHERE `cid` = 29  [ RunTime:0.0004s ]
SQL: SELECT * FROM `wjw_article_tag` INNER JOIN wjw_tag ON wjw_article_tag.tid=wjw_tag.tid  WHERE `aid` = '18'  [ RunTime:0.0004s ]
SQL: SELECT `path` FROM `wjw_article_pic` WHERE `aid` = 18 ORDER BY ap_id asc LIMIT 1   [ RunTime:0.0004s ]
SQL: SELECT `cid`,`cid`,`cname` FROM `wjw_category` WHERE `cid` = 28  [ RunTime:0.0004s ]
SQL: SELECT * FROM `wjw_article_tag` INNER JOIN wjw_tag ON wjw_article_tag.tid=wjw_tag.tid  WHERE `aid` = '17'  [ RunTime:0.0004s ]
SQL: SELECT `path` FROM `wjw_article_pic` WHERE `aid` = 17 ORDER BY ap_id asc LIMIT 1   [ RunTime:0.0004s ]
SQL: SELECT `cid`,`cid`,`cname` FROM `wjw_category` WHERE `cid` = 28  [ RunTime:0.0004s ]
INFO: [ view_parse ] --START--
INFO: [ template_filter ] --START--
INFO: Run Behavior\ContentReplaceBehavior [ RunTime:0.000038s ]
INFO: [ template_filter ] --END-- [ RunTime:0.000053s ]
INFO: Run Behavior\ParseTemplateBehavior [ RunTime:0.001446s ]
INFO: [ view_parse ] --END-- [ RunTime:0.001463s ]
INFO: [ view_filter ] --START--
INFO: Run Behavior\WriteHtmlCacheBehavior [ RunTime:0.000018s ]
INFO: [ view_filter ] --END-- [ RunTime:0.000026s ]
INFO: [ app_end ] --START--
INFO: Run Behavior\ShowPageTraceBehavior [ RunTime:0.000013s ]
INFO: [ app_end ] --END-- [ RunTime:0.000021s ]

[ 2017-09-18T09:08:51+08:00 ] 218.94.111.198 /index.php/Admin/Article/edit/aid/23
INFO: [ app_init ] --START--
INFO: Run Behavior\BuildLiteBehavior [ RunTime:0.000006s ]
INFO: [ app_init ] --END-- [ RunTime:0.000066s ]
INFO: [ app_begin ] --START--
INFO: Run Behavior\ReadHtmlCacheBehavior [ RunTime:0.000015s ]
INFO: [ app_begin ] --END-- [ RunTime:0.000028s ]
SQL: SHOW COLUMNS FROM `wjw_article` [ RunTime:0.0008s ]
SQL: SELECT * FROM `wjw_article` WHERE `aid` = 23 LIMIT 1   [ RunTime:0.0005s ]
SQL: SHOW COLUMNS FROM `wjw_article_tag` [ RunTime:0.0005s ]
SQL: SELECT `tid` FROM `wjw_article_tag` WHERE `aid` = 23  [ RunTime:0.0004s ]
SQL: SHOW COLUMNS FROM `wjw_article_tag` [ RunTime:0.0005s ]
SQL: SELECT * FROM `wjw_article_tag` INNER JOIN wjw_tag ON wjw_article_tag.tid=wjw_tag.tid  WHERE `aid` = '23'  [ RunTime:0.0005s ]
SQL: SHOW COLUMNS FROM `wjw_category` [ RunTime:0.0006s ]
SQL: SELECT `cid`,`cid`,`cname`,`keywords` FROM `wjw_category` WHERE `cid` = 28  [ RunTime:0.0004s ]
SQL: SELECT * FROM `wjw_category` ORDER BY sort  [ RunTime:0.0004s ]
SQL: SHOW COLUMNS FROM `wjw_tag` [ RunTime:0.0005s ]
SQL: SELECT * FROM `wjw_tag`  [ RunTime:0.0004s ]
SQL: SHOW COLUMNS FROM `wjw_article_tag` [ RunTime:0.0005s ]
SQL: SELECT COUNT(*) AS tp_count FROM `wjw_article_tag` WHERE `tid` = 20 LIMIT 1   [ RunTime:0.0004s ]
SQL: SELECT COUNT(*) AS tp_count FROM `wjw_article_tag` WHERE `tid` = 21 LIMIT 1   [ RunTime:0.0004s ]
INFO: [ view_parse ] --START--
INFO: [ template_filter ] --START--
INFO: Run Behavior\ContentReplaceBehavior [ RunTime:0.000054s ]
INFO: [ template_filter ] --END-- [ RunTime:0.000069s ]
INFO: Run Behavior\ParseTemplateBehavior [ RunTime:0.008722s ]
INFO: [ view_parse ] --END-- [ RunTime:0.008738s ]
INFO: [ view_filter ] --START--
INFO: Run Behavior\WriteHtmlCacheBehavior [ RunTime:0.000015s ]
INFO: [ view_filter ] --END-- [ RunTime:0.000022s ]
INFO: [ app_end ] --START--
INFO: Run Behavior\ShowPageTraceBehavior [ RunTime:0.000011s ]
INFO: [ app_end ] --END-- [ RunTime:0.000018s ]

[ 2017-09-18T09:09:01+08:00 ] 101.226.33.225 /index.php/Admin/Article/edit/aid/23
INFO: [ app_init ] --START--
INFO: Run Behavior\BuildLiteBehavior [ RunTime:0.000007s ]
INFO: [ app_init ] --END-- [ RunTime:0.000040s ]
INFO: [ app_begin ] --START--
INFO: Run Behavior\ReadHtmlCacheBehavior [ RunTime:0.000017s ]
INFO: [ app_begin ] --END-- [ RunTime:0.000029s ]
SQL: SHOW COLUMNS FROM `wjw_oauth_user` [ RunTime:0.0008s ]
SQL: SELECT COUNT(*) AS tp_count FROM `wjw_oauth_user` WHERE `is_admin` = 1 LIMIT 1   [ RunTime:0.0005s ]

[ 2017-09-18T09:10:30+08:00 ] 218.94.111.198 /index.php/Admin/Article/edit/aid/23
INFO: [ app_init ] --START--
INFO: Run Behavior\BuildLiteBehavior [ RunTime:0.000007s ]
INFO: [ app_init ] --END-- [ RunTime:0.000044s ]
INFO: [ app_begin ] --START--
INFO: Run Behavior\ReadHtmlCacheBehavior [ RunTime:0.000017s ]
INFO: [ app_begin ] --END-- [ RunTime:0.000030s ]
SQL: SHOW COLUMNS FROM `wjw_article` [ RunTime:0.0008s ]
SQL: UPDATE `wjw_article` SET `aid`='23',`cid`='28',`title`='unar万能linux解压工具',`author`='王加文',`keywords`='zip解压中文乱码',`description`='zip解压 中文无乱码',`is_original`='0',`is_top`='0',`is_show`='1',`content`='&lt;p&gt;&lt;strong&gt;&lt;img src=&quot;/Upload/image/ueditor/20170918/1505697027220851.png&quot; title=&quot;白俊遥博客&quot; alt=&quot;白俊遥博客&quot;/&gt;&lt;/strong&gt;&lt;/p&gt;&lt;p&gt;&lt;strong&gt;&lt;br/&gt;&lt;/strong&gt;&lt;/p&gt;&lt;p&gt;&lt;strong&gt;&lt;br/&gt;&lt;/strong&gt;&lt;/p&gt;&lt;p&gt;&lt;strong&gt;1. 安装&lt;/strong&gt;&lt;/p&gt;&lt;pre class=&quot;prettyprint&quot;&gt;sudo&amp;nbsp;apt-get&amp;nbsp;install&amp;nbsp;unar&lt;/pre&gt;&lt;p&gt;&lt;strong&gt;2.列出压缩包内容&lt;/strong&gt;&lt;/p&gt;&lt;pre class=&quot;prettyprint&quot;&gt;lsar&amp;nbsp;test.zip&lt;/pre&gt;&lt;p&gt;&lt;strong&gt;3.解压压缩包&lt;/strong&gt;&lt;/p&gt;&lt;pre class=&quot;prettyprint&quot;&gt;unar&amp;nbsp;test.zip&lt;/pre&gt;&lt;p&gt;&lt;strong&gt;4.unar常用选项解释&lt;/strong&gt;&lt;/p&gt;&lt;p&gt;-o&lt;/p&gt;&lt;blockquote&gt;&lt;p&gt;解释：指定解压结果保存的位置 &lt;br/&gt;
 &amp;nbsp;&lt;code&gt;unar test.zip -o /home/dir/&lt;/code&gt;&lt;/p&gt;&lt;/blockquote&gt;&lt;p&gt;-e&lt;/p&gt;&lt;blockquote&gt;&lt;p&gt;解释：指定编码 &lt;br/&gt;
 &amp;nbsp;&lt;code&gt;unar -e GBK test.zip&lt;/code&gt;&lt;/p&gt;&lt;/blockquote&gt;&lt;p&gt;-p&lt;/p&gt;&lt;blockquote&gt;&lt;p&gt;解释：指定解压密码 &lt;br/&gt;
 &amp;nbsp;&lt;code&gt;unar -p 123456 test.zip&lt;/code&gt;&lt;/p&gt;&lt;/blockquote&gt;&lt;p&gt;&lt;strong&gt;3.解决linux解压压缩包中文文件名乱码问题&lt;/strong&gt;&lt;/p&gt;&lt;pre class=&quot;prettyprint&quot;&gt;
lsar&amp;nbsp;test.zip###若发现乱码，可指定压缩包文件名使用的编码格式##

lsar&amp;nbsp;-e&amp;nbsp;GB18030&amp;nbsp;test.zip###若能正常列出文件名，可解压###

unar&amp;nbsp;-e&amp;nbsp;GB18030&amp;nbsp;test.zip&lt;/pre&gt;&lt;p&gt;&lt;br/&gt;&lt;/p&gt;&lt;p&gt;&lt;br/&gt;&lt;/p&gt;&lt;p&gt;本文转载于：http://blog.csdn.net/dk_mcu/article/details/50732703&lt;br/&gt;&lt;/p&gt;' WHERE `aid` = 23 [ RunTime:0.0178s ]
SQL: SHOW COLUMNS FROM `wjw_article_tag` [ RunTime:0.0005s ]
SQL: DELETE FROM `wjw_article_tag` WHERE `aid` = 23 [ RunTime:0.0076s ]
SQL: INSERT INTO `wjw_article_tag` (`aid`,`tid`) VALUES ('23','21') [ RunTime:0.0021s ]
SQL: SHOW COLUMNS FROM `wjw_article_pic` [ RunTime:0.0006s ]
SQL: DELETE FROM `wjw_article_pic` WHERE `aid` = 23 [ RunTime:0.0004s ]
SQL: INSERT INTO `wjw_article_pic` (`aid`,`path`) VALUES ('23','/Upload/image/ueditor/20170918/1505697027220851.png') [ RunTime:0.0038s ]
INFO: [ view_parse ] --START--
INFO: [ template_filter ] --START--
INFO: Run Behavior\ContentReplaceBehavior [ RunTime:0.000023s ]
INFO: [ template_filter ] --END-- [ RunTime:0.000038s ]
INFO: Run Behavior\ParseTemplateBehavior [ RunTime:0.001473s ]
INFO: [ view_parse ] --END-- [ RunTime:0.001488s ]
INFO: [ view_filter ] --START--
INFO: Run Behavior\WriteHtmlCacheBehavior [ RunTime:0.000018s ]
INFO: [ view_filter ] --END-- [ RunTime:0.000026s ]
INFO: [ app_end ] --START--
INFO: Run Behavior\ShowPageTraceBehavior [ RunTime:0.000013s ]
INFO: [ app_end ] --END-- [ RunTime:0.000020s ]

[ 2017-09-18T09:10:32+08:00 ] 218.94.111.198 /index.php/Admin/Article/edit/aid/23
INFO: [ app_init ] --START--
INFO: Run Behavior\BuildLiteBehavior [ RunTime:0.000005s ]
INFO: [ app_init ] --END-- [ RunTime:0.000037s ]
INFO: [ app_begin ] --START--
INFO: Run Behavior\ReadHtmlCacheBehavior [ RunTime:0.000014s ]
INFO: [ app_begin ] --END-- [ RunTime:0.000026s ]
SQL: SHOW COLUMNS FROM `wjw_article` [ RunTime:0.0007s ]
SQL: SELECT * FROM `wjw_article` WHERE `aid` = 23 LIMIT 1   [ RunTime:0.0005s ]
SQL: SHOW COLUMNS FROM `wjw_article_tag` [ RunTime:0.0005s ]
SQL: SELECT `tid` FROM `wjw_article_tag` WHERE `aid` = 23  [ RunTime:0.0004s ]
SQL: SHOW COLUMNS FROM `wjw_article_tag` [ RunTime:0.0005s ]
SQL: SELECT * FROM `wjw_article_tag` INNER JOIN wjw_tag ON wjw_article_tag.tid=wjw_tag.tid  WHERE `aid` = '23'  [ RunTime:0.0004s ]
SQL: SHOW COLUMNS FROM `wjw_category` [ RunTime:0.0005s ]
SQL: SELECT `cid`,`cid`,`cname`,`keywords` FROM `wjw_category` WHERE `cid` = 28  [ RunTime:0.0004s ]
SQL: SELECT * FROM `wjw_category` ORDER BY sort  [ RunTime:0.0004s ]
SQL: SHOW COLUMNS FROM `wjw_tag` [ RunTime:0.0005s ]
SQL: SELECT * FROM `wjw_tag`  [ RunTime:0.0004s ]
SQL: SHOW COLUMNS FROM `wjw_article_tag` [ RunTime:0.0005s ]
SQL: SELECT COUNT(*) AS tp_count FROM `wjw_article_tag` WHERE `tid` = 20 LIMIT 1   [ RunTime:0.0004s ]
SQL: SELECT COUNT(*) AS tp_count FROM `wjw_article_tag` WHERE `tid` = 21 LIMIT 1   [ RunTime:0.0005s ]
INFO: [ view_parse ] --START--
INFO: [ template_filter ] --START--
INFO: Run Behavior\ContentReplaceBehavior [ RunTime:0.000055s ]
INFO: [ template_filter ] --END-- [ RunTime:0.000068s ]
INFO: Run Behavior\ParseTemplateBehavior [ RunTime:0.001807s ]
INFO: [ view_parse ] --END-- [ RunTime:0.001823s ]
INFO: [ view_filter ] --START--
INFO: Run Behavior\WriteHtmlCacheBehavior [ RunTime:0.000015s ]
INFO: [ view_filter ] --END-- [ RunTime:0.000022s ]
INFO: [ app_end ] --START--
INFO: Run Behavior\ShowPageTraceBehavior [ RunTime:0.000012s ]
INFO: [ app_end ] --END-- [ RunTime:0.000019s ]

[ 2017-09-18T09:40:57+08:00 ] 123.125.67.208 /index.php/Admin/Article/edit/aid/23
INFO: [ app_init ] --START--
INFO: Run Behavior\BuildLiteBehavior [ RunTime:0.000007s ]
INFO: [ app_init ] --END-- [ RunTime:0.000040s ]
INFO: [ app_begin ] --START--
INFO: Run Behavior\ReadHtmlCacheBehavior [ RunTime:0.000016s ]
INFO: [ app_begin ] --END-- [ RunTime:0.000029s ]
SQL: SHOW COLUMNS FROM `wjw_oauth_user` [ RunTime:0.0008s ]
SQL: SELECT COUNT(*) AS tp_count FROM `wjw_oauth_user` WHERE `is_admin` = 1 LIMIT 1   [ RunTime:0.0004s ]

[ 2017-09-18T09:44:28+08:00 ] 220.181.108.101 /index.php/Admin/Article/index
INFO: [ app_init ] --START--
INFO: Run Behavior\BuildLiteBehavior [ RunTime:0.000006s ]
INFO: [ app_init ] --END-- [ RunTime:0.000043s ]
INFO: [ app_begin ] --START--
INFO: Run Behavior\ReadHtmlCacheBehavior [ RunTime:0.000018s ]
INFO: [ app_begin ] --END-- [ RunTime:0.000032s ]
SQL: SHOW COLUMNS FROM `wjw_oauth_user` [ RunTime:0.0008s ]
SQL: SELECT COUNT(*) AS tp_count FROM `wjw_oauth_user` WHERE `is_admin` = 1 LIMIT 1   [ RunTime:0.0005s ]

[ 2017-09-18T10:19:03+08:00 ] 218.94.111.198 /index.php/Admin/Index/index
INFO: [ app_init ] --START--
INFO: Run Behavior\BuildLiteBehavior [ RunTime:0.000006s ]
INFO: [ app_init ] --END-- [ RunTime:0.000042s ]
INFO: [ app_begin ] --START--
INFO: Run Behavior\ReadHtmlCacheBehavior [ RunTime:0.000017s ]
INFO: [ app_begin ] --END-- [ RunTime:0.000028s ]
SQL: SHOW COLUMNS FROM `wjw_oauth_user` [ RunTime:0.0008s ]
SQL: SELECT COUNT(*) AS tp_count FROM `wjw_oauth_user` WHERE `is_admin` = 1 LIMIT 1   [ RunTime:0.0005s ]

[ 2017-09-18T10:19:29+08:00 ] 218.94.111.198 /index.php/Admin/Index/index
INFO: [ app_init ] --START--
INFO: Run Behavior\BuildLiteBehavior [ RunTime:0.000007s ]
INFO: [ app_init ] --END-- [ RunTime:0.000042s ]
INFO: [ app_begin ] --START--
INFO: Run Behavior\ReadHtmlCacheBehavior [ RunTime:0.000016s ]
INFO: [ app_begin ] --END-- [ RunTime:0.000029s ]
INFO: [ view_parse ] --START--
INFO: [ template_filter ] --START--
INFO: Run Behavior\ContentReplaceBehavior [ RunTime:0.000073s ]
INFO: [ template_filter ] --END-- [ RunTime:0.000088s ]
INFO: Run Behavior\ParseTemplateBehavior [ RunTime:0.001489s ]
INFO: [ view_parse ] --END-- [ RunTime:0.001504s ]
INFO: [ view_filter ] --START--
INFO: Run Behavior\WriteHtmlCacheBehavior [ RunTime:0.000020s ]
INFO: [ view_filter ] --END-- [ RunTime:0.000027s ]
INFO: [ app_end ] --START--
INFO: Run Behavior\ShowPageTraceBehavior [ RunTime:0.000014s ]
INFO: [ app_end ] --END-- [ RunTime:0.000021s ]

[ 2017-09-18T10:19:29+08:00 ] 218.94.111.198 /index.php/Admin/Index/welcome
INFO: [ app_init ] --START--
INFO: Run Behavior\BuildLiteBehavior [ RunTime:0.000006s ]
INFO: [ app_init ] --END-- [ RunTime:0.000048s ]
INFO: [ app_begin ] --START--
INFO: Run Behavior\ReadHtmlCacheBehavior [ RunTime:0.000014s ]
INFO: [ app_begin ] --END-- [ RunTime:0.000039s ]
SQL: SHOW COLUMNS FROM `wjw_article` [ RunTime:0.0008s ]
SQL: SELECT COUNT(*) AS tp_count FROM `wjw_article` LIMIT 1   [ RunTime:0.0004s ]
SQL: SELECT COUNT(*) AS tp_count FROM `wjw_article` WHERE `is_delete` = 1 LIMIT 1   [ RunTime:0.0004s ]
SQL: SELECT COUNT(*) AS tp_count FROM `wjw_article` WHERE `is_show` = 0 LIMIT 1   [ RunTime:0.0004s ]
SQL: SHOW COLUMNS FROM `wjw_chat` [ RunTime:0.0005s ]
SQL: SELECT COUNT(*) AS tp_count FROM `wjw_chat` LIMIT 1   [ RunTime:0.0004s ]
SQL: SELECT COUNT(*) AS tp_count FROM `wjw_chat` WHERE `is_delete` = 1 LIMIT 1   [ RunTime:0.0004s ]
SQL: SELECT COUNT(*) AS tp_count FROM `wjw_chat` WHERE `is_show` = 0 LIMIT 1   [ RunTime:0.0004s ]
SQL: SHOW COLUMNS FROM `wjw_comment` [ RunTime:0.0005s ]
SQL: SELECT COUNT(*) AS tp_count FROM `wjw_comment` LIMIT 1   [ RunTime:0.0004s ]
INFO: [ view_parse ] --START--
INFO: [ template_filter ] --START--
INFO: Run Behavior\ContentReplaceBehavior [ RunTime:0.000037s ]
INFO: [ template_filter ] --END-- [ RunTime:0.000052s ]
INFO: Run Behavior\ParseTemplateBehavior [ RunTime:0.000845s ]
INFO: [ view_parse ] --END-- [ RunTime:0.000862s ]
INFO: [ view_filter ] --START--
INFO: Run Behavior\WriteHtmlCacheBehavior [ RunTime:0.000015s ]
INFO: [ view_filter ] --END-- [ RunTime:0.000023s ]
INFO: [ app_end ] --START--
INFO: Run Behavior\ShowPageTraceBehavior [ RunTime:0.000010s ]
INFO: [ app_end ] --END-- [ RunTime:0.000016s ]

[ 2017-09-18T10:19:31+08:00 ] 218.94.111.198 /index.php/Admin/Config/index
INFO: [ app_init ] --START--
INFO: Run Behavior\BuildLiteBehavior [ RunTime:0.000008s ]
INFO: [ app_init ] --END-- [ RunTime:0.000052s ]
INFO: [ app_begin ] --START--
INFO: Run Behavior\ReadHtmlCacheBehavior [ RunTime:0.000019s ]
INFO: [ app_begin ] --END-- [ RunTime:0.000037s ]
SQL: SHOW COLUMNS FROM `wjw_config` [ RunTime:0.0009s ]
SQL: SELECT `name`,`value` FROM `wjw_config`  [ RunTime:0.0006s ]
INFO: [ view_parse ] --START--
INFO: [ template_filter ] --START--
INFO: Run Behavior\ContentReplaceBehavior [ RunTime:0.000133s ]
INFO: [ template_filter ] --END-- [ RunTime:0.000155s ]
INFO: Run Behavior\ParseTemplateBehavior [ RunTime:0.003899s ]
INFO: [ view_parse ] --END-- [ RunTime:0.003922s ]
INFO: [ view_filter ] --START--
INFO: Run Behavior\WriteHtmlCacheBehavior [ RunTime:0.000020s ]
INFO: [ view_filter ] --END-- [ RunTime:0.000033s ]
INFO: [ app_end ] --START--
INFO: Run Behavior\ShowPageTraceBehavior [ RunTime:0.000019s ]
INFO: [ app_end ] --END-- [ RunTime:0.000035s ]

[ 2017-09-18T10:19:35+08:00 ] 218.94.111.198 /index.php/Admin/User/index
INFO: [ app_init ] --START--
INFO: Run Behavior\BuildLiteBehavior [ RunTime:0.000006s ]
INFO: [ app_init ] --END-- [ RunTime:0.000049s ]
INFO: [ app_begin ] --START--
INFO: Run Behavior\ReadHtmlCacheBehavior [ RunTime:0.000018s ]
INFO: [ app_begin ] --END-- [ RunTime:0.000036s ]
SQL: SHOW COLUMNS FROM `wjw_oauth_user` [ RunTime:0.0008s ]
SQL: SELECT COUNT(*) AS tp_count FROM `wjw_oauth_user` LIMIT 1   [ RunTime:0.0004s ]
SQL: SELECT * FROM `wjw_oauth_user` ORDER BY last_login_time desc LIMIT 0,20   [ RunTime:0.0005s ]
INFO: [ view_parse ] --START--
INFO: [ template_filter ] --START--
INFO: Run Behavior\ContentReplaceBehavior [ RunTime:0.000035s ]
INFO: [ template_filter ] --END-- [ RunTime:0.000060s ]
INFO: Run Behavior\ParseTemplateBehavior [ RunTime:0.001126s ]
INFO: [ view_parse ] --END-- [ RunTime:0.001142s ]
INFO: [ view_filter ] --START--
INFO: Run Behavior\WriteHtmlCacheBehavior [ RunTime:0.000019s ]
INFO: [ view_filter ] --END-- [ RunTime:0.000027s ]
INFO: [ app_end ] --START--
INFO: Run Behavior\ShowPageTraceBehavior [ RunTime:0.000014s ]
INFO: [ app_end ] --END-- [ RunTime:0.000020s ]

[ 2017-09-18T10:19:36+08:00 ] 218.94.111.198 /index.php/Admin/User/is_admin/id/2/is_admin/0
INFO: [ app_init ] --START--
INFO: Run Behavior\BuildLiteBehavior [ RunTime:0.000006s ]
INFO: [ app_init ] --END-- [ RunTime:0.000045s ]
INFO: [ app_begin ] --START--
INFO: Run Behavior\ReadHtmlCacheBehavior [ RunTime:0.000013s ]
INFO: [ app_begin ] --END-- [ RunTime:0.000027s ]
SQL: SHOW COLUMNS FROM `wjw_oauth_user` [ RunTime:0.0007s ]
SQL: UPDATE `wjw_oauth_user` SET `is_admin`='1' WHERE `id` = 2 [ RunTime:0.0027s ]
INFO: [ view_parse ] --START--
INFO: [ template_filter ] --START--
INFO: Run Behavior\ContentReplaceBehavior [ RunTime:0.000022s ]
INFO: [ template_filter ] --END-- [ RunTime:0.000035s ]
INFO: Run Behavior\ParseTemplateBehavior [ RunTime:0.000705s ]
INFO: [ view_parse ] --END-- [ RunTime:0.000719s ]
INFO: [ view_filter ] --START--
INFO: Run Behavior\WriteHtmlCacheBehavior [ RunTime:0.000014s ]
INFO: [ view_filter ] --END-- [ RunTime:0.000020s ]
INFO: [ app_end ] --START--
INFO: Run Behavior\ShowPageTraceBehavior [ RunTime:0.000010s ]
INFO: [ app_end ] --END-- [ RunTime:0.000017s ]

[ 2017-09-18T10:19:39+08:00 ] 218.94.111.198 /index.php/Admin/User/is_admin/id/1/is_admin/1
INFO: [ app_init ] --START--
INFO: Run Behavior\BuildLiteBehavior [ RunTime:0.000007s ]
INFO: [ app_init ] --END-- [ RunTime:0.000044s ]
INFO: [ app_begin ] --START--
INFO: Run Behavior\ReadHtmlCacheBehavior [ RunTime:0.000017s ]
INFO: [ app_begin ] --END-- [ RunTime:0.000030s ]
SQL: SHOW COLUMNS FROM `wjw_oauth_user` [ RunTime:0.0008s ]
SQL: UPDATE `wjw_oauth_user` SET `is_admin`='0' WHERE `id` = 1 [ RunTime:0.0023s ]
INFO: [ view_parse ] --START--
INFO: [ template_filter ] --START--
INFO: Run Behavior\ContentReplaceBehavior [ RunTime:0.000024s ]
INFO: [ template_filter ] --END-- [ RunTime:0.000039s ]
INFO: Run Behavior\ParseTemplateBehavior [ RunTime:0.000769s ]
INFO: [ view_parse ] --END-- [ RunTime:0.000787s ]
INFO: [ view_filter ] --START--
INFO: Run Behavior\WriteHtmlCacheBehavior [ RunTime:0.000018s ]
INFO: [ view_filter ] --END-- [ RunTime:0.000026s ]
INFO: [ app_end ] --START--
INFO: Run Behavior\ShowPageTraceBehavior [ RunTime:0.000014s ]
INFO: [ app_end ] --END-- [ RunTime:0.000022s ]

[ 2017-09-18T10:19:40+08:00 ] 218.94.111.198 /index.php/Admin/User/index
INFO: [ app_init ] --START--
INFO: Run Behavior\BuildLiteBehavior [ RunTime:0.000007s ]
INFO: [ app_init ] --END-- [ RunTime:0.000040s ]
INFO: [ app_begin ] --START--
INFO: Run Behavior\ReadHtmlCacheBehavior [ RunTime:0.000013s ]
INFO: [ app_begin ] --END-- [ RunTime:0.000024s ]
SQL: SHOW COLUMNS FROM `wjw_oauth_user` [ RunTime:0.0008s ]
SQL: SELECT COUNT(*) AS tp_count FROM `wjw_oauth_user` LIMIT 1   [ RunTime:0.0004s ]
SQL: SELECT * FROM `wjw_oauth_user` ORDER BY last_login_time desc LIMIT 0,20   [ RunTime:0.0005s ]
INFO: [ view_parse ] --START--
INFO: [ template_filter ] --START--
INFO: Run Behavior\ContentReplaceBehavior [ RunTime:0.000044s ]
INFO: [ template_filter ] --END-- [ RunTime:0.000059s ]
INFO: Run Behavior\ParseTemplateBehavior [ RunTime:0.001119s ]
INFO: [ view_parse ] --END-- [ RunTime:0.001134s ]
INFO: [ view_filter ] --START--
INFO: Run Behavior\WriteHtmlCacheBehavior [ RunTime:0.000015s ]
INFO: [ view_filter ] --END-- [ RunTime:0.000022s ]
INFO: [ app_end ] --START--
INFO: Run Behavior\ShowPageTraceBehavior [ RunTime:0.000011s ]
INFO: [ app_end ] --END-- [ RunTime:0.000018s ]

[ 2017-09-18T10:19:41+08:00 ] 101.226.33.204 /index.php/Admin/Config/index
INFO: [ app_init ] --START--
INFO: Run Behavior\BuildLiteBehavior [ RunTime:0.000006s ]
INFO: [ app_init ] --END-- [ RunTime:0.000036s ]
INFO: [ app_begin ] --START--
INFO: Run Behavior\ReadHtmlCacheBehavior [ RunTime:0.000013s ]
INFO: [ app_begin ] --END-- [ RunTime:0.000025s ]
SQL: SHOW COLUMNS FROM `wjw_oauth_user` [ RunTime:0.0008s ]
SQL: SELECT COUNT(*) AS tp_count FROM `wjw_oauth_user` WHERE `is_admin` = 1 LIMIT 1   [ RunTime:0.0004s ]

[ 2017-09-18T10:19:42+08:00 ] 101.226.125.105 /index.php/Admin/Config/index
INFO: [ app_init ] --START--
INFO: Run Behavior\BuildLiteBehavior [ RunTime:0.000007s ]
INFO: [ app_init ] --END-- [ RunTime:0.000042s ]
INFO: [ app_begin ] --START--
INFO: Run Behavior\ReadHtmlCacheBehavior [ RunTime:0.000016s ]
INFO: [ app_begin ] --END-- [ RunTime:0.000029s ]
SQL: SHOW COLUMNS FROM `wjw_oauth_user` [ RunTime:0.0008s ]
SQL: SELECT COUNT(*) AS tp_count FROM `wjw_oauth_user` WHERE `is_admin` = 1 LIMIT 1   [ RunTime:0.0005s ]

[ 2017-09-18T10:19:42+08:00 ] 218.94.111.198 /index.php/Admin/User/is_admin/id/2/is_admin/1
INFO: [ app_init ] --START--
INFO: Run Behavior\BuildLiteBehavior [ RunTime:0.000006s ]
INFO: [ app_init ] --END-- [ RunTime:0.000036s ]
INFO: [ app_begin ] --START--
INFO: Run Behavior\ReadHtmlCacheBehavior [ RunTime:0.000014s ]
INFO: [ app_begin ] --END-- [ RunTime:0.000053s ]
SQL: SHOW COLUMNS FROM `wjw_oauth_user` [ RunTime:0.0008s ]
SQL: UPDATE `wjw_oauth_user` SET `is_admin`='0' WHERE `id` = 2 [ RunTime:0.0028s ]
INFO: [ view_parse ] --START--
INFO: [ template_filter ] --START--
INFO: Run Behavior\ContentReplaceBehavior [ RunTime:0.000116s ]
INFO: [ template_filter ] --END-- [ RunTime:0.000134s ]
INFO: Run Behavior\ParseTemplateBehavior [ RunTime:0.000835s ]
INFO: [ view_parse ] --END-- [ RunTime:0.000851s ]
INFO: [ view_filter ] --START--
INFO: Run Behavior\WriteHtmlCacheBehavior [ RunTime:0.000017s ]
INFO: [ view_filter ] --END-- [ RunTime:0.000024s ]
INFO: [ app_end ] --START--
INFO: Run Behavior\ShowPageTraceBehavior [ RunTime:0.000012s ]
INFO: [ app_end ] --END-- [ RunTime:0.000018s ]

[ 2017-09-18T10:19:44+08:00 ] 218.94.111.198 /index.php/Admin/User/index
INFO: [ app_init ] --START--
INFO: Run Behavior\BuildLiteBehavior [ RunTime:0.000007s ]
INFO: [ app_init ] --END-- [ RunTime:0.000038s ]
INFO: [ app_begin ] --START--
INFO: Run Behavior\ReadHtmlCacheBehavior [ RunTime:0.000014s ]
INFO: [ app_begin ] --END-- [ RunTime:0.000025s ]
SQL: SHOW COLUMNS FROM `wjw_oauth_user` [ RunTime:0.0007s ]
SQL: SELECT COUNT(*) AS tp_count FROM `wjw_oauth_user` LIMIT 1   [ RunTime:0.0004s ]
SQL: SELECT * FROM `wjw_oauth_user` ORDER BY last_login_time desc LIMIT 0,20   [ RunTime:0.0005s ]
INFO: [ view_parse ] --START--
INFO: [ template_filter ] --START--
INFO: Run Behavior\ContentReplaceBehavior [ RunTime:0.000034s ]
INFO: [ template_filter ] --END-- [ RunTime:0.000049s ]
INFO: Run Behavior\ParseTemplateBehavior [ RunTime:0.001128s ]
INFO: [ view_parse ] --END-- [ RunTime:0.001145s ]
INFO: [ view_filter ] --START--
INFO: Run Behavior\WriteHtmlCacheBehavior [ RunTime:0.000015s ]
INFO: [ view_filter ] --END-- [ RunTime:0.000023s ]
INFO: [ app_end ] --START--
INFO: Run Behavior\ShowPageTraceBehavior [ RunTime:0.000010s ]
INFO: [ app_end ] --END-- [ RunTime:0.000017s ]

[ 2017-09-18T10:19:45+08:00 ] 101.226.33.202 /index.php/Admin/User/index
INFO: [ app_init ] --START--
INFO: Run Behavior\BuildLiteBehavior [ RunTime:0.000007s ]
INFO: [ app_init ] --END-- [ RunTime:0.000041s ]
INFO: [ app_begin ] --START--
INFO: Run Behavior\ReadHtmlCacheBehavior [ RunTime:0.000014s ]
INFO: [ app_begin ] --END-- [ RunTime:0.000026s ]
SQL: SHOW COLUMNS FROM `wjw_oauth_user` [ RunTime:0.0008s ]
SQL: SELECT COUNT(*) AS tp_count FROM `wjw_oauth_user` WHERE `is_admin` = 1 LIMIT 1   [ RunTime:0.0005s ]

[ 2017-09-18T10:19:45+08:00 ] 101.226.33.202 /index.php/Admin/Login/login
INFO: [ app_init ] --START--
INFO: Run Behavior\BuildLiteBehavior [ RunTime:0.000006s ]
INFO: [ app_init ] --END-- [ RunTime:0.000044s ]
INFO: [ app_begin ] --START--
INFO: Run Behavior\ReadHtmlCacheBehavior [ RunTime:0.000013s ]
INFO: [ app_begin ] --END-- [ RunTime:0.000024s ]
SQL: SHOW COLUMNS FROM `wjw_category` [ RunTime:0.0007s ]
SQL: SELECT * FROM `wjw_category` ORDER BY sort  [ RunTime:0.0005s ]
SQL: SHOW COLUMNS FROM `wjw_tag` [ RunTime:0.0005s ]
SQL: SELECT * FROM `wjw_tag`  [ RunTime:0.0004s ]
SQL: SHOW COLUMNS FROM `wjw_article_tag` [ RunTime:0.0005s ]
SQL: SELECT COUNT(*) AS tp_count FROM `wjw_article_tag` WHERE `tid` = 20 LIMIT 1   [ RunTime:0.0004s ]
SQL: SELECT COUNT(*) AS tp_count FROM `wjw_article_tag` WHERE `tid` = 21 LIMIT 1   [ RunTime:0.0004s ]
SQL: SHOW COLUMNS FROM `wjw_link` [ RunTime:0.0005s ]
SQL: SELECT * FROM `wjw_link` WHERE `is_delete` = 0 AND `is_show` = 1 ORDER BY sort  [ RunTime:0.0004s ]
SQL: SHOW COLUMNS FROM `wjw_oauth_user` [ RunTime:0.0006s ]
SQL: SELECT COUNT(*) AS tp_count FROM `wjw_oauth_user` WHERE `is_admin` = 1 LIMIT 1   [ RunTime:0.0004s ]
INFO: [ view_parse ] --START--
INFO: [ template_filter ] --START--
INFO: Run Behavior\ContentReplaceBehavior [ RunTime:0.000033s ]
INFO: [ template_filter ] --END-- [ RunTime:0.000048s ]
NOTIC: [8] Undefined index: ADMIN_PASSWORD /var/www/html/thinkwjw/Runtime/Cache/Admin/b891abcc3bb76636e2a96a245e9568d6.php 第 6 行.
INFO: Run Behavior\ParseTemplateBehavior [ RunTime:0.000789s ]
INFO: [ view_parse ] --END-- [ RunTime:0.000802s ]
INFO: [ view_filter ] --START--
INFO: Run Behavior\WriteHtmlCacheBehavior [ RunTime:0.000029s ]
INFO: [ view_filter ] --END-- [ RunTime:0.000037s ]
INFO: [ app_end ] --START--
INFO: Run Behavior\ShowPageTraceBehavior [ RunTime:0.000015s ]
INFO: [ app_end ] --END-- [ RunTime:0.000021s ]

[ 2017-09-18T10:19:47+08:00 ] 218.94.111.198 /index.php/Admin/Article/add
INFO: [ app_init ] --START--
INFO: Run Behavior\BuildLiteBehavior [ RunTime:0.000006s ]
INFO: [ app_init ] --END-- [ RunTime:0.000038s ]
INFO: [ app_begin ] --START--
INFO: Run Behavior\ReadHtmlCacheBehavior [ RunTime:0.000012s ]
INFO: [ app_begin ] --END-- [ RunTime:0.000024s ]
SQL: SHOW COLUMNS FROM `wjw_article` [ RunTime:0.0008s ]
SQL: SHOW COLUMNS FROM `wjw_category` [ RunTime:0.0005s ]
SQL: SELECT * FROM `wjw_category` ORDER BY sort  [ RunTime:0.0004s ]
SQL: SHOW COLUMNS FROM `wjw_tag` [ RunTime:0.0005s ]
SQL: SELECT * FROM `wjw_tag`  [ RunTime:0.0004s ]
SQL: SHOW COLUMNS FROM `wjw_article_tag` [ RunTime:0.0005s ]
SQL: SELECT COUNT(*) AS tp_count FROM `wjw_article_tag` WHERE `tid` = 20 LIMIT 1   [ RunTime:0.0004s ]
SQL: SELECT COUNT(*) AS tp_count FROM `wjw_article_tag` WHERE `tid` = 21 LIMIT 1   [ RunTime:0.0004s ]
INFO: [ view_parse ] --START--
INFO: [ template_filter ] --START--
INFO: Run Behavior\ContentReplaceBehavior [ RunTime:0.000051s ]
INFO: [ template_filter ] --END-- [ RunTime:0.000067s ]
INFO: Run Behavior\ParseTemplateBehavior [ RunTime:0.001350s ]
INFO: [ view_parse ] --END-- [ RunTime:0.001366s ]
INFO: [ view_filter ] --START--
INFO: Run Behavior\WriteHtmlCacheBehavior [ RunTime:0.000016s ]
INFO: [ view_filter ] --END-- [ RunTime:0.000022s ]
INFO: [ app_end ] --START--
INFO: Run Behavior\ShowPageTraceBehavior [ RunTime:0.000011s ]
INFO: [ app_end ] --END-- [ RunTime:0.000019s ]

[ 2017-09-18T10:19:49+08:00 ] 101.226.99.197 /index.php/Admin/User/is_admin/id/1/is_admin/1
INFO: [ app_init ] --START--
INFO: Run Behavior\BuildLiteBehavior [ RunTime:0.000007s ]
INFO: [ app_init ] --END-- [ RunTime:0.000047s ]
INFO: [ app_begin ] --START--
INFO: Run Behavior\ReadHtmlCacheBehavior [ RunTime:0.000018s ]
INFO: [ app_begin ] --END-- [ RunTime:0.000030s ]
SQL: SHOW COLUMNS FROM `wjw_oauth_user` [ RunTime:0.0008s ]
SQL: SELECT COUNT(*) AS tp_count FROM `wjw_oauth_user` WHERE `is_admin` = 1 LIMIT 1   [ RunTime:0.0005s ]

[ 2017-09-18T10:19:49+08:00 ] 101.226.99.197 /index.php/Admin/Login/login
INFO: [ app_init ] --START--
INFO: Run Behavior\BuildLiteBehavior [ RunTime:0.000007s ]
INFO: [ app_init ] --END-- [ RunTime:0.000041s ]
INFO: [ app_begin ] --START--
INFO: Run Behavior\ReadHtmlCacheBehavior [ RunTime:0.000013s ]
INFO: [ app_begin ] --END-- [ RunTime:0.000026s ]
SQL: SHOW COLUMNS FROM `wjw_category` [ RunTime:0.0007s ]
SQL: SELECT * FROM `wjw_category` ORDER BY sort  [ RunTime:0.0004s ]
SQL: SHOW COLUMNS FROM `wjw_tag` [ RunTime:0.0005s ]
SQL: SELECT * FROM `wjw_tag`  [ RunTime:0.0004s ]
SQL: SHOW COLUMNS FROM `wjw_article_tag` [ RunTime:0.0005s ]
SQL: SELECT COUNT(*) AS tp_count FROM `wjw_article_tag` WHERE `tid` = 20 LIMIT 1   [ RunTime:0.0004s ]
SQL: SELECT COUNT(*) AS tp_count FROM `wjw_article_tag` WHERE `tid` = 21 LIMIT 1   [ RunTime:0.0004s ]
SQL: SHOW COLUMNS FROM `wjw_link` [ RunTime:0.0005s ]
SQL: SELECT * FROM `wjw_link` WHERE `is_delete` = 0 AND `is_show` = 1 ORDER BY sort  [ RunTime:0.0004s ]
SQL: SHOW COLUMNS FROM `wjw_oauth_user` [ RunTime:0.0005s ]
SQL: SELECT COUNT(*) AS tp_count FROM `wjw_oauth_user` WHERE `is_admin` = 1 LIMIT 1   [ RunTime:0.0004s ]
INFO: [ view_parse ] --START--
INFO: [ template_filter ] --START--
INFO: Run Behavior\ContentReplaceBehavior [ RunTime:0.000033s ]
INFO: [ template_filter ] --END-- [ RunTime:0.000047s ]
NOTIC: [8] Undefined index: ADMIN_PASSWORD /var/www/html/thinkwjw/Runtime/Cache/Admin/b891abcc3bb76636e2a96a245e9568d6.php 第 6 行.
INFO: Run Behavior\ParseTemplateBehavior [ RunTime:0.000815s ]
INFO: [ view_parse ] --END-- [ RunTime:0.000826s ]
INFO: [ view_filter ] --START--
INFO: Run Behavior\WriteHtmlCacheBehavior [ RunTime:0.000043s ]
INFO: [ view_filter ] --END-- [ RunTime:0.000053s ]
INFO: [ app_end ] --START--
INFO: Run Behavior\ShowPageTraceBehavior [ RunTime:0.000014s ]
INFO: [ app_end ] --END-- [ RunTime:0.000021s ]

[ 2017-09-18T10:19:51+08:00 ] 218.94.111.198 /index.php/Admin/Article/index
INFO: [ app_init ] --START--
INFO: Run Behavior\BuildLiteBehavior [ RunTime:0.000007s ]
INFO: [ app_init ] --END-- [ RunTime:0.000040s ]
INFO: [ app_begin ] --START--
INFO: Run Behavior\ReadHtmlCacheBehavior [ RunTime:0.000015s ]
INFO: [ app_begin ] --END-- [ RunTime:0.000027s ]
SQL: SHOW COLUMNS FROM `wjw_article` [ RunTime:0.0008s ]
SQL: SELECT COUNT(*) AS tp_count FROM `wjw_article` WHERE `is_delete` = 0 LIMIT 1   [ RunTime:0.0005s ]
SQL: SELECT * FROM `wjw_article` WHERE `is_delete` = 0 ORDER BY addtime desc LIMIT 0,15   [ RunTime:0.0006s ]
SQL: SHOW COLUMNS FROM `wjw_article_tag` [ RunTime:0.0005s ]
SQL: SHOW COLUMNS FROM `wjw_article_tag` [ RunTime:0.0005s ]
SQL: SELECT * FROM `wjw_article_tag` INNER JOIN wjw_tag ON wjw_article_tag.tid=wjw_tag.tid  WHERE `aid` = '23'  [ RunTime:0.0005s ]
SQL: SHOW COLUMNS FROM `wjw_article_pic` [ RunTime:0.0005s ]
SQL: SELECT `path` FROM `wjw_article_pic` WHERE `aid` = 23 ORDER BY ap_id asc LIMIT 1   [ RunTime:0.0004s ]
SQL: SHOW COLUMNS FROM `wjw_category` [ RunTime:0.0006s ]
SQL: SELECT `cid`,`cid`,`cname` FROM `wjw_category` WHERE `cid` = 28  [ RunTime:0.0004s ]
SQL: SELECT * FROM `wjw_article_tag` INNER JOIN wjw_tag ON wjw_article_tag.tid=wjw_tag.tid  WHERE `aid` = '22'  [ RunTime:0.0006s ]
SQL: SELECT `path` FROM `wjw_article_pic` WHERE `aid` = 22 ORDER BY ap_id asc LIMIT 1   [ RunTime:0.0004s ]
SQL: SELECT `cid`,`cid`,`cname` FROM `wjw_category` WHERE `cid` = 29  [ RunTime:0.0004s ]
SQL: SELECT * FROM `wjw_article_tag` INNER JOIN wjw_tag ON wjw_article_tag.tid=wjw_tag.tid  WHERE `aid` = '21'  [ RunTime:0.0004s ]
SQL: SELECT `path` FROM `wjw_article_pic` WHERE `aid` = 21 ORDER BY ap_id asc LIMIT 1   [ RunTime:0.0004s ]
SQL: SELECT `cid`,`cid`,`cname` FROM `wjw_category` WHERE `cid` = 29  [ RunTime:0.0004s ]
SQL: SELECT * FROM `wjw_article_tag` INNER JOIN wjw_tag ON wjw_article_tag.tid=wjw_tag.tid  WHERE `aid` = '20'  [ RunTime:0.0005s ]
SQL: SELECT `path` FROM `wjw_article_pic` WHERE `aid` = 20 ORDER BY ap_id asc LIMIT 1   [ RunTime:0.0004s ]
SQL: SELECT `cid`,`cid`,`cname` FROM `wjw_category` WHERE `cid` = 29  [ RunTime:0.0004s ]
SQL: SELECT * FROM `wjw_article_tag` INNER JOIN wjw_tag ON wjw_article_tag.tid=wjw_tag.tid  WHERE `aid` = '18'  [ RunTime:0.0004s ]
SQL: SELECT `path` FROM `wjw_article_pic` WHERE `aid` = 18 ORDER BY ap_id asc LIMIT 1   [ RunTime:0.0004s ]
SQL: SELECT `cid`,`cid`,`cname` FROM `wjw_category` WHERE `cid` = 28  [ RunTime:0.0004s ]
SQL: SELECT * FROM `wjw_article_tag` INNER JOIN wjw_tag ON wjw_article_tag.tid=wjw_tag.tid  WHERE `aid` = '17'  [ RunTime:0.0004s ]
SQL: SELECT `path` FROM `wjw_article_pic` WHERE `aid` = 17 ORDER BY ap_id asc LIMIT 1   [ RunTime:0.0004s ]
SQL: SELECT `cid`,`cid`,`cname` FROM `wjw_category` WHERE `cid` = 28  [ RunTime:0.0004s ]
INFO: [ view_parse ] --START--
INFO: [ template_filter ] --START--
INFO: Run Behavior\ContentReplaceBehavior [ RunTime:0.000039s ]
INFO: [ template_filter ] --END-- [ RunTime:0.000056s ]
INFO: Run Behavior\ParseTemplateBehavior [ RunTime:0.001498s ]
INFO: [ view_parse ] --END-- [ RunTime:0.001515s ]
INFO: [ view_filter ] --START--
INFO: Run Behavior\WriteHtmlCacheBehavior [ RunTime:0.000016s ]
INFO: [ view_filter ] --END-- [ RunTime:0.000025s ]
INFO: [ app_end ] --START--
INFO: Run Behavior\ShowPageTraceBehavior [ RunTime:0.000014s ]
INFO: [ app_end ] --END-- [ RunTime:0.000024s ]

[ 2017-09-18T10:19:52+08:00 ] 101.226.68.161 /index.php/Admin/User/is_admin/id/2/is_admin/1
INFO: [ app_init ] --START--
INFO: Run Behavior\BuildLiteBehavior [ RunTime:0.000006s ]
INFO: [ app_init ] --END-- [ RunTime:0.000040s ]
INFO: [ app_begin ] --START--
INFO: Run Behavior\ReadHtmlCacheBehavior [ RunTime:0.000018s ]
INFO: [ app_begin ] --END-- [ RunTime:0.000031s ]
SQL: SHOW COLUMNS FROM `wjw_oauth_user` [ RunTime:0.0007s ]
SQL: SELECT COUNT(*) AS tp_count FROM `wjw_oauth_user` WHERE `is_admin` = 1 LIMIT 1   [ RunTime:0.0004s ]

[ 2017-09-18T10:19:52+08:00 ] 101.226.68.161 /index.php/Admin/Login/login
INFO: [ app_init ] --START--
INFO: Run Behavior\BuildLiteBehavior [ RunTime:0.000006s ]
INFO: [ app_init ] --END-- [ RunTime:0.000037s ]
INFO: [ app_begin ] --START--
INFO: Run Behavior\ReadHtmlCacheBehavior [ RunTime:0.000013s ]
INFO: [ app_begin ] --END-- [ RunTime:0.000025s ]
SQL: SHOW COLUMNS FROM `wjw_category` [ RunTime:0.0007s ]
SQL: SELECT * FROM `wjw_category` ORDER BY sort  [ RunTime:0.0005s ]
SQL: SHOW COLUMNS FROM `wjw_tag` [ RunTime:0.0005s ]
SQL: SELECT * FROM `wjw_tag`  [ RunTime:0.0004s ]
SQL: SHOW COLUMNS FROM `wjw_article_tag` [ RunTime:0.0005s ]
SQL: SELECT COUNT(*) AS tp_count FROM `wjw_article_tag` WHERE `tid` = 20 LIMIT 1   [ RunTime:0.0004s ]
SQL: SELECT COUNT(*) AS tp_count FROM `wjw_article_tag` WHERE `tid` = 21 LIMIT 1   [ RunTime:0.0004s ]
SQL: SHOW COLUMNS FROM `wjw_link` [ RunTime:0.0005s ]
SQL: SELECT * FROM `wjw_link` WHERE `is_delete` = 0 AND `is_show` = 1 ORDER BY sort  [ RunTime:0.0004s ]
SQL: SHOW COLUMNS FROM `wjw_oauth_user` [ RunTime:0.0006s ]
SQL: SELECT COUNT(*) AS tp_count FROM `wjw_oauth_user` WHERE `is_admin` = 1 LIMIT 1   [ RunTime:0.0004s ]
INFO: [ view_parse ] --START--
INFO: [ template_filter ] --START--
INFO: Run Behavior\ContentReplaceBehavior [ RunTime:0.000035s ]
INFO: [ template_filter ] --END-- [ RunTime:0.000050s ]
NOTIC: [8] Undefined index: ADMIN_PASSWORD /var/www/html/thinkwjw/Runtime/Cache/Admin/b891abcc3bb76636e2a96a245e9568d6.php 第 6 行.
INFO: Run Behavior\ParseTemplateBehavior [ RunTime:0.000873s ]
INFO: [ view_parse ] --END-- [ RunTime:0.000887s ]
INFO: [ view_filter ] --START--
INFO: Run Behavior\WriteHtmlCacheBehavior [ RunTime:0.000019s ]
INFO: [ view_filter ] --END-- [ RunTime:0.000027s ]
INFO: [ app_end ] --START--
INFO: Run Behavior\ShowPageTraceBehavior [ RunTime:0.000013s ]
INFO: [ app_end ] --END-- [ RunTime:0.000020s ]

[ 2017-09-18T10:19:54+08:00 ] 218.94.111.198 /index.php/Admin/Article/edit/aid/23
INFO: [ app_init ] --START--
INFO: Run Behavior\BuildLiteBehavior [ RunTime:0.000006s ]
INFO: [ app_init ] --END-- [ RunTime:0.000042s ]
INFO: [ app_begin ] --START--
INFO: Run Behavior\ReadHtmlCacheBehavior [ RunTime:0.000015s ]
INFO: [ app_begin ] --END-- [ RunTime:0.000028s ]
SQL: SHOW COLUMNS FROM `wjw_article` [ RunTime:0.0008s ]
SQL: SELECT * FROM `wjw_article` WHERE `aid` = 23 LIMIT 1   [ RunTime:0.0005s ]
SQL: SHOW COLUMNS FROM `wjw_article_tag` [ RunTime:0.0005s ]
SQL: SELECT `tid` FROM `wjw_article_tag` WHERE `aid` = 23  [ RunTime:0.0004s ]
SQL: SHOW COLUMNS FROM `wjw_article_tag` [ RunTime:0.0005s ]
SQL: SELECT * FROM `wjw_article_tag` INNER JOIN wjw_tag ON wjw_article_tag.tid=wjw_tag.tid  WHERE `aid` = '23'  [ RunTime:0.0005s ]
SQL: SHOW COLUMNS FROM `wjw_category` [ RunTime:0.0005s ]
SQL: SELECT `cid`,`cid`,`cname`,`keywords` FROM `wjw_category` WHERE `cid` = 28  [ RunTime:0.0004s ]
SQL: SELECT * FROM `wjw_category` ORDER BY sort  [ RunTime:0.0004s ]
SQL: SHOW COLUMNS FROM `wjw_tag` [ RunTime:0.0005s ]
SQL: SELECT * FROM `wjw_tag`  [ RunTime:0.0004s ]
SQL: SHOW COLUMNS FROM `wjw_article_tag` [ RunTime:0.0005s ]
SQL: SELECT COUNT(*) AS tp_count FROM `wjw_article_tag` WHERE `tid` = 20 LIMIT 1   [ RunTime:0.0004s ]
SQL: SELECT COUNT(*) AS tp_count FROM `wjw_article_tag` WHERE `tid` = 21 LIMIT 1   [ RunTime:0.0004s ]
INFO: [ view_parse ] --START--
INFO: [ template_filter ] --START--
INFO: Run Behavior\ContentReplaceBehavior [ RunTime:0.000082s ]
INFO: [ template_filter ] --END-- [ RunTime:0.000098s ]
INFO: Run Behavior\ParseTemplateBehavior [ RunTime:0.001810s ]
INFO: [ view_parse ] --END-- [ RunTime:0.001827s ]
INFO: [ view_filter ] --START--
INFO: Run Behavior\WriteHtmlCacheBehavior [ RunTime:0.000016s ]
INFO: [ view_filter ] --END-- [ RunTime:0.000023s ]
INFO: [ app_end ] --START--
INFO: Run Behavior\ShowPageTraceBehavior [ RunTime:0.000011s ]
INFO: [ app_end ] --END-- [ RunTime:0.000018s ]

[ 2017-09-18T10:21:37+08:00 ] 218.94.111.198 /index.php/Admin/Article/edit/aid/23
INFO: [ app_init ] --START--
INFO: Run Behavior\BuildLiteBehavior [ RunTime:0.000007s ]
INFO: [ app_init ] --END-- [ RunTime:0.000043s ]
INFO: [ app_begin ] --START--
INFO: Run Behavior\ReadHtmlCacheBehavior [ RunTime:0.000015s ]
INFO: [ app_begin ] --END-- [ RunTime:0.000027s ]
SQL: SHOW COLUMNS FROM `wjw_article` [ RunTime:0.0008s ]
SQL: UPDATE `wjw_article` SET `aid`='23',`cid`='28',`title`='unar万能linux解压工具',`author`='王加文',`keywords`='zip解压中文乱码',`description`='zip解压 中文无乱码',`is_original`='0',`is_top`='0',`is_show`='1',`content`='&lt;p&gt;&lt;strong&gt;&lt;img src=&quot;/Upload/image/ueditor/20170918/1505697027220851.png&quot; title=&quot;白俊遥博客&quot; alt=&quot;白俊遥博客&quot;/&gt;&lt;/strong&gt;&lt;/p&gt;&lt;p&gt;&lt;strong&gt;&lt;br/&gt;&lt;/strong&gt;&lt;/p&gt;&lt;p&gt;&lt;strong&gt;&lt;br/&gt;&lt;/strong&gt;&lt;/p&gt;&lt;p&gt;&lt;strong&gt;1. 安装&lt;/strong&gt;&lt;/p&gt;&lt;pre class=&quot;prettyprint&quot;&gt;sudo&amp;nbsp;apt-get&amp;nbsp;install&amp;nbsp;unar&lt;/pre&gt;&lt;p&gt;&lt;strong&gt;2.列出压缩包内容&lt;/strong&gt;&lt;/p&gt;&lt;pre class=&quot;prettyprint&quot;&gt;lsar&amp;nbsp;test.zip&lt;/pre&gt;&lt;p&gt;&lt;strong&gt;3.解压压缩包&lt;/strong&gt;&lt;/p&gt;&lt;pre class=&quot;prettyprint&quot;&gt;unar&amp;nbsp;test.zip&lt;/pre&gt;&lt;p&gt;&lt;strong&gt;4.unar常用选项解释&lt;/strong&gt;&lt;/p&gt;&lt;p&gt;-o&lt;/p&gt;&lt;blockquote&gt;&lt;p&gt;解释：指定解压结果保存的位置 &lt;br/&gt;
 &amp;nbsp;&lt;code&gt;unar test.zip -o /home/dir/&lt;/code&gt;&lt;/p&gt;&lt;/blockquote&gt;&lt;p&gt;-e&lt;/p&gt;&lt;blockquote&gt;&lt;p&gt;解释：指定编码 &lt;br/&gt;
 &amp;nbsp;&lt;code&gt;unar -e GBK test.zip&lt;/code&gt;&lt;/p&gt;&lt;/blockquote&gt;&lt;p&gt;-p&lt;/p&gt;&lt;blockquote&gt;&lt;p&gt;解释：指定解压密码 &lt;br/&gt;
 &amp;nbsp;&lt;code&gt;unar -p 123456 test.zip&lt;/code&gt;&lt;/p&gt;&lt;/blockquote&gt;&lt;p&gt;&lt;strong&gt;3.解决linux解压压缩包中文文件名乱码问题&lt;/strong&gt;&lt;/p&gt;&lt;pre class=&quot;prettyprint&quot;&gt;lsar&amp;nbsp;test.zip###若发现乱码，可指定压缩包文件名使用的编码格式##

lsar&amp;nbsp;-e&amp;nbsp;GB18030&amp;nbsp;test.zip###若能正常列出文件名，可解压###

unar&amp;nbsp;-e&amp;nbsp;GB18030&amp;nbsp;test.zip&lt;/pre&gt;&lt;p&gt;&lt;br/&gt;&lt;/p&gt;&lt;p&gt;&lt;br/&gt;&lt;/p&gt;&lt;p&gt;用于php调取命令转中文方法：&lt;/p&gt;&lt;p&gt;&lt;br/&gt;&lt;/p&gt;&lt;p&gt;&lt;a href=&quot;http://www.php.cn/php/php-tp-install.html&quot; target=&quot;_blank&quot;&gt;安装&lt;/a&gt;p7zip和convmv&lt;/p&gt;&lt;div class=&quot;line number3 index2 alt2&quot;&gt;&lt;code class=&quot;bash comments&quot;&gt;# ubuntu&lt;/code&gt;&lt;/div&gt;&lt;div class=&quot;line number4 index3 alt1&quot;&gt;&lt;code class=&quot;bash plain&quot;&gt;$ &lt;/code&gt;&lt;code class=&quot;bash functions&quot;&gt;sudo&lt;/code&gt; &lt;code class=&quot;bash plain&quot;&gt;apt-get &lt;/code&gt;&lt;code class=&quot;bash functions&quot;&gt;install&lt;/code&gt; &lt;code class=&quot;bash plain&quot;&gt;p7zip convmv&lt;/code&gt;&lt;/div&gt;&lt;p&gt;&lt;br/&gt;&lt;/p&gt;&lt;p&gt;执行一下命令解压缩&lt;/p&gt;&lt;table class=&quot;syntaxhighlighter  bash&quot; cellspacing=&quot;0&quot; cellpadding=&quot;0&quot;&gt;&lt;tbody&gt;&lt;tr class=&quot;firstRow&quot;&gt;&lt;/tr&gt;&lt;/tbody&gt;&lt;/table&gt;&lt;p&gt;&lt;code class=&quot;bash comments&quot;&gt;# 使用7z解压缩&lt;/code&gt;&lt;code class=&quot;bash plain&quot;&gt;$ 7za x your-zip-&lt;/code&gt;&lt;code class=&quot;bash functions&quot;&gt;file&lt;/code&gt;&lt;code class=&quot;bash plain&quot;&gt;.zip&lt;/code&gt;&lt;/p&gt;&lt;p&gt;&lt;code class=&quot;bash plain&quot;&gt;&lt;/code&gt;&lt;code class=&quot;bash comments&quot;&gt;#递归转码&lt;/code&gt;&lt;code class=&quot;bash plain&quot;&gt;$ convmv -f GBK -t utf8 --notest -r .&lt;/code&gt;&lt;/p&gt;&lt;p&gt;&lt;code class=&quot;bash plain&quot;&gt;&lt;br/&gt;&lt;/code&gt;&lt;/p&gt;&lt;p&gt;&lt;code class=&quot;bash plain&quot;&gt;&lt;br/&gt;&lt;/code&gt;&lt;/p&gt;&lt;p&gt;&lt;code class=&quot;bash plain&quot;&gt;&lt;br/&gt;&lt;/code&gt;&lt;/p&gt;&lt;p&gt;&lt;code class=&quot;bash plain&quot;&gt;&amp;lt;?php&lt;/code&gt;&lt;/p&gt;&lt;p&gt;&lt;code class=&quot;bash plain&quot;&gt;$commond = &amp;quot;LANG=C 7za x 1.zip&amp;quot;;&lt;br/&gt;// $commond = &amp;#39;unzip ./2.zip&amp;#39;;&lt;br/&gt;system($commond,$status);&lt;br/&gt;echo $status;&lt;br/&gt;$commond = &amp;quot;convmv -f GBK -t utf8 --notest -r .&amp;quot;;&lt;br/&gt;system($commond,$status);&lt;br/&gt;&lt;/code&gt;&lt;/p&gt;&lt;p&gt;&lt;code class=&quot;bash plain&quot;&gt;&lt;br/&gt;&lt;/code&gt;&lt;/p&gt;&lt;p&gt;本文转载于：http://blog.csdn.net/dk_mcu/article/details/50732703&lt;br/&gt;&lt;/p&gt;' WHERE `aid` = 23 [ RunTime:0.0157s ]
SQL: SHOW COLUMNS FROM `wjw_article_tag` [ RunTime:0.0007s ]
SQL: DELETE FROM `wjw_article_tag` WHERE `aid` = 23 [ RunTime:0.0020s ]
SQL: INSERT INTO `wjw_article_tag` (`aid`,`tid`) VALUES ('23','21') [ RunTime:0.0031s ]
SQL: SHOW COLUMNS FROM `wjw_article_pic` [ RunTime:0.0005s ]
SQL: DELETE FROM `wjw_article_pic` WHERE `aid` = 23 [ RunTime:0.0010s ]
SQL: INSERT INTO `wjw_article_pic` (`aid`,`path`) VALUES ('23','/Upload/image/ueditor/20170918/1505697027220851.png') [ RunTime:0.0040s ]
INFO: [ view_parse ] --START--
INFO: [ template_filter ] --START--
INFO: Run Behavior\ContentReplaceBehavior [ RunTime:0.000026s ]
INFO: [ template_filter ] --END-- [ RunTime:0.000040s ]
INFO: Run Behavior\ParseTemplateBehavior [ RunTime:0.000778s ]
INFO: [ view_parse ] --END-- [ RunTime:0.000802s ]
INFO: [ view_filter ] --START--
INFO: Run Behavior\WriteHtmlCacheBehavior [ RunTime:0.000020s ]
INFO: [ view_filter ] --END-- [ RunTime:0.000027s ]
INFO: [ app_end ] --START--
INFO: Run Behavior\ShowPageTraceBehavior [ RunTime:0.000015s ]
INFO: [ app_end ] --END-- [ RunTime:0.000021s ]

[ 2017-09-18T10:21:39+08:00 ] 218.94.111.198 /index.php/Admin/Article/edit/aid/23
INFO: [ app_init ] --START--
INFO: Run Behavior\BuildLiteBehavior [ RunTime:0.000007s ]
INFO: [ app_init ] --END-- [ RunTime:0.000040s ]
INFO: [ app_begin ] --START--
INFO: Run Behavior\ReadHtmlCacheBehavior [ RunTime:0.000015s ]
INFO: [ app_begin ] --END-- [ RunTime:0.000028s ]
SQL: SHOW COLUMNS FROM `wjw_article` [ RunTime:0.0008s ]
SQL: SELECT * FROM `wjw_article` WHERE `aid` = 23 LIMIT 1   [ RunTime:0.0005s ]
SQL: SHOW COLUMNS FROM `wjw_article_tag` [ RunTime:0.0005s ]
SQL: SELECT `tid` FROM `wjw_article_tag` WHERE `aid` = 23  [ RunTime:0.0004s ]
SQL: SHOW COLUMNS FROM `wjw_article_tag` [ RunTime:0.0005s ]
SQL: SELECT * FROM `wjw_article_tag` INNER JOIN wjw_tag ON wjw_article_tag.tid=wjw_tag.tid  WHERE `aid` = '23'  [ RunTime:0.0005s ]
SQL: SHOW COLUMNS FROM `wjw_category` [ RunTime:0.0006s ]
SQL: SELECT `cid`,`cid`,`cname`,`keywords` FROM `wjw_category` WHERE `cid` = 28  [ RunTime:0.0004s ]
SQL: SELECT * FROM `wjw_category` ORDER BY sort  [ RunTime:0.0004s ]
SQL: SHOW COLUMNS FROM `wjw_tag` [ RunTime:0.0005s ]
SQL: SELECT * FROM `wjw_tag`  [ RunTime:0.0004s ]
SQL: SHOW COLUMNS FROM `wjw_article_tag` [ RunTime:0.0005s ]
SQL: SELECT COUNT(*) AS tp_count FROM `wjw_article_tag` WHERE `tid` = 20 LIMIT 1   [ RunTime:0.0004s ]
SQL: SELECT COUNT(*) AS tp_count FROM `wjw_article_tag` WHERE `tid` = 21 LIMIT 1   [ RunTime:0.0004s ]
INFO: [ view_parse ] --START--
INFO: [ template_filter ] --START--
INFO: Run Behavior\ContentReplaceBehavior [ RunTime:0.000055s ]
INFO: [ template_filter ] --END-- [ RunTime:0.000070s ]
INFO: Run Behavior\ParseTemplateBehavior [ RunTime:0.001738s ]
INFO: [ view_parse ] --END-- [ RunTime:0.001754s ]
INFO: [ view_filter ] --START--
INFO: Run Behavior\WriteHtmlCacheBehavior [ RunTime:0.000015s ]
INFO: [ view_filter ] --END-- [ RunTime:0.000023s ]
INFO: [ app_end ] --START--
INFO: Run Behavior\ShowPageTraceBehavior [ RunTime:0.000011s ]
INFO: [ app_end ] --END-- [ RunTime:0.000018s ]

[ 2017-09-18T10:29:19+08:00 ] 101.226.33.225 /index.php/Admin/Article/add
INFO: [ app_init ] --START--
INFO: Run Behavior\BuildLiteBehavior [ RunTime:0.000008s ]
INFO: [ app_init ] --END-- [ RunTime:0.000066s ]
INFO: [ app_begin ] --START--
INFO: Run Behavior\ReadHtmlCacheBehavior [ RunTime:0.000019s ]
INFO: [ app_begin ] --END-- [ RunTime:0.000032s ]
SQL: SHOW COLUMNS FROM `wjw_oauth_user` [ RunTime:0.0008s ]
SQL: SELECT COUNT(*) AS tp_count FROM `wjw_oauth_user` WHERE `is_admin` = 1 LIMIT 1   [ RunTime:0.0005s ]

[ 2017-09-18T10:29:23+08:00 ] 101.226.33.225 /index.php/Admin/Login/login
INFO: [ app_init ] --START--
INFO: Run Behavior\BuildLiteBehavior [ RunTime:0.000006s ]
INFO: [ app_init ] --END-- [ RunTime:0.000040s ]
INFO: [ app_begin ] --START--
INFO: Run Behavior\ReadHtmlCacheBehavior [ RunTime:0.000014s ]
INFO: [ app_begin ] --END-- [ RunTime:0.000027s ]
SQL: SHOW COLUMNS FROM `wjw_category` [ RunTime:0.0008s ]
SQL: SELECT * FROM `wjw_category` ORDER BY sort  [ RunTime:0.0005s ]
SQL: SHOW COLUMNS FROM `wjw_tag` [ RunTime:0.0005s ]
SQL: SELECT * FROM `wjw_tag`  [ RunTime:0.0004s ]
SQL: SHOW COLUMNS FROM `wjw_article_tag` [ RunTime:0.0005s ]
SQL: SELECT COUNT(*) AS tp_count FROM `wjw_article_tag` WHERE `tid` = 20 LIMIT 1   [ RunTime:0.0004s ]
SQL: SELECT COUNT(*) AS tp_count FROM `wjw_article_tag` WHERE `tid` = 21 LIMIT 1   [ RunTime:0.0004s ]
SQL: SHOW COLUMNS FROM `wjw_link` [ RunTime:0.0005s ]
SQL: SELECT * FROM `wjw_link` WHERE `is_delete` = 0 AND `is_show` = 1 ORDER BY sort  [ RunTime:0.0004s ]
SQL: SHOW COLUMNS FROM `wjw_oauth_user` [ RunTime:0.0006s ]
SQL: SELECT COUNT(*) AS tp_count FROM `wjw_oauth_user` WHERE `is_admin` = 1 LIMIT 1   [ RunTime:0.0004s ]
INFO: [ view_parse ] --START--
INFO: [ template_filter ] --START--
INFO: Run Behavior\ContentReplaceBehavior [ RunTime:0.000033s ]
INFO: [ template_filter ] --END-- [ RunTime:0.000047s ]
NOTIC: [8] Undefined index: ADMIN_PASSWORD /var/www/html/thinkwjw/Runtime/Cache/Admin/b891abcc3bb76636e2a96a245e9568d6.php 第 6 行.
INFO: Run Behavior\ParseTemplateBehavior [ RunTime:0.000865s ]
INFO: [ view_parse ] --END-- [ RunTime:0.000878s ]
INFO: [ view_filter ] --START--
INFO: Run Behavior\WriteHtmlCacheBehavior [ RunTime:0.000019s ]
INFO: [ view_filter ] --END-- [ RunTime:0.000026s ]
INFO: [ app_end ] --START--
INFO: Run Behavior\ShowPageTraceBehavior [ RunTime:0.000013s ]
INFO: [ app_end ] --END-- [ RunTime:0.000020s ]

[ 2017-09-18T10:47:37+08:00 ] 220.181.108.122 /index.php/Admin/User/index
INFO: [ app_init ] --START--
INFO: Run Behavior\BuildLiteBehavior [ RunTime:0.000007s ]
INFO: [ app_init ] --END-- [ RunTime:0.000044s ]
INFO: [ app_begin ] --START--
INFO: Run Behavior\ReadHtmlCacheBehavior [ RunTime:0.000018s ]
INFO: [ app_begin ] --END-- [ RunTime:0.000030s ]
SQL: SHOW COLUMNS FROM `wjw_oauth_user` [ RunTime:0.0008s ]
SQL: SELECT COUNT(*) AS tp_count FROM `wjw_oauth_user` WHERE `is_admin` = 1 LIMIT 1   [ RunTime:0.0005s ]

[ 2017-09-18T10:47:38+08:00 ] 220.181.108.120 /index.php/Admin/Login/login
INFO: [ app_init ] --START--
INFO: Run Behavior\BuildLiteBehavior [ RunTime:0.000006s ]
INFO: [ app_init ] --END-- [ RunTime:0.000039s ]
INFO: [ app_begin ] --START--
INFO: Run Behavior\ReadHtmlCacheBehavior [ RunTime:0.000015s ]
INFO: [ app_begin ] --END-- [ RunTime:0.000026s ]
SQL: SHOW COLUMNS FROM `wjw_category` [ RunTime:0.0007s ]
SQL: SELECT * FROM `wjw_category` ORDER BY sort  [ RunTime:0.0005s ]
SQL: SHOW COLUMNS FROM `wjw_tag` [ RunTime:0.0005s ]
SQL: SELECT * FROM `wjw_tag`  [ RunTime:0.0004s ]
SQL: SHOW COLUMNS FROM `wjw_article_tag` [ RunTime:0.0005s ]
SQL: SELECT COUNT(*) AS tp_count FROM `wjw_article_tag` WHERE `tid` = 20 LIMIT 1   [ RunTime:0.0004s ]
SQL: SELECT COUNT(*) AS tp_count FROM `wjw_article_tag` WHERE `tid` = 21 LIMIT 1   [ RunTime:0.0004s ]
SQL: SHOW COLUMNS FROM `wjw_link` [ RunTime:0.0006s ]
SQL: SELECT * FROM `wjw_link` WHERE `is_delete` = 0 AND `is_show` = 1 ORDER BY sort  [ RunTime:0.0004s ]
SQL: SHOW COLUMNS FROM `wjw_oauth_user` [ RunTime:0.0006s ]
SQL: SELECT COUNT(*) AS tp_count FROM `wjw_oauth_user` WHERE `is_admin` = 1 LIMIT 1   [ RunTime:0.0004s ]
INFO: [ view_parse ] --START--
INFO: [ template_filter ] --START--
INFO: Run Behavior\ContentReplaceBehavior [ RunTime:0.000039s ]
INFO: [ template_filter ] --END-- [ RunTime:0.000054s ]
NOTIC: [8] Undefined index: ADMIN_PASSWORD /var/www/html/thinkwjw/Runtime/Cache/Admin/b891abcc3bb76636e2a96a245e9568d6.php 第 6 行.
INFO: Run Behavior\ParseTemplateBehavior [ RunTime:0.000891s ]
INFO: [ view_parse ] --END-- [ RunTime:0.000905s ]
INFO: [ view_filter ] --START--
INFO: Run Behavior\WriteHtmlCacheBehavior [ RunTime:0.000021s ]
INFO: [ view_filter ] --END-- [ RunTime:0.000029s ]
INFO: [ app_end ] --START--
INFO: Run Behavior\ShowPageTraceBehavior [ RunTime:0.000014s ]
INFO: [ app_end ] --END-- [ RunTime:0.000022s ]

[ 2017-09-18T10:51:08+08:00 ] 123.125.71.92 /index.php/Admin/User/index
INFO: [ app_init ] --START--
INFO: Run Behavior\BuildLiteBehavior [ RunTime:0.000007s ]
INFO: [ app_init ] --END-- [ RunTime:0.000043s ]
INFO: [ app_begin ] --START--
INFO: Run Behavior\ReadHtmlCacheBehavior [ RunTime:0.000016s ]
INFO: [ app_begin ] --END-- [ RunTime:0.000027s ]
SQL: SHOW COLUMNS FROM `wjw_oauth_user` [ RunTime:0.0007s ]
SQL: SELECT COUNT(*) AS tp_count FROM `wjw_oauth_user` WHERE `is_admin` = 1 LIMIT 1   [ RunTime:0.0004s ]

[ 2017-09-18T10:51:08+08:00 ] 220.181.108.99 /index.php/Admin/Login/login
INFO: [ app_init ] --START--
INFO: Run Behavior\BuildLiteBehavior [ RunTime:0.000006s ]
INFO: [ app_init ] --END-- [ RunTime:0.000040s ]
INFO: [ app_begin ] --START--
INFO: Run Behavior\ReadHtmlCacheBehavior [ RunTime:0.000014s ]
INFO: [ app_begin ] --END-- [ RunTime:0.000026s ]
SQL: SHOW COLUMNS FROM `wjw_category` [ RunTime:0.0007s ]
SQL: SELECT * FROM `wjw_category` ORDER BY sort  [ RunTime:0.0004s ]
SQL: SHOW COLUMNS FROM `wjw_tag` [ RunTime:0.0005s ]
SQL: SELECT * FROM `wjw_tag`  [ RunTime:0.0004s ]
SQL: SHOW COLUMNS FROM `wjw_article_tag` [ RunTime:0.0005s ]
SQL: SELECT COUNT(*) AS tp_count FROM `wjw_article_tag` WHERE `tid` = 20 LIMIT 1   [ RunTime:0.0004s ]
SQL: SELECT COUNT(*) AS tp_count FROM `wjw_article_tag` WHERE `tid` = 21 LIMIT 1   [ RunTime:0.0004s ]
SQL: SHOW COLUMNS FROM `wjw_link` [ RunTime:0.0006s ]
SQL: SELECT * FROM `wjw_link` WHERE `is_delete` = 0 AND `is_show` = 1 ORDER BY sort  [ RunTime:0.0004s ]
SQL: SHOW COLUMNS FROM `wjw_oauth_user` [ RunTime:0.0006s ]
SQL: SELECT COUNT(*) AS tp_count FROM `wjw_oauth_user` WHERE `is_admin` = 1 LIMIT 1   [ RunTime:0.0004s ]
INFO: [ view_parse ] --START--
INFO: [ template_filter ] --START--
INFO: Run Behavior\ContentReplaceBehavior [ RunTime:0.000038s ]
INFO: [ template_filter ] --END-- [ RunTime:0.000054s ]
NOTIC: [8] Undefined index: ADMIN_PASSWORD /var/www/html/thinkwjw/Runtime/Cache/Admin/b891abcc3bb76636e2a96a245e9568d6.php 第 6 行.
INFO: Run Behavior\ParseTemplateBehavior [ RunTime:0.000928s ]
INFO: [ view_parse ] --END-- [ RunTime:0.000942s ]
INFO: [ view_filter ] --START--
INFO: Run Behavior\WriteHtmlCacheBehavior [ RunTime:0.000021s ]
INFO: [ view_filter ] --END-- [ RunTime:0.000029s ]
INFO: [ app_end ] --START--
INFO: Run Behavior\ShowPageTraceBehavior [ RunTime:0.000015s ]
INFO: [ app_end ] --END-- [ RunTime:0.000022s ]

[ 2017-09-18T10:51:14+08:00 ] 111.206.221.108 /index.php/Admin/Login/showVerify
INFO: [ app_init ] --START--
INFO: Run Behavior\BuildLiteBehavior [ RunTime:0.000006s ]
INFO: [ app_init ] --END-- [ RunTime:0.000043s ]
INFO: [ app_begin ] --START--
INFO: Run Behavior\ReadHtmlCacheBehavior [ RunTime:0.000018s ]
INFO: [ app_begin ] --END-- [ RunTime:0.000031s ]
SQL: SHOW COLUMNS FROM `wjw_category` [ RunTime:0.0007s ]
SQL: SELECT * FROM `wjw_category` ORDER BY sort  [ RunTime:0.0005s ]
SQL: SHOW COLUMNS FROM `wjw_tag` [ RunTime:0.0005s ]
SQL: SELECT * FROM `wjw_tag`  [ RunTime:0.0004s ]
SQL: SHOW COLUMNS FROM `wjw_article_tag` [ RunTime:0.0005s ]
SQL: SELECT COUNT(*) AS tp_count FROM `wjw_article_tag` WHERE `tid` = 20 LIMIT 1   [ RunTime:0.0004s ]
SQL: SELECT COUNT(*) AS tp_count FROM `wjw_article_tag` WHERE `tid` = 21 LIMIT 1   [ RunTime:0.0004s ]
SQL: SHOW COLUMNS FROM `wjw_link` [ RunTime:0.0005s ]
SQL: SELECT * FROM `wjw_link` WHERE `is_delete` = 0 AND `is_show` = 1 ORDER BY sort  [ RunTime:0.0004s ]
INFO: [ app_end ] --START--
INFO: Run Behavior\ShowPageTraceBehavior [ RunTime:0.000026s ]
INFO: [ app_end ] --END-- [ RunTime:0.000045s ]

[ 2017-09-18T11:20:57+08:00 ] 123.125.67.154 /index.php/Admin/User/is_admin/id/2/is_admin/1
INFO: [ app_init ] --START--
INFO: Run Behavior\BuildLiteBehavior [ RunTime:0.000007s ]
INFO: [ app_init ] --END-- [ RunTime:0.000045s ]
INFO: [ app_begin ] --START--
INFO: Run Behavior\ReadHtmlCacheBehavior [ RunTime:0.000017s ]
INFO: [ app_begin ] --END-- [ RunTime:0.000031s ]
SQL: SHOW COLUMNS FROM `wjw_oauth_user` [ RunTime:0.0008s ]
SQL: SELECT COUNT(*) AS tp_count FROM `wjw_oauth_user` WHERE `is_admin` = 1 LIMIT 1   [ RunTime:0.0005s ]

[ 2017-09-18T11:20:58+08:00 ] 123.125.67.154 /index.php/Admin/Login/login
INFO: [ app_init ] --START--
INFO: Run Behavior\BuildLiteBehavior [ RunTime:0.000006s ]
INFO: [ app_init ] --END-- [ RunTime:0.000037s ]
INFO: [ app_begin ] --START--
INFO: Run Behavior\ReadHtmlCacheBehavior [ RunTime:0.000013s ]
INFO: [ app_begin ] --END-- [ RunTime:0.000024s ]
SQL: SHOW COLUMNS FROM `wjw_category` [ RunTime:0.0007s ]
SQL: SELECT * FROM `wjw_category` ORDER BY sort  [ RunTime:0.0005s ]
SQL: SHOW COLUMNS FROM `wjw_tag` [ RunTime:0.0005s ]
SQL: SELECT * FROM `wjw_tag`  [ RunTime:0.0004s ]
SQL: SHOW COLUMNS FROM `wjw_article_tag` [ RunTime:0.0005s ]
SQL: SELECT COUNT(*) AS tp_count FROM `wjw_article_tag` WHERE `tid` = 20 LIMIT 1   [ RunTime:0.0004s ]
SQL: SELECT COUNT(*) AS tp_count FROM `wjw_article_tag` WHERE `tid` = 21 LIMIT 1   [ RunTime:0.0004s ]
SQL: SHOW COLUMNS FROM `wjw_link` [ RunTime:0.0005s ]
SQL: SELECT * FROM `wjw_link` WHERE `is_delete` = 0 AND `is_show` = 1 ORDER BY sort  [ RunTime:0.0004s ]
SQL: SHOW COLUMNS FROM `wjw_oauth_user` [ RunTime:0.0006s ]
SQL: SELECT COUNT(*) AS tp_count FROM `wjw_oauth_user` WHERE `is_admin` = 1 LIMIT 1   [ RunTime:0.0004s ]
INFO: [ view_parse ] --START--
INFO: [ template_filter ] --START--
INFO: Run Behavior\ContentReplaceBehavior [ RunTime:0.000035s ]
INFO: [ template_filter ] --END-- [ RunTime:0.000048s ]
NOTIC: [8] Undefined index: ADMIN_PASSWORD /var/www/html/thinkwjw/Runtime/Cache/Admin/b891abcc3bb76636e2a96a245e9568d6.php 第 6 行.
INFO: Run Behavior\ParseTemplateBehavior [ RunTime:0.000816s ]
INFO: [ view_parse ] --END-- [ RunTime:0.000828s ]
INFO: [ view_filter ] --START--
INFO: Run Behavior\WriteHtmlCacheBehavior [ RunTime:0.000021s ]
INFO: [ view_filter ] --END-- [ RunTime:0.000028s ]
INFO: [ app_end ] --START--
INFO: Run Behavior\ShowPageTraceBehavior [ RunTime:0.000014s ]
INFO: [ app_end ] --END-- [ RunTime:0.000020s ]

