[ 2017-10-23T10:00:34+08:00 ] 218.94.111.198 /index.php/Admin/Index/index
INFO: [ app_init ] --START--
INFO: Run Behavior\BuildLiteBehavior [ RunTime:0.000006s ]
INFO: [ app_init ] --END-- [ RunTime:0.000041s ]
INFO: [ app_begin ] --START--
INFO: Run Behavior\ReadHtmlCacheBehavior [ RunTime:0.000019s ]
INFO: [ app_begin ] --END-- [ RunTime:0.000034s ]
SQL: SHOW COLUMNS FROM `wjw_oauth_user` [ RunTime:0.0008s ]
SQL: SELECT COUNT(*) AS tp_count FROM `wjw_oauth_user` WHERE `is_admin` = 1 LIMIT 1   [ RunTime:0.0005s ]

[ 2017-10-23T10:00:34+08:00 ] 218.94.111.198 /index.php/Admin/Login/login
INFO: [ app_init ] --START--
INFO: Run Behavior\BuildLiteBehavior [ RunTime:0.000005s ]
INFO: [ app_init ] --END-- [ RunTime:0.000033s ]
INFO: [ app_begin ] --START--
INFO: Run Behavior\ReadHtmlCacheBehavior [ RunTime:0.000013s ]
INFO: [ app_begin ] --END-- [ RunTime:0.000026s ]
SQL: SHOW COLUMNS FROM `wjw_category` [ RunTime:0.0007s ]
SQL: SELECT * FROM `wjw_category` ORDER BY sort  [ RunTime:0.0004s ]
SQL: SHOW COLUMNS FROM `wjw_tag` [ RunTime:0.0005s ]
SQL: SELECT * FROM `wjw_tag`  [ RunTime:0.0004s ]
SQL: SHOW COLUMNS FROM `wjw_article_tag` [ RunTime:0.0005s ]
SQL: SELECT COUNT(*) AS tp_count FROM `wjw_article_tag` WHERE `tid` = 20 LIMIT 1   [ RunTime:0.0004s ]
SQL: SELECT COUNT(*) AS tp_count FROM `wjw_article_tag` WHERE `tid` = 21 LIMIT 1   [ RunTime:0.0004s ]
SQL: SHOW COLUMNS FROM `wjw_link` [ RunTime:0.0006s ]
SQL: SELECT * FROM `wjw_link` WHERE `is_delete` = 0 AND `is_show` = 1 ORDER BY sort  [ RunTime:0.0004s ]
SQL: SHOW COLUMNS FROM `wjw_oauth_user` [ RunTime:0.0006s ]
SQL: SELECT COUNT(*) AS tp_count FROM `wjw_oauth_user` WHERE `is_admin` = 1 LIMIT 1   [ RunTime:0.0004s ]
INFO: [ view_parse ] --START--
INFO: [ template_filter ] --START--
INFO: Run Behavior\ContentReplaceBehavior [ RunTime:0.000037s ]
INFO: [ template_filter ] --END-- [ RunTime:0.000054s ]
NOTIC: [8] Undefined index: ADMIN_PASSWORD /var/www/html/thinkwjw/Runtime/Cache/Admin/b891abcc3bb76636e2a96a245e9568d6.php 第 6 行.
INFO: Run Behavior\ParseTemplateBehavior [ RunTime:0.000823s ]
INFO: [ view_parse ] --END-- [ RunTime:0.000838s ]
INFO: [ view_filter ] --START--
INFO: Run Behavior\WriteHtmlCacheBehavior [ RunTime:0.000041s ]
INFO: [ view_filter ] --END-- [ RunTime:0.000052s ]
INFO: [ app_end ] --START--
INFO: Run Behavior\ShowPageTraceBehavior [ RunTime:0.000016s ]
INFO: [ app_end ] --END-- [ RunTime:0.000023s ]

[ 2017-10-23T10:00:34+08:00 ] 218.94.111.198 /index.php/Admin/Login/showVerify
INFO: [ app_init ] --START--
INFO: Run Behavior\BuildLiteBehavior [ RunTime:0.000004s ]
INFO: [ app_init ] --END-- [ RunTime:0.000030s ]
INFO: [ app_begin ] --START--
INFO: Run Behavior\ReadHtmlCacheBehavior [ RunTime:0.000013s ]
INFO: [ app_begin ] --END-- [ RunTime:0.000024s ]
SQL: SHOW COLUMNS FROM `wjw_category` [ RunTime:0.0007s ]
SQL: SELECT * FROM `wjw_category` ORDER BY sort  [ RunTime:0.0004s ]
SQL: SHOW COLUMNS FROM `wjw_tag` [ RunTime:0.0005s ]
SQL: SELECT * FROM `wjw_tag`  [ RunTime:0.0004s ]
SQL: SHOW COLUMNS FROM `wjw_article_tag` [ RunTime:0.0005s ]
SQL: SELECT COUNT(*) AS tp_count FROM `wjw_article_tag` WHERE `tid` = 20 LIMIT 1   [ RunTime:0.0004s ]
SQL: SELECT COUNT(*) AS tp_count FROM `wjw_article_tag` WHERE `tid` = 21 LIMIT 1   [ RunTime:0.0004s ]
SQL: SHOW COLUMNS FROM `wjw_link` [ RunTime:0.0006s ]
SQL: SELECT * FROM `wjw_link` WHERE `is_delete` = 0 AND `is_show` = 1 ORDER BY sort  [ RunTime:0.0004s ]
INFO: [ app_end ] --START--
INFO: Run Behavior\ShowPageTraceBehavior [ RunTime:0.000019s ]
INFO: [ app_end ] --END-- [ RunTime:0.000037s ]

[ 2017-10-23T10:00:40+08:00 ] 218.94.111.198 /index.php/Admin/Login/login
INFO: [ app_init ] --START--
INFO: Run Behavior\BuildLiteBehavior [ RunTime:0.000006s ]
INFO: [ app_init ] --END-- [ RunTime:0.000049s ]
INFO: [ app_begin ] --START--
INFO: Run Behavior\ReadHtmlCacheBehavior [ RunTime:0.000018s ]
INFO: [ app_begin ] --END-- [ RunTime:0.000031s ]
SQL: SHOW COLUMNS FROM `wjw_category` [ RunTime:0.0007s ]
SQL: SELECT * FROM `wjw_category` ORDER BY sort  [ RunTime:0.0004s ]
SQL: SHOW COLUMNS FROM `wjw_tag` [ RunTime:0.0005s ]
SQL: SELECT * FROM `wjw_tag`  [ RunTime:0.0004s ]
SQL: SHOW COLUMNS FROM `wjw_article_tag` [ RunTime:0.0005s ]
SQL: SELECT COUNT(*) AS tp_count FROM `wjw_article_tag` WHERE `tid` = 20 LIMIT 1   [ RunTime:0.0004s ]
SQL: SELECT COUNT(*) AS tp_count FROM `wjw_article_tag` WHERE `tid` = 21 LIMIT 1   [ RunTime:0.0004s ]
SQL: SHOW COLUMNS FROM `wjw_link` [ RunTime:0.0005s ]
SQL: SELECT * FROM `wjw_link` WHERE `is_delete` = 0 AND `is_show` = 1 ORDER BY sort  [ RunTime:0.0004s ]
SQL: SHOW COLUMNS FROM `wjw_oauth_user` [ RunTime:0.0006s ]
SQL: SELECT COUNT(*) AS tp_count FROM `wjw_oauth_user` WHERE `is_admin` = 1 LIMIT 1   [ RunTime:0.0004s ]
SQL: SHOW COLUMNS FROM `wjw_config` [ RunTime:0.0005s ]
SQL: SELECT `value` FROM `wjw_config` WHERE `name` = 'ADMIN_PASSWORD' LIMIT 1   [ RunTime:0.0004s ]
INFO: [ view_parse ] --START--
INFO: [ template_filter ] --START--
INFO: Run Behavior\ContentReplaceBehavior [ RunTime:0.000021s ]
INFO: [ template_filter ] --END-- [ RunTime:0.000036s ]
INFO: Run Behavior\ParseTemplateBehavior [ RunTime:0.001548s ]
INFO: [ view_parse ] --END-- [ RunTime:0.001563s ]
INFO: [ view_filter ] --START--
INFO: Run Behavior\WriteHtmlCacheBehavior [ RunTime:0.000018s ]
INFO: [ view_filter ] --END-- [ RunTime:0.000026s ]
INFO: [ app_end ] --START--
INFO: Run Behavior\ShowPageTraceBehavior [ RunTime:0.000014s ]
INFO: [ app_end ] --END-- [ RunTime:0.000020s ]

[ 2017-10-23T10:00:41+08:00 ] 218.94.111.198 /index.php/Admin/Login/login
INFO: [ app_init ] --START--
INFO: Run Behavior\BuildLiteBehavior [ RunTime:0.000007s ]
INFO: [ app_init ] --END-- [ RunTime:0.000041s ]
INFO: [ app_begin ] --START--
INFO: Run Behavior\ReadHtmlCacheBehavior [ RunTime:0.000014s ]
INFO: [ app_begin ] --END-- [ RunTime:0.000026s ]
SQL: SHOW COLUMNS FROM `wjw_category` [ RunTime:0.0008s ]
SQL: SELECT * FROM `wjw_category` ORDER BY sort  [ RunTime:0.0005s ]
SQL: SHOW COLUMNS FROM `wjw_tag` [ RunTime:0.0006s ]
SQL: SELECT * FROM `wjw_tag`  [ RunTime:0.0004s ]
SQL: SHOW COLUMNS FROM `wjw_article_tag` [ RunTime:0.0005s ]
SQL: SELECT COUNT(*) AS tp_count FROM `wjw_article_tag` WHERE `tid` = 20 LIMIT 1   [ RunTime:0.0004s ]
SQL: SELECT COUNT(*) AS tp_count FROM `wjw_article_tag` WHERE `tid` = 21 LIMIT 1   [ RunTime:0.0004s ]
SQL: SHOW COLUMNS FROM `wjw_link` [ RunTime:0.0005s ]
SQL: SELECT * FROM `wjw_link` WHERE `is_delete` = 0 AND `is_show` = 1 ORDER BY sort  [ RunTime:0.0004s ]
SQL: SHOW COLUMNS FROM `wjw_oauth_user` [ RunTime:0.0006s ]
SQL: SELECT COUNT(*) AS tp_count FROM `wjw_oauth_user` WHERE `is_admin` = 1 LIMIT 1   [ RunTime:0.0004s ]
INFO: [ view_parse ] --START--
INFO: [ template_filter ] --START--
INFO: Run Behavior\ContentReplaceBehavior [ RunTime:0.000038s ]
INFO: [ template_filter ] --END-- [ RunTime:0.000054s ]
NOTIC: [8] Undefined index: ADMIN_PASSWORD /var/www/html/thinkwjw/Runtime/Cache/Admin/b891abcc3bb76636e2a96a245e9568d6.php 第 6 行.
INFO: Run Behavior\ParseTemplateBehavior [ RunTime:0.002118s ]
INFO: [ view_parse ] --END-- [ RunTime:0.002133s ]
INFO: [ view_filter ] --START--
INFO: Run Behavior\WriteHtmlCacheBehavior [ RunTime:0.000016s ]
INFO: [ view_filter ] --END-- [ RunTime:0.000022s ]
INFO: [ app_end ] --START--
INFO: Run Behavior\ShowPageTraceBehavior [ RunTime:0.000010s ]
INFO: [ app_end ] --END-- [ RunTime:0.000016s ]

[ 2017-10-23T10:00:41+08:00 ] 218.94.111.198 /index.php/Admin/Login/showVerify
INFO: [ app_init ] --START--
INFO: Run Behavior\BuildLiteBehavior [ RunTime:0.000006s ]
INFO: [ app_init ] --END-- [ RunTime:0.000036s ]
INFO: [ app_begin ] --START--
INFO: Run Behavior\ReadHtmlCacheBehavior [ RunTime:0.000012s ]
INFO: [ app_begin ] --END-- [ RunTime:0.000023s ]
SQL: SHOW COLUMNS FROM `wjw_category` [ RunTime:0.0007s ]
SQL: SELECT * FROM `wjw_category` ORDER BY sort  [ RunTime:0.0005s ]
SQL: SHOW COLUMNS FROM `wjw_tag` [ RunTime:0.0005s ]
SQL: SELECT * FROM `wjw_tag`  [ RunTime:0.0004s ]
SQL: SHOW COLUMNS FROM `wjw_article_tag` [ RunTime:0.0005s ]
SQL: SELECT COUNT(*) AS tp_count FROM `wjw_article_tag` WHERE `tid` = 20 LIMIT 1   [ RunTime:0.0004s ]
SQL: SELECT COUNT(*) AS tp_count FROM `wjw_article_tag` WHERE `tid` = 21 LIMIT 1   [ RunTime:0.0004s ]
SQL: SHOW COLUMNS FROM `wjw_link` [ RunTime:0.0005s ]
SQL: SELECT * FROM `wjw_link` WHERE `is_delete` = 0 AND `is_show` = 1 ORDER BY sort  [ RunTime:0.0004s ]
INFO: [ app_end ] --START--
INFO: Run Behavior\ShowPageTraceBehavior [ RunTime:0.000018s ]
INFO: [ app_end ] --END-- [ RunTime:0.000035s ]

[ 2017-10-23T10:00:51+08:00 ] 218.94.111.198 /index.php/Admin/Login/login
INFO: [ app_init ] --START--
INFO: Run Behavior\BuildLiteBehavior [ RunTime:0.000007s ]
INFO: [ app_init ] --END-- [ RunTime:0.000048s ]
INFO: [ app_begin ] --START--
INFO: Run Behavior\ReadHtmlCacheBehavior [ RunTime:0.000019s ]
INFO: [ app_begin ] --END-- [ RunTime:0.000034s ]
SQL: SHOW COLUMNS FROM `wjw_category` [ RunTime:0.0008s ]
SQL: SELECT * FROM `wjw_category` ORDER BY sort  [ RunTime:0.0005s ]
SQL: SHOW COLUMNS FROM `wjw_tag` [ RunTime:0.0006s ]
SQL: SELECT * FROM `wjw_tag`  [ RunTime:0.0004s ]
SQL: SHOW COLUMNS FROM `wjw_article_tag` [ RunTime:0.0005s ]
SQL: SELECT COUNT(*) AS tp_count FROM `wjw_article_tag` WHERE `tid` = 20 LIMIT 1   [ RunTime:0.0005s ]
SQL: SELECT COUNT(*) AS tp_count FROM `wjw_article_tag` WHERE `tid` = 21 LIMIT 1   [ RunTime:0.0004s ]
SQL: SHOW COLUMNS FROM `wjw_link` [ RunTime:0.0005s ]
SQL: SELECT * FROM `wjw_link` WHERE `is_delete` = 0 AND `is_show` = 1 ORDER BY sort  [ RunTime:0.0005s ]
SQL: SHOW COLUMNS FROM `wjw_oauth_user` [ RunTime:0.0006s ]
SQL: SELECT COUNT(*) AS tp_count FROM `wjw_oauth_user` WHERE `is_admin` = 1 LIMIT 1   [ RunTime:0.0004s ]
SQL: SHOW COLUMNS FROM `wjw_config` [ RunTime:0.0005s ]
SQL: SELECT `value` FROM `wjw_config` WHERE `name` = 'ADMIN_PASSWORD' LIMIT 1   [ RunTime:0.0004s ]
INFO: [ view_parse ] --START--
INFO: [ template_filter ] --START--
INFO: Run Behavior\ContentReplaceBehavior [ RunTime:0.000023s ]
INFO: [ template_filter ] --END-- [ RunTime:0.000037s ]
INFO: Run Behavior\ParseTemplateBehavior [ RunTime:0.000752s ]
INFO: [ view_parse ] --END-- [ RunTime:0.000769s ]
INFO: [ view_filter ] --START--
INFO: Run Behavior\WriteHtmlCacheBehavior [ RunTime:0.000021s ]
INFO: [ view_filter ] --END-- [ RunTime:0.000029s ]
INFO: [ app_end ] --START--
INFO: Run Behavior\ShowPageTraceBehavior [ RunTime:0.000015s ]
INFO: [ app_end ] --END-- [ RunTime:0.000023s ]

[ 2017-10-23T10:00:52+08:00 ] 218.94.111.198 /index.php/Admin/Index/index
INFO: [ app_init ] --START--
INFO: Run Behavior\BuildLiteBehavior [ RunTime:0.000007s ]
INFO: [ app_init ] --END-- [ RunTime:0.000037s ]
INFO: [ app_begin ] --START--
INFO: Run Behavior\ReadHtmlCacheBehavior [ RunTime:0.000013s ]
INFO: [ app_begin ] --END-- [ RunTime:0.000022s ]
INFO: [ view_parse ] --START--
INFO: [ template_filter ] --START--
INFO: Run Behavior\ContentReplaceBehavior [ RunTime:0.000082s ]
INFO: [ template_filter ] --END-- [ RunTime:0.000100s ]
INFO: Run Behavior\ParseTemplateBehavior [ RunTime:0.001693s ]
INFO: [ view_parse ] --END-- [ RunTime:0.001709s ]
INFO: [ view_filter ] --START--
INFO: Run Behavior\WriteHtmlCacheBehavior [ RunTime:0.000015s ]
INFO: [ view_filter ] --END-- [ RunTime:0.000024s ]
INFO: [ app_end ] --START--
INFO: Run Behavior\ShowPageTraceBehavior [ RunTime:0.000012s ]
INFO: [ app_end ] --END-- [ RunTime:0.000027s ]

[ 2017-10-23T10:00:52+08:00 ] 218.94.111.198 /index.php/Admin/Index/welcome
INFO: [ app_init ] --START--
INFO: Run Behavior\BuildLiteBehavior [ RunTime:0.000007s ]
INFO: [ app_init ] --END-- [ RunTime:0.000036s ]
INFO: [ app_begin ] --START--
INFO: Run Behavior\ReadHtmlCacheBehavior [ RunTime:0.000013s ]
INFO: [ app_begin ] --END-- [ RunTime:0.000023s ]
SQL: SHOW COLUMNS FROM `wjw_article` [ RunTime:0.0008s ]
SQL: SELECT COUNT(*) AS tp_count FROM `wjw_article` LIMIT 1   [ RunTime:0.0004s ]
SQL: SELECT COUNT(*) AS tp_count FROM `wjw_article` WHERE `is_delete` = 1 LIMIT 1   [ RunTime:0.0004s ]
SQL: SELECT COUNT(*) AS tp_count FROM `wjw_article` WHERE `is_show` = 0 LIMIT 1   [ RunTime:0.0004s ]
SQL: SHOW COLUMNS FROM `wjw_chat` [ RunTime:0.0005s ]
SQL: SELECT COUNT(*) AS tp_count FROM `wjw_chat` LIMIT 1   [ RunTime:0.0004s ]
SQL: SELECT COUNT(*) AS tp_count FROM `wjw_chat` WHERE `is_delete` = 1 LIMIT 1   [ RunTime:0.0004s ]
SQL: SELECT COUNT(*) AS tp_count FROM `wjw_chat` WHERE `is_show` = 0 LIMIT 1   [ RunTime:0.0004s ]
SQL: SHOW COLUMNS FROM `wjw_comment` [ RunTime:0.0005s ]
SQL: SELECT COUNT(*) AS tp_count FROM `wjw_comment` LIMIT 1   [ RunTime:0.0004s ]
INFO: [ view_parse ] --START--
INFO: [ template_filter ] --START--
INFO: Run Behavior\ContentReplaceBehavior [ RunTime:0.000036s ]
INFO: [ template_filter ] --END-- [ RunTime:0.000050s ]
INFO: Run Behavior\ParseTemplateBehavior [ RunTime:0.000787s ]
INFO: [ view_parse ] --END-- [ RunTime:0.000803s ]
INFO: [ view_filter ] --START--
INFO: Run Behavior\WriteHtmlCacheBehavior [ RunTime:0.000014s ]
INFO: [ view_filter ] --END-- [ RunTime:0.000021s ]
INFO: [ app_end ] --START--
INFO: Run Behavior\ShowPageTraceBehavior [ RunTime:0.000010s ]
INFO: [ app_end ] --END-- [ RunTime:0.000016s ]

[ 2017-10-23T10:00:54+08:00 ] 218.94.111.198 /index.php/Admin/Article/index
INFO: [ app_init ] --START--
INFO: Run Behavior\BuildLiteBehavior [ RunTime:0.000007s ]
INFO: [ app_init ] --END-- [ RunTime:0.000043s ]
INFO: [ app_begin ] --START--
INFO: Run Behavior\ReadHtmlCacheBehavior [ RunTime:0.000017s ]
INFO: [ app_begin ] --END-- [ RunTime:0.000029s ]
SQL: SHOW COLUMNS FROM `wjw_article` [ RunTime:0.0008s ]
SQL: SELECT COUNT(*) AS tp_count FROM `wjw_article` WHERE `is_delete` = 0 LIMIT 1   [ RunTime:0.0005s ]
SQL: SELECT * FROM `wjw_article` WHERE `is_delete` = 0 ORDER BY addtime desc LIMIT 0,15   [ RunTime:0.0008s ]
SQL: SHOW COLUMNS FROM `wjw_article_tag` [ RunTime:0.0005s ]
SQL: SHOW COLUMNS FROM `wjw_article_tag` [ RunTime:0.0005s ]
SQL: SELECT * FROM `wjw_article_tag` INNER JOIN wjw_tag ON wjw_article_tag.tid=wjw_tag.tid  WHERE `aid` = '26'  [ RunTime:0.0005s ]
SQL: SHOW COLUMNS FROM `wjw_article_pic` [ RunTime:0.0005s ]
SQL: SELECT `path` FROM `wjw_article_pic` WHERE `aid` = 26 ORDER BY ap_id asc LIMIT 1   [ RunTime:0.0004s ]
SQL: SHOW COLUMNS FROM `wjw_category` [ RunTime:0.0006s ]
SQL: SELECT `cid`,`cid`,`cname` FROM `wjw_category` WHERE `cid` = 28  [ RunTime:0.0004s ]
SQL: SELECT * FROM `wjw_article_tag` INNER JOIN wjw_tag ON wjw_article_tag.tid=wjw_tag.tid  WHERE `aid` = '25'  [ RunTime:0.0005s ]
SQL: SELECT `path` FROM `wjw_article_pic` WHERE `aid` = 25 ORDER BY ap_id asc LIMIT 1   [ RunTime:0.0004s ]
SQL: SELECT `cid`,`cid`,`cname` FROM `wjw_category` WHERE `cid` = 28  [ RunTime:0.0004s ]
SQL: SELECT * FROM `wjw_article_tag` INNER JOIN wjw_tag ON wjw_article_tag.tid=wjw_tag.tid  WHERE `aid` = '24'  [ RunTime:0.0004s ]
SQL: SELECT `path` FROM `wjw_article_pic` WHERE `aid` = 24 ORDER BY ap_id asc LIMIT 1   [ RunTime:0.0004s ]
SQL: SELECT `cid`,`cid`,`cname` FROM `wjw_category` WHERE `cid` = 29  [ RunTime:0.0004s ]
SQL: SELECT * FROM `wjw_article_tag` INNER JOIN wjw_tag ON wjw_article_tag.tid=wjw_tag.tid  WHERE `aid` = '23'  [ RunTime:0.0004s ]
SQL: SELECT `path` FROM `wjw_article_pic` WHERE `aid` = 23 ORDER BY ap_id asc LIMIT 1   [ RunTime:0.0004s ]
SQL: SELECT `cid`,`cid`,`cname` FROM `wjw_category` WHERE `cid` = 28  [ RunTime:0.0004s ]
SQL: SELECT * FROM `wjw_article_tag` INNER JOIN wjw_tag ON wjw_article_tag.tid=wjw_tag.tid  WHERE `aid` = '22'  [ RunTime:0.0004s ]
SQL: SELECT `path` FROM `wjw_article_pic` WHERE `aid` = 22 ORDER BY ap_id asc LIMIT 1   [ RunTime:0.0004s ]
SQL: SELECT `cid`,`cid`,`cname` FROM `wjw_category` WHERE `cid` = 29  [ RunTime:0.0004s ]
SQL: SELECT * FROM `wjw_article_tag` INNER JOIN wjw_tag ON wjw_article_tag.tid=wjw_tag.tid  WHERE `aid` = '21'  [ RunTime:0.0004s ]
SQL: SELECT `path` FROM `wjw_article_pic` WHERE `aid` = 21 ORDER BY ap_id asc LIMIT 1   [ RunTime:0.0004s ]
SQL: SELECT `cid`,`cid`,`cname` FROM `wjw_category` WHERE `cid` = 29  [ RunTime:0.0004s ]
SQL: SELECT * FROM `wjw_article_tag` INNER JOIN wjw_tag ON wjw_article_tag.tid=wjw_tag.tid  WHERE `aid` = '20'  [ RunTime:0.0005s ]
SQL: SELECT `path` FROM `wjw_article_pic` WHERE `aid` = 20 ORDER BY ap_id asc LIMIT 1   [ RunTime:0.0004s ]
SQL: SELECT `cid`,`cid`,`cname` FROM `wjw_category` WHERE `cid` = 29  [ RunTime:0.0004s ]
INFO: [ view_parse ] --START--
INFO: [ template_filter ] --START--
INFO: Run Behavior\ContentReplaceBehavior [ RunTime:0.000037s ]
INFO: [ template_filter ] --END-- [ RunTime:0.000053s ]
INFO: Run Behavior\ParseTemplateBehavior [ RunTime:0.001551s ]
INFO: [ view_parse ] --END-- [ RunTime:0.001568s ]
INFO: [ view_filter ] --START--
INFO: Run Behavior\WriteHtmlCacheBehavior [ RunTime:0.000019s ]
INFO: [ view_filter ] --END-- [ RunTime:0.000026s ]
INFO: [ app_end ] --START--
INFO: Run Behavior\ShowPageTraceBehavior [ RunTime:0.000013s ]
INFO: [ app_end ] --END-- [ RunTime:0.000020s ]

[ 2017-10-23T10:00:56+08:00 ] 218.94.111.198 /index.php/Admin/Article/edit/aid/26
INFO: [ app_init ] --START--
INFO: Run Behavior\BuildLiteBehavior [ RunTime:0.000007s ]
INFO: [ app_init ] --END-- [ RunTime:0.000039s ]
INFO: [ app_begin ] --START--
INFO: Run Behavior\ReadHtmlCacheBehavior [ RunTime:0.000014s ]
INFO: [ app_begin ] --END-- [ RunTime:0.000026s ]
SQL: SHOW COLUMNS FROM `wjw_article` [ RunTime:0.0008s ]
SQL: SELECT * FROM `wjw_article` WHERE `aid` = 26 LIMIT 1   [ RunTime:0.0005s ]
SQL: SHOW COLUMNS FROM `wjw_article_tag` [ RunTime:0.0005s ]
SQL: SELECT `tid` FROM `wjw_article_tag` WHERE `aid` = 26  [ RunTime:0.0004s ]
SQL: SHOW COLUMNS FROM `wjw_article_tag` [ RunTime:0.0005s ]
SQL: SELECT * FROM `wjw_article_tag` INNER JOIN wjw_tag ON wjw_article_tag.tid=wjw_tag.tid  WHERE `aid` = '26'  [ RunTime:0.0005s ]
SQL: SHOW COLUMNS FROM `wjw_category` [ RunTime:0.0006s ]
SQL: SELECT `cid`,`cid`,`cname`,`keywords` FROM `wjw_category` WHERE `cid` = 28  [ RunTime:0.0004s ]
SQL: SELECT * FROM `wjw_category` ORDER BY sort  [ RunTime:0.0004s ]
SQL: SHOW COLUMNS FROM `wjw_tag` [ RunTime:0.0005s ]
SQL: SELECT * FROM `wjw_tag`  [ RunTime:0.0004s ]
SQL: SHOW COLUMNS FROM `wjw_article_tag` [ RunTime:0.0005s ]
SQL: SELECT COUNT(*) AS tp_count FROM `wjw_article_tag` WHERE `tid` = 20 LIMIT 1   [ RunTime:0.0004s ]
SQL: SELECT COUNT(*) AS tp_count FROM `wjw_article_tag` WHERE `tid` = 21 LIMIT 1   [ RunTime:0.0004s ]
INFO: [ view_parse ] --START--
INFO: [ template_filter ] --START--
INFO: Run Behavior\ContentReplaceBehavior [ RunTime:0.000055s ]
INFO: [ template_filter ] --END-- [ RunTime:0.000069s ]
INFO: Run Behavior\ParseTemplateBehavior [ RunTime:0.001844s ]
INFO: [ view_parse ] --END-- [ RunTime:0.001860s ]
INFO: [ view_filter ] --START--
INFO: Run Behavior\WriteHtmlCacheBehavior [ RunTime:0.000015s ]
INFO: [ view_filter ] --END-- [ RunTime:0.000022s ]
INFO: [ app_end ] --START--
INFO: Run Behavior\ShowPageTraceBehavior [ RunTime:0.000010s ]
INFO: [ app_end ] --END-- [ RunTime:0.000018s ]

[ 2017-10-23T10:01:27+08:00 ] 218.94.111.198 /index.php/Admin/Article/edit/aid/26
INFO: [ app_init ] --START--
INFO: Run Behavior\BuildLiteBehavior [ RunTime:0.000006s ]
INFO: [ app_init ] --END-- [ RunTime:0.000049s ]
INFO: [ app_begin ] --START--
INFO: Run Behavior\ReadHtmlCacheBehavior [ RunTime:0.000017s ]
INFO: [ app_begin ] --END-- [ RunTime:0.000031s ]
SQL: SHOW COLUMNS FROM `wjw_article` [ RunTime:0.0008s ]
SQL: UPDATE `wjw_article` SET `aid`='26',`cid`='28',`title`='PHPExcel导出的问题，PHP版本7.0',`author`='王加文',`keywords`='PHPExcel导出的问题，PHP版本7.0',`description`='PHPExcel导出的问题，PHP版本7.0',`is_original`='0',`is_top`='1',`is_show`='1',`content`='&lt;h1 class=&quot;h3 post-topheader__info--title&quot; id=&quot;questionTitle&quot; data-id=&quot;1010000005004001&quot;&gt;PHPExcel导出的问题，PHP版本7.0&lt;/h1&gt;&lt;p&gt;&lt;br/&gt;&lt;img src=&quot;/Upload/image/ueditor/20171020/1508487615454439.png&quot; title=&quot;白俊遥博客&quot; alt=&quot;白俊遥博客&quot;/&gt;&lt;/p&gt;&lt;p&gt;错误提示：&lt;/p&gt;&lt;pre class=&quot;hljs vhdl&quot;&gt;Fatal&amp;nbsp;error:&amp;nbsp;&amp;#39;break&amp;#39;&amp;nbsp;not&amp;nbsp;in&amp;nbsp;the&amp;nbsp;&amp;#39;loop&amp;#39;&amp;nbsp;or&amp;nbsp;&amp;#39;switch&amp;#39;&amp;nbsp;context&amp;nbsp;in&amp;nbsp;Function.php&lt;/pre&gt;&lt;p&gt;这是1.8版本运行在php7上存在的一个Bug，将phpexcel升级至1.8.1就可以了。&lt;/p&gt;&lt;p&gt;对于linux上需要增加php拓展。命令如下：&lt;/p&gt;&lt;p&gt;&lt;br/&gt;&lt;/p&gt;&lt;p&gt;&amp;nbsp;sudo apt-get install php7.0-zip&lt;/p&gt;&lt;p&gt;&lt;br/&gt;&lt;/p&gt;&lt;p&gt;&amp;nbsp;/etc/init.d/apache2 restart&lt;br/&gt;&lt;br/&gt;&lt;/p&gt;&lt;p&gt;1.8.1的地址&lt;br/&gt;&lt;/p&gt;&lt;p&gt;&lt;a href=&quot;https://github.com/PHPOffice/PHPExcel/releases/tag/1.8.1&quot; _src=&quot;https://github.com/PHPOffice/PHPExcel/releases/tag/1.8.1&quot;&gt;https://github.com/PHPOffice/PHPExcel/releases/tag/1.8.1&lt;/a&gt;&lt;/p&gt;&lt;p&gt;网盘地址&lt;br/&gt;&lt;/p&gt;&lt;p&gt;&lt;a href=&quot;https://github.com/PHPOffice/PHPExcel/releases/tag/1.8.1&quot; _src=&quot;https://github.com/PHPOffice/PHPExcel/releases/tag/1.8.1&quot;&gt;http://pan.baidu.com/s/1c2plqTy&lt;/a&gt;&lt;br/&gt;&lt;/p&gt;&lt;p&gt;&lt;br/&gt; &lt;/p&gt;' WHERE `aid` = 26 [ RunTime:0.0026s ]
SQL: SHOW COLUMNS FROM `wjw_article_tag` [ RunTime:0.0005s ]
SQL: DELETE FROM `wjw_article_tag` WHERE `aid` = 26 [ RunTime:0.0019s ]
SQL: INSERT INTO `wjw_article_tag` (`aid`,`tid`) VALUES ('26','21') [ RunTime:0.0027s ]
SQL: SHOW COLUMNS FROM `wjw_article_pic` [ RunTime:0.0005s ]
SQL: DELETE FROM `wjw_article_pic` WHERE `aid` = 26 [ RunTime:0.0035s ]
SQL: INSERT INTO `wjw_article_pic` (`aid`,`path`) VALUES ('26','/Upload/image/ueditor/20171020/1508487615454439.png') [ RunTime:0.0024s ]
INFO: [ view_parse ] --START--
INFO: [ template_filter ] --START--
INFO: Run Behavior\ContentReplaceBehavior [ RunTime:0.000022s ]
INFO: [ template_filter ] --END-- [ RunTime:0.000039s ]
INFO: Run Behavior\ParseTemplateBehavior [ RunTime:0.001551s ]
INFO: [ view_parse ] --END-- [ RunTime:0.001566s ]
INFO: [ view_filter ] --START--
INFO: Run Behavior\WriteHtmlCacheBehavior [ RunTime:0.000019s ]
INFO: [ view_filter ] --END-- [ RunTime:0.000025s ]
INFO: [ app_end ] --START--
INFO: Run Behavior\ShowPageTraceBehavior [ RunTime:0.000014s ]
INFO: [ app_end ] --END-- [ RunTime:0.000021s ]

[ 2017-10-23T10:01:28+08:00 ] 218.94.111.198 /index.php/Admin/Article/edit/aid/26
INFO: [ app_init ] --START--
INFO: Run Behavior\BuildLiteBehavior [ RunTime:0.000007s ]
INFO: [ app_init ] --END-- [ RunTime:0.000040s ]
INFO: [ app_begin ] --START--
INFO: Run Behavior\ReadHtmlCacheBehavior [ RunTime:0.000014s ]
INFO: [ app_begin ] --END-- [ RunTime:0.000027s ]
SQL: SHOW COLUMNS FROM `wjw_article` [ RunTime:0.0009s ]
SQL: SELECT * FROM `wjw_article` WHERE `aid` = 26 LIMIT 1   [ RunTime:0.0005s ]
SQL: SHOW COLUMNS FROM `wjw_article_tag` [ RunTime:0.0005s ]
SQL: SELECT `tid` FROM `wjw_article_tag` WHERE `aid` = 26  [ RunTime:0.0004s ]
SQL: SHOW COLUMNS FROM `wjw_article_tag` [ RunTime:0.0005s ]
SQL: SELECT * FROM `wjw_article_tag` INNER JOIN wjw_tag ON wjw_article_tag.tid=wjw_tag.tid  WHERE `aid` = '26'  [ RunTime:0.0005s ]
SQL: SHOW COLUMNS FROM `wjw_category` [ RunTime:0.0005s ]
SQL: SELECT `cid`,`cid`,`cname`,`keywords` FROM `wjw_category` WHERE `cid` = 28  [ RunTime:0.0004s ]
SQL: SELECT * FROM `wjw_category` ORDER BY sort  [ RunTime:0.0004s ]
SQL: SHOW COLUMNS FROM `wjw_tag` [ RunTime:0.0005s ]
SQL: SELECT * FROM `wjw_tag`  [ RunTime:0.0004s ]
SQL: SHOW COLUMNS FROM `wjw_article_tag` [ RunTime:0.0005s ]
SQL: SELECT COUNT(*) AS tp_count FROM `wjw_article_tag` WHERE `tid` = 20 LIMIT 1   [ RunTime:0.0004s ]
SQL: SELECT COUNT(*) AS tp_count FROM `wjw_article_tag` WHERE `tid` = 21 LIMIT 1   [ RunTime:0.0004s ]
INFO: [ view_parse ] --START--
INFO: [ template_filter ] --START--
INFO: Run Behavior\ContentReplaceBehavior [ RunTime:0.000054s ]
INFO: [ template_filter ] --END-- [ RunTime:0.000078s ]
INFO: Run Behavior\ParseTemplateBehavior [ RunTime:0.001803s ]
INFO: [ view_parse ] --END-- [ RunTime:0.001819s ]
INFO: [ view_filter ] --START--
INFO: Run Behavior\WriteHtmlCacheBehavior [ RunTime:0.000016s ]
INFO: [ view_filter ] --END-- [ RunTime:0.000023s ]
INFO: [ app_end ] --START--
INFO: Run Behavior\ShowPageTraceBehavior [ RunTime:0.000011s ]
INFO: [ app_end ] --END-- [ RunTime:0.000018s ]

[ 2017-10-23T10:02:43+08:00 ] 218.94.111.198 /index.php/Admin/Index/index
INFO: [ app_init ] --START--
INFO: Run Behavior\BuildLiteBehavior [ RunTime:0.000006s ]
INFO: [ app_init ] --END-- [ RunTime:0.000039s ]
INFO: [ app_begin ] --START--
INFO: Run Behavior\ReadHtmlCacheBehavior [ RunTime:0.000015s ]
INFO: [ app_begin ] --END-- [ RunTime:0.000026s ]
INFO: [ view_parse ] --START--
INFO: [ template_filter ] --START--
INFO: Run Behavior\ContentReplaceBehavior [ RunTime:0.000072s ]
INFO: [ template_filter ] --END-- [ RunTime:0.000087s ]
INFO: Run Behavior\ParseTemplateBehavior [ RunTime:0.001468s ]
INFO: [ view_parse ] --END-- [ RunTime:0.001482s ]
INFO: [ view_filter ] --START--
INFO: Run Behavior\WriteHtmlCacheBehavior [ RunTime:0.000017s ]
INFO: [ view_filter ] --END-- [ RunTime:0.000025s ]
INFO: [ app_end ] --START--
INFO: Run Behavior\ShowPageTraceBehavior [ RunTime:0.000012s ]
INFO: [ app_end ] --END-- [ RunTime:0.000020s ]

[ 2017-10-23T10:02:43+08:00 ] 218.94.111.198 /index.php/Admin/Index/welcome
INFO: [ app_init ] --START--
INFO: Run Behavior\BuildLiteBehavior [ RunTime:0.000004s ]
INFO: [ app_init ] --END-- [ RunTime:0.000032s ]
INFO: [ app_begin ] --START--
INFO: Run Behavior\ReadHtmlCacheBehavior [ RunTime:0.000013s ]
INFO: [ app_begin ] --END-- [ RunTime:0.000026s ]
SQL: SHOW COLUMNS FROM `wjw_article` [ RunTime:0.0008s ]
SQL: SELECT COUNT(*) AS tp_count FROM `wjw_article` LIMIT 1   [ RunTime:0.0005s ]
SQL: SELECT COUNT(*) AS tp_count FROM `wjw_article` WHERE `is_delete` = 1 LIMIT 1   [ RunTime:0.0004s ]
SQL: SELECT COUNT(*) AS tp_count FROM `wjw_article` WHERE `is_show` = 0 LIMIT 1   [ RunTime:0.0004s ]
SQL: SHOW COLUMNS FROM `wjw_chat` [ RunTime:0.0006s ]
SQL: SELECT COUNT(*) AS tp_count FROM `wjw_chat` LIMIT 1   [ RunTime:0.0004s ]
SQL: SELECT COUNT(*) AS tp_count FROM `wjw_chat` WHERE `is_delete` = 1 LIMIT 1   [ RunTime:0.0004s ]
SQL: SELECT COUNT(*) AS tp_count FROM `wjw_chat` WHERE `is_show` = 0 LIMIT 1   [ RunTime:0.0004s ]
SQL: SHOW COLUMNS FROM `wjw_comment` [ RunTime:0.0005s ]
SQL: SELECT COUNT(*) AS tp_count FROM `wjw_comment` LIMIT 1   [ RunTime:0.0004s ]
INFO: [ view_parse ] --START--
INFO: [ template_filter ] --START--
INFO: Run Behavior\ContentReplaceBehavior [ RunTime:0.000040s ]
INFO: [ template_filter ] --END-- [ RunTime:0.000056s ]
INFO: Run Behavior\ParseTemplateBehavior [ RunTime:0.000834s ]
INFO: [ view_parse ] --END-- [ RunTime:0.000851s ]
INFO: [ view_filter ] --START--
INFO: Run Behavior\WriteHtmlCacheBehavior [ RunTime:0.000016s ]
INFO: [ view_filter ] --END-- [ RunTime:0.000024s ]
INFO: [ app_end ] --START--
INFO: Run Behavior\ShowPageTraceBehavior [ RunTime:0.000011s ]
INFO: [ app_end ] --END-- [ RunTime:0.000017s ]

[ 2017-10-23T10:02:44+08:00 ] 218.94.111.198 /index.php/Admin/Article/index
INFO: [ app_init ] --START--
INFO: Run Behavior\BuildLiteBehavior [ RunTime:0.000006s ]
INFO: [ app_init ] --END-- [ RunTime:0.000039s ]
INFO: [ app_begin ] --START--
INFO: Run Behavior\ReadHtmlCacheBehavior [ RunTime:0.000013s ]
INFO: [ app_begin ] --END-- [ RunTime:0.000025s ]
SQL: SHOW COLUMNS FROM `wjw_article` [ RunTime:0.0008s ]
SQL: SELECT COUNT(*) AS tp_count FROM `wjw_article` WHERE `is_delete` = 0 LIMIT 1   [ RunTime:0.0005s ]
SQL: SELECT * FROM `wjw_article` WHERE `is_delete` = 0 ORDER BY addtime desc LIMIT 0,15   [ RunTime:0.0008s ]
SQL: SHOW COLUMNS FROM `wjw_article_tag` [ RunTime:0.0005s ]
SQL: SHOW COLUMNS FROM `wjw_article_tag` [ RunTime:0.0005s ]
SQL: SELECT * FROM `wjw_article_tag` INNER JOIN wjw_tag ON wjw_article_tag.tid=wjw_tag.tid  WHERE `aid` = '26'  [ RunTime:0.0004s ]
SQL: SHOW COLUMNS FROM `wjw_article_pic` [ RunTime:0.0005s ]
SQL: SELECT `path` FROM `wjw_article_pic` WHERE `aid` = 26 ORDER BY ap_id asc LIMIT 1   [ RunTime:0.0004s ]
SQL: SHOW COLUMNS FROM `wjw_category` [ RunTime:0.0005s ]
SQL: SELECT `cid`,`cid`,`cname` FROM `wjw_category` WHERE `cid` = 28  [ RunTime:0.0004s ]
SQL: SELECT * FROM `wjw_article_tag` INNER JOIN wjw_tag ON wjw_article_tag.tid=wjw_tag.tid  WHERE `aid` = '25'  [ RunTime:0.0004s ]
SQL: SELECT `path` FROM `wjw_article_pic` WHERE `aid` = 25 ORDER BY ap_id asc LIMIT 1   [ RunTime:0.0004s ]
SQL: SELECT `cid`,`cid`,`cname` FROM `wjw_category` WHERE `cid` = 28  [ RunTime:0.0004s ]
SQL: SELECT * FROM `wjw_article_tag` INNER JOIN wjw_tag ON wjw_article_tag.tid=wjw_tag.tid  WHERE `aid` = '24'  [ RunTime:0.0004s ]
SQL: SELECT `path` FROM `wjw_article_pic` WHERE `aid` = 24 ORDER BY ap_id asc LIMIT 1   [ RunTime:0.0004s ]
SQL: SELECT `cid`,`cid`,`cname` FROM `wjw_category` WHERE `cid` = 29  [ RunTime:0.0004s ]
SQL: SELECT * FROM `wjw_article_tag` INNER JOIN wjw_tag ON wjw_article_tag.tid=wjw_tag.tid  WHERE `aid` = '23'  [ RunTime:0.0004s ]
SQL: SELECT `path` FROM `wjw_article_pic` WHERE `aid` = 23 ORDER BY ap_id asc LIMIT 1   [ RunTime:0.0004s ]
SQL: SELECT `cid`,`cid`,`cname` FROM `wjw_category` WHERE `cid` = 28  [ RunTime:0.0004s ]
SQL: SELECT * FROM `wjw_article_tag` INNER JOIN wjw_tag ON wjw_article_tag.tid=wjw_tag.tid  WHERE `aid` = '22'  [ RunTime:0.0004s ]
SQL: SELECT `path` FROM `wjw_article_pic` WHERE `aid` = 22 ORDER BY ap_id asc LIMIT 1   [ RunTime:0.0004s ]
SQL: SELECT `cid`,`cid`,`cname` FROM `wjw_category` WHERE `cid` = 29  [ RunTime:0.0004s ]
SQL: SELECT * FROM `wjw_article_tag` INNER JOIN wjw_tag ON wjw_article_tag.tid=wjw_tag.tid  WHERE `aid` = '21'  [ RunTime:0.0004s ]
SQL: SELECT `path` FROM `wjw_article_pic` WHERE `aid` = 21 ORDER BY ap_id asc LIMIT 1   [ RunTime:0.0004s ]
SQL: SELECT `cid`,`cid`,`cname` FROM `wjw_category` WHERE `cid` = 29  [ RunTime:0.0004s ]
SQL: SELECT * FROM `wjw_article_tag` INNER JOIN wjw_tag ON wjw_article_tag.tid=wjw_tag.tid  WHERE `aid` = '20'  [ RunTime:0.0004s ]
SQL: SELECT `path` FROM `wjw_article_pic` WHERE `aid` = 20 ORDER BY ap_id asc LIMIT 1   [ RunTime:0.0004s ]
SQL: SELECT `cid`,`cid`,`cname` FROM `wjw_category` WHERE `cid` = 29  [ RunTime:0.0004s ]
INFO: [ view_parse ] --START--
INFO: [ template_filter ] --START--
INFO: Run Behavior\ContentReplaceBehavior [ RunTime:0.000047s ]
INFO: [ template_filter ] --END-- [ RunTime:0.000063s ]
INFO: Run Behavior\ParseTemplateBehavior [ RunTime:0.001440s ]
INFO: [ view_parse ] --END-- [ RunTime:0.001457s ]
INFO: [ view_filter ] --START--
INFO: Run Behavior\WriteHtmlCacheBehavior [ RunTime:0.000016s ]
INFO: [ view_filter ] --END-- [ RunTime:0.000023s ]
INFO: [ app_end ] --START--
INFO: Run Behavior\ShowPageTraceBehavior [ RunTime:0.000011s ]
INFO: [ app_end ] --END-- [ RunTime:0.000018s ]

[ 2017-10-23T10:02:58+08:00 ] 218.94.111.198 /index.php/Admin/Article/add
INFO: [ app_init ] --START--
INFO: Run Behavior\BuildLiteBehavior [ RunTime:0.000055s ]
INFO: [ app_init ] --END-- [ RunTime:0.000093s ]
INFO: [ app_begin ] --START--
INFO: Run Behavior\ReadHtmlCacheBehavior [ RunTime:0.000016s ]
INFO: [ app_begin ] --END-- [ RunTime:0.000026s ]
SQL: SHOW COLUMNS FROM `wjw_article` [ RunTime:0.0008s ]
SQL: SHOW COLUMNS FROM `wjw_category` [ RunTime:0.0005s ]
SQL: SELECT * FROM `wjw_category` ORDER BY sort  [ RunTime:0.0004s ]
SQL: SHOW COLUMNS FROM `wjw_tag` [ RunTime:0.0005s ]
SQL: SELECT * FROM `wjw_tag`  [ RunTime:0.0004s ]
SQL: SHOW COLUMNS FROM `wjw_article_tag` [ RunTime:0.0005s ]
SQL: SELECT COUNT(*) AS tp_count FROM `wjw_article_tag` WHERE `tid` = 20 LIMIT 1   [ RunTime:0.0004s ]
SQL: SELECT COUNT(*) AS tp_count FROM `wjw_article_tag` WHERE `tid` = 21 LIMIT 1   [ RunTime:0.0004s ]
INFO: [ view_parse ] --START--
INFO: [ template_filter ] --START--
INFO: Run Behavior\ContentReplaceBehavior [ RunTime:0.000048s ]
INFO: [ template_filter ] --END-- [ RunTime:0.000062s ]
INFO: Run Behavior\ParseTemplateBehavior [ RunTime:0.001332s ]
INFO: [ view_parse ] --END-- [ RunTime:0.001347s ]
INFO: [ view_filter ] --START--
INFO: Run Behavior\WriteHtmlCacheBehavior [ RunTime:0.000019s ]
INFO: [ view_filter ] --END-- [ RunTime:0.000026s ]
INFO: [ app_end ] --START--
INFO: Run Behavior\ShowPageTraceBehavior [ RunTime:0.000014s ]
INFO: [ app_end ] --END-- [ RunTime:0.000021s ]

[ 2017-10-23T10:02:59+08:00 ] 218.94.111.198 /index.php/Admin/Article/index
INFO: [ app_init ] --START--
INFO: Run Behavior\BuildLiteBehavior [ RunTime:0.000006s ]
INFO: [ app_init ] --END-- [ RunTime:0.000036s ]
INFO: [ app_begin ] --START--
INFO: Run Behavior\ReadHtmlCacheBehavior [ RunTime:0.000013s ]
INFO: [ app_begin ] --END-- [ RunTime:0.000026s ]
SQL: SHOW COLUMNS FROM `wjw_article` [ RunTime:0.0008s ]
SQL: SELECT COUNT(*) AS tp_count FROM `wjw_article` WHERE `is_delete` = 0 LIMIT 1   [ RunTime:0.0005s ]
SQL: SELECT * FROM `wjw_article` WHERE `is_delete` = 0 ORDER BY addtime desc LIMIT 0,15   [ RunTime:0.0008s ]
SQL: SHOW COLUMNS FROM `wjw_article_tag` [ RunTime:0.0005s ]
SQL: SHOW COLUMNS FROM `wjw_article_tag` [ RunTime:0.0005s ]
SQL: SELECT * FROM `wjw_article_tag` INNER JOIN wjw_tag ON wjw_article_tag.tid=wjw_tag.tid  WHERE `aid` = '26'  [ RunTime:0.0005s ]
SQL: SHOW COLUMNS FROM `wjw_article_pic` [ RunTime:0.0005s ]
SQL: SELECT `path` FROM `wjw_article_pic` WHERE `aid` = 26 ORDER BY ap_id asc LIMIT 1   [ RunTime:0.0004s ]
SQL: SHOW COLUMNS FROM `wjw_category` [ RunTime:0.0005s ]
SQL: SELECT `cid`,`cid`,`cname` FROM `wjw_category` WHERE `cid` = 28  [ RunTime:0.0004s ]
SQL: SELECT * FROM `wjw_article_tag` INNER JOIN wjw_tag ON wjw_article_tag.tid=wjw_tag.tid  WHERE `aid` = '25'  [ RunTime:0.0004s ]
SQL: SELECT `path` FROM `wjw_article_pic` WHERE `aid` = 25 ORDER BY ap_id asc LIMIT 1   [ RunTime:0.0004s ]
SQL: SELECT `cid`,`cid`,`cname` FROM `wjw_category` WHERE `cid` = 28  [ RunTime:0.0004s ]
SQL: SELECT * FROM `wjw_article_tag` INNER JOIN wjw_tag ON wjw_article_tag.tid=wjw_tag.tid  WHERE `aid` = '24'  [ RunTime:0.0004s ]
SQL: SELECT `path` FROM `wjw_article_pic` WHERE `aid` = 24 ORDER BY ap_id asc LIMIT 1   [ RunTime:0.0004s ]
SQL: SELECT `cid`,`cid`,`cname` FROM `wjw_category` WHERE `cid` = 29  [ RunTime:0.0004s ]
SQL: SELECT * FROM `wjw_article_tag` INNER JOIN wjw_tag ON wjw_article_tag.tid=wjw_tag.tid  WHERE `aid` = '23'  [ RunTime:0.0004s ]
SQL: SELECT `path` FROM `wjw_article_pic` WHERE `aid` = 23 ORDER BY ap_id asc LIMIT 1   [ RunTime:0.0004s ]
SQL: SELECT `cid`,`cid`,`cname` FROM `wjw_category` WHERE `cid` = 28  [ RunTime:0.0004s ]
SQL: SELECT * FROM `wjw_article_tag` INNER JOIN wjw_tag ON wjw_article_tag.tid=wjw_tag.tid  WHERE `aid` = '22'  [ RunTime:0.0004s ]
SQL: SELECT `path` FROM `wjw_article_pic` WHERE `aid` = 22 ORDER BY ap_id asc LIMIT 1   [ RunTime:0.0005s ]
SQL: SELECT `cid`,`cid`,`cname` FROM `wjw_category` WHERE `cid` = 29  [ RunTime:0.0004s ]
SQL: SELECT * FROM `wjw_article_tag` INNER JOIN wjw_tag ON wjw_article_tag.tid=wjw_tag.tid  WHERE `aid` = '21'  [ RunTime:0.0004s ]
SQL: SELECT `path` FROM `wjw_article_pic` WHERE `aid` = 21 ORDER BY ap_id asc LIMIT 1   [ RunTime:0.0004s ]
SQL: SELECT `cid`,`cid`,`cname` FROM `wjw_category` WHERE `cid` = 29  [ RunTime:0.0004s ]
SQL: SELECT * FROM `wjw_article_tag` INNER JOIN wjw_tag ON wjw_article_tag.tid=wjw_tag.tid  WHERE `aid` = '20'  [ RunTime:0.0004s ]
SQL: SELECT `path` FROM `wjw_article_pic` WHERE `aid` = 20 ORDER BY ap_id asc LIMIT 1   [ RunTime:0.0004s ]
SQL: SELECT `cid`,`cid`,`cname` FROM `wjw_category` WHERE `cid` = 29  [ RunTime:0.0004s ]
INFO: [ view_parse ] --START--
INFO: [ template_filter ] --START--
INFO: Run Behavior\ContentReplaceBehavior [ RunTime:0.000038s ]
INFO: [ template_filter ] --END-- [ RunTime:0.000053s ]
INFO: Run Behavior\ParseTemplateBehavior [ RunTime:0.001511s ]
INFO: [ view_parse ] --END-- [ RunTime:0.001528s ]
INFO: [ view_filter ] --START--
INFO: Run Behavior\WriteHtmlCacheBehavior [ RunTime:0.000016s ]
INFO: [ view_filter ] --END-- [ RunTime:0.000032s ]
INFO: [ app_end ] --START--
INFO: Run Behavior\ShowPageTraceBehavior [ RunTime:0.000012s ]
INFO: [ app_end ] --END-- [ RunTime:0.000020s ]

[ 2017-10-23T10:03:01+08:00 ] 218.94.111.198 /index.php/Admin/Article/edit/aid/26
INFO: [ app_init ] --START--
INFO: Run Behavior\BuildLiteBehavior [ RunTime:0.000007s ]
INFO: [ app_init ] --END-- [ RunTime:0.000044s ]
INFO: [ app_begin ] --START--
INFO: Run Behavior\ReadHtmlCacheBehavior [ RunTime:0.000017s ]
INFO: [ app_begin ] --END-- [ RunTime:0.000031s ]
SQL: SHOW COLUMNS FROM `wjw_article` [ RunTime:0.0008s ]
SQL: SELECT * FROM `wjw_article` WHERE `aid` = 26 LIMIT 1   [ RunTime:0.0005s ]
SQL: SHOW COLUMNS FROM `wjw_article_tag` [ RunTime:0.0005s ]
SQL: SELECT `tid` FROM `wjw_article_tag` WHERE `aid` = 26  [ RunTime:0.0004s ]
SQL: SHOW COLUMNS FROM `wjw_article_tag` [ RunTime:0.0005s ]
SQL: SELECT * FROM `wjw_article_tag` INNER JOIN wjw_tag ON wjw_article_tag.tid=wjw_tag.tid  WHERE `aid` = '26'  [ RunTime:0.0004s ]
SQL: SHOW COLUMNS FROM `wjw_category` [ RunTime:0.0005s ]
SQL: SELECT `cid`,`cid`,`cname`,`keywords` FROM `wjw_category` WHERE `cid` = 28  [ RunTime:0.0004s ]
SQL: SELECT * FROM `wjw_category` ORDER BY sort  [ RunTime:0.0004s ]
SQL: SHOW COLUMNS FROM `wjw_tag` [ RunTime:0.0005s ]
SQL: SELECT * FROM `wjw_tag`  [ RunTime:0.0004s ]
SQL: SHOW COLUMNS FROM `wjw_article_tag` [ RunTime:0.0005s ]
SQL: SELECT COUNT(*) AS tp_count FROM `wjw_article_tag` WHERE `tid` = 20 LIMIT 1   [ RunTime:0.0004s ]
SQL: SELECT COUNT(*) AS tp_count FROM `wjw_article_tag` WHERE `tid` = 21 LIMIT 1   [ RunTime:0.0004s ]
INFO: [ view_parse ] --START--
INFO: [ template_filter ] --START--
INFO: Run Behavior\ContentReplaceBehavior [ RunTime:0.000053s ]
INFO: [ template_filter ] --END-- [ RunTime:0.000069s ]
INFO: Run Behavior\ParseTemplateBehavior [ RunTime:0.001701s ]
INFO: [ view_parse ] --END-- [ RunTime:0.001717s ]
INFO: [ view_filter ] --START--
INFO: Run Behavior\WriteHtmlCacheBehavior [ RunTime:0.000018s ]
INFO: [ view_filter ] --END-- [ RunTime:0.000025s ]
INFO: [ app_end ] --START--
INFO: Run Behavior\ShowPageTraceBehavior [ RunTime:0.000012s ]
INFO: [ app_end ] --END-- [ RunTime:0.000020s ]

[ 2017-10-23T10:03:36+08:00 ] 218.94.111.198 /index.php/Admin/Article/edit/aid/26
INFO: [ app_init ] --START--
INFO: Run Behavior\BuildLiteBehavior [ RunTime:0.000007s ]
INFO: [ app_init ] --END-- [ RunTime:0.000043s ]
INFO: [ app_begin ] --START--
INFO: Run Behavior\ReadHtmlCacheBehavior [ RunTime:0.000018s ]
INFO: [ app_begin ] --END-- [ RunTime:0.000034s ]
SQL: SHOW COLUMNS FROM `wjw_article` [ RunTime:0.0008s ]
SQL: UPDATE `wjw_article` SET `aid`='26',`cid`='28',`title`='PHPExcel导出的问题，PHP版本7.0',`author`='王加文',`keywords`='php7.0,excel',`description`='PHPExcel导出的问题，PHP版本7.0',`is_original`='0',`is_top`='1',`is_show`='1',`content`='&lt;h1 class=&quot;h3 post-topheader__info--title&quot; id=&quot;questionTitle&quot; data-id=&quot;1010000005004001&quot;&gt;PHPExcel导出的问题，PHP版本7.0&lt;/h1&gt;&lt;p&gt;&lt;br/&gt;&lt;img src=&quot;/Upload/image/ueditor/20171020/1508487615454439.png&quot; title=&quot;白俊遥博客&quot; alt=&quot;白俊遥博客&quot;/&gt;&lt;/p&gt;&lt;p&gt;错误提示：&lt;/p&gt;&lt;pre class=&quot;hljs vhdl&quot;&gt;Fatal&amp;nbsp;error:&amp;nbsp;&amp;#39;break&amp;#39;&amp;nbsp;not&amp;nbsp;in&amp;nbsp;the&amp;nbsp;&amp;#39;loop&amp;#39;&amp;nbsp;or&amp;nbsp;&amp;#39;switch&amp;#39;&amp;nbsp;context&amp;nbsp;in&amp;nbsp;Function.php&lt;/pre&gt;&lt;p&gt;这是1.8版本运行在php7上存在的一个Bug，将phpexcel升级至1.8.1就可以了。&lt;/p&gt;&lt;p&gt;对于linux上需要增加php拓展。命令如下：&lt;/p&gt;&lt;p&gt;&lt;br/&gt;&lt;/p&gt;&lt;p&gt;&amp;nbsp;sudo apt-get install php7.0-zip&lt;/p&gt;&lt;p&gt;&lt;br/&gt;&lt;/p&gt;&lt;p&gt;&amp;nbsp;/etc/init.d/apache2 restart&lt;br/&gt;&lt;br/&gt;&lt;/p&gt;&lt;p&gt;1.8.1的地址&lt;br/&gt;&lt;/p&gt;&lt;p&gt;&lt;a href=&quot;https://github.com/PHPOffice/PHPExcel/releases/tag/1.8.1&quot; _src=&quot;https://github.com/PHPOffice/PHPExcel/releases/tag/1.8.1&quot;&gt;https://github.com/PHPOffice/PHPExcel/releases/tag/1.8.1&lt;/a&gt;&lt;/p&gt;&lt;p&gt;网盘地址&lt;br/&gt;&lt;/p&gt;&lt;p&gt;&lt;a href=&quot;https://github.com/PHPOffice/PHPExcel/releases/tag/1.8.1&quot; _src=&quot;https://github.com/PHPOffice/PHPExcel/releases/tag/1.8.1&quot;&gt;http://pan.baidu.com/s/1c2plqTy&lt;/a&gt;&lt;br/&gt;&lt;/p&gt;&lt;p&gt;&lt;br/&gt; &lt;/p&gt;' WHERE `aid` = 26 [ RunTime:0.0026s ]
SQL: SHOW COLUMNS FROM `wjw_article_tag` [ RunTime:0.0006s ]
SQL: DELETE FROM `wjw_article_tag` WHERE `aid` = 26 [ RunTime:0.0021s ]
SQL: INSERT INTO `wjw_article_tag` (`aid`,`tid`) VALUES ('26','21') [ RunTime:0.0032s ]
SQL: SHOW COLUMNS FROM `wjw_article_pic` [ RunTime:0.0005s ]
SQL: DELETE FROM `wjw_article_pic` WHERE `aid` = 26 [ RunTime:0.0016s ]
SQL: INSERT INTO `wjw_article_pic` (`aid`,`path`) VALUES ('26','/Upload/image/ueditor/20171020/1508487615454439.png') [ RunTime:0.0025s ]
INFO: [ view_parse ] --START--
INFO: [ template_filter ] --START--
INFO: Run Behavior\ContentReplaceBehavior [ RunTime:0.000022s ]
INFO: [ template_filter ] --END-- [ RunTime:0.000036s ]
INFO: Run Behavior\ParseTemplateBehavior [ RunTime:0.000671s ]
INFO: [ view_parse ] --END-- [ RunTime:0.000686s ]
INFO: [ view_filter ] --START--
INFO: Run Behavior\WriteHtmlCacheBehavior [ RunTime:0.000016s ]
INFO: [ view_filter ] --END-- [ RunTime:0.000024s ]
INFO: [ app_end ] --START--
INFO: Run Behavior\ShowPageTraceBehavior [ RunTime:0.000012s ]
INFO: [ app_end ] --END-- [ RunTime:0.000019s ]

[ 2017-10-23T10:03:37+08:00 ] 218.94.111.198 /index.php/Admin/Article/edit/aid/26
INFO: [ app_init ] --START--
INFO: Run Behavior\BuildLiteBehavior [ RunTime:0.000006s ]
INFO: [ app_init ] --END-- [ RunTime:0.000041s ]
INFO: [ app_begin ] --START--
INFO: Run Behavior\ReadHtmlCacheBehavior [ RunTime:0.000014s ]
INFO: [ app_begin ] --END-- [ RunTime:0.000027s ]
SQL: SHOW COLUMNS FROM `wjw_article` [ RunTime:0.0008s ]
SQL: SELECT * FROM `wjw_article` WHERE `aid` = 26 LIMIT 1   [ RunTime:0.0005s ]
SQL: SHOW COLUMNS FROM `wjw_article_tag` [ RunTime:0.0005s ]
SQL: SELECT `tid` FROM `wjw_article_tag` WHERE `aid` = 26  [ RunTime:0.0004s ]
SQL: SHOW COLUMNS FROM `wjw_article_tag` [ RunTime:0.0005s ]
SQL: SELECT * FROM `wjw_article_tag` INNER JOIN wjw_tag ON wjw_article_tag.tid=wjw_tag.tid  WHERE `aid` = '26'  [ RunTime:0.0005s ]
SQL: SHOW COLUMNS FROM `wjw_category` [ RunTime:0.0005s ]
SQL: SELECT `cid`,`cid`,`cname`,`keywords` FROM `wjw_category` WHERE `cid` = 28  [ RunTime:0.0004s ]
SQL: SELECT * FROM `wjw_category` ORDER BY sort  [ RunTime:0.0004s ]
SQL: SHOW COLUMNS FROM `wjw_tag` [ RunTime:0.0005s ]
SQL: SELECT * FROM `wjw_tag`  [ RunTime:0.0004s ]
SQL: SHOW COLUMNS FROM `wjw_article_tag` [ RunTime:0.0005s ]
SQL: SELECT COUNT(*) AS tp_count FROM `wjw_article_tag` WHERE `tid` = 20 LIMIT 1   [ RunTime:0.0004s ]
SQL: SELECT COUNT(*) AS tp_count FROM `wjw_article_tag` WHERE `tid` = 21 LIMIT 1   [ RunTime:0.0004s ]
INFO: [ view_parse ] --START--
INFO: [ template_filter ] --START--
INFO: Run Behavior\ContentReplaceBehavior [ RunTime:0.000062s ]
INFO: [ template_filter ] --END-- [ RunTime:0.000079s ]
INFO: Run Behavior\ParseTemplateBehavior [ RunTime:0.001855s ]
INFO: [ view_parse ] --END-- [ RunTime:0.001871s ]
INFO: [ view_filter ] --START--
INFO: Run Behavior\WriteHtmlCacheBehavior [ RunTime:0.000015s ]
INFO: [ view_filter ] --END-- [ RunTime:0.000023s ]
INFO: [ app_end ] --START--
INFO: Run Behavior\ShowPageTraceBehavior [ RunTime:0.000011s ]
INFO: [ app_end ] --END-- [ RunTime:0.000017s ]

[ 2017-10-23T10:05:31+08:00 ] 218.94.111.198 /index.php/Admin/Index/index
INFO: [ app_init ] --START--
INFO: Run Behavior\BuildLiteBehavior [ RunTime:0.000007s ]
INFO: [ app_init ] --END-- [ RunTime:0.000044s ]
INFO: [ app_begin ] --START--
INFO: Run Behavior\ReadHtmlCacheBehavior [ RunTime:0.000017s ]
INFO: [ app_begin ] --END-- [ RunTime:0.000031s ]
INFO: [ view_parse ] --START--
INFO: [ template_filter ] --START--
INFO: Run Behavior\ContentReplaceBehavior [ RunTime:0.000072s ]
INFO: [ template_filter ] --END-- [ RunTime:0.000087s ]
INFO: Run Behavior\ParseTemplateBehavior [ RunTime:0.001469s ]
INFO: [ view_parse ] --END-- [ RunTime:0.001483s ]
INFO: [ view_filter ] --START--
INFO: Run Behavior\WriteHtmlCacheBehavior [ RunTime:0.000020s ]
INFO: [ view_filter ] --END-- [ RunTime:0.000027s ]
INFO: [ app_end ] --START--
INFO: Run Behavior\ShowPageTraceBehavior [ RunTime:0.000014s ]
INFO: [ app_end ] --END-- [ RunTime:0.000021s ]

[ 2017-10-23T10:05:31+08:00 ] 218.94.111.198 /index.php/Admin/Index/welcome
INFO: [ app_init ] --START--
INFO: Run Behavior\BuildLiteBehavior [ RunTime:0.000006s ]
INFO: [ app_init ] --END-- [ RunTime:0.000038s ]
INFO: [ app_begin ] --START--
INFO: Run Behavior\ReadHtmlCacheBehavior [ RunTime:0.000014s ]
INFO: [ app_begin ] --END-- [ RunTime:0.000027s ]
SQL: SHOW COLUMNS FROM `wjw_article` [ RunTime:0.0008s ]
SQL: SELECT COUNT(*) AS tp_count FROM `wjw_article` LIMIT 1   [ RunTime:0.0004s ]
SQL: SELECT COUNT(*) AS tp_count FROM `wjw_article` WHERE `is_delete` = 1 LIMIT 1   [ RunTime:0.0004s ]
SQL: SELECT COUNT(*) AS tp_count FROM `wjw_article` WHERE `is_show` = 0 LIMIT 1   [ RunTime:0.0004s ]
SQL: SHOW COLUMNS FROM `wjw_chat` [ RunTime:0.0006s ]
SQL: SELECT COUNT(*) AS tp_count FROM `wjw_chat` LIMIT 1   [ RunTime:0.0004s ]
SQL: SELECT COUNT(*) AS tp_count FROM `wjw_chat` WHERE `is_delete` = 1 LIMIT 1   [ RunTime:0.0004s ]
SQL: SELECT COUNT(*) AS tp_count FROM `wjw_chat` WHERE `is_show` = 0 LIMIT 1   [ RunTime:0.0004s ]
SQL: SHOW COLUMNS FROM `wjw_comment` [ RunTime:0.0006s ]
SQL: SELECT COUNT(*) AS tp_count FROM `wjw_comment` LIMIT 1   [ RunTime:0.0004s ]
INFO: [ view_parse ] --START--
INFO: [ template_filter ] --START--
INFO: Run Behavior\ContentReplaceBehavior [ RunTime:0.000042s ]
INFO: [ template_filter ] --END-- [ RunTime:0.000059s ]
INFO: Run Behavior\ParseTemplateBehavior [ RunTime:0.000930s ]
INFO: [ view_parse ] --END-- [ RunTime:0.000947s ]
INFO: [ view_filter ] --START--
INFO: Run Behavior\WriteHtmlCacheBehavior [ RunTime:0.000016s ]
INFO: [ view_filter ] --END-- [ RunTime:0.000023s ]
INFO: [ app_end ] --START--
INFO: Run Behavior\ShowPageTraceBehavior [ RunTime:0.000011s ]
INFO: [ app_end ] --END-- [ RunTime:0.000018s ]

[ 2017-10-23T10:05:33+08:00 ] 218.94.111.198 /index.php/Admin/Article/index
INFO: [ app_init ] --START--
INFO: Run Behavior\BuildLiteBehavior [ RunTime:0.000007s ]
INFO: [ app_init ] --END-- [ RunTime:0.000037s ]
INFO: [ app_begin ] --START--
INFO: Run Behavior\ReadHtmlCacheBehavior [ RunTime:0.000013s ]
INFO: [ app_begin ] --END-- [ RunTime:0.000025s ]
SQL: SHOW COLUMNS FROM `wjw_article` [ RunTime:0.0008s ]
SQL: SELECT COUNT(*) AS tp_count FROM `wjw_article` WHERE `is_delete` = 0 LIMIT 1   [ RunTime:0.0005s ]
SQL: SELECT * FROM `wjw_article` WHERE `is_delete` = 0 ORDER BY addtime desc LIMIT 0,15   [ RunTime:0.0008s ]
SQL: SHOW COLUMNS FROM `wjw_article_tag` [ RunTime:0.0005s ]
SQL: SHOW COLUMNS FROM `wjw_article_tag` [ RunTime:0.0005s ]
SQL: SELECT * FROM `wjw_article_tag` INNER JOIN wjw_tag ON wjw_article_tag.tid=wjw_tag.tid  WHERE `aid` = '26'  [ RunTime:0.0005s ]
SQL: SHOW COLUMNS FROM `wjw_article_pic` [ RunTime:0.0005s ]
SQL: SELECT `path` FROM `wjw_article_pic` WHERE `aid` = 26 ORDER BY ap_id asc LIMIT 1   [ RunTime:0.0004s ]
SQL: SHOW COLUMNS FROM `wjw_category` [ RunTime:0.0005s ]
SQL: SELECT `cid`,`cid`,`cname` FROM `wjw_category` WHERE `cid` = 28  [ RunTime:0.0004s ]
SQL: SELECT * FROM `wjw_article_tag` INNER JOIN wjw_tag ON wjw_article_tag.tid=wjw_tag.tid  WHERE `aid` = '25'  [ RunTime:0.0004s ]
SQL: SELECT `path` FROM `wjw_article_pic` WHERE `aid` = 25 ORDER BY ap_id asc LIMIT 1   [ RunTime:0.0004s ]
SQL: SELECT `cid`,`cid`,`cname` FROM `wjw_category` WHERE `cid` = 28  [ RunTime:0.0004s ]
SQL: SELECT * FROM `wjw_article_tag` INNER JOIN wjw_tag ON wjw_article_tag.tid=wjw_tag.tid  WHERE `aid` = '24'  [ RunTime:0.0004s ]
SQL: SELECT `path` FROM `wjw_article_pic` WHERE `aid` = 24 ORDER BY ap_id asc LIMIT 1   [ RunTime:0.0005s ]
SQL: SELECT `cid`,`cid`,`cname` FROM `wjw_category` WHERE `cid` = 29  [ RunTime:0.0004s ]
SQL: SELECT * FROM `wjw_article_tag` INNER JOIN wjw_tag ON wjw_article_tag.tid=wjw_tag.tid  WHERE `aid` = '23'  [ RunTime:0.0004s ]
SQL: SELECT `path` FROM `wjw_article_pic` WHERE `aid` = 23 ORDER BY ap_id asc LIMIT 1   [ RunTime:0.0004s ]
SQL: SELECT `cid`,`cid`,`cname` FROM `wjw_category` WHERE `cid` = 28  [ RunTime:0.0004s ]
SQL: SELECT * FROM `wjw_article_tag` INNER JOIN wjw_tag ON wjw_article_tag.tid=wjw_tag.tid  WHERE `aid` = '22'  [ RunTime:0.0004s ]
SQL: SELECT `path` FROM `wjw_article_pic` WHERE `aid` = 22 ORDER BY ap_id asc LIMIT 1   [ RunTime:0.0004s ]
SQL: SELECT `cid`,`cid`,`cname` FROM `wjw_category` WHERE `cid` = 29  [ RunTime:0.0004s ]
SQL: SELECT * FROM `wjw_article_tag` INNER JOIN wjw_tag ON wjw_article_tag.tid=wjw_tag.tid  WHERE `aid` = '21'  [ RunTime:0.0004s ]
SQL: SELECT `path` FROM `wjw_article_pic` WHERE `aid` = 21 ORDER BY ap_id asc LIMIT 1   [ RunTime:0.0004s ]
SQL: SELECT `cid`,`cid`,`cname` FROM `wjw_category` WHERE `cid` = 29  [ RunTime:0.0004s ]
SQL: SELECT * FROM `wjw_article_tag` INNER JOIN wjw_tag ON wjw_article_tag.tid=wjw_tag.tid  WHERE `aid` = '20'  [ RunTime:0.0004s ]
SQL: SELECT `path` FROM `wjw_article_pic` WHERE `aid` = 20 ORDER BY ap_id asc LIMIT 1   [ RunTime:0.0004s ]
SQL: SELECT `cid`,`cid`,`cname` FROM `wjw_category` WHERE `cid` = 29  [ RunTime:0.0004s ]
INFO: [ view_parse ] --START--
INFO: [ template_filter ] --START--
INFO: Run Behavior\ContentReplaceBehavior [ RunTime:0.000037s ]
INFO: [ template_filter ] --END-- [ RunTime:0.000051s ]
INFO: Run Behavior\ParseTemplateBehavior [ RunTime:0.001414s ]
INFO: [ view_parse ] --END-- [ RunTime:0.001431s ]
INFO: [ view_filter ] --START--
INFO: Run Behavior\WriteHtmlCacheBehavior [ RunTime:0.000014s ]
INFO: [ view_filter ] --END-- [ RunTime:0.000022s ]
INFO: [ app_end ] --START--
INFO: Run Behavior\ShowPageTraceBehavior [ RunTime:0.000011s ]
INFO: [ app_end ] --END-- [ RunTime:0.000018s ]

[ 2017-10-23T10:05:35+08:00 ] 218.94.111.198 /index.php/Admin/Article/edit/aid/26
INFO: [ app_init ] --START--
INFO: Run Behavior\BuildLiteBehavior [ RunTime:0.000006s ]
INFO: [ app_init ] --END-- [ RunTime:0.000040s ]
INFO: [ app_begin ] --START--
INFO: Run Behavior\ReadHtmlCacheBehavior [ RunTime:0.000015s ]
INFO: [ app_begin ] --END-- [ RunTime:0.000027s ]
SQL: SHOW COLUMNS FROM `wjw_article` [ RunTime:0.0008s ]
SQL: SELECT * FROM `wjw_article` WHERE `aid` = 26 LIMIT 1   [ RunTime:0.0005s ]
SQL: SHOW COLUMNS FROM `wjw_article_tag` [ RunTime:0.0005s ]
SQL: SELECT `tid` FROM `wjw_article_tag` WHERE `aid` = 26  [ RunTime:0.0004s ]
SQL: SHOW COLUMNS FROM `wjw_article_tag` [ RunTime:0.0005s ]
SQL: SELECT * FROM `wjw_article_tag` INNER JOIN wjw_tag ON wjw_article_tag.tid=wjw_tag.tid  WHERE `aid` = '26'  [ RunTime:0.0005s ]
SQL: SHOW COLUMNS FROM `wjw_category` [ RunTime:0.0005s ]
SQL: SELECT `cid`,`cid`,`cname`,`keywords` FROM `wjw_category` WHERE `cid` = 28  [ RunTime:0.0004s ]
SQL: SELECT * FROM `wjw_category` ORDER BY sort  [ RunTime:0.0004s ]
SQL: SHOW COLUMNS FROM `wjw_tag` [ RunTime:0.0005s ]
SQL: SELECT * FROM `wjw_tag`  [ RunTime:0.0004s ]
SQL: SHOW COLUMNS FROM `wjw_article_tag` [ RunTime:0.0005s ]
SQL: SELECT COUNT(*) AS tp_count FROM `wjw_article_tag` WHERE `tid` = 20 LIMIT 1   [ RunTime:0.0004s ]
SQL: SELECT COUNT(*) AS tp_count FROM `wjw_article_tag` WHERE `tid` = 21 LIMIT 1   [ RunTime:0.0004s ]
INFO: [ view_parse ] --START--
INFO: [ template_filter ] --START--
INFO: Run Behavior\ContentReplaceBehavior [ RunTime:0.000055s ]
INFO: [ template_filter ] --END-- [ RunTime:0.000069s ]
INFO: Run Behavior\ParseTemplateBehavior [ RunTime:0.001688s ]
INFO: [ view_parse ] --END-- [ RunTime:0.001704s ]
INFO: [ view_filter ] --START--
INFO: Run Behavior\WriteHtmlCacheBehavior [ RunTime:0.000018s ]
INFO: [ view_filter ] --END-- [ RunTime:0.000041s ]
INFO: [ app_end ] --START--
INFO: Run Behavior\ShowPageTraceBehavior [ RunTime:0.000014s ]
INFO: [ app_end ] --END-- [ RunTime:0.000021s ]

[ 2017-10-23T10:05:46+08:00 ] 218.94.111.198 /index.php/Admin/Article/edit/aid/26
INFO: [ app_init ] --START--
INFO: Run Behavior\BuildLiteBehavior [ RunTime:0.000007s ]
INFO: [ app_init ] --END-- [ RunTime:0.000048s ]
INFO: [ app_begin ] --START--
INFO: Run Behavior\ReadHtmlCacheBehavior [ RunTime:0.000018s ]
INFO: [ app_begin ] --END-- [ RunTime:0.000031s ]
SQL: SHOW COLUMNS FROM `wjw_article` [ RunTime:0.0008s ]
SQL: UPDATE `wjw_article` SET `aid`='26',`cid`='28',`title`='PHPExcel导出的问题，PHP版本7.0',`author`='王加文',`keywords`='php7.0,excel',`description`='PHPExcel导出的问题，PHP版本7.0',`is_original`='0',`is_top`='1',`is_show`='1',`content`='&lt;h1 class=&quot;h3 post-topheader__info--title&quot; id=&quot;questionTitle&quot; data-id=&quot;1010000005004001&quot;&gt;PHPExcel导出的问题，PHP版本7.0&lt;/h1&gt;&lt;p&gt;&lt;br/&gt;&lt;img src=&quot;/Upload/image/ueditor/20171020/1508487615454439.png&quot; title=&quot;白俊遥博客&quot; alt=&quot;白俊遥博客&quot;/&gt;&lt;/p&gt;&lt;p&gt;错误提示：&lt;/p&gt;&lt;pre class=&quot;hljs vhdl&quot;&gt;Fatal&amp;nbsp;error:&amp;nbsp;&amp;#39;break&amp;#39;&amp;nbsp;not&amp;nbsp;in&amp;nbsp;the&amp;nbsp;&amp;#39;loop&amp;#39;&amp;nbsp;or&amp;nbsp;&amp;#39;switch&amp;#39;&amp;nbsp;context&amp;nbsp;in&amp;nbsp;Function.php&lt;/pre&gt;&lt;p&gt;这是1.8版本运行在php7上存在的一个Bug，将phpexcel升级至1.8.1就可以了。&lt;/p&gt;&lt;p&gt;对于linux上需要增加php拓展。命令如下：&lt;/p&gt;&lt;p&gt;&lt;br/&gt;&lt;/p&gt;&lt;p&gt;&amp;nbsp;sudo apt-get install php7.0-zip&lt;/p&gt;&lt;p&gt;&lt;br/&gt;&lt;/p&gt;&lt;p&gt;&amp;nbsp;/etc/init.d/apache2 restart&lt;br/&gt;&lt;br/&gt;&lt;/p&gt;&lt;p&gt;1.8.1的地址&lt;br/&gt;&lt;/p&gt;&lt;p&gt;&lt;a href=&quot;https://github.com/PHPOffice/PHPExcel/releases/tag/1.8.1&quot; _src=&quot;https://github.com/PHPOffice/PHPExcel/releases/tag/1.8.1&quot;&gt;https://github.com/PHPOffice/PHPExcel/releases/tag/1.8.1&lt;/a&gt;&lt;/p&gt;&lt;p&gt;网盘地址&lt;br/&gt;&lt;/p&gt;&lt;p&gt;http://pan.baidu.com/s/1c2plqTy&lt;br/&gt;&lt;/p&gt;&lt;p&gt;&lt;br/&gt; &lt;/p&gt;' WHERE `aid` = 26 [ RunTime:0.0026s ]
SQL: SHOW COLUMNS FROM `wjw_article_tag` [ RunTime:0.0005s ]
SQL: DELETE FROM `wjw_article_tag` WHERE `aid` = 26 [ RunTime:0.0021s ]
SQL: INSERT INTO `wjw_article_tag` (`aid`,`tid`) VALUES ('26','21') [ RunTime:0.0029s ]
SQL: SHOW COLUMNS FROM `wjw_article_pic` [ RunTime:0.0005s ]
SQL: DELETE FROM `wjw_article_pic` WHERE `aid` = 26 [ RunTime:0.0025s ]
SQL: INSERT INTO `wjw_article_pic` (`aid`,`path`) VALUES ('26','/Upload/image/ueditor/20171020/1508487615454439.png') [ RunTime:0.0022s ]
INFO: [ view_parse ] --START--
INFO: [ template_filter ] --START--
INFO: Run Behavior\ContentReplaceBehavior [ RunTime:0.000023s ]
INFO: [ template_filter ] --END-- [ RunTime:0.000039s ]
INFO: Run Behavior\ParseTemplateBehavior [ RunTime:0.001524s ]
INFO: [ view_parse ] --END-- [ RunTime:0.001540s ]
INFO: [ view_filter ] --START--
INFO: Run Behavior\WriteHtmlCacheBehavior [ RunTime:0.000020s ]
INFO: [ view_filter ] --END-- [ RunTime:0.000026s ]
INFO: [ app_end ] --START--
INFO: Run Behavior\ShowPageTraceBehavior [ RunTime:0.000014s ]
INFO: [ app_end ] --END-- [ RunTime:0.000020s ]

[ 2017-10-23T10:05:47+08:00 ] 218.94.111.198 /index.php/Admin/Article/edit/aid/26
INFO: [ app_init ] --START--
INFO: Run Behavior\BuildLiteBehavior [ RunTime:0.000006s ]
INFO: [ app_init ] --END-- [ RunTime:0.000037s ]
INFO: [ app_begin ] --START--
INFO: Run Behavior\ReadHtmlCacheBehavior [ RunTime:0.000013s ]
INFO: [ app_begin ] --END-- [ RunTime:0.000024s ]
SQL: SHOW COLUMNS FROM `wjw_article` [ RunTime:0.0008s ]
SQL: SELECT * FROM `wjw_article` WHERE `aid` = 26 LIMIT 1   [ RunTime:0.0005s ]
SQL: SHOW COLUMNS FROM `wjw_article_tag` [ RunTime:0.0005s ]
SQL: SELECT `tid` FROM `wjw_article_tag` WHERE `aid` = 26  [ RunTime:0.0004s ]
SQL: SHOW COLUMNS FROM `wjw_article_tag` [ RunTime:0.0005s ]
SQL: SELECT * FROM `wjw_article_tag` INNER JOIN wjw_tag ON wjw_article_tag.tid=wjw_tag.tid  WHERE `aid` = '26'  [ RunTime:0.0005s ]
SQL: SHOW COLUMNS FROM `wjw_category` [ RunTime:0.0005s ]
SQL: SELECT `cid`,`cid`,`cname`,`keywords` FROM `wjw_category` WHERE `cid` = 28  [ RunTime:0.0004s ]
SQL: SELECT * FROM `wjw_category` ORDER BY sort  [ RunTime:0.0004s ]
SQL: SHOW COLUMNS FROM `wjw_tag` [ RunTime:0.0005s ]
SQL: SELECT * FROM `wjw_tag`  [ RunTime:0.0004s ]
SQL: SHOW COLUMNS FROM `wjw_article_tag` [ RunTime:0.0005s ]
SQL: SELECT COUNT(*) AS tp_count FROM `wjw_article_tag` WHERE `tid` = 20 LIMIT 1   [ RunTime:0.0004s ]
SQL: SELECT COUNT(*) AS tp_count FROM `wjw_article_tag` WHERE `tid` = 21 LIMIT 1   [ RunTime:0.0004s ]
INFO: [ view_parse ] --START--
INFO: [ template_filter ] --START--
INFO: Run Behavior\ContentReplaceBehavior [ RunTime:0.000056s ]
INFO: [ template_filter ] --END-- [ RunTime:0.000071s ]
INFO: Run Behavior\ParseTemplateBehavior [ RunTime:0.001940s ]
INFO: [ view_parse ] --END-- [ RunTime:0.001955s ]
INFO: [ view_filter ] --START--
INFO: Run Behavior\WriteHtmlCacheBehavior [ RunTime:0.000015s ]
INFO: [ view_filter ] --END-- [ RunTime:0.000023s ]
INFO: [ app_end ] --START--
INFO: Run Behavior\ShowPageTraceBehavior [ RunTime:0.000010s ]
INFO: [ app_end ] --END-- [ RunTime:0.000017s ]

