[ 2018-02-12T11:25:01+08:00 ] 49.65.116.2 /index.php/Admin/Index/index
INFO: [ app_init ] --START--
INFO: Run Behavior\BuildLiteBehavior [ RunTime:0.000007s ]
INFO: [ app_init ] --END-- [ RunTime:0.000047s ]
INFO: [ app_begin ] --START--
INFO: Run Behavior\ReadHtmlCacheBehavior [ RunTime:0.000019s ]
INFO: [ app_begin ] --END-- [ RunTime:0.000035s ]
SQL: SHOW COLUMNS FROM `wjw_oauth_user` [ RunTime:0.0008s ]
SQL: SELECT COUNT(*) AS tp_count FROM `wjw_oauth_user` WHERE `is_admin` = 1 LIMIT 1   [ RunTime:0.0005s ]

[ 2018-02-12T11:25:02+08:00 ] 49.65.116.2 /index.php/Admin/Login/login
INFO: [ app_init ] --START--
INFO: Run Behavior\BuildLiteBehavior [ RunTime:0.000004s ]
INFO: [ app_init ] --END-- [ RunTime:0.000028s ]
INFO: [ app_begin ] --START--
INFO: Run Behavior\ReadHtmlCacheBehavior [ RunTime:0.000013s ]
INFO: [ app_begin ] --END-- [ RunTime:0.000027s ]
SQL: SHOW COLUMNS FROM `wjw_category` [ RunTime:0.0007s ]
SQL: SELECT * FROM `wjw_category` ORDER BY sort  [ RunTime:0.0006s ]
SQL: SHOW COLUMNS FROM `wjw_tag` [ RunTime:0.0008s ]
SQL: SELECT * FROM `wjw_tag`  [ RunTime:0.0009s ]
SQL: SHOW COLUMNS FROM `wjw_article_tag` [ RunTime:0.0011s ]
SQL: SELECT COUNT(*) AS tp_count FROM `wjw_article_tag` WHERE `tid` = 20 LIMIT 1   [ RunTime:0.0006s ]
SQL: SELECT COUNT(*) AS tp_count FROM `wjw_article_tag` WHERE `tid` = 21 LIMIT 1   [ RunTime:0.0007s ]
SQL: SELECT COUNT(*) AS tp_count FROM `wjw_article_tag` WHERE `tid` = 22 LIMIT 1   [ RunTime:0.0005s ]
SQL: SHOW COLUMNS FROM `wjw_link` [ RunTime:0.0006s ]
SQL: SELECT * FROM `wjw_link` WHERE `is_delete` = 0 AND `is_show` = 1 ORDER BY sort  [ RunTime:0.0004s ]
SQL: SHOW COLUMNS FROM `wjw_oauth_user` [ RunTime:0.0006s ]
SQL: SELECT COUNT(*) AS tp_count FROM `wjw_oauth_user` WHERE `is_admin` = 1 LIMIT 1   [ RunTime:0.0004s ]
INFO: [ view_parse ] --START--
INFO: [ template_filter ] --START--
INFO: Run Behavior\ContentReplaceBehavior [ RunTime:0.000034s ]
INFO: [ template_filter ] --END-- [ RunTime:0.000050s ]
NOTIC: [8] Undefined index: ADMIN_PASSWORD /var/www/html/thinkwjw/Runtime/Cache/Admin/b891abcc3bb76636e2a96a245e9568d6.php 第 6 行.
INFO: Run Behavior\ParseTemplateBehavior [ RunTime:0.000888s ]
INFO: [ view_parse ] --END-- [ RunTime:0.000903s ]
INFO: [ view_filter ] --START--
INFO: Run Behavior\WriteHtmlCacheBehavior [ RunTime:0.000020s ]
INFO: [ view_filter ] --END-- [ RunTime:0.000031s ]
INFO: [ app_end ] --START--
INFO: Run Behavior\ShowPageTraceBehavior [ RunTime:0.000015s ]
INFO: [ app_end ] --END-- [ RunTime:0.000024s ]

[ 2018-02-12T11:25:02+08:00 ] 49.65.116.2 /index.php/Admin/Login/showVerify
INFO: [ app_init ] --START--
INFO: Run Behavior\BuildLiteBehavior [ RunTime:0.000007s ]
INFO: [ app_init ] --END-- [ RunTime:0.000064s ]
INFO: [ app_begin ] --START--
INFO: Run Behavior\ReadHtmlCacheBehavior [ RunTime:0.000017s ]
INFO: [ app_begin ] --END-- [ RunTime:0.000035s ]
SQL: SHOW COLUMNS FROM `wjw_category` [ RunTime:0.0007s ]
SQL: SELECT * FROM `wjw_category` ORDER BY sort  [ RunTime:0.0005s ]
SQL: SHOW COLUMNS FROM `wjw_tag` [ RunTime:0.0006s ]
SQL: SELECT * FROM `wjw_tag`  [ RunTime:0.0004s ]
SQL: SHOW COLUMNS FROM `wjw_article_tag` [ RunTime:0.0006s ]
SQL: SELECT COUNT(*) AS tp_count FROM `wjw_article_tag` WHERE `tid` = 20 LIMIT 1   [ RunTime:0.0005s ]
SQL: SELECT COUNT(*) AS tp_count FROM `wjw_article_tag` WHERE `tid` = 21 LIMIT 1   [ RunTime:0.0004s ]
SQL: SELECT COUNT(*) AS tp_count FROM `wjw_article_tag` WHERE `tid` = 22 LIMIT 1   [ RunTime:0.0004s ]
SQL: SHOW COLUMNS FROM `wjw_link` [ RunTime:0.0007s ]
SQL: SELECT * FROM `wjw_link` WHERE `is_delete` = 0 AND `is_show` = 1 ORDER BY sort  [ RunTime:0.0005s ]
INFO: [ app_end ] --START--
INFO: Run Behavior\ShowPageTraceBehavior [ RunTime:0.000020s ]
INFO: [ app_end ] --END-- [ RunTime:0.000039s ]

[ 2018-02-12T11:25:09+08:00 ] 49.65.116.2 /index.php/Admin/Login/login
INFO: [ app_init ] --START--
INFO: Run Behavior\BuildLiteBehavior [ RunTime:0.000007s ]
INFO: [ app_init ] --END-- [ RunTime:0.000044s ]
INFO: [ app_begin ] --START--
INFO: Run Behavior\ReadHtmlCacheBehavior [ RunTime:0.000019s ]
INFO: [ app_begin ] --END-- [ RunTime:0.000035s ]
SQL: SHOW COLUMNS FROM `wjw_category` [ RunTime:0.0008s ]
SQL: SELECT * FROM `wjw_category` ORDER BY sort  [ RunTime:0.0005s ]
SQL: SHOW COLUMNS FROM `wjw_tag` [ RunTime:0.0005s ]
SQL: SELECT * FROM `wjw_tag`  [ RunTime:0.0004s ]
SQL: SHOW COLUMNS FROM `wjw_article_tag` [ RunTime:0.0005s ]
SQL: SELECT COUNT(*) AS tp_count FROM `wjw_article_tag` WHERE `tid` = 20 LIMIT 1   [ RunTime:0.0005s ]
SQL: SELECT COUNT(*) AS tp_count FROM `wjw_article_tag` WHERE `tid` = 21 LIMIT 1   [ RunTime:0.0004s ]
SQL: SELECT COUNT(*) AS tp_count FROM `wjw_article_tag` WHERE `tid` = 22 LIMIT 1   [ RunTime:0.0004s ]
SQL: SHOW COLUMNS FROM `wjw_link` [ RunTime:0.0005s ]
SQL: SELECT * FROM `wjw_link` WHERE `is_delete` = 0 AND `is_show` = 1 ORDER BY sort  [ RunTime:0.0004s ]
SQL: SHOW COLUMNS FROM `wjw_oauth_user` [ RunTime:0.0006s ]
SQL: SELECT COUNT(*) AS tp_count FROM `wjw_oauth_user` WHERE `is_admin` = 1 LIMIT 1   [ RunTime:0.0004s ]
SQL: SHOW COLUMNS FROM `wjw_config` [ RunTime:0.0006s ]
SQL: SELECT `value` FROM `wjw_config` WHERE `name` = 'ADMIN_PASSWORD' LIMIT 1   [ RunTime:0.0004s ]
INFO: [ view_parse ] --START--
INFO: [ template_filter ] --START--
INFO: Run Behavior\ContentReplaceBehavior [ RunTime:0.000023s ]
INFO: [ template_filter ] --END-- [ RunTime:0.000038s ]
INFO: Run Behavior\ParseTemplateBehavior [ RunTime:0.000803s ]
INFO: [ view_parse ] --END-- [ RunTime:0.000818s ]
INFO: [ view_filter ] --START--
INFO: Run Behavior\WriteHtmlCacheBehavior [ RunTime:0.000019s ]
INFO: [ view_filter ] --END-- [ RunTime:0.000030s ]
INFO: [ app_end ] --START--
INFO: Run Behavior\ShowPageTraceBehavior [ RunTime:0.000015s ]
INFO: [ app_end ] --END-- [ RunTime:0.000025s ]

[ 2018-02-12T11:25:10+08:00 ] 49.65.116.2 /index.php/Admin/Index/index
INFO: [ app_init ] --START--
INFO: Run Behavior\BuildLiteBehavior [ RunTime:0.000006s ]
INFO: [ app_init ] --END-- [ RunTime:0.000039s ]
INFO: [ app_begin ] --START--
INFO: Run Behavior\ReadHtmlCacheBehavior [ RunTime:0.000014s ]
INFO: [ app_begin ] --END-- [ RunTime:0.000028s ]
INFO: [ view_parse ] --START--
INFO: [ template_filter ] --START--
INFO: Run Behavior\ContentReplaceBehavior [ RunTime:0.000073s ]
INFO: [ template_filter ] --END-- [ RunTime:0.000089s ]
INFO: Run Behavior\ParseTemplateBehavior [ RunTime:0.001693s ]
INFO: [ view_parse ] --END-- [ RunTime:0.001710s ]
INFO: [ view_filter ] --START--
INFO: Run Behavior\WriteHtmlCacheBehavior [ RunTime:0.000016s ]
INFO: [ view_filter ] --END-- [ RunTime:0.000026s ]
INFO: [ app_end ] --START--
INFO: Run Behavior\ShowPageTraceBehavior [ RunTime:0.000012s ]
INFO: [ app_end ] --END-- [ RunTime:0.000022s ]

[ 2018-02-12T11:25:10+08:00 ] 49.65.116.2 /index.php/Admin/Index/welcome
INFO: [ app_init ] --START--
INFO: Run Behavior\BuildLiteBehavior [ RunTime:0.000007s ]
INFO: [ app_init ] --END-- [ RunTime:0.000041s ]
INFO: [ app_begin ] --START--
INFO: Run Behavior\ReadHtmlCacheBehavior [ RunTime:0.000016s ]
INFO: [ app_begin ] --END-- [ RunTime:0.000033s ]
SQL: SHOW COLUMNS FROM `wjw_article` [ RunTime:0.0008s ]
SQL: SELECT COUNT(*) AS tp_count FROM `wjw_article` LIMIT 1   [ RunTime:0.0004s ]
SQL: SELECT COUNT(*) AS tp_count FROM `wjw_article` WHERE `is_delete` = 1 LIMIT 1   [ RunTime:0.0004s ]
SQL: SELECT COUNT(*) AS tp_count FROM `wjw_article` WHERE `is_show` = 0 LIMIT 1   [ RunTime:0.0004s ]
SQL: SHOW COLUMNS FROM `wjw_chat` [ RunTime:0.0005s ]
SQL: SELECT COUNT(*) AS tp_count FROM `wjw_chat` LIMIT 1   [ RunTime:0.0004s ]
SQL: SELECT COUNT(*) AS tp_count FROM `wjw_chat` WHERE `is_delete` = 1 LIMIT 1   [ RunTime:0.0004s ]
SQL: SELECT COUNT(*) AS tp_count FROM `wjw_chat` WHERE `is_show` = 0 LIMIT 1   [ RunTime:0.0004s ]
SQL: SHOW COLUMNS FROM `wjw_comment` [ RunTime:0.0005s ]
SQL: SELECT COUNT(*) AS tp_count FROM `wjw_comment` LIMIT 1   [ RunTime:0.0004s ]
INFO: [ view_parse ] --START--
INFO: [ template_filter ] --START--
INFO: Run Behavior\ContentReplaceBehavior [ RunTime:0.000037s ]
INFO: [ template_filter ] --END-- [ RunTime:0.000052s ]
INFO: Run Behavior\ParseTemplateBehavior [ RunTime:0.000860s ]
INFO: [ view_parse ] --END-- [ RunTime:0.000876s ]
INFO: [ view_filter ] --START--
INFO: Run Behavior\WriteHtmlCacheBehavior [ RunTime:0.000015s ]
INFO: [ view_filter ] --END-- [ RunTime:0.000024s ]
INFO: [ app_end ] --START--
INFO: Run Behavior\ShowPageTraceBehavior [ RunTime:0.000011s ]
INFO: [ app_end ] --END-- [ RunTime:0.000020s ]

[ 2018-02-12T11:25:12+08:00 ] 49.65.116.2 /index.php/Admin/Article/add
INFO: [ app_init ] --START--
INFO: Run Behavior\BuildLiteBehavior [ RunTime:0.000007s ]
INFO: [ app_init ] --END-- [ RunTime:0.000050s ]
INFO: [ app_begin ] --START--
INFO: Run Behavior\ReadHtmlCacheBehavior [ RunTime:0.000017s ]
INFO: [ app_begin ] --END-- [ RunTime:0.000031s ]
SQL: SHOW COLUMNS FROM `wjw_article` [ RunTime:0.0008s ]
SQL: SHOW COLUMNS FROM `wjw_category` [ RunTime:0.0006s ]
SQL: SELECT * FROM `wjw_category` ORDER BY sort  [ RunTime:0.0005s ]
SQL: SHOW COLUMNS FROM `wjw_tag` [ RunTime:0.0006s ]
SQL: SELECT * FROM `wjw_tag`  [ RunTime:0.0004s ]
SQL: SHOW COLUMNS FROM `wjw_article_tag` [ RunTime:0.0005s ]
SQL: SELECT COUNT(*) AS tp_count FROM `wjw_article_tag` WHERE `tid` = 20 LIMIT 1   [ RunTime:0.0007s ]
SQL: SELECT COUNT(*) AS tp_count FROM `wjw_article_tag` WHERE `tid` = 21 LIMIT 1   [ RunTime:0.0004s ]
SQL: SELECT COUNT(*) AS tp_count FROM `wjw_article_tag` WHERE `tid` = 22 LIMIT 1   [ RunTime:0.0004s ]
INFO: [ view_parse ] --START--
INFO: [ template_filter ] --START--
INFO: Run Behavior\ContentReplaceBehavior [ RunTime:0.000049s ]
INFO: [ template_filter ] --END-- [ RunTime:0.000065s ]
INFO: Run Behavior\ParseTemplateBehavior [ RunTime:0.001440s ]
INFO: [ view_parse ] --END-- [ RunTime:0.001457s ]
INFO: [ view_filter ] --START--
INFO: Run Behavior\WriteHtmlCacheBehavior [ RunTime:0.000018s ]
INFO: [ view_filter ] --END-- [ RunTime:0.000028s ]
INFO: [ app_end ] --START--
INFO: Run Behavior\ShowPageTraceBehavior [ RunTime:0.000014s ]
INFO: [ app_end ] --END-- [ RunTime:0.000025s ]

[ 2018-02-12T11:26:05+08:00 ] 49.65.116.2 /index.php/Admin/Article/add
INFO: [ app_init ] --START--
INFO: Run Behavior\BuildLiteBehavior [ RunTime:0.000007s ]
INFO: [ app_init ] --END-- [ RunTime:0.000052s ]
INFO: [ app_begin ] --START--
INFO: Run Behavior\ReadHtmlCacheBehavior [ RunTime:0.000019s ]
INFO: [ app_begin ] --END-- [ RunTime:0.000035s ]
SQL: SHOW COLUMNS FROM `wjw_article` [ RunTime:0.0008s ]
SQL: INSERT INTO `wjw_article` (`cid`,`title`,`author`,`keywords`,`description`,`is_original`,`is_top`,`is_show`,`content`,`click`,`is_delete`,`addtime`) VALUES ('28','MySQL5.7 group by新特性报错1055的解决办法','王加文','MySQL5.7 group by新特性报错1055的解决办法','MySQL5.7 group by新特性报错1055的解决办法','1','0','1','&lt;p&gt;&lt;br/&gt;&lt;/p&gt;&lt;p&gt;&lt;br/&gt;&lt;/p&gt;&lt;p&gt;&lt;br/&gt;&lt;/p&gt;&lt;p&gt;项目中本来使用的是mysql5.6进行开发，切换到5.7之后，突然发现原来的一些sql运行都报错，错误编码1055，错误信息和sql_mode中的“only_full_group_by“有关，到网上看了原因，说是mysql5.7中only_full_group_by这个模式是默认开启的 &lt;br/&gt;解决办法大致有两种：&lt;/p&gt;&lt;p&gt;&lt;span style=&quot;color: #ff0000&quot;&gt;&lt;strong&gt;一：在sql查询语句中不需要group by的字段上使用any_value()函数 &lt;/strong&gt;&lt;/span&gt;&lt;/p&gt;&lt;p&gt;当然，这种对于已经开发了不少功能的项目不太合适，毕竟要把原来的sql都给修改一遍&lt;/p&gt;&lt;p&gt;&lt;span style=&quot;color: #ff0000&quot;&gt;&lt;strong&gt;二：修改my.cnf（windows下是my.ini）配置文件，删掉only_full_group_by这一项 &lt;/strong&gt;&lt;/span&gt;&lt;/p&gt;&lt;p&gt;我们项目的mysql安装在ubuntu上面，找到这个文件打开一看，里面并没有sql_mode这一配置项，想删都没得删&lt;/p&gt;&lt;p&gt;&lt;br/&gt;&lt;/p&gt;','0','0','1518405965') [ RunTime:0.0392s ]
SQL: SHOW COLUMNS FROM `wjw_article_tag` [ RunTime:0.0007s ]
SQL: INSERT INTO `wjw_article_tag` (`aid`,`tid`) VALUES ('35','21') [ RunTime:0.0019s ]
SQL: SHOW COLUMNS FROM `wjw_article` [ RunTime:0.0007s ]
SQL: SELECT `aid`,`addtime` FROM `wjw_article` WHERE `is_show` = 1 AND `is_delete` = 0 ORDER BY aid desc  [ RunTime:0.0005s ]
NOTIC: [8] Undefined index: code /var/www/html/thinkwjw/Application/Admin/Controller/ArticleController.class.php 第 67 行.
INFO: [ view_parse ] --START--
INFO: [ template_filter ] --START--
INFO: Run Behavior\ContentReplaceBehavior [ RunTime:0.000027s ]
INFO: [ template_filter ] --END-- [ RunTime:0.000050s ]
INFO: Run Behavior\ParseTemplateBehavior [ RunTime:0.001865s ]
INFO: [ view_parse ] --END-- [ RunTime:0.001884s ]
INFO: [ view_filter ] --START--
INFO: Run Behavior\WriteHtmlCacheBehavior [ RunTime:0.000021s ]
INFO: [ view_filter ] --END-- [ RunTime:0.000031s ]
INFO: [ app_end ] --START--
INFO: Run Behavior\ShowPageTraceBehavior [ RunTime:0.000016s ]
INFO: [ app_end ] --END-- [ RunTime:0.000026s ]

[ 2018-02-12T11:26:06+08:00 ] 49.65.116.2 /index.php/Admin/Article/index
INFO: [ app_init ] --START--
INFO: Run Behavior\BuildLiteBehavior [ RunTime:0.000007s ]
INFO: [ app_init ] --END-- [ RunTime:0.000041s ]
INFO: [ app_begin ] --START--
INFO: Run Behavior\ReadHtmlCacheBehavior [ RunTime:0.000015s ]
INFO: [ app_begin ] --END-- [ RunTime:0.000029s ]
SQL: SHOW COLUMNS FROM `wjw_article` [ RunTime:0.0008s ]
SQL: SELECT COUNT(*) AS tp_count FROM `wjw_article` WHERE `is_delete` = 0 LIMIT 1   [ RunTime:0.0005s ]
SQL: SELECT * FROM `wjw_article` WHERE `is_delete` = 0 ORDER BY addtime desc LIMIT 0,15   [ RunTime:0.0015s ]
SQL: SHOW COLUMNS FROM `wjw_article_tag` [ RunTime:0.0005s ]
SQL: SHOW COLUMNS FROM `wjw_article_tag` [ RunTime:0.0005s ]
SQL: SELECT * FROM `wjw_article_tag` INNER JOIN wjw_tag ON wjw_article_tag.tid=wjw_tag.tid  WHERE `aid` = '35'  [ RunTime:0.0005s ]
SQL: SHOW COLUMNS FROM `wjw_article_pic` [ RunTime:0.0005s ]
SQL: SELECT `path` FROM `wjw_article_pic` WHERE `aid` = 35 ORDER BY ap_id asc LIMIT 1   [ RunTime:0.0004s ]
SQL: SHOW COLUMNS FROM `wjw_category` [ RunTime:0.0005s ]
SQL: SELECT `cid`,`cid`,`cname` FROM `wjw_category` WHERE `cid` = 28  [ RunTime:0.0004s ]
SQL: SELECT * FROM `wjw_article_tag` INNER JOIN wjw_tag ON wjw_article_tag.tid=wjw_tag.tid  WHERE `aid` = '34'  [ RunTime:0.0005s ]
SQL: SELECT `path` FROM `wjw_article_pic` WHERE `aid` = 34 ORDER BY ap_id asc LIMIT 1   [ RunTime:0.0004s ]
SQL: SELECT `cid`,`cid`,`cname` FROM `wjw_category` WHERE `cid` = 29  [ RunTime:0.0004s ]
SQL: SELECT * FROM `wjw_article_tag` INNER JOIN wjw_tag ON wjw_article_tag.tid=wjw_tag.tid  WHERE `aid` = '33'  [ RunTime:0.0005s ]
SQL: SELECT `path` FROM `wjw_article_pic` WHERE `aid` = 33 ORDER BY ap_id asc LIMIT 1   [ RunTime:0.0005s ]
SQL: SELECT `cid`,`cid`,`cname` FROM `wjw_category` WHERE `cid` = 29  [ RunTime:0.0004s ]
SQL: SELECT * FROM `wjw_article_tag` INNER JOIN wjw_tag ON wjw_article_tag.tid=wjw_tag.tid  WHERE `aid` = '32'  [ RunTime:0.0005s ]
SQL: SELECT `path` FROM `wjw_article_pic` WHERE `aid` = 32 ORDER BY ap_id asc LIMIT 1   [ RunTime:0.0004s ]
SQL: SELECT `cid`,`cid`,`cname` FROM `wjw_category` WHERE `cid` = 29  [ RunTime:0.0004s ]
SQL: SELECT * FROM `wjw_article_tag` INNER JOIN wjw_tag ON wjw_article_tag.tid=wjw_tag.tid  WHERE `aid` = '31'  [ RunTime:0.0004s ]
SQL: SELECT `path` FROM `wjw_article_pic` WHERE `aid` = 31 ORDER BY ap_id asc LIMIT 1   [ RunTime:0.0004s ]
SQL: SELECT `cid`,`cid`,`cname` FROM `wjw_category` WHERE `cid` = 29  [ RunTime:0.0004s ]
SQL: SELECT * FROM `wjw_article_tag` INNER JOIN wjw_tag ON wjw_article_tag.tid=wjw_tag.tid  WHERE `aid` = '30'  [ RunTime:0.0004s ]
SQL: SELECT `path` FROM `wjw_article_pic` WHERE `aid` = 30 ORDER BY ap_id asc LIMIT 1   [ RunTime:0.0004s ]
SQL: SELECT `cid`,`cid`,`cname` FROM `wjw_category` WHERE `cid` = 29  [ RunTime:0.0004s ]
SQL: SELECT * FROM `wjw_article_tag` INNER JOIN wjw_tag ON wjw_article_tag.tid=wjw_tag.tid  WHERE `aid` = '29'  [ RunTime:0.0004s ]
SQL: SELECT `path` FROM `wjw_article_pic` WHERE `aid` = 29 ORDER BY ap_id asc LIMIT 1   [ RunTime:0.0004s ]
SQL: SELECT `cid`,`cid`,`cname` FROM `wjw_category` WHERE `cid` = 29  [ RunTime:0.0004s ]
SQL: SELECT * FROM `wjw_article_tag` INNER JOIN wjw_tag ON wjw_article_tag.tid=wjw_tag.tid  WHERE `aid` = '28'  [ RunTime:0.0004s ]
SQL: SELECT `path` FROM `wjw_article_pic` WHERE `aid` = 28 ORDER BY ap_id asc LIMIT 1   [ RunTime:0.0004s ]
SQL: SELECT `cid`,`cid`,`cname` FROM `wjw_category` WHERE `cid` = 29  [ RunTime:0.0004s ]
SQL: SELECT * FROM `wjw_article_tag` INNER JOIN wjw_tag ON wjw_article_tag.tid=wjw_tag.tid  WHERE `aid` = '27'  [ RunTime:0.0005s ]
SQL: SELECT `path` FROM `wjw_article_pic` WHERE `aid` = 27 ORDER BY ap_id asc LIMIT 1   [ RunTime:0.0004s ]
SQL: SELECT `cid`,`cid`,`cname` FROM `wjw_category` WHERE `cid` = 29  [ RunTime:0.0004s ]
SQL: SELECT * FROM `wjw_article_tag` INNER JOIN wjw_tag ON wjw_article_tag.tid=wjw_tag.tid  WHERE `aid` = '26'  [ RunTime:0.0005s ]
SQL: SELECT `path` FROM `wjw_article_pic` WHERE `aid` = 26 ORDER BY ap_id asc LIMIT 1   [ RunTime:0.0004s ]
SQL: SELECT `cid`,`cid`,`cname` FROM `wjw_category` WHERE `cid` = 28  [ RunTime:0.0004s ]
SQL: SELECT * FROM `wjw_article_tag` INNER JOIN wjw_tag ON wjw_article_tag.tid=wjw_tag.tid  WHERE `aid` = '25'  [ RunTime:0.0005s ]
SQL: SELECT `path` FROM `wjw_article_pic` WHERE `aid` = 25 ORDER BY ap_id asc LIMIT 1   [ RunTime:0.0004s ]
SQL: SELECT `cid`,`cid`,`cname` FROM `wjw_category` WHERE `cid` = 28  [ RunTime:0.0004s ]
SQL: SELECT * FROM `wjw_article_tag` INNER JOIN wjw_tag ON wjw_article_tag.tid=wjw_tag.tid  WHERE `aid` = '24'  [ RunTime:0.0004s ]
SQL: SELECT `path` FROM `wjw_article_pic` WHERE `aid` = 24 ORDER BY ap_id asc LIMIT 1   [ RunTime:0.0004s ]
SQL: SELECT `cid`,`cid`,`cname` FROM `wjw_category` WHERE `cid` = 29  [ RunTime:0.0004s ]
SQL: SELECT * FROM `wjw_article_tag` INNER JOIN wjw_tag ON wjw_article_tag.tid=wjw_tag.tid  WHERE `aid` = '23'  [ RunTime:0.0004s ]
SQL: SELECT `path` FROM `wjw_article_pic` WHERE `aid` = 23 ORDER BY ap_id asc LIMIT 1   [ RunTime:0.0004s ]
SQL: SELECT `cid`,`cid`,`cname` FROM `wjw_category` WHERE `cid` = 29  [ RunTime:0.0004s ]
SQL: SELECT * FROM `wjw_article_tag` INNER JOIN wjw_tag ON wjw_article_tag.tid=wjw_tag.tid  WHERE `aid` = '22'  [ RunTime:0.0004s ]
SQL: SELECT `path` FROM `wjw_article_pic` WHERE `aid` = 22 ORDER BY ap_id asc LIMIT 1   [ RunTime:0.0004s ]
SQL: SELECT `cid`,`cid`,`cname` FROM `wjw_category` WHERE `cid` = 29  [ RunTime:0.0004s ]
SQL: SELECT * FROM `wjw_article_tag` INNER JOIN wjw_tag ON wjw_article_tag.tid=wjw_tag.tid  WHERE `aid` = '21'  [ RunTime:0.0004s ]
SQL: SELECT `path` FROM `wjw_article_pic` WHERE `aid` = 21 ORDER BY ap_id asc LIMIT 1   [ RunTime:0.0004s ]
SQL: SELECT `cid`,`cid`,`cname` FROM `wjw_category` WHERE `cid` = 29  [ RunTime:0.0004s ]
INFO: [ view_parse ] --START--
INFO: [ template_filter ] --START--
INFO: Run Behavior\ContentReplaceBehavior [ RunTime:0.000038s ]
INFO: [ template_filter ] --END-- [ RunTime:0.000054s ]
INFO: Run Behavior\ParseTemplateBehavior [ RunTime:0.001971s ]
INFO: [ view_parse ] --END-- [ RunTime:0.001989s ]
INFO: [ view_filter ] --START--
INFO: Run Behavior\WriteHtmlCacheBehavior [ RunTime:0.000017s ]
INFO: [ view_filter ] --END-- [ RunTime:0.000027s ]
INFO: [ app_end ] --START--
INFO: Run Behavior\ShowPageTraceBehavior [ RunTime:0.000016s ]
INFO: [ app_end ] --END-- [ RunTime:0.000029s ]

