[ 2018-01-23T20:08:54+08:00 ] 220.181.108.109 /index.php/Admin/Login/login
INFO: [ app_init ] --START--
INFO: Run Behavior\BuildLiteBehavior [ RunTime:0.000007s ]
INFO: [ app_init ] --END-- [ RunTime:0.000045s ]
INFO: [ app_begin ] --START--
INFO: Run Behavior\ReadHtmlCacheBehavior [ RunTime:0.000020s ]
INFO: [ app_begin ] --END-- [ RunTime:0.000037s ]
SQL: SHOW COLUMNS FROM `wjw_category` [ RunTime:0.0008s ]
SQL: SELECT * FROM `wjw_category` ORDER BY sort  [ RunTime:0.0005s ]
SQL: SHOW COLUMNS FROM `wjw_tag` [ RunTime:0.0007s ]
SQL: SELECT * FROM `wjw_tag`  [ RunTime:0.0005s ]
SQL: SHOW COLUMNS FROM `wjw_article_tag` [ RunTime:0.0006s ]
SQL: SELECT COUNT(*) AS tp_count FROM `wjw_article_tag` WHERE `tid` = 20 LIMIT 1   [ RunTime:0.0005s ]
SQL: SELECT COUNT(*) AS tp_count FROM `wjw_article_tag` WHERE `tid` = 21 LIMIT 1   [ RunTime:0.0005s ]
SQL: SELECT COUNT(*) AS tp_count FROM `wjw_article_tag` WHERE `tid` = 22 LIMIT 1   [ RunTime:0.0005s ]
SQL: SHOW COLUMNS FROM `wjw_link` [ RunTime:0.0008s ]
SQL: SELECT * FROM `wjw_link` WHERE `is_delete` = 0 AND `is_show` = 1 ORDER BY sort  [ RunTime:0.0007s ]
SQL: SHOW COLUMNS FROM `wjw_oauth_user` [ RunTime:0.0007s ]
SQL: SELECT COUNT(*) AS tp_count FROM `wjw_oauth_user` WHERE `is_admin` = 1 LIMIT 1   [ RunTime:0.0005s ]
INFO: [ view_parse ] --START--
INFO: [ template_filter ] --START--
INFO: Run Behavior\ContentReplaceBehavior [ RunTime:0.000156s ]
INFO: [ template_filter ] --END-- [ RunTime:0.000178s ]
NOTIC: [8] Undefined index: ADMIN_PASSWORD /var/www/html/thinkwjw/Runtime/Cache/Admin/b891abcc3bb76636e2a96a245e9568d6.php 第 6 行.
INFO: Run Behavior\ParseTemplateBehavior [ RunTime:0.001157s ]
INFO: [ view_parse ] --END-- [ RunTime:0.001172s ]
INFO: [ view_filter ] --START--
INFO: Run Behavior\WriteHtmlCacheBehavior [ RunTime:0.000039s ]
INFO: [ view_filter ] --END-- [ RunTime:0.000053s ]
INFO: [ app_end ] --START--
INFO: Run Behavior\ShowPageTraceBehavior [ RunTime:0.000018s ]
INFO: [ app_end ] --END-- [ RunTime:0.000030s ]

[ 2018-01-23T20:08:56+08:00 ] 111.206.221.4 /index.php/Admin/Login/showVerify
INFO: [ app_init ] --START--
INFO: Run Behavior\BuildLiteBehavior [ RunTime:0.000008s ]
INFO: [ app_init ] --END-- [ RunTime:0.000042s ]
INFO: [ app_begin ] --START--
INFO: Run Behavior\ReadHtmlCacheBehavior [ RunTime:0.000015s ]
INFO: [ app_begin ] --END-- [ RunTime:0.000029s ]
SQL: SHOW COLUMNS FROM `wjw_category` [ RunTime:0.0008s ]
SQL: SELECT * FROM `wjw_category` ORDER BY sort  [ RunTime:0.0005s ]
SQL: SHOW COLUMNS FROM `wjw_tag` [ RunTime:0.0007s ]
SQL: SELECT * FROM `wjw_tag`  [ RunTime:0.0005s ]
SQL: SHOW COLUMNS FROM `wjw_article_tag` [ RunTime:0.0007s ]
SQL: SELECT COUNT(*) AS tp_count FROM `wjw_article_tag` WHERE `tid` = 20 LIMIT 1   [ RunTime:0.0005s ]
SQL: SELECT COUNT(*) AS tp_count FROM `wjw_article_tag` WHERE `tid` = 21 LIMIT 1   [ RunTime:0.0005s ]
SQL: SELECT COUNT(*) AS tp_count FROM `wjw_article_tag` WHERE `tid` = 22 LIMIT 1   [ RunTime:0.0004s ]
SQL: SHOW COLUMNS FROM `wjw_link` [ RunTime:0.0007s ]
SQL: SELECT * FROM `wjw_link` WHERE `is_delete` = 0 AND `is_show` = 1 ORDER BY sort  [ RunTime:0.0006s ]
INFO: [ app_end ] --START--
INFO: Run Behavior\ShowPageTraceBehavior [ RunTime:0.000039s ]
INFO: [ app_end ] --END-- [ RunTime:0.000071s ]

