[ 2017-05-25T10:23:50+08:00 ] 180.111.207.99 /index.php/Api/Index/oauth/type/sina?code=460b6ea32942b98b870934da101375dc
INFO: [ app_init ] --START--
INFO: Run Behavior\BuildLiteBehavior [ RunTime:0.000013s ]
INFO: [ app_init ] --END-- [ RunTime:0.000262s ]
INFO: [ app_begin ] --START--
INFO: Run Behavior\ReadHtmlCacheBehavior [ RunTime:0.000310s ]
INFO: [ app_begin ] --END-- [ RunTime:0.000348s ]
SQL: SHOW COLUMNS FROM `wjw_article` [ RunTime:0.0023s ]
SQL: SELECT `aid`,`title` FROM `wjw_article` WHERE `is_show` = 1 AND `is_delete` = 0 AND `is_top` = 1 ORDER BY aid desc  [ RunTime:0.0020s ]
SQL: SHOW COLUMNS FROM `wjw_comment` [ RunTime:0.0021s ]
SQL: SHOW COLUMNS FROM `wjw_oauth_user` [ RunTime:0.0022s ]
SQL: SELECT `id` FROM `wjw_oauth_user` WHERE (  is_admin )  [ RunTime:0.0019s ]
SQL: SELECT c.content,c.date,a.title,a.aid,ou.nickname,ou.head_img FROM wjw_comment c INNER JOIN wjw_article a ON c.aid=a.aid INNER JOIN wjw_oauth_user ou ON c.ouid=ou.id  WHERE c.is_delete = 0 ORDER BY c.date desc LIMIT 20   [ RunTime:0.0020s ]
SQL: SHOW COLUMNS FROM `wjw_category` [ RunTime:0.0021s ]
SQL: SELECT * FROM `wjw_category` ORDER BY sort  [ RunTime:0.0019s ]
SQL: SHOW COLUMNS FROM `wjw_tag` [ RunTime:0.0021s ]
SQL: SELECT * FROM `wjw_tag`  [ RunTime:0.0019s ]
SQL: SHOW COLUMNS FROM `wjw_article_tag` [ RunTime:0.0020s ]
SQL: SELECT COUNT(*) AS tp_count FROM `wjw_article_tag` WHERE `tid` = 20 LIMIT 1   [ RunTime:0.0019s ]
SQL: SHOW COLUMNS FROM `wjw_link` [ RunTime:0.0021s ]
SQL: SELECT * FROM `wjw_link` WHERE `is_delete` = 0 AND `is_show` = 1 ORDER BY sort  [ RunTime:0.0019s ]
NOTIC: [8] Undefined index: error_code /yjdata/www/thinkwjw/Application/Api/Controller/IndexController.class.php 第 92 行.
SQL: SHOW COLUMNS FROM `wjw_oauth_user` [ RunTime:0.0024s ]
SQL: SELECT * FROM `wjw_oauth_user` WHERE `openid` = '2620263875' LIMIT 1   [ RunTime:0.0019s ]
SQL: UPDATE `wjw_oauth_user` SET `uid`='0',`type`='2',`nickname`='王加文1221',`head_img`='http://tva2.sinaimg.cn/crop.0.0.664.664.180/9c2e0dc3jw8f062pzqwiyj20ig0ig40a.jpg',`openid`='2620263875',`access_token`='2.00Z131rC1VsRYE999a8091725ucNrD',`last_login_time`='1495679030',`last_login_ip`='180.111.207.99',`login_times`=login_times+1 WHERE `openid` = '2620263875' [ RunTime:0.0076s ]
SQL: SELECT `id` FROM `wjw_oauth_user` WHERE `openid` = '2620263875' LIMIT 1   [ RunTime:0.0019s ]

[ 2017-05-25T10:24:00+08:00 ] 112.65.193.15 /index.php/Api/Index/oauth/type/sina?code=460b6ea32942b98b870934da101375dc
INFO: [ app_init ] --START--
INFO: Run Behavior\BuildLiteBehavior [ RunTime:0.000013s ]
INFO: [ app_init ] --END-- [ RunTime:0.000271s ]
INFO: [ app_begin ] --START--
INFO: Run Behavior\ReadHtmlCacheBehavior [ RunTime:0.000312s ]
INFO: [ app_begin ] --END-- [ RunTime:0.000372s ]
SQL: SHOW COLUMNS FROM `wjw_article` [ RunTime:0.0022s ]
SQL: SELECT `aid`,`title` FROM `wjw_article` WHERE `is_show` = 1 AND `is_delete` = 0 AND `is_top` = 1 ORDER BY aid desc  [ RunTime:0.0018s ]
SQL: SHOW COLUMNS FROM `wjw_comment` [ RunTime:0.0020s ]
SQL: SHOW COLUMNS FROM `wjw_oauth_user` [ RunTime:0.0021s ]
SQL: SELECT `id` FROM `wjw_oauth_user` WHERE (  is_admin )  [ RunTime:0.0018s ]
SQL: SELECT c.content,c.date,a.title,a.aid,ou.nickname,ou.head_img FROM wjw_comment c INNER JOIN wjw_article a ON c.aid=a.aid INNER JOIN wjw_oauth_user ou ON c.ouid=ou.id  WHERE c.is_delete = 0 ORDER BY c.date desc LIMIT 20   [ RunTime:0.0019s ]
SQL: SHOW COLUMNS FROM `wjw_category` [ RunTime:0.0020s ]
SQL: SELECT * FROM `wjw_category` ORDER BY sort  [ RunTime:0.0018s ]
SQL: SHOW COLUMNS FROM `wjw_tag` [ RunTime:0.0020s ]
SQL: SELECT * FROM `wjw_tag`  [ RunTime:0.0018s ]
SQL: SHOW COLUMNS FROM `wjw_article_tag` [ RunTime:0.0020s ]
SQL: SELECT COUNT(*) AS tp_count FROM `wjw_article_tag` WHERE `tid` = 20 LIMIT 1   [ RunTime:0.0018s ]
SQL: SHOW COLUMNS FROM `wjw_link` [ RunTime:0.0020s ]
SQL: SELECT * FROM `wjw_link` WHERE `is_delete` = 0 AND `is_show` = 1 ORDER BY sort  [ RunTime:0.0018s ]
NOTIC: [8] Undefined index: access_token /yjdata/www/thinkwjw/ThinkPHP/Library/Org/ThinkSDK/sdk/SinaSDK.class.php 第 57 行.
ERR: 获取新浪微博ACCESS_TOKEN出错：invalid_grant

