[ 2017-10-13T17:31:21+08:00 ] 218.94.111.198 /index.php/Api/Index/oauth/type/sina?code=f0ecccc11a516fec0a05961404de5c21
INFO: [ app_init ] --START--
INFO: Run Behavior\BuildLiteBehavior [ RunTime:0.000006s ]
INFO: [ app_init ] --END-- [ RunTime:0.000043s ]
INFO: [ app_begin ] --START--
INFO: Run Behavior\ReadHtmlCacheBehavior [ RunTime:0.000019s ]
INFO: [ app_begin ] --END-- [ RunTime:0.000034s ]
SQL: SHOW COLUMNS FROM `wjw_article` [ RunTime:0.0008s ]
SQL: SELECT `aid`,`title` FROM `wjw_article` WHERE `is_show` = 1 AND `is_delete` = 0 AND `is_top` = 1 ORDER BY aid desc  [ RunTime:0.0005s ]
SQL: SHOW COLUMNS FROM `wjw_comment` [ RunTime:0.0006s ]
SQL: SHOW COLUMNS FROM `wjw_oauth_user` [ RunTime:0.0006s ]
SQL: SELECT `id` FROM `wjw_oauth_user` WHERE (  is_admin )  [ RunTime:0.0004s ]
SQL: SELECT c.content,c.date,a.title,a.aid,ou.nickname,ou.head_img FROM wjw_comment c INNER JOIN wjw_article a ON c.aid=a.aid INNER JOIN wjw_oauth_user ou ON c.ouid=ou.id  WHERE c.is_delete = 0 ORDER BY c.date desc LIMIT 20   [ RunTime:0.0005s ]
SQL: SHOW COLUMNS FROM `wjw_category` [ RunTime:0.0005s ]
SQL: SELECT * FROM `wjw_category` ORDER BY sort  [ RunTime:0.0004s ]
SQL: SHOW COLUMNS FROM `wjw_tag` [ RunTime:0.0005s ]
SQL: SELECT * FROM `wjw_tag`  [ RunTime:0.0004s ]
SQL: SHOW COLUMNS FROM `wjw_article_tag` [ RunTime:0.0005s ]
SQL: SELECT COUNT(*) AS tp_count FROM `wjw_article_tag` WHERE `tid` = 20 LIMIT 1   [ RunTime:0.0004s ]
SQL: SELECT COUNT(*) AS tp_count FROM `wjw_article_tag` WHERE `tid` = 21 LIMIT 1   [ RunTime:0.0004s ]
SQL: SHOW COLUMNS FROM `wjw_link` [ RunTime:0.0005s ]
SQL: SELECT * FROM `wjw_link` WHERE `is_delete` = 0 AND `is_show` = 1 ORDER BY sort  [ RunTime:0.0004s ]
NOTIC: [8] Undefined index: error_code /var/www/html/thinkwjw/Application/Api/Controller/IndexController.class.php 第 92 行.
SQL: SHOW COLUMNS FROM `wjw_oauth_user` [ RunTime:0.0009s ]
SQL: SELECT * FROM `wjw_oauth_user` WHERE `openid` = '2620263875' LIMIT 1   [ RunTime:0.0005s ]
SQL: UPDATE `wjw_oauth_user` SET `uid`='0',`type`='2',`nickname`='王加文1221',`head_img`='http://tva2.sinaimg.cn/crop.0.0.664.664.180/9c2e0dc3jw8f062pzqwiyj20ig0ig40a.jpg',`openid`='2620263875',`access_token`='2.00Z131rC1VsRYE999a8091725ucNrD',`last_login_time`='1507887081',`last_login_ip`='218.94.111.198',`login_times`=login_times+1 WHERE `openid` = '2620263875' [ RunTime:0.0034s ]
SQL: SELECT `id` FROM `wjw_oauth_user` WHERE `openid` = '2620263875' LIMIT 1   [ RunTime:0.0004s ]

